[7.463s] Invoking command in '/home/projects/ros2_ws/spring-2025-final-project-team-4/src/oakd_camera': PYTHONPATH=/home/projects/ros2_ws/spring-2025-final-project-team-4/src/install/oakd_camera/lib/python3.8/site-packages:${PYTHONPATH} /usr/bin/python3 setup.py egg_info --egg-base ../build/oakd_camera build --build-base /home/projects/ros2_ws/spring-2025-final-project-team-4/src/build/oakd_camera/build install --prefix /home/projects/ros2_ws/spring-2025-final-project-team-4/src/install/oakd_camera --record /home/projects/ros2_ws/spring-2025-final-project-team-4/src/build/oakd_camera/install.log --single-version-externally-managed
[8.787s] running egg_info
[8.791s] writing ../build/oakd_camera/oakd_camera.egg-info/PKG-INFO
[8.793s] writing dependency_links to ../build/oakd_camera/oakd_camera.egg-info/dependency_links.txt
[8.795s] writing entry points to ../build/oakd_camera/oakd_camera.egg-info/entry_points.txt
[8.796s] writing requirements to ../build/oakd_camera/oakd_camera.egg-info/requires.txt
[8.797s] writing top-level names to ../build/oakd_camera/oakd_camera.egg-info/top_level.txt
[8.988s] reading manifest file '../build/oakd_camera/oakd_camera.egg-info/SOURCES.txt'
[8.995s] writing manifest file '../build/oakd_camera/oakd_camera.egg-info/SOURCES.txt'
[8.996s] running build
[8.997s] running build_py
[9.000s] copying oakd_camera/OAKD_listen.py -> /home/projects/ros2_ws/spring-2025-final-project-team-4/src/build/oakd_camera/build/lib/oakd_camera
[9.001s] copying oakd_camera/OAKD_RAW.py -> /home/projects/ros2_ws/spring-2025-final-project-team-4/src/build/oakd_camera/build/lib/oakd_camera
[9.002s] running install
[9.008s] running install_lib
[9.014s] copying /home/projects/ros2_ws/spring-2025-final-project-team-4/src/build/oakd_camera/build/lib/oakd_camera/OAKD_listen.py -> /home/projects/ros2_ws/spring-2025-final-project-team-4/src/install/oakd_camera/lib/python3.8/site-packages/oakd_camera
[9.015s] copying /home/projects/ros2_ws/spring-2025-final-project-team-4/src/build/oakd_camera/build/lib/oakd_camera/OAKD_RAW.py -> /home/projects/ros2_ws/spring-2025-final-project-team-4/src/install/oakd_camera/lib/python3.8/site-packages/oakd_camera
[9.020s] byte-compiling /home/projects/ros2_ws/spring-2025-final-project-team-4/src/install/oakd_camera/lib/python3.8/site-packages/oakd_camera/OAKD_listen.py to OAKD_listen.cpython-38.pyc
[9.030s] byte-compiling /home/projects/ros2_ws/spring-2025-final-project-team-4/src/install/oakd_camera/lib/python3.8/site-packages/oakd_camera/OAKD_RAW.py to OAKD_RAW.cpython-38.pyc
[9.034s] running install_data
[9.039s] running install_egg_info
[9.051s] removing '/home/projects/ros2_ws/spring-2025-final-project-team-4/src/install/oakd_camera/lib/python3.8/site-packages/oakd_camera-0.0.0-py3.8.egg-info' (and everything under it)
[9.053s] Copying ../build/oakd_camera/oakd_camera.egg-info to /home/projects/ros2_ws/spring-2025-final-project-team-4/src/install/oakd_camera/lib/python3.8/site-packages/oakd_camera-0.0.0-py3.8.egg-info
[9.060s] running install_scripts
[9.155s] Installing listen_executable script to /home/projects/ros2_ws/spring-2025-final-project-team-4/src/install/oakd_camera/lib/oakd_camera
[9.156s] Installing oakd_executable script to /home/projects/ros2_ws/spring-2025-final-project-team-4/src/install/oakd_camera/lib/oakd_camera
[9.158s] writing list of installed files to '/home/projects/ros2_ws/spring-2025-final-project-team-4/src/build/oakd_camera/install.log'
[9.327s] Invoked command in '/home/projects/ros2_ws/spring-2025-final-project-team-4/src/oakd_camera' returned '0': PYTHONPATH=/home/projects/ros2_ws/spring-2025-final-project-team-4/src/install/oakd_camera/lib/python3.8/site-packages:${PYTHONPATH} /usr/bin/python3 setup.py egg_info --egg-base ../build/oakd_camera build --build-base /home/projects/ros2_ws/spring-2025-final-project-team-4/src/build/oakd_camera/build install --prefix /home/projects/ros2_ws/spring-2025-final-project-team-4/src/install/oakd_camera --record /home/projects/ros2_ws/spring-2025-final-project-team-4/src/build/oakd_camera/install.log --single-version-externally-managed
