running egg_info
creating ../build/oakd_camera/oakd_camera.egg-info
writing ../build/oakd_camera/oakd_camera.egg-info/PKG-INFO
writing dependency_links to ../build/oakd_camera/oakd_camera.egg-info/dependency_links.txt
writing entry points to ../build/oakd_camera/oakd_camera.egg-info/entry_points.txt
writing requirements to ../build/oakd_camera/oakd_camera.egg-info/requires.txt
writing top-level names to ../build/oakd_camera/oakd_camera.egg-info/top_level.txt
writing manifest file '../build/oakd_camera/oakd_camera.egg-info/SOURCES.txt'
reading manifest file '../build/oakd_camera/oakd_camera.egg-info/SOURCES.txt'
writing manifest file '../build/oakd_camera/oakd_camera.egg-info/SOURCES.txt'
running build
running build_py
creating /home/projects/ros2_ws/spring-2025-final-project-team-4/src/build/oakd_camera/build
creating /home/projects/ros2_ws/spring-2025-final-project-team-4/src/build/oakd_camera/build/lib
creating /home/projects/ros2_ws/spring-2025-final-project-team-4/src/build/oakd_camera/build/lib/oakd_camera
copying oakd_camera/__init__.py -> /home/projects/ros2_ws/spring-2025-final-project-team-4/src/build/oakd_camera/build/lib/oakd_camera
copying oakd_camera/OAKD_RAW.py -> /home/projects/ros2_ws/spring-2025-final-project-team-4/src/build/oakd_camera/build/lib/oakd_camera
running install
running install_lib
creating /home/projects/ros2_ws/spring-2025-final-project-team-4/src/install/oakd_camera/lib/python3.8/site-packages/oakd_camera
copying /home/projects/ros2_ws/spring-2025-final-project-team-4/src/build/oakd_camera/build/lib/oakd_camera/__init__.py -> /home/projects/ros2_ws/spring-2025-final-project-team-4/src/install/oakd_camera/lib/python3.8/site-packages/oakd_camera
copying /home/projects/ros2_ws/spring-2025-final-project-team-4/src/build/oakd_camera/build/lib/oakd_camera/OAKD_RAW.py -> /home/projects/ros2_ws/spring-2025-final-project-team-4/src/install/oakd_camera/lib/python3.8/site-packages/oakd_camera
byte-compiling /home/projects/ros2_ws/spring-2025-final-project-team-4/src/install/oakd_camera/lib/python3.8/site-packages/oakd_camera/__init__.py to __init__.cpython-38.pyc
byte-compiling /home/projects/ros2_ws/spring-2025-final-project-team-4/src/install/oakd_camera/lib/python3.8/site-packages/oakd_camera/OAKD_RAW.py to OAKD_RAW.cpython-38.pyc
running install_data
creating /home/projects/ros2_ws/spring-2025-final-project-team-4/src/install/oakd_camera/share/ament_index
creating /home/projects/ros2_ws/spring-2025-final-project-team-4/src/install/oakd_camera/share/ament_index/resource_index
creating /home/projects/ros2_ws/spring-2025-final-project-team-4/src/install/oakd_camera/share/ament_index/resource_index/packages
copying resource/oakd_camera -> /home/projects/ros2_ws/spring-2025-final-project-team-4/src/install/oakd_camera/share/ament_index/resource_index/packages
copying package.xml -> /home/projects/ros2_ws/spring-2025-final-project-team-4/src/install/oakd_camera/share/oakd_camera
running install_egg_info
Copying ../build/oakd_camera/oakd_camera.egg-info to /home/projects/ros2_ws/spring-2025-final-project-team-4/src/install/oakd_camera/lib/python3.8/site-packages/oakd_camera-0.0.0-py3.8.egg-info
running install_scripts
writing list of installed files to '/home/projects/ros2_ws/spring-2025-final-project-team-4/src/build/oakd_camera/install.log'
