[7.396s] Invoking command in '/home/projects/ros2_ws/spring-2025-final-project-team-4/src/oakd_camera': PYTHONPATH=/home/projects/ros2_ws/spring-2025-final-project-team-4/src/install/oakd_camera/lib/python3.8/site-packages:${PYTHONPATH} /usr/bin/python3 setup.py egg_info --egg-base ../build/oakd_camera build --build-base /home/projects/ros2_ws/spring-2025-final-project-team-4/src/build/oakd_camera/build install --prefix /home/projects/ros2_ws/spring-2025-final-project-team-4/src/install/oakd_camera --record /home/projects/ros2_ws/spring-2025-final-project-team-4/src/build/oakd_camera/install.log --single-version-externally-managed
[8.721s] running egg_info
[8.726s] creating ../build/oakd_camera/oakd_camera.egg-info
[8.731s] writing ../build/oakd_camera/oakd_camera.egg-info/PKG-INFO
[8.733s] writing dependency_links to ../build/oakd_camera/oakd_camera.egg-info/dependency_links.txt
[8.734s] writing entry points to ../build/oakd_camera/oakd_camera.egg-info/entry_points.txt
[8.734s] writing requirements to ../build/oakd_camera/oakd_camera.egg-info/requires.txt
[8.734s] writing top-level names to ../build/oakd_camera/oakd_camera.egg-info/top_level.txt
[8.741s] writing manifest file '../build/oakd_camera/oakd_camera.egg-info/SOURCES.txt'
[8.924s] reading manifest file '../build/oakd_camera/oakd_camera.egg-info/SOURCES.txt'
[8.929s] writing manifest file '../build/oakd_camera/oakd_camera.egg-info/SOURCES.txt'
[8.931s] running build
[8.932s] running build_py
[8.933s] creating /home/projects/ros2_ws/spring-2025-final-project-team-4/src/build/oakd_camera/build
[8.934s] creating /home/projects/ros2_ws/spring-2025-final-project-team-4/src/build/oakd_camera/build/lib
[8.935s] creating /home/projects/ros2_ws/spring-2025-final-project-team-4/src/build/oakd_camera/build/lib/oakd_camera
[8.936s] copying oakd_camera/__init__.py -> /home/projects/ros2_ws/spring-2025-final-project-team-4/src/build/oakd_camera/build/lib/oakd_camera
[8.937s] copying oakd_camera/OAKD_RAW.py -> /home/projects/ros2_ws/spring-2025-final-project-team-4/src/build/oakd_camera/build/lib/oakd_camera
[8.938s] running install
[8.941s] running install_lib
[8.947s] creating /home/projects/ros2_ws/spring-2025-final-project-team-4/src/install/oakd_camera/lib/python3.8/site-packages/oakd_camera
[8.950s] copying /home/projects/ros2_ws/spring-2025-final-project-team-4/src/build/oakd_camera/build/lib/oakd_camera/__init__.py -> /home/projects/ros2_ws/spring-2025-final-project-team-4/src/install/oakd_camera/lib/python3.8/site-packages/oakd_camera
[8.950s] copying /home/projects/ros2_ws/spring-2025-final-project-team-4/src/build/oakd_camera/build/lib/oakd_camera/OAKD_RAW.py -> /home/projects/ros2_ws/spring-2025-final-project-team-4/src/install/oakd_camera/lib/python3.8/site-packages/oakd_camera
[8.960s] byte-compiling /home/projects/ros2_ws/spring-2025-final-project-team-4/src/install/oakd_camera/lib/python3.8/site-packages/oakd_camera/__init__.py to __init__.cpython-38.pyc
[8.961s] byte-compiling /home/projects/ros2_ws/spring-2025-final-project-team-4/src/install/oakd_camera/lib/python3.8/site-packages/oakd_camera/OAKD_RAW.py to OAKD_RAW.cpython-38.pyc
[8.964s] running install_data
[8.967s] creating /home/projects/ros2_ws/spring-2025-final-project-team-4/src/install/oakd_camera/share/ament_index
[8.968s] creating /home/projects/ros2_ws/spring-2025-final-project-team-4/src/install/oakd_camera/share/ament_index/resource_index
[8.968s] creating /home/projects/ros2_ws/spring-2025-final-project-team-4/src/install/oakd_camera/share/ament_index/resource_index/packages
[8.970s] copying resource/oakd_camera -> /home/projects/ros2_ws/spring-2025-final-project-team-4/src/install/oakd_camera/share/ament_index/resource_index/packages
[8.971s] copying package.xml -> /home/projects/ros2_ws/spring-2025-final-project-team-4/src/install/oakd_camera/share/oakd_camera
[8.984s] running install_egg_info
[8.985s] Copying ../build/oakd_camera/oakd_camera.egg-info to /home/projects/ros2_ws/spring-2025-final-project-team-4/src/install/oakd_camera/lib/python3.8/site-packages/oakd_camera-0.0.0-py3.8.egg-info
[8.987s] running install_scripts
[9.085s] writing list of installed files to '/home/projects/ros2_ws/spring-2025-final-project-team-4/src/build/oakd_camera/install.log'
[10.455s] Invoked command in '/home/projects/ros2_ws/spring-2025-final-project-team-4/src/oakd_camera' returned '0': PYTHONPATH=/home/projects/ros2_ws/spring-2025-final-project-team-4/src/install/oakd_camera/lib/python3.8/site-packages:${PYTHONPATH} /usr/bin/python3 setup.py egg_info --egg-base ../build/oakd_camera build --build-base /home/projects/ros2_ws/spring-2025-final-project-team-4/src/build/oakd_camera/build install --prefix /home/projects/ros2_ws/spring-2025-final-project-team-4/src/install/oakd_camera --record /home/projects/ros2_ws/spring-2025-final-project-team-4/src/build/oakd_camera/install.log --single-version-externally-managed
