[0.763s] DEBUG:colcon:Command line arguments: ['/usr/bin/colcon', 'build', '--packages-select', 'armangles1']
[0.763s] DEBUG:colcon:Parsed command line arguments: Namespace(allow_overriding=[], ament_cmake_args=None, base_paths=['.'], build_base='build', catkin_cmake_args=None, catkin_skip_building_tests=False, cmake_args=None, cmake_clean_cache=False, cmake_clean_first=False, cmake_force_configure=False, cmake_target=None, cmake_target_skip_unavailable=False, continue_on_error=False, event_handlers=None, executor='parallel', ignore_user_meta=False, install_base='install', log_base=None, log_level=None, main=<bound method BuildVerb.main of <colcon_core.verb.build.BuildVerb object at 0x7fa9b05b20>>, merge_install=False, metas=['./colcon.meta'], mixin=None, mixin_files=None, mixin_verb=('build',), packages_above=None, packages_above_and_dependencies=None, packages_above_depth=None, packages_end=None, packages_ignore=None, packages_ignore_regex=None, packages_select=['armangles1'], packages_select_build_failed=False, packages_select_by_dep=None, packages_select_regex=None, packages_select_test_failures=False, packages_skip=None, packages_skip_build_finished=False, packages_skip_by_dep=None, packages_skip_regex=None, packages_skip_test_passed=False, packages_skip_up_to=None, packages_start=None, packages_up_to=None, packages_up_to_regex=None, parallel_workers=4, paths=None, symlink_install=False, test_result_base=None, verb_extension=<colcon_core.verb.build.BuildVerb object at 0x7fa9b05b20>, verb_name='build', verb_parser=<colcon_mixin.mixin.mixin_argument.MixinArgumentDecorator object at 0x7fa9b13130>)
[0.785s] Level 1:colcon.colcon_core.package_discovery:discover_packages(colcon_meta) check parameters
[0.787s] INFO:colcon.colcon_metadata.package_discovery.colcon_meta:Using configuration from '/root/.colcon/metadata/default/Gazebo.meta'
[0.790s] INFO:colcon.colcon_metadata.package_discovery.colcon_meta:Using configuration from '/root/.colcon/metadata/default/fastrtps.meta'
[0.790s] Level 1:colcon.colcon_core.package_discovery:discover_packages(recursive) check parameters
[0.790s] Level 1:colcon.colcon_core.package_discovery:discover_packages(ignore) check parameters
[0.790s] Level 1:colcon.colcon_core.package_discovery:discover_packages(path) check parameters
[0.790s] Level 1:colcon.colcon_core.package_discovery:discover_packages(colcon_meta) discover
[0.791s] Level 1:colcon.colcon_core.package_discovery:discover_packages(recursive) discover
[0.791s] INFO:colcon.colcon_core.package_discovery:Crawling recursively for packages in '/home/projects/ros2_ws/spring-2025-final-project-team-4/src'
[0.791s] Level 1:colcon.colcon_core.package_identification:_identify(.) by extensions ['ignore', 'ignore_ament_install']
[0.791s] Level 1:colcon.colcon_core.package_identification:_identify(.) by extension 'ignore'
[0.792s] Level 1:colcon.colcon_core.package_identification:_identify(.) by extension 'ignore_ament_install'
[0.792s] Level 1:colcon.colcon_core.package_identification:_identify(.) by extensions ['colcon_pkg']
[0.792s] Level 1:colcon.colcon_core.package_identification:_identify(.) by extension 'colcon_pkg'
[0.792s] Level 1:colcon.colcon_core.package_identification:_identify(.) by extensions ['colcon_meta']
[0.792s] Level 1:colcon.colcon_core.package_identification:_identify(.) by extension 'colcon_meta'
[0.793s] Level 1:colcon.colcon_core.package_identification:_identify(.) by extensions ['ros']
[0.793s] Level 1:colcon.colcon_core.package_identification:_identify(.) by extension 'ros'
[0.841s] Level 1:colcon.colcon_core.package_identification:_identify(.) by extensions ['cmake', 'python']
[0.842s] Level 1:colcon.colcon_core.package_identification:_identify(.) by extension 'cmake'
[0.842s] Level 1:colcon.colcon_core.package_identification:_identify(.) by extension 'python'
[0.842s] Level 1:colcon.colcon_core.package_identification:_identify(.) by extensions ['python_setup_py']
[0.842s] Level 1:colcon.colcon_core.package_identification:_identify(.) by extension 'python_setup_py'
[0.843s] Level 1:colcon.colcon_core.package_identification:_identify(armangles1) by extensions ['ignore', 'ignore_ament_install']
[0.843s] Level 1:colcon.colcon_core.package_identification:_identify(armangles1) by extension 'ignore'
[0.843s] Level 1:colcon.colcon_core.package_identification:_identify(armangles1) by extension 'ignore_ament_install'
[0.844s] Level 1:colcon.colcon_core.package_identification:_identify(armangles1) by extensions ['colcon_pkg']
[0.844s] Level 1:colcon.colcon_core.package_identification:_identify(armangles1) by extension 'colcon_pkg'
[0.844s] Level 1:colcon.colcon_core.package_identification:_identify(armangles1) by extensions ['colcon_meta']
[0.844s] Level 1:colcon.colcon_core.package_identification:_identify(armangles1) by extension 'colcon_meta'
[0.844s] Level 1:colcon.colcon_core.package_identification:_identify(armangles1) by extensions ['ros']
[0.844s] Level 1:colcon.colcon_core.package_identification:_identify(armangles1) by extension 'ros'
[0.853s] DEBUG:colcon.colcon_core.package_identification:Package 'armangles1' with type 'ros.ament_python' and name 'armangles1'
[0.854s] Level 1:colcon.colcon_core.package_identification:_identify(build) by extensions ['ignore', 'ignore_ament_install']
[0.854s] Level 1:colcon.colcon_core.package_identification:_identify(build) by extension 'ignore'
[0.855s] Level 1:colcon.colcon_core.package_identification:_identify(build) ignored
[0.855s] Level 1:colcon.colcon_core.package_identification:_identify(install) by extensions ['ignore', 'ignore_ament_install']
[0.855s] Level 1:colcon.colcon_core.package_identification:_identify(install) by extension 'ignore'
[0.856s] Level 1:colcon.colcon_core.package_identification:_identify(install) ignored
[0.856s] Level 1:colcon.colcon_core.package_identification:_identify(launch) by extensions ['ignore', 'ignore_ament_install']
[0.856s] Level 1:colcon.colcon_core.package_identification:_identify(launch) by extension 'ignore'
[0.856s] Level 1:colcon.colcon_core.package_identification:_identify(launch) by extension 'ignore_ament_install'
[0.857s] Level 1:colcon.colcon_core.package_identification:_identify(launch) by extensions ['colcon_pkg']
[0.857s] Level 1:colcon.colcon_core.package_identification:_identify(launch) by extension 'colcon_pkg'
[0.857s] Level 1:colcon.colcon_core.package_identification:_identify(launch) by extensions ['colcon_meta']
[0.857s] Level 1:colcon.colcon_core.package_identification:_identify(launch) by extension 'colcon_meta'
[0.857s] Level 1:colcon.colcon_core.package_identification:_identify(launch) by extensions ['ros']
[0.857s] Level 1:colcon.colcon_core.package_identification:_identify(launch) by extension 'ros'
[0.858s] Level 1:colcon.colcon_core.package_identification:_identify(launch) by extensions ['cmake', 'python']
[0.858s] Level 1:colcon.colcon_core.package_identification:_identify(launch) by extension 'cmake'
[0.858s] Level 1:colcon.colcon_core.package_identification:_identify(launch) by extension 'python'
[0.858s] Level 1:colcon.colcon_core.package_identification:_identify(launch) by extensions ['python_setup_py']
[0.858s] Level 1:colcon.colcon_core.package_identification:_identify(launch) by extension 'python_setup_py'
[0.859s] Level 1:colcon.colcon_core.package_identification:_identify(launch/__pycache__) by extensions ['ignore', 'ignore_ament_install']
[0.859s] Level 1:colcon.colcon_core.package_identification:_identify(launch/__pycache__) by extension 'ignore'
[0.859s] Level 1:colcon.colcon_core.package_identification:_identify(launch/__pycache__) by extension 'ignore_ament_install'
[0.859s] Level 1:colcon.colcon_core.package_identification:_identify(launch/__pycache__) by extensions ['colcon_pkg']
[0.860s] Level 1:colcon.colcon_core.package_identification:_identify(launch/__pycache__) by extension 'colcon_pkg'
[0.860s] Level 1:colcon.colcon_core.package_identification:_identify(launch/__pycache__) by extensions ['colcon_meta']
[0.860s] Level 1:colcon.colcon_core.package_identification:_identify(launch/__pycache__) by extension 'colcon_meta'
[0.860s] Level 1:colcon.colcon_core.package_identification:_identify(launch/__pycache__) by extensions ['ros']
[0.860s] Level 1:colcon.colcon_core.package_identification:_identify(launch/__pycache__) by extension 'ros'
[0.861s] Level 1:colcon.colcon_core.package_identification:_identify(launch/__pycache__) by extensions ['cmake', 'python']
[0.861s] Level 1:colcon.colcon_core.package_identification:_identify(launch/__pycache__) by extension 'cmake'
[0.861s] Level 1:colcon.colcon_core.package_identification:_identify(launch/__pycache__) by extension 'python'
[0.861s] Level 1:colcon.colcon_core.package_identification:_identify(launch/__pycache__) by extensions ['python_setup_py']
[0.861s] Level 1:colcon.colcon_core.package_identification:_identify(launch/__pycache__) by extension 'python_setup_py'
[0.862s] Level 1:colcon.colcon_core.package_identification:_identify(launch/build) by extensions ['ignore', 'ignore_ament_install']
[0.862s] Level 1:colcon.colcon_core.package_identification:_identify(launch/build) by extension 'ignore'
[0.862s] Level 1:colcon.colcon_core.package_identification:_identify(launch/build) ignored
[0.862s] Level 1:colcon.colcon_core.package_identification:_identify(launch/install) by extensions ['ignore', 'ignore_ament_install']
[0.863s] Level 1:colcon.colcon_core.package_identification:_identify(launch/install) by extension 'ignore'
[0.863s] Level 1:colcon.colcon_core.package_identification:_identify(launch/install) ignored
[0.863s] Level 1:colcon.colcon_core.package_identification:_identify(launch/log) by extensions ['ignore', 'ignore_ament_install']
[0.864s] Level 1:colcon.colcon_core.package_identification:_identify(launch/log) by extension 'ignore'
[0.864s] Level 1:colcon.colcon_core.package_identification:_identify(launch/log) ignored
[0.864s] Level 1:colcon.colcon_core.package_identification:_identify(log) by extensions ['ignore', 'ignore_ament_install']
[0.865s] Level 1:colcon.colcon_core.package_identification:_identify(log) by extension 'ignore'
[0.865s] Level 1:colcon.colcon_core.package_identification:_identify(log) ignored
[0.865s] Level 1:colcon.colcon_core.package_identification:_identify(ros2_aruco_perception) by extensions ['ignore', 'ignore_ament_install']
[0.865s] Level 1:colcon.colcon_core.package_identification:_identify(ros2_aruco_perception) by extension 'ignore'
[0.866s] Level 1:colcon.colcon_core.package_identification:_identify(ros2_aruco_perception) by extension 'ignore_ament_install'
[0.866s] Level 1:colcon.colcon_core.package_identification:_identify(ros2_aruco_perception) by extensions ['colcon_pkg']
[0.866s] Level 1:colcon.colcon_core.package_identification:_identify(ros2_aruco_perception) by extension 'colcon_pkg'
[0.866s] Level 1:colcon.colcon_core.package_identification:_identify(ros2_aruco_perception) by extensions ['colcon_meta']
[0.866s] Level 1:colcon.colcon_core.package_identification:_identify(ros2_aruco_perception) by extension 'colcon_meta'
[0.866s] Level 1:colcon.colcon_core.package_identification:_identify(ros2_aruco_perception) by extensions ['ros']
[0.867s] Level 1:colcon.colcon_core.package_identification:_identify(ros2_aruco_perception) by extension 'ros'
[0.868s] DEBUG:colcon.colcon_core.package_identification:Package 'ros2_aruco_perception' with type 'ros.ament_python' and name 'ros2_aruco_perception'
[0.869s] Level 1:colcon.colcon_core.package_identification:_identify(ros2_task_planner) by extensions ['ignore', 'ignore_ament_install']
[0.869s] Level 1:colcon.colcon_core.package_identification:_identify(ros2_task_planner) by extension 'ignore'
[0.869s] Level 1:colcon.colcon_core.package_identification:_identify(ros2_task_planner) by extension 'ignore_ament_install'
[0.870s] Level 1:colcon.colcon_core.package_identification:_identify(ros2_task_planner) by extensions ['colcon_pkg']
[0.870s] Level 1:colcon.colcon_core.package_identification:_identify(ros2_task_planner) by extension 'colcon_pkg'
[0.870s] Level 1:colcon.colcon_core.package_identification:_identify(ros2_task_planner) by extensions ['colcon_meta']
[0.870s] Level 1:colcon.colcon_core.package_identification:_identify(ros2_task_planner) by extension 'colcon_meta'
[0.870s] Level 1:colcon.colcon_core.package_identification:_identify(ros2_task_planner) by extensions ['ros']
[0.870s] Level 1:colcon.colcon_core.package_identification:_identify(ros2_task_planner) by extension 'ros'
[0.872s] DEBUG:colcon.colcon_core.package_identification:Package 'ros2_task_planner' with type 'ros.ament_python' and name 'ros2_task_planner'
[0.872s] Level 1:colcon.colcon_core.package_identification:_identify(usb_cam_driver) by extensions ['ignore', 'ignore_ament_install']
[0.873s] Level 1:colcon.colcon_core.package_identification:_identify(usb_cam_driver) by extension 'ignore'
[0.873s] Level 1:colcon.colcon_core.package_identification:_identify(usb_cam_driver) by extension 'ignore_ament_install'
[0.873s] Level 1:colcon.colcon_core.package_identification:_identify(usb_cam_driver) by extensions ['colcon_pkg']
[0.873s] Level 1:colcon.colcon_core.package_identification:_identify(usb_cam_driver) by extension 'colcon_pkg'
[0.873s] Level 1:colcon.colcon_core.package_identification:_identify(usb_cam_driver) by extensions ['colcon_meta']
[0.874s] Level 1:colcon.colcon_core.package_identification:_identify(usb_cam_driver) by extension 'colcon_meta'
[0.874s] Level 1:colcon.colcon_core.package_identification:_identify(usb_cam_driver) by extensions ['ros']
[0.874s] Level 1:colcon.colcon_core.package_identification:_identify(usb_cam_driver) by extension 'ros'
[0.876s] DEBUG:colcon.colcon_core.package_identification:Package 'usb_cam_driver' with type 'ros.ament_python' and name 'usb_cam_driver'
[0.876s] Level 1:colcon.colcon_core.package_discovery:discover_packages(recursive) using defaults
[0.876s] Level 1:colcon.colcon_core.package_discovery:discover_packages(ignore) discover
[0.876s] Level 1:colcon.colcon_core.package_discovery:discover_packages(ignore) using defaults
[0.876s] Level 1:colcon.colcon_core.package_discovery:discover_packages(path) discover
[0.876s] Level 1:colcon.colcon_core.package_discovery:discover_packages(path) using defaults
[0.953s] INFO:colcon.colcon_core.package_selection:Skipping not selected package 'ros2_aruco_perception' in 'ros2_aruco_perception'
[0.954s] INFO:colcon.colcon_core.package_selection:Skipping not selected package 'ros2_task_planner' in 'ros2_task_planner'
[0.954s] INFO:colcon.colcon_core.package_selection:Skipping not selected package 'usb_cam_driver' in 'usb_cam_driver'
[0.957s] Level 5:colcon.colcon_core.verb:set package 'armangles1' build argument 'cmake_args' from command line to 'None'
[0.957s] Level 5:colcon.colcon_core.verb:set package 'armangles1' build argument 'cmake_target' from command line to 'None'
[0.958s] Level 5:colcon.colcon_core.verb:set package 'armangles1' build argument 'cmake_target_skip_unavailable' from command line to 'False'
[0.958s] Level 5:colcon.colcon_core.verb:set package 'armangles1' build argument 'cmake_clean_cache' from command line to 'False'
[0.958s] Level 5:colcon.colcon_core.verb:set package 'armangles1' build argument 'cmake_clean_first' from command line to 'False'
[0.958s] Level 5:colcon.colcon_core.verb:set package 'armangles1' build argument 'cmake_force_configure' from command line to 'False'
[0.958s] Level 5:colcon.colcon_core.verb:set package 'armangles1' build argument 'ament_cmake_args' from command line to 'None'
[0.958s] Level 5:colcon.colcon_core.verb:set package 'armangles1' build argument 'catkin_cmake_args' from command line to 'None'
[0.958s] Level 5:colcon.colcon_core.verb:set package 'armangles1' build argument 'catkin_skip_building_tests' from command line to 'False'
[0.959s] DEBUG:colcon.colcon_core.verb:Building package 'armangles1' with the following arguments: {'ament_cmake_args': None, 'build_base': '/home/projects/ros2_ws/spring-2025-final-project-team-4/src/build/armangles1', 'catkin_cmake_args': None, 'catkin_skip_building_tests': False, 'cmake_args': None, 'cmake_clean_cache': False, 'cmake_clean_first': False, 'cmake_force_configure': False, 'cmake_target': None, 'cmake_target_skip_unavailable': False, 'install_base': '/home/projects/ros2_ws/spring-2025-final-project-team-4/src/install/armangles1', 'merge_install': False, 'path': '/home/projects/ros2_ws/spring-2025-final-project-team-4/src/armangles1', 'symlink_install': False, 'test_result_base': None}
[0.998s] INFO:colcon.colcon_core.executor:Executing jobs using 'parallel' executor
[1.007s] DEBUG:colcon.colcon_parallel_executor.executor.parallel:run_until_complete
[1.008s] INFO:colcon.colcon_ros.task.ament_python.build:Building ROS package in '/home/projects/ros2_ws/spring-2025-final-project-team-4/src/armangles1' with build type 'ament_python'
[1.009s] Level 1:colcon.colcon_core.shell:create_environment_hook('armangles1', 'ament_prefix_path')
[1.024s] INFO:colcon.colcon_core.plugin_system:Skipping extension 'colcon_core.shell.bat': Not used on non-Windows systems
[1.025s] INFO:colcon.colcon_core.shell:Creating environment hook '/home/projects/ros2_ws/spring-2025-final-project-team-4/src/install/armangles1/share/armangles1/hook/ament_prefix_path.ps1'
[1.027s] INFO:colcon.colcon_core.shell:Creating environment descriptor '/home/projects/ros2_ws/spring-2025-final-project-team-4/src/install/armangles1/share/armangles1/hook/ament_prefix_path.dsv'
[1.029s] INFO:colcon.colcon_core.shell:Creating environment hook '/home/projects/ros2_ws/spring-2025-final-project-team-4/src/install/armangles1/share/armangles1/hook/ament_prefix_path.sh'
[1.034s] INFO:colcon.colcon_core.shell:Skip shell extension 'powershell' for command environment: Not usable outside of PowerShell
[1.034s] DEBUG:colcon.colcon_core.shell:Skip shell extension 'dsv' for command environment
[2.224s] INFO:colcon.colcon_core.task.python.build:Building Python package in '/home/projects/ros2_ws/spring-2025-final-project-team-4/src/armangles1'
[2.227s] INFO:colcon.colcon_core.shell:Skip shell extension 'powershell' for command environment: Not usable outside of PowerShell
[2.227s] DEBUG:colcon.colcon_core.shell:Skip shell extension 'dsv' for command environment
[4.251s] DEBUG:colcon.colcon_core.event_handler.log_command:Invoking command in '/home/projects/ros2_ws/spring-2025-final-project-team-4/src/armangles1': PYTHONPATH=/home/projects/ros2_ws/spring-2025-final-project-team-4/src/install/armangles1/lib/python3.8/site-packages:${PYTHONPATH} /usr/bin/python3 setup.py egg_info --egg-base ../build/armangles1 build --build-base /home/projects/ros2_ws/spring-2025-final-project-team-4/src/build/armangles1/build install --prefix /home/projects/ros2_ws/spring-2025-final-project-team-4/src/install/armangles1 --record /home/projects/ros2_ws/spring-2025-final-project-team-4/src/build/armangles1/install.log --single-version-externally-managed
[5.727s] DEBUG:colcon.colcon_core.event_handler.log_command:Invoked command in '/home/projects/ros2_ws/spring-2025-final-project-team-4/src/armangles1' returned '0': PYTHONPATH=/home/projects/ros2_ws/spring-2025-final-project-team-4/src/install/armangles1/lib/python3.8/site-packages:${PYTHONPATH} /usr/bin/python3 setup.py egg_info --egg-base ../build/armangles1 build --build-base /home/projects/ros2_ws/spring-2025-final-project-team-4/src/build/armangles1/build install --prefix /home/projects/ros2_ws/spring-2025-final-project-team-4/src/install/armangles1 --record /home/projects/ros2_ws/spring-2025-final-project-team-4/src/build/armangles1/install.log --single-version-externally-managed
[5.743s] Level 1:colcon.colcon_core.environment:checking '/home/projects/ros2_ws/spring-2025-final-project-team-4/src/install/armangles1' for CMake module files
[5.749s] Level 1:colcon.colcon_core.environment:checking '/home/projects/ros2_ws/spring-2025-final-project-team-4/src/install/armangles1' for CMake config files
[5.752s] Level 1:colcon.colcon_core.environment:checking '/home/projects/ros2_ws/spring-2025-final-project-team-4/src/install/armangles1/lib'
[5.753s] Level 1:colcon.colcon_core.environment:checking '/home/projects/ros2_ws/spring-2025-final-project-team-4/src/install/armangles1/bin'
[5.753s] Level 1:colcon.colcon_core.environment:checking '/home/projects/ros2_ws/spring-2025-final-project-team-4/src/install/armangles1/lib/pkgconfig/armangles1.pc'
[5.753s] Level 1:colcon.colcon_core.environment:checking '/home/projects/ros2_ws/spring-2025-final-project-team-4/src/install/armangles1/lib/python3.8/site-packages'
[5.754s] Level 1:colcon.colcon_core.shell:create_environment_hook('armangles1', 'pythonpath')
[5.756s] INFO:colcon.colcon_core.shell:Creating environment hook '/home/projects/ros2_ws/spring-2025-final-project-team-4/src/install/armangles1/share/armangles1/hook/pythonpath.ps1'
[5.758s] INFO:colcon.colcon_core.shell:Creating environment descriptor '/home/projects/ros2_ws/spring-2025-final-project-team-4/src/install/armangles1/share/armangles1/hook/pythonpath.dsv'
[5.766s] INFO:colcon.colcon_core.shell:Creating environment hook '/home/projects/ros2_ws/spring-2025-final-project-team-4/src/install/armangles1/share/armangles1/hook/pythonpath.sh'
[5.767s] Level 1:colcon.colcon_core.environment:create_environment_scripts_only(armangles1)
[5.770s] INFO:colcon.colcon_core.shell:Creating package script '/home/projects/ros2_ws/spring-2025-final-project-team-4/src/install/armangles1/share/armangles1/package.ps1'
[5.774s] INFO:colcon.colcon_core.shell:Creating package descriptor '/home/projects/ros2_ws/spring-2025-final-project-team-4/src/install/armangles1/share/armangles1/package.dsv'
[5.776s] INFO:colcon.colcon_core.shell:Creating package script '/home/projects/ros2_ws/spring-2025-final-project-team-4/src/install/armangles1/share/armangles1/package.sh'
[5.778s] INFO:colcon.colcon_core.shell:Creating package script '/home/projects/ros2_ws/spring-2025-final-project-team-4/src/install/armangles1/share/armangles1/package.bash'
[5.781s] INFO:colcon.colcon_core.shell:Creating package script '/home/projects/ros2_ws/spring-2025-final-project-team-4/src/install/armangles1/share/armangles1/package.zsh'
[5.783s] Level 1:colcon.colcon_core.environment:create_file_with_runtime_dependencies(/home/projects/ros2_ws/spring-2025-final-project-team-4/src/install/armangles1/share/colcon-core/packages/armangles1)
[5.785s] DEBUG:colcon.colcon_parallel_executor.executor.parallel:closing loop
[5.786s] DEBUG:colcon.colcon_parallel_executor.executor.parallel:loop closed
[5.786s] DEBUG:colcon.colcon_parallel_executor.executor.parallel:run_until_complete finished with '0'
[5.787s] DEBUG:colcon.colcon_core.event_reactor:joining thread
[5.855s] INFO:colcon.colcon_core.plugin_system:Skipping extension 'colcon_notification.desktop_notification.notify_send': Could not find 'notify-send'
[5.855s] INFO:colcon.colcon_core.plugin_system:Skipping extension 'colcon_notification.desktop_notification.terminal_notifier': Not used on non-Darwin systems
[5.855s] INFO:colcon.colcon_core.plugin_system:Skipping extension 'colcon_notification.desktop_notification.win32': Not used on non-Windows systems
[5.855s] INFO:colcon.colcon_notification.desktop_notification:Sending desktop notification using 'notify2'
[5.856s] DEBUG:colcon.colcon_notification.desktop_notification.notify2:Failed to initialize notify2: org.freedesktop.DBus.Error.NotSupported: Unable to autolaunch a dbus-daemon without a $DISPLAY for X11
[5.856s] DEBUG:colcon.colcon_core.event_reactor:joined thread
[5.859s] INFO:colcon.colcon_core.shell:Creating prefix script '/home/projects/ros2_ws/spring-2025-final-project-team-4/src/install/local_setup.ps1'
[5.862s] INFO:colcon.colcon_core.shell:Creating prefix util module '/home/projects/ros2_ws/spring-2025-final-project-team-4/src/install/_local_setup_util_ps1.py'
[5.868s] INFO:colcon.colcon_core.shell:Creating prefix chain script '/home/projects/ros2_ws/spring-2025-final-project-team-4/src/install/setup.ps1'
[5.878s] INFO:colcon.colcon_core.shell:Creating prefix script '/home/projects/ros2_ws/spring-2025-final-project-team-4/src/install/local_setup.sh'
[5.880s] INFO:colcon.colcon_core.shell:Creating prefix util module '/home/projects/ros2_ws/spring-2025-final-project-team-4/src/install/_local_setup_util_sh.py'
[5.882s] INFO:colcon.colcon_core.shell:Creating prefix chain script '/home/projects/ros2_ws/spring-2025-final-project-team-4/src/install/setup.sh'
[5.892s] INFO:colcon.colcon_core.shell:Creating prefix script '/home/projects/ros2_ws/spring-2025-final-project-team-4/src/install/local_setup.bash'
[5.894s] INFO:colcon.colcon_core.shell:Creating prefix chain script '/home/projects/ros2_ws/spring-2025-final-project-team-4/src/install/setup.bash'
[5.903s] INFO:colcon.colcon_core.shell:Creating prefix script '/home/projects/ros2_ws/spring-2025-final-project-team-4/src/install/local_setup.zsh'
[5.905s] INFO:colcon.colcon_core.shell:Creating prefix chain script '/home/projects/ros2_ws/spring-2025-final-project-team-4/src/install/setup.zsh'
