[2.306s] Invoking command in '/home/popem/spring-2025-final-project-team-4/build/usb_cam_driver': PYTHONPATH=/home/popem/spring-2025-final-project-team-4/build/usb_cam_driver/prefix_override:/usr/lib/python3/dist-packages/colcon_core/task/python/colcon_distutils_commands:/home/popem/spring-2025-final-project-team-4/install/usb_cam_driver/lib/python3.8/site-packages:${PYTHONPATH} /usr/bin/python3 -W ignore:setup.py install is deprecated -W ignore:easy_install command is deprecated setup.py develop --editable --build-directory /home/popem/spring-2025-final-project-team-4/build/usb_cam_driver/build --no-deps symlink_data
[2.789s] running develop
[3.053s] running egg_info
[3.053s] creating usb_cam_driver.egg-info
[3.055s] writing usb_cam_driver.egg-info/PKG-INFO
[3.056s] writing dependency_links to usb_cam_driver.egg-info/dependency_links.txt
[3.057s] writing entry points to usb_cam_driver.egg-info/entry_points.txt
[3.057s] writing requirements to usb_cam_driver.egg-info/requires.txt
[3.057s] writing top-level names to usb_cam_driver.egg-info/top_level.txt
[3.059s] writing manifest file 'usb_cam_driver.egg-info/SOURCES.txt'
[3.127s] reading manifest file 'usb_cam_driver.egg-info/SOURCES.txt'
[3.129s] writing manifest file 'usb_cam_driver.egg-info/SOURCES.txt'
[3.252s] running build_ext
[3.254s] Creating /home/popem/spring-2025-final-project-team-4/install/usb_cam_driver/lib/python3.8/site-packages/site.py
[3.264s] Creating /home/popem/spring-2025-final-project-team-4/install/usb_cam_driver/lib/python3.8/site-packages/usb-cam-driver.egg-link (link to .)
[3.271s] Installing usb_cam_node script to /home/popem/spring-2025-final-project-team-4/install/usb_cam_driver/lib/usb_cam_driver
[3.282s] 
[3.283s] Installed /home/popem/spring-2025-final-project-team-4/build/usb_cam_driver
[3.283s] running symlink_data
[3.283s] creating /home/popem/spring-2025-final-project-team-4/install/usb_cam_driver/share/ament_index
[3.284s] creating /home/popem/spring-2025-final-project-team-4/install/usb_cam_driver/share/ament_index/resource_index
[3.284s] creating /home/popem/spring-2025-final-project-team-4/install/usb_cam_driver/share/ament_index/resource_index/packages
[3.285s] symbolically linking /home/popem/spring-2025-final-project-team-4/build/usb_cam_driver/resource/usb_cam_driver -> /home/popem/spring-2025-final-project-team-4/install/usb_cam_driver/share/ament_index/resource_index/packages
[3.286s] symbolically linking /home/popem/spring-2025-final-project-team-4/build/usb_cam_driver/package.xml -> /home/popem/spring-2025-final-project-team-4/install/usb_cam_driver/share/usb_cam_driver
[3.383s] Invoked command in '/home/popem/spring-2025-final-project-team-4/build/usb_cam_driver' returned '0': PYTHONPATH=/home/popem/spring-2025-final-project-team-4/build/usb_cam_driver/prefix_override:/usr/lib/python3/dist-packages/colcon_core/task/python/colcon_distutils_commands:/home/popem/spring-2025-final-project-team-4/install/usb_cam_driver/lib/python3.8/site-packages:${PYTHONPATH} /usr/bin/python3 -W ignore:setup.py install is deprecated -W ignore:easy_install command is deprecated setup.py develop --editable --build-directory /home/popem/spring-2025-final-project-team-4/build/usb_cam_driver/build --no-deps symlink_data
