[0.000000] (-) TimerEvent: {}
[0.001013] (armangles1) JobQueued: {'identifier': 'armangles1', 'dependencies': OrderedDict()}
[0.001337] (oakd_camera) JobQueued: {'identifier': 'oakd_camera', 'dependencies': OrderedDict()}
[0.002241] (ros2_aruco_perception) JobQueued: {'identifier': 'ros2_aruco_perception', 'dependencies': OrderedDict()}
[0.002825] (ros2_task_planner) JobQueued: {'identifier': 'ros2_task_planner', 'dependencies': OrderedDict()}
[0.004308] (usb_cam_driver) JobQueued: {'identifier': 'usb_cam_driver', 'dependencies': OrderedDict()}
[0.004501] (armangles1) JobStarted: {'identifier': 'armangles1'}
[0.072963] (oakd_camera) JobStarted: {'identifier': 'oakd_camera'}
[0.098952] (-) TimerEvent: {}
[0.128777] (ros2_aruco_perception) JobStarted: {'identifier': 'ros2_aruco_perception'}
[0.184450] (ros2_task_planner) JobStarted: {'identifier': 'ros2_task_planner'}
[0.199100] (-) TimerEvent: {}
[0.300118] (-) TimerEvent: {}
[0.401029] (-) TimerEvent: {}
[0.501698] (-) TimerEvent: {}
[0.602361] (-) TimerEvent: {}
[0.703039] (-) TimerEvent: {}
[0.803998] (-) TimerEvent: {}
[0.904665] (-) TimerEvent: {}
[1.005318] (-) TimerEvent: {}
[1.105945] (-) TimerEvent: {}
[1.206595] (-) TimerEvent: {}
[1.307275] (-) TimerEvent: {}
[1.407986] (-) TimerEvent: {}
[1.508916] (-) TimerEvent: {}
[1.609817] (-) TimerEvent: {}
[1.710494] (-) TimerEvent: {}
[1.811157] (-) TimerEvent: {}
[1.911868] (-) TimerEvent: {}
[2.012505] (-) TimerEvent: {}
[2.113165] (-) TimerEvent: {}
[2.213793] (-) TimerEvent: {}
[2.314403] (-) TimerEvent: {}
[2.415035] (-) TimerEvent: {}
[2.515712] (-) TimerEvent: {}
[2.616394] (-) TimerEvent: {}
[2.717055] (-) TimerEvent: {}
[2.817735] (-) TimerEvent: {}
[2.916093] (oakd_camera) StderrLine: {'line': b'Traceback (most recent call last):\n  File "/usr/lib/python3/dist-packages/colcon_core/executor/__init__.py", line 91, in __call__\n    rc = await self.task(*args, **kwargs)\n  File "/usr/lib/python3/dist-packages/colcon_core/task/__init__.py", line 93, in __call__\n    return await task_method(*args, **kwargs)\n  File "/usr/lib/python3/dist-packages/colcon_ros/task/ament_python/build.py", line 51, in build\n    setup_py_data = get_setup_data(self.context.pkg, env)\n  File "/usr/lib/python3/dist-packages/colcon_core/task/python/__init__.py", line 20, in get_setup_data\n    return dict(pkg.metadata[key](env))\n  File "/usr/lib/python3/dist-packages/colcon_ros/package_augmentation/ros_ament_python.py", line 57, in getter\n    return get_setup_information(\n  File "/usr/lib/python3/dist-packages/colcon_python_setup_py/package_identification/python_setup_py.py", line 241, in get_setup_information\n    _setup_information_cache[hashable_env] = _get_setup_information(\n  File "/usr/lib/python3/dist-packages/colcon_python_setup_py/package_identification/python_setup_py.py", line 281, in _get_setup_information\n    result = subprocess.run(\n  File "/usr/lib/python3.8/subprocess.py", line 516, in run\n    raise CalledProcessError(retcode, process.args,\nsubprocess.CalledProcessError: Command \'[\'/usr/bin/python3\', \'-c\', "import sys;from setuptools.extern.packaging.specifiers import SpecifierSet;from distutils.core import run_setup;dist = run_setup(    \'setup.py\', script_args=(\'--dry-run\',), stop_after=\'config\');skip_keys = (\'cmdclass\', \'distclass\', \'ext_modules\', \'metadata\');data = {    key: value for key, value in dist.__dict__.items()     if (        not key.startswith(\'_\') and         not callable(value) and         key not in skip_keys and         key not in dist.display_option_names    )};data[\'metadata\'] = {    k: v for k, v in dist.metadata.__dict__.items()     if k not in (\'license_files\', \'provides_extras\')};sys.stdout.buffer.write(repr(data).encode(\'utf-8\'))"]\' returned non-zero exit status 1.\n'}
[2.922218] (-) TimerEvent: {}
[2.922925] (oakd_camera) JobEnded: {'identifier': 'oakd_camera', 'rc': 1}
[3.022381] (-) TimerEvent: {}
[3.123004] (-) TimerEvent: {}
[3.223693] (-) TimerEvent: {}
[3.324337] (-) TimerEvent: {}
[3.424982] (-) TimerEvent: {}
[3.525624] (-) TimerEvent: {}
[3.626265] (-) TimerEvent: {}
[3.726907] (-) TimerEvent: {}
[3.827539] (-) TimerEvent: {}
[3.928175] (-) TimerEvent: {}
[4.028848] (-) TimerEvent: {}
[4.129852] (-) TimerEvent: {}
[4.132828] (armangles1) JobEnded: {'identifier': 'armangles1', 'rc': 'SIGINT'}
[4.135730] (ros2_task_planner) JobEnded: {'identifier': 'ros2_task_planner', 'rc': 'SIGINT'}
[4.137665] (ros2_aruco_perception) JobEnded: {'identifier': 'ros2_aruco_perception', 'rc': 'SIGINT'}
[4.148627] (usb_cam_driver) JobSkipped: {'identifier': 'usb_cam_driver'}
[4.148810] (-) EventReactorShutdown: {}
