running egg_info
writing ../build/ros2_aruco_perception/ros2_aruco_perception.egg-info/PKG-INFO
writing dependency_links to ../build/ros2_aruco_perception/ros2_aruco_perception.egg-info/dependency_links.txt
writing entry points to ../build/ros2_aruco_perception/ros2_aruco_perception.egg-info/entry_points.txt
writing requirements to ../build/ros2_aruco_perception/ros2_aruco_perception.egg-info/requires.txt
writing top-level names to ../build/ros2_aruco_perception/ros2_aruco_perception.egg-info/top_level.txt
reading manifest file '../build/ros2_aruco_perception/ros2_aruco_perception.egg-info/SOURCES.txt'
writing manifest file '../build/ros2_aruco_perception/ros2_aruco_perception.egg-info/SOURCES.txt'
running build
running build_py
copying ros2_aruco_perception/perception_node.py -> /home/projects/ros2_ws/spring-2025-final-project-team-4/src/build/ros2_aruco_perception/build/lib/ros2_aruco_perception
running install
running install_lib
copying /home/projects/ros2_ws/spring-2025-final-project-team-4/src/build/ros2_aruco_perception/build/lib/ros2_aruco_perception/perception_node.py -> /home/projects/ros2_ws/spring-2025-final-project-team-4/src/install/ros2_aruco_perception/lib/python3.8/site-packages/ros2_aruco_perception
byte-compiling /home/projects/ros2_ws/spring-2025-final-project-team-4/src/install/ros2_aruco_perception/lib/python3.8/site-packages/ros2_aruco_perception/perception_node.py to perception_node.cpython-38.pyc
running install_data
running install_egg_info
removing '/home/projects/ros2_ws/spring-2025-final-project-team-4/src/install/ros2_aruco_perception/lib/python3.8/site-packages/ros2_aruco_perception-0.0.0-py3.8.egg-info' (and everything under it)
Copying ../build/ros2_aruco_perception/ros2_aruco_perception.egg-info to /home/projects/ros2_ws/spring-2025-final-project-team-4/src/install/ros2_aruco_perception/lib/python3.8/site-packages/ros2_aruco_perception-0.0.0-py3.8.egg-info
running install_scripts
Installing perception_node script to /home/projects/ros2_ws/spring-2025-final-project-team-4/src/install/ros2_aruco_perception/lib/ros2_aruco_perception
writing list of installed files to '/home/projects/ros2_ws/spring-2025-final-project-team-4/src/build/ros2_aruco_perception/install.log'
