[7.340s] Invoking command in '/home/projects/ros2_ws/spring-2025-final-project-team-4/src/armangles1': PYTHONPATH=/home/projects/ros2_ws/spring-2025-final-project-team-4/src/install/armangles1/lib/python3.8/site-packages:${PYTHONPATH} /usr/bin/python3 setup.py egg_info --egg-base ../build/armangles1 build --build-base /home/projects/ros2_ws/spring-2025-final-project-team-4/src/build/armangles1/build install --prefix /home/projects/ros2_ws/spring-2025-final-project-team-4/src/install/armangles1 --record /home/projects/ros2_ws/spring-2025-final-project-team-4/src/build/armangles1/install.log --single-version-externally-managed
[8.656s] running egg_info
[8.659s] writing ../build/armangles1/armangles1.egg-info/PKG-INFO
[8.660s] writing dependency_links to ../build/armangles1/armangles1.egg-info/dependency_links.txt
[8.661s] writing entry points to ../build/armangles1/armangles1.egg-info/entry_points.txt
[8.662s] writing requirements to ../build/armangles1/armangles1.egg-info/requires.txt
[8.662s] writing top-level names to ../build/armangles1/armangles1.egg-info/top_level.txt
[8.867s] reading manifest file '../build/armangles1/armangles1.egg-info/SOURCES.txt'
[8.872s] writing manifest file '../build/armangles1/armangles1.egg-info/SOURCES.txt'
[8.873s] running build
[8.874s] running build_py
[8.874s] running install
[8.877s] running install_lib
[8.884s] running install_data
[8.887s] running install_egg_info
[8.895s] removing '/home/projects/ros2_ws/spring-2025-final-project-team-4/src/install/armangles1/lib/python3.8/site-packages/armangles1-0.0.0-py3.8.egg-info' (and everything under it)
[8.896s] Copying ../build/armangles1/armangles1.egg-info to /home/projects/ros2_ws/spring-2025-final-project-team-4/src/install/armangles1/lib/python3.8/site-packages/armangles1-0.0.0-py3.8.egg-info
[8.901s] running install_scripts
[8.984s] Installing sendangles_executable script to /home/projects/ros2_ws/spring-2025-final-project-team-4/src/install/armangles1/lib/armangles1
[8.987s] writing list of installed files to '/home/projects/ros2_ws/spring-2025-final-project-team-4/src/build/armangles1/install.log'
[9.106s] Invoked command in '/home/projects/ros2_ws/spring-2025-final-project-team-4/src/armangles1' returned '0': PYTHONPATH=/home/projects/ros2_ws/spring-2025-final-project-team-4/src/install/armangles1/lib/python3.8/site-packages:${PYTHONPATH} /usr/bin/python3 setup.py egg_info --egg-base ../build/armangles1 build --build-base /home/projects/ros2_ws/spring-2025-final-project-team-4/src/build/armangles1/build install --prefix /home/projects/ros2_ws/spring-2025-final-project-team-4/src/install/armangles1 --record /home/projects/ros2_ws/spring-2025-final-project-team-4/src/build/armangles1/install.log --single-version-externally-managed
