[7.443s] Invoking command in '/home/projects/ros2_ws/spring-2025-final-project-team-4/src/ros2_task_planner': PYTHONPATH=/home/projects/ros2_ws/spring-2025-final-project-team-4/src/install/ros2_task_planner/lib/python3.8/site-packages:${PYTHONPATH} /usr/bin/python3 setup.py egg_info --egg-base ../build/ros2_task_planner build --build-base /home/projects/ros2_ws/spring-2025-final-project-team-4/src/build/ros2_task_planner/build install --prefix /home/projects/ros2_ws/spring-2025-final-project-team-4/src/install/ros2_task_planner --record /home/projects/ros2_ws/spring-2025-final-project-team-4/src/build/ros2_task_planner/install.log --single-version-externally-managed
[8.692s] running egg_info
[8.696s] writing ../build/ros2_task_planner/ros2_task_planner.egg-info/PKG-INFO
[8.702s] writing dependency_links to ../build/ros2_task_planner/ros2_task_planner.egg-info/dependency_links.txt
[8.703s] writing entry points to ../build/ros2_task_planner/ros2_task_planner.egg-info/entry_points.txt
[8.704s] writing requirements to ../build/ros2_task_planner/ros2_task_planner.egg-info/requires.txt
[8.704s] writing top-level names to ../build/ros2_task_planner/ros2_task_planner.egg-info/top_level.txt
[8.887s] reading manifest file '../build/ros2_task_planner/ros2_task_planner.egg-info/SOURCES.txt'
[8.893s] writing manifest file '../build/ros2_task_planner/ros2_task_planner.egg-info/SOURCES.txt'
[8.896s] running build
[8.896s] running build_py
[8.900s] copying ros2_task_planner/task_planner_node.py -> /home/projects/ros2_ws/spring-2025-final-project-team-4/src/build/ros2_task_planner/build/lib/ros2_task_planner
[8.901s] running install
[8.910s] running install_lib
[8.913s] copying /home/projects/ros2_ws/spring-2025-final-project-team-4/src/build/ros2_task_planner/build/lib/ros2_task_planner/task_planner_node.py -> /home/projects/ros2_ws/spring-2025-final-project-team-4/src/install/ros2_task_planner/lib/python3.8/site-packages/ros2_task_planner
[8.917s] byte-compiling /home/projects/ros2_ws/spring-2025-final-project-team-4/src/install/ros2_task_planner/lib/python3.8/site-packages/ros2_task_planner/task_planner_node.py to task_planner_node.cpython-38.pyc
[8.924s] running install_data
[8.931s] running install_egg_info
[8.939s] removing '/home/projects/ros2_ws/spring-2025-final-project-team-4/src/install/ros2_task_planner/lib/python3.8/site-packages/ros2_task_planner-0.0.0-py3.8.egg-info' (and everything under it)
[8.940s] Copying ../build/ros2_task_planner/ros2_task_planner.egg-info to /home/projects/ros2_ws/spring-2025-final-project-team-4/src/install/ros2_task_planner/lib/python3.8/site-packages/ros2_task_planner-0.0.0-py3.8.egg-info
[8.958s] running install_scripts
[9.029s] Installing task_planner_node script to /home/projects/ros2_ws/spring-2025-final-project-team-4/src/install/ros2_task_planner/lib/ros2_task_planner
[9.034s] writing list of installed files to '/home/projects/ros2_ws/spring-2025-final-project-team-4/src/build/ros2_task_planner/install.log'
[9.259s] Invoked command in '/home/projects/ros2_ws/spring-2025-final-project-team-4/src/ros2_task_planner' returned '0': PYTHONPATH=/home/projects/ros2_ws/spring-2025-final-project-team-4/src/install/ros2_task_planner/lib/python3.8/site-packages:${PYTHONPATH} /usr/bin/python3 setup.py egg_info --egg-base ../build/ros2_task_planner build --build-base /home/projects/ros2_ws/spring-2025-final-project-team-4/src/build/ros2_task_planner/build install --prefix /home/projects/ros2_ws/spring-2025-final-project-team-4/src/install/ros2_task_planner --record /home/projects/ros2_ws/spring-2025-final-project-team-4/src/build/ros2_task_planner/install.log --single-version-externally-managed
