[2.304s] Invoking command in '/home/popem/spring-2025-final-project-team-4/build/ros2_task_planner': PYTHONPATH=/home/popem/spring-2025-final-project-team-4/build/ros2_task_planner/prefix_override:/usr/lib/python3/dist-packages/colcon_core/task/python/colcon_distutils_commands:/home/popem/spring-2025-final-project-team-4/install/ros2_task_planner/lib/python3.8/site-packages:${PYTHONPATH} /usr/bin/python3 -W ignore:setup.py install is deprecated -W ignore:easy_install command is deprecated setup.py develop --editable --build-directory /home/popem/spring-2025-final-project-team-4/build/ros2_task_planner/build --no-deps symlink_data
[2.779s] running develop
[3.010s] running egg_info
[3.010s] creating ros2_task_planner.egg-info
[3.012s] writing ros2_task_planner.egg-info/PKG-INFO
[3.013s] writing dependency_links to ros2_task_planner.egg-info/dependency_links.txt
[3.014s] writing entry points to ros2_task_planner.egg-info/entry_points.txt
[3.014s] writing requirements to ros2_task_planner.egg-info/requires.txt
[3.015s] writing top-level names to ros2_task_planner.egg-info/top_level.txt
[3.016s] writing manifest file 'ros2_task_planner.egg-info/SOURCES.txt'
[3.075s] reading manifest file 'ros2_task_planner.egg-info/SOURCES.txt'
[3.077s] writing manifest file 'ros2_task_planner.egg-info/SOURCES.txt'
[3.166s] running build_ext
[3.167s] Creating /home/popem/spring-2025-final-project-team-4/install/ros2_task_planner/lib/python3.8/site-packages/site.py
[3.175s] Creating /home/popem/spring-2025-final-project-team-4/install/ros2_task_planner/lib/python3.8/site-packages/ros2-task-planner.egg-link (link to .)
[3.178s] Installing task_planner_node script to /home/popem/spring-2025-final-project-team-4/install/ros2_task_planner/lib/ros2_task_planner
[3.180s] 
[3.181s] Installed /home/popem/spring-2025-final-project-team-4/build/ros2_task_planner
[3.181s] running symlink_data
[3.181s] creating /home/popem/spring-2025-final-project-team-4/install/ros2_task_planner/share/ament_index
[3.182s] creating /home/popem/spring-2025-final-project-team-4/install/ros2_task_planner/share/ament_index/resource_index
[3.184s] creating /home/popem/spring-2025-final-project-team-4/install/ros2_task_planner/share/ament_index/resource_index/packages
[3.186s] symbolically linking /home/popem/spring-2025-final-project-team-4/build/ros2_task_planner/resource/ros2_task_planner -> /home/popem/spring-2025-final-project-team-4/install/ros2_task_planner/share/ament_index/resource_index/packages
[3.189s] symbolically linking /home/popem/spring-2025-final-project-team-4/build/ros2_task_planner/package.xml -> /home/popem/spring-2025-final-project-team-4/install/ros2_task_planner/share/ros2_task_planner
[3.300s] Invoked command in '/home/popem/spring-2025-final-project-team-4/build/ros2_task_planner' returned '0': PYTHONPATH=/home/popem/spring-2025-final-project-team-4/build/ros2_task_planner/prefix_override:/usr/lib/python3/dist-packages/colcon_core/task/python/colcon_distutils_commands:/home/popem/spring-2025-final-project-team-4/install/ros2_task_planner/lib/python3.8/site-packages:${PYTHONPATH} /usr/bin/python3 -W ignore:setup.py install is deprecated -W ignore:easy_install command is deprecated setup.py develop --editable --build-directory /home/popem/spring-2025-final-project-team-4/build/ros2_task_planner/build --no-deps symlink_data
