[1.220s] DEBUG:colcon:Command line arguments: ['/usr/bin/colcon', 'build']
[1.220s] DEBUG:colcon:Parsed command line arguments: Namespace(allow_overriding=[], ament_cmake_args=None, base_paths=['.'], build_base='build', catkin_cmake_args=None, catkin_skip_building_tests=False, cmake_args=None, cmake_clean_cache=False, cmake_clean_first=False, cmake_force_configure=False, cmake_target=None, cmake_target_skip_unavailable=False, continue_on_error=False, event_handlers=None, executor='parallel', ignore_user_meta=False, install_base='install', log_base=None, log_level=None, main=<bound method BuildVerb.main of <colcon_core.verb.build.BuildVerb object at 0x7f8392c040>>, merge_install=False, metas=['./colcon.meta'], mixin=None, mixin_files=None, mixin_verb=('build',), packages_above=None, packages_above_and_dependencies=None, packages_above_depth=None, packages_end=None, packages_ignore=None, packages_ignore_regex=None, packages_select=None, packages_select_build_failed=False, packages_select_by_dep=None, packages_select_regex=None, packages_select_test_failures=False, packages_skip=None, packages_skip_build_finished=False, packages_skip_by_dep=None, packages_skip_regex=None, packages_skip_test_passed=False, packages_skip_up_to=None, packages_start=None, packages_up_to=None, packages_up_to_regex=None, parallel_workers=4, paths=None, symlink_install=False, test_result_base=None, verb_extension=<colcon_core.verb.build.BuildVerb object at 0x7f8392c040>, verb_name='build', verb_parser=<colcon_mixin.mixin.mixin_argument.MixinArgumentDecorator object at 0x7f8392c6a0>)
[1.258s] Level 1:colcon.colcon_core.package_discovery:discover_packages(colcon_meta) check parameters
[1.262s] INFO:colcon.colcon_metadata.package_discovery.colcon_meta:Using configuration from '/root/.colcon/metadata/default/Gazebo.meta'
[1.265s] INFO:colcon.colcon_metadata.package_discovery.colcon_meta:Using configuration from '/root/.colcon/metadata/default/fastrtps.meta'
[1.265s] Level 1:colcon.colcon_core.package_discovery:discover_packages(recursive) check parameters
[1.265s] Level 1:colcon.colcon_core.package_discovery:discover_packages(ignore) check parameters
[1.265s] Level 1:colcon.colcon_core.package_discovery:discover_packages(path) check parameters
[1.265s] Level 1:colcon.colcon_core.package_discovery:discover_packages(colcon_meta) discover
[1.266s] Level 1:colcon.colcon_core.package_discovery:discover_packages(recursive) discover
[1.266s] INFO:colcon.colcon_core.package_discovery:Crawling recursively for packages in '/home/projects/ros2_ws/spring-2025-final-project-team-4/src'
[1.266s] Level 1:colcon.colcon_core.package_identification:_identify(.) by extensions ['ignore', 'ignore_ament_install']
[1.267s] Level 1:colcon.colcon_core.package_identification:_identify(.) by extension 'ignore'
[1.267s] Level 1:colcon.colcon_core.package_identification:_identify(.) by extension 'ignore_ament_install'
[1.267s] Level 1:colcon.colcon_core.package_identification:_identify(.) by extensions ['colcon_pkg']
[1.267s] Level 1:colcon.colcon_core.package_identification:_identify(.) by extension 'colcon_pkg'
[1.267s] Level 1:colcon.colcon_core.package_identification:_identify(.) by extensions ['colcon_meta']
[1.268s] Level 1:colcon.colcon_core.package_identification:_identify(.) by extension 'colcon_meta'
[1.268s] Level 1:colcon.colcon_core.package_identification:_identify(.) by extensions ['ros']
[1.268s] Level 1:colcon.colcon_core.package_identification:_identify(.) by extension 'ros'
[1.331s] Level 1:colcon.colcon_core.package_identification:_identify(.) by extensions ['cmake', 'python']
[1.331s] Level 1:colcon.colcon_core.package_identification:_identify(.) by extension 'cmake'
[1.332s] Level 1:colcon.colcon_core.package_identification:_identify(.) by extension 'python'
[1.332s] Level 1:colcon.colcon_core.package_identification:_identify(.) by extensions ['python_setup_py']
[1.332s] Level 1:colcon.colcon_core.package_identification:_identify(.) by extension 'python_setup_py'
[1.333s] Level 1:colcon.colcon_core.package_identification:_identify(armangles1) by extensions ['ignore', 'ignore_ament_install']
[1.333s] Level 1:colcon.colcon_core.package_identification:_identify(armangles1) by extension 'ignore'
[1.333s] Level 1:colcon.colcon_core.package_identification:_identify(armangles1) by extension 'ignore_ament_install'
[1.334s] Level 1:colcon.colcon_core.package_identification:_identify(armangles1) by extensions ['colcon_pkg']
[1.334s] Level 1:colcon.colcon_core.package_identification:_identify(armangles1) by extension 'colcon_pkg'
[1.334s] Level 1:colcon.colcon_core.package_identification:_identify(armangles1) by extensions ['colcon_meta']
[1.334s] Level 1:colcon.colcon_core.package_identification:_identify(armangles1) by extension 'colcon_meta'
[1.334s] Level 1:colcon.colcon_core.package_identification:_identify(armangles1) by extensions ['ros']
[1.334s] Level 1:colcon.colcon_core.package_identification:_identify(armangles1) by extension 'ros'
[1.347s] DEBUG:colcon.colcon_core.package_identification:Package 'armangles1' with type 'ros.ament_python' and name 'armangles1'
[1.348s] Level 1:colcon.colcon_core.package_identification:_identify(build) by extensions ['ignore', 'ignore_ament_install']
[1.349s] Level 1:colcon.colcon_core.package_identification:_identify(build) by extension 'ignore'
[1.349s] Level 1:colcon.colcon_core.package_identification:_identify(build) ignored
[1.350s] Level 1:colcon.colcon_core.package_identification:_identify(install) by extensions ['ignore', 'ignore_ament_install']
[1.350s] Level 1:colcon.colcon_core.package_identification:_identify(install) by extension 'ignore'
[1.350s] Level 1:colcon.colcon_core.package_identification:_identify(install) ignored
[1.350s] Level 1:colcon.colcon_core.package_identification:_identify(launch) by extensions ['ignore', 'ignore_ament_install']
[1.351s] Level 1:colcon.colcon_core.package_identification:_identify(launch) by extension 'ignore'
[1.351s] Level 1:colcon.colcon_core.package_identification:_identify(launch) by extension 'ignore_ament_install'
[1.351s] Level 1:colcon.colcon_core.package_identification:_identify(launch) by extensions ['colcon_pkg']
[1.351s] Level 1:colcon.colcon_core.package_identification:_identify(launch) by extension 'colcon_pkg'
[1.352s] Level 1:colcon.colcon_core.package_identification:_identify(launch) by extensions ['colcon_meta']
[1.352s] Level 1:colcon.colcon_core.package_identification:_identify(launch) by extension 'colcon_meta'
[1.352s] Level 1:colcon.colcon_core.package_identification:_identify(launch) by extensions ['ros']
[1.352s] Level 1:colcon.colcon_core.package_identification:_identify(launch) by extension 'ros'
[1.352s] Level 1:colcon.colcon_core.package_identification:_identify(launch) by extensions ['cmake', 'python']
[1.353s] Level 1:colcon.colcon_core.package_identification:_identify(launch) by extension 'cmake'
[1.353s] Level 1:colcon.colcon_core.package_identification:_identify(launch) by extension 'python'
[1.353s] Level 1:colcon.colcon_core.package_identification:_identify(launch) by extensions ['python_setup_py']
[1.353s] Level 1:colcon.colcon_core.package_identification:_identify(launch) by extension 'python_setup_py'
[1.353s] Level 1:colcon.colcon_core.package_identification:_identify(launch/__pycache__) by extensions ['ignore', 'ignore_ament_install']
[1.354s] Level 1:colcon.colcon_core.package_identification:_identify(launch/__pycache__) by extension 'ignore'
[1.354s] Level 1:colcon.colcon_core.package_identification:_identify(launch/__pycache__) by extension 'ignore_ament_install'
[1.354s] Level 1:colcon.colcon_core.package_identification:_identify(launch/__pycache__) by extensions ['colcon_pkg']
[1.354s] Level 1:colcon.colcon_core.package_identification:_identify(launch/__pycache__) by extension 'colcon_pkg'
[1.355s] Level 1:colcon.colcon_core.package_identification:_identify(launch/__pycache__) by extensions ['colcon_meta']
[1.355s] Level 1:colcon.colcon_core.package_identification:_identify(launch/__pycache__) by extension 'colcon_meta'
[1.355s] Level 1:colcon.colcon_core.package_identification:_identify(launch/__pycache__) by extensions ['ros']
[1.355s] Level 1:colcon.colcon_core.package_identification:_identify(launch/__pycache__) by extension 'ros'
[1.355s] Level 1:colcon.colcon_core.package_identification:_identify(launch/__pycache__) by extensions ['cmake', 'python']
[1.356s] Level 1:colcon.colcon_core.package_identification:_identify(launch/__pycache__) by extension 'cmake'
[1.356s] Level 1:colcon.colcon_core.package_identification:_identify(launch/__pycache__) by extension 'python'
[1.356s] Level 1:colcon.colcon_core.package_identification:_identify(launch/__pycache__) by extensions ['python_setup_py']
[1.356s] Level 1:colcon.colcon_core.package_identification:_identify(launch/__pycache__) by extension 'python_setup_py'
[1.356s] Level 1:colcon.colcon_core.package_identification:_identify(launch/build) by extensions ['ignore', 'ignore_ament_install']
[1.357s] Level 1:colcon.colcon_core.package_identification:_identify(launch/build) by extension 'ignore'
[1.357s] Level 1:colcon.colcon_core.package_identification:_identify(launch/build) ignored
[1.357s] Level 1:colcon.colcon_core.package_identification:_identify(launch/install) by extensions ['ignore', 'ignore_ament_install']
[1.358s] Level 1:colcon.colcon_core.package_identification:_identify(launch/install) by extension 'ignore'
[1.358s] Level 1:colcon.colcon_core.package_identification:_identify(launch/install) ignored
[1.358s] Level 1:colcon.colcon_core.package_identification:_identify(launch/log) by extensions ['ignore', 'ignore_ament_install']
[1.359s] Level 1:colcon.colcon_core.package_identification:_identify(launch/log) by extension 'ignore'
[1.359s] Level 1:colcon.colcon_core.package_identification:_identify(launch/log) ignored
[1.359s] Level 1:colcon.colcon_core.package_identification:_identify(log) by extensions ['ignore', 'ignore_ament_install']
[1.360s] Level 1:colcon.colcon_core.package_identification:_identify(log) by extension 'ignore'
[1.360s] Level 1:colcon.colcon_core.package_identification:_identify(log) ignored
[1.360s] Level 1:colcon.colcon_core.package_identification:_identify(ros2_aruco_perception) by extensions ['ignore', 'ignore_ament_install']
[1.360s] Level 1:colcon.colcon_core.package_identification:_identify(ros2_aruco_perception) by extension 'ignore'
[1.361s] Level 1:colcon.colcon_core.package_identification:_identify(ros2_aruco_perception) by extension 'ignore_ament_install'
[1.361s] Level 1:colcon.colcon_core.package_identification:_identify(ros2_aruco_perception) by extensions ['colcon_pkg']
[1.361s] Level 1:colcon.colcon_core.package_identification:_identify(ros2_aruco_perception) by extension 'colcon_pkg'
[1.361s] Level 1:colcon.colcon_core.package_identification:_identify(ros2_aruco_perception) by extensions ['colcon_meta']
[1.361s] Level 1:colcon.colcon_core.package_identification:_identify(ros2_aruco_perception) by extension 'colcon_meta'
[1.362s] Level 1:colcon.colcon_core.package_identification:_identify(ros2_aruco_perception) by extensions ['ros']
[1.362s] Level 1:colcon.colcon_core.package_identification:_identify(ros2_aruco_perception) by extension 'ros'
[1.364s] DEBUG:colcon.colcon_core.package_identification:Package 'ros2_aruco_perception' with type 'ros.ament_python' and name 'ros2_aruco_perception'
[1.365s] Level 1:colcon.colcon_core.package_identification:_identify(ros2_task_planner) by extensions ['ignore', 'ignore_ament_install']
[1.365s] Level 1:colcon.colcon_core.package_identification:_identify(ros2_task_planner) by extension 'ignore'
[1.365s] Level 1:colcon.colcon_core.package_identification:_identify(ros2_task_planner) by extension 'ignore_ament_install'
[1.366s] Level 1:colcon.colcon_core.package_identification:_identify(ros2_task_planner) by extensions ['colcon_pkg']
[1.366s] Level 1:colcon.colcon_core.package_identification:_identify(ros2_task_planner) by extension 'colcon_pkg'
[1.366s] Level 1:colcon.colcon_core.package_identification:_identify(ros2_task_planner) by extensions ['colcon_meta']
[1.366s] Level 1:colcon.colcon_core.package_identification:_identify(ros2_task_planner) by extension 'colcon_meta'
[1.366s] Level 1:colcon.colcon_core.package_identification:_identify(ros2_task_planner) by extensions ['ros']
[1.366s] Level 1:colcon.colcon_core.package_identification:_identify(ros2_task_planner) by extension 'ros'
[1.369s] DEBUG:colcon.colcon_core.package_identification:Package 'ros2_task_planner' with type 'ros.ament_python' and name 'ros2_task_planner'
[1.369s] Level 1:colcon.colcon_core.package_identification:_identify(usb_cam_driver) by extensions ['ignore', 'ignore_ament_install']
[1.370s] Level 1:colcon.colcon_core.package_identification:_identify(usb_cam_driver) by extension 'ignore'
[1.370s] Level 1:colcon.colcon_core.package_identification:_identify(usb_cam_driver) by extension 'ignore_ament_install'
[1.370s] Level 1:colcon.colcon_core.package_identification:_identify(usb_cam_driver) by extensions ['colcon_pkg']
[1.370s] Level 1:colcon.colcon_core.package_identification:_identify(usb_cam_driver) by extension 'colcon_pkg'
[1.370s] Level 1:colcon.colcon_core.package_identification:_identify(usb_cam_driver) by extensions ['colcon_meta']
[1.370s] Level 1:colcon.colcon_core.package_identification:_identify(usb_cam_driver) by extension 'colcon_meta'
[1.371s] Level 1:colcon.colcon_core.package_identification:_identify(usb_cam_driver) by extensions ['ros']
[1.371s] Level 1:colcon.colcon_core.package_identification:_identify(usb_cam_driver) by extension 'ros'
[1.373s] DEBUG:colcon.colcon_core.package_identification:Package 'usb_cam_driver' with type 'ros.ament_python' and name 'usb_cam_driver'
[1.373s] Level 1:colcon.colcon_core.package_discovery:discover_packages(recursive) using defaults
[1.374s] Level 1:colcon.colcon_core.package_discovery:discover_packages(ignore) discover
[1.374s] Level 1:colcon.colcon_core.package_discovery:discover_packages(ignore) using defaults
[1.374s] Level 1:colcon.colcon_core.package_discovery:discover_packages(path) discover
[1.374s] Level 1:colcon.colcon_core.package_discovery:discover_packages(path) using defaults
[1.485s] Level 5:colcon.colcon_core.verb:set package 'armangles1' build argument 'cmake_args' from command line to 'None'
[1.485s] Level 5:colcon.colcon_core.verb:set package 'armangles1' build argument 'cmake_target' from command line to 'None'
[1.486s] Level 5:colcon.colcon_core.verb:set package 'armangles1' build argument 'cmake_target_skip_unavailable' from command line to 'False'
[1.486s] Level 5:colcon.colcon_core.verb:set package 'armangles1' build argument 'cmake_clean_cache' from command line to 'False'
[1.486s] Level 5:colcon.colcon_core.verb:set package 'armangles1' build argument 'cmake_clean_first' from command line to 'False'
[1.486s] Level 5:colcon.colcon_core.verb:set package 'armangles1' build argument 'cmake_force_configure' from command line to 'False'
[1.486s] Level 5:colcon.colcon_core.verb:set package 'armangles1' build argument 'ament_cmake_args' from command line to 'None'
[1.486s] Level 5:colcon.colcon_core.verb:set package 'armangles1' build argument 'catkin_cmake_args' from command line to 'None'
[1.486s] Level 5:colcon.colcon_core.verb:set package 'armangles1' build argument 'catkin_skip_building_tests' from command line to 'False'
[1.487s] DEBUG:colcon.colcon_core.verb:Building package 'armangles1' with the following arguments: {'ament_cmake_args': None, 'build_base': '/home/projects/ros2_ws/spring-2025-final-project-team-4/src/build/armangles1', 'catkin_cmake_args': None, 'catkin_skip_building_tests': False, 'cmake_args': None, 'cmake_clean_cache': False, 'cmake_clean_first': False, 'cmake_force_configure': False, 'cmake_target': None, 'cmake_target_skip_unavailable': False, 'install_base': '/home/projects/ros2_ws/spring-2025-final-project-team-4/src/install/armangles1', 'merge_install': False, 'path': '/home/projects/ros2_ws/spring-2025-final-project-team-4/src/armangles1', 'symlink_install': False, 'test_result_base': None}
[1.490s] Level 5:colcon.colcon_core.verb:set package 'ros2_aruco_perception' build argument 'cmake_args' from command line to 'None'
[1.490s] Level 5:colcon.colcon_core.verb:set package 'ros2_aruco_perception' build argument 'cmake_target' from command line to 'None'
[1.490s] Level 5:colcon.colcon_core.verb:set package 'ros2_aruco_perception' build argument 'cmake_target_skip_unavailable' from command line to 'False'
[1.490s] Level 5:colcon.colcon_core.verb:set package 'ros2_aruco_perception' build argument 'cmake_clean_cache' from command line to 'False'
[1.490s] Level 5:colcon.colcon_core.verb:set package 'ros2_aruco_perception' build argument 'cmake_clean_first' from command line to 'False'
[1.491s] Level 5:colcon.colcon_core.verb:set package 'ros2_aruco_perception' build argument 'cmake_force_configure' from command line to 'False'
[1.491s] Level 5:colcon.colcon_core.verb:set package 'ros2_aruco_perception' build argument 'ament_cmake_args' from command line to 'None'
[1.491s] Level 5:colcon.colcon_core.verb:set package 'ros2_aruco_perception' build argument 'catkin_cmake_args' from command line to 'None'
[1.491s] Level 5:colcon.colcon_core.verb:set package 'ros2_aruco_perception' build argument 'catkin_skip_building_tests' from command line to 'False'
[1.491s] DEBUG:colcon.colcon_core.verb:Building package 'ros2_aruco_perception' with the following arguments: {'ament_cmake_args': None, 'build_base': '/home/projects/ros2_ws/spring-2025-final-project-team-4/src/build/ros2_aruco_perception', 'catkin_cmake_args': None, 'catkin_skip_building_tests': False, 'cmake_args': None, 'cmake_clean_cache': False, 'cmake_clean_first': False, 'cmake_force_configure': False, 'cmake_target': None, 'cmake_target_skip_unavailable': False, 'install_base': '/home/projects/ros2_ws/spring-2025-final-project-team-4/src/install/ros2_aruco_perception', 'merge_install': False, 'path': '/home/projects/ros2_ws/spring-2025-final-project-team-4/src/ros2_aruco_perception', 'symlink_install': False, 'test_result_base': None}
[1.494s] Level 5:colcon.colcon_core.verb:set package 'ros2_task_planner' build argument 'cmake_args' from command line to 'None'
[1.495s] Level 5:colcon.colcon_core.verb:set package 'ros2_task_planner' build argument 'cmake_target' from command line to 'None'
[1.495s] Level 5:colcon.colcon_core.verb:set package 'ros2_task_planner' build argument 'cmake_target_skip_unavailable' from command line to 'False'
[1.495s] Level 5:colcon.colcon_core.verb:set package 'ros2_task_planner' build argument 'cmake_clean_cache' from command line to 'False'
[1.495s] Level 5:colcon.colcon_core.verb:set package 'ros2_task_planner' build argument 'cmake_clean_first' from command line to 'False'
[1.495s] Level 5:colcon.colcon_core.verb:set package 'ros2_task_planner' build argument 'cmake_force_configure' from command line to 'False'
[1.495s] Level 5:colcon.colcon_core.verb:set package 'ros2_task_planner' build argument 'ament_cmake_args' from command line to 'None'
[1.495s] Level 5:colcon.colcon_core.verb:set package 'ros2_task_planner' build argument 'catkin_cmake_args' from command line to 'None'
[1.495s] Level 5:colcon.colcon_core.verb:set package 'ros2_task_planner' build argument 'catkin_skip_building_tests' from command line to 'False'
[1.496s] DEBUG:colcon.colcon_core.verb:Building package 'ros2_task_planner' with the following arguments: {'ament_cmake_args': None, 'build_base': '/home/projects/ros2_ws/spring-2025-final-project-team-4/src/build/ros2_task_planner', 'catkin_cmake_args': None, 'catkin_skip_building_tests': False, 'cmake_args': None, 'cmake_clean_cache': False, 'cmake_clean_first': False, 'cmake_force_configure': False, 'cmake_target': None, 'cmake_target_skip_unavailable': False, 'install_base': '/home/projects/ros2_ws/spring-2025-final-project-team-4/src/install/ros2_task_planner', 'merge_install': False, 'path': '/home/projects/ros2_ws/spring-2025-final-project-team-4/src/ros2_task_planner', 'symlink_install': False, 'test_result_base': None}
[1.499s] Level 5:colcon.colcon_core.verb:set package 'usb_cam_driver' build argument 'cmake_args' from command line to 'None'
[1.499s] Level 5:colcon.colcon_core.verb:set package 'usb_cam_driver' build argument 'cmake_target' from command line to 'None'
[1.499s] Level 5:colcon.colcon_core.verb:set package 'usb_cam_driver' build argument 'cmake_target_skip_unavailable' from command line to 'False'
[1.499s] Level 5:colcon.colcon_core.verb:set package 'usb_cam_driver' build argument 'cmake_clean_cache' from command line to 'False'
[1.499s] Level 5:colcon.colcon_core.verb:set package 'usb_cam_driver' build argument 'cmake_clean_first' from command line to 'False'
[1.499s] Level 5:colcon.colcon_core.verb:set package 'usb_cam_driver' build argument 'cmake_force_configure' from command line to 'False'
[1.499s] Level 5:colcon.colcon_core.verb:set package 'usb_cam_driver' build argument 'ament_cmake_args' from command line to 'None'
[1.500s] Level 5:colcon.colcon_core.verb:set package 'usb_cam_driver' build argument 'catkin_cmake_args' from command line to 'None'
[1.500s] Level 5:colcon.colcon_core.verb:set package 'usb_cam_driver' build argument 'catkin_skip_building_tests' from command line to 'False'
[1.500s] DEBUG:colcon.colcon_core.verb:Building package 'usb_cam_driver' with the following arguments: {'ament_cmake_args': None, 'build_base': '/home/projects/ros2_ws/spring-2025-final-project-team-4/src/build/usb_cam_driver', 'catkin_cmake_args': None, 'catkin_skip_building_tests': False, 'cmake_args': None, 'cmake_clean_cache': False, 'cmake_clean_first': False, 'cmake_force_configure': False, 'cmake_target': None, 'cmake_target_skip_unavailable': False, 'install_base': '/home/projects/ros2_ws/spring-2025-final-project-team-4/src/install/usb_cam_driver', 'merge_install': False, 'path': '/home/projects/ros2_ws/spring-2025-final-project-team-4/src/usb_cam_driver', 'symlink_install': False, 'test_result_base': None}
[1.546s] INFO:colcon.colcon_core.executor:Executing jobs using 'parallel' executor
[1.554s] DEBUG:colcon.colcon_parallel_executor.executor.parallel:run_until_complete
[1.555s] INFO:colcon.colcon_ros.task.ament_python.build:Building ROS package in '/home/projects/ros2_ws/spring-2025-final-project-team-4/src/armangles1' with build type 'ament_python'
[1.556s] Level 1:colcon.colcon_core.shell:create_environment_hook('armangles1', 'ament_prefix_path')
[1.582s] INFO:colcon.colcon_core.plugin_system:Skipping extension 'colcon_core.shell.bat': Not used on non-Windows systems
[1.583s] INFO:colcon.colcon_core.shell:Creating environment hook '/home/projects/ros2_ws/spring-2025-final-project-team-4/src/install/armangles1/share/armangles1/hook/ament_prefix_path.ps1'
[1.588s] INFO:colcon.colcon_core.shell:Creating environment descriptor '/home/projects/ros2_ws/spring-2025-final-project-team-4/src/install/armangles1/share/armangles1/hook/ament_prefix_path.dsv'
[1.590s] INFO:colcon.colcon_core.shell:Creating environment hook '/home/projects/ros2_ws/spring-2025-final-project-team-4/src/install/armangles1/share/armangles1/hook/ament_prefix_path.sh'
[1.596s] INFO:colcon.colcon_core.shell:Skip shell extension 'powershell' for command environment: Not usable outside of PowerShell
[1.596s] DEBUG:colcon.colcon_core.shell:Skip shell extension 'dsv' for command environment
[1.638s] INFO:colcon.colcon_ros.task.ament_python.build:Building ROS package in '/home/projects/ros2_ws/spring-2025-final-project-team-4/src/ros2_aruco_perception' with build type 'ament_python'
[1.640s] Level 1:colcon.colcon_core.shell:create_environment_hook('ros2_aruco_perception', 'ament_prefix_path')
[1.643s] INFO:colcon.colcon_core.shell:Creating environment hook '/home/projects/ros2_ws/spring-2025-final-project-team-4/src/install/ros2_aruco_perception/share/ros2_aruco_perception/hook/ament_prefix_path.ps1'
[1.646s] INFO:colcon.colcon_core.shell:Creating environment descriptor '/home/projects/ros2_ws/spring-2025-final-project-team-4/src/install/ros2_aruco_perception/share/ros2_aruco_perception/hook/ament_prefix_path.dsv'
[1.648s] INFO:colcon.colcon_core.shell:Creating environment hook '/home/projects/ros2_ws/spring-2025-final-project-team-4/src/install/ros2_aruco_perception/share/ros2_aruco_perception/hook/ament_prefix_path.sh'
[1.652s] INFO:colcon.colcon_core.shell:Skip shell extension 'powershell' for command environment: Not usable outside of PowerShell
[1.652s] DEBUG:colcon.colcon_core.shell:Skip shell extension 'dsv' for command environment
[1.691s] INFO:colcon.colcon_ros.task.ament_python.build:Building ROS package in '/home/projects/ros2_ws/spring-2025-final-project-team-4/src/ros2_task_planner' with build type 'ament_python'
[1.692s] Level 1:colcon.colcon_core.shell:create_environment_hook('ros2_task_planner', 'ament_prefix_path')
[1.696s] INFO:colcon.colcon_core.shell:Creating environment hook '/home/projects/ros2_ws/spring-2025-final-project-team-4/src/install/ros2_task_planner/share/ros2_task_planner/hook/ament_prefix_path.ps1'
[1.701s] INFO:colcon.colcon_core.shell:Creating environment descriptor '/home/projects/ros2_ws/spring-2025-final-project-team-4/src/install/ros2_task_planner/share/ros2_task_planner/hook/ament_prefix_path.dsv'
[1.702s] INFO:colcon.colcon_core.shell:Creating environment hook '/home/projects/ros2_ws/spring-2025-final-project-team-4/src/install/ros2_task_planner/share/ros2_task_planner/hook/ament_prefix_path.sh'
[1.706s] INFO:colcon.colcon_core.shell:Skip shell extension 'powershell' for command environment: Not usable outside of PowerShell
[1.706s] DEBUG:colcon.colcon_core.shell:Skip shell extension 'dsv' for command environment
[1.745s] INFO:colcon.colcon_ros.task.ament_python.build:Building ROS package in '/home/projects/ros2_ws/spring-2025-final-project-team-4/src/usb_cam_driver' with build type 'ament_python'
[1.746s] Level 1:colcon.colcon_core.shell:create_environment_hook('usb_cam_driver', 'ament_prefix_path')
[1.750s] INFO:colcon.colcon_core.shell:Creating environment hook '/home/projects/ros2_ws/spring-2025-final-project-team-4/src/install/usb_cam_driver/share/usb_cam_driver/hook/ament_prefix_path.ps1'
[1.755s] INFO:colcon.colcon_core.shell:Creating environment descriptor '/home/projects/ros2_ws/spring-2025-final-project-team-4/src/install/usb_cam_driver/share/usb_cam_driver/hook/ament_prefix_path.dsv'
[1.756s] INFO:colcon.colcon_core.shell:Creating environment hook '/home/projects/ros2_ws/spring-2025-final-project-team-4/src/install/usb_cam_driver/share/usb_cam_driver/hook/ament_prefix_path.sh'
[1.760s] INFO:colcon.colcon_core.shell:Skip shell extension 'powershell' for command environment: Not usable outside of PowerShell
[1.760s] DEBUG:colcon.colcon_core.shell:Skip shell extension 'dsv' for command environment
[2.927s] INFO:colcon.colcon_core.task.python.build:Building Python package in '/home/projects/ros2_ws/spring-2025-final-project-team-4/src/armangles1'
[2.930s] INFO:colcon.colcon_core.shell:Skip shell extension 'powershell' for command environment: Not usable outside of PowerShell
[2.930s] DEBUG:colcon.colcon_core.shell:Skip shell extension 'dsv' for command environment
[4.130s] INFO:colcon.colcon_core.task.python.build:Building Python package in '/home/projects/ros2_ws/spring-2025-final-project-team-4/src/ros2_aruco_perception'
[4.133s] INFO:colcon.colcon_core.shell:Skip shell extension 'powershell' for command environment: Not usable outside of PowerShell
[4.133s] DEBUG:colcon.colcon_core.shell:Skip shell extension 'dsv' for command environment
[5.287s] INFO:colcon.colcon_core.task.python.build:Building Python package in '/home/projects/ros2_ws/spring-2025-final-project-team-4/src/ros2_task_planner'
[5.291s] INFO:colcon.colcon_core.shell:Skip shell extension 'powershell' for command environment: Not usable outside of PowerShell
[5.291s] DEBUG:colcon.colcon_core.shell:Skip shell extension 'dsv' for command environment
[6.444s] INFO:colcon.colcon_core.task.python.build:Building Python package in '/home/projects/ros2_ws/spring-2025-final-project-team-4/src/usb_cam_driver'
[6.448s] INFO:colcon.colcon_core.shell:Skip shell extension 'powershell' for command environment: Not usable outside of PowerShell
[6.448s] DEBUG:colcon.colcon_core.shell:Skip shell extension 'dsv' for command environment
[9.115s] DEBUG:colcon.colcon_core.event_handler.log_command:Invoking command in '/home/projects/ros2_ws/spring-2025-final-project-team-4/src/usb_cam_driver': PYTHONPATH=/home/projects/ros2_ws/spring-2025-final-project-team-4/src/install/usb_cam_driver/lib/python3.8/site-packages:${PYTHONPATH} /usr/bin/python3 setup.py egg_info --egg-base ../build/usb_cam_driver build --build-base /home/projects/ros2_ws/spring-2025-final-project-team-4/src/build/usb_cam_driver/build install --prefix /home/projects/ros2_ws/spring-2025-final-project-team-4/src/install/usb_cam_driver --record /home/projects/ros2_ws/spring-2025-final-project-team-4/src/build/usb_cam_driver/install.log --single-version-externally-managed
[9.138s] DEBUG:colcon.colcon_core.event_handler.log_command:Invoking command in '/home/projects/ros2_ws/spring-2025-final-project-team-4/src/ros2_aruco_perception': PYTHONPATH=/home/projects/ros2_ws/spring-2025-final-project-team-4/src/install/ros2_aruco_perception/lib/python3.8/site-packages:${PYTHONPATH} /usr/bin/python3 setup.py egg_info --egg-base ../build/ros2_aruco_perception build --build-base /home/projects/ros2_ws/spring-2025-final-project-team-4/src/build/ros2_aruco_perception/build install --prefix /home/projects/ros2_ws/spring-2025-final-project-team-4/src/install/ros2_aruco_perception --record /home/projects/ros2_ws/spring-2025-final-project-team-4/src/build/ros2_aruco_perception/install.log --single-version-externally-managed
[9.206s] DEBUG:colcon.colcon_core.event_handler.log_command:Invoking command in '/home/projects/ros2_ws/spring-2025-final-project-team-4/src/armangles1': PYTHONPATH=/home/projects/ros2_ws/spring-2025-final-project-team-4/src/install/armangles1/lib/python3.8/site-packages:${PYTHONPATH} /usr/bin/python3 setup.py egg_info --egg-base ../build/armangles1 build --build-base /home/projects/ros2_ws/spring-2025-final-project-team-4/src/build/armangles1/build install --prefix /home/projects/ros2_ws/spring-2025-final-project-team-4/src/install/armangles1 --record /home/projects/ros2_ws/spring-2025-final-project-team-4/src/build/armangles1/install.log --single-version-externally-managed
[9.218s] DEBUG:colcon.colcon_core.event_handler.log_command:Invoking command in '/home/projects/ros2_ws/spring-2025-final-project-team-4/src/ros2_task_planner': PYTHONPATH=/home/projects/ros2_ws/spring-2025-final-project-team-4/src/install/ros2_task_planner/lib/python3.8/site-packages:${PYTHONPATH} /usr/bin/python3 setup.py egg_info --egg-base ../build/ros2_task_planner build --build-base /home/projects/ros2_ws/spring-2025-final-project-team-4/src/build/ros2_task_planner/build install --prefix /home/projects/ros2_ws/spring-2025-final-project-team-4/src/install/ros2_task_planner --record /home/projects/ros2_ws/spring-2025-final-project-team-4/src/build/ros2_task_planner/install.log --single-version-externally-managed
[10.824s] DEBUG:colcon.colcon_core.event_handler.log_command:Invoked command in '/home/projects/ros2_ws/spring-2025-final-project-team-4/src/usb_cam_driver' returned '0': PYTHONPATH=/home/projects/ros2_ws/spring-2025-final-project-team-4/src/install/usb_cam_driver/lib/python3.8/site-packages:${PYTHONPATH} /usr/bin/python3 setup.py egg_info --egg-base ../build/usb_cam_driver build --build-base /home/projects/ros2_ws/spring-2025-final-project-team-4/src/build/usb_cam_driver/build install --prefix /home/projects/ros2_ws/spring-2025-final-project-team-4/src/install/usb_cam_driver --record /home/projects/ros2_ws/spring-2025-final-project-team-4/src/build/usb_cam_driver/install.log --single-version-externally-managed
[10.865s] Level 1:colcon.colcon_core.environment:checking '/home/projects/ros2_ws/spring-2025-final-project-team-4/src/install/usb_cam_driver' for CMake module files
[10.868s] Level 1:colcon.colcon_core.environment:checking '/home/projects/ros2_ws/spring-2025-final-project-team-4/src/install/usb_cam_driver' for CMake config files
[10.874s] Level 1:colcon.colcon_core.environment:checking '/home/projects/ros2_ws/spring-2025-final-project-team-4/src/install/usb_cam_driver/lib'
[10.875s] Level 1:colcon.colcon_core.environment:checking '/home/projects/ros2_ws/spring-2025-final-project-team-4/src/install/usb_cam_driver/bin'
[10.876s] Level 1:colcon.colcon_core.environment:checking '/home/projects/ros2_ws/spring-2025-final-project-team-4/src/install/usb_cam_driver/lib/pkgconfig/usb_cam_driver.pc'
[10.876s] Level 1:colcon.colcon_core.environment:checking '/home/projects/ros2_ws/spring-2025-final-project-team-4/src/install/usb_cam_driver/lib/python3.8/site-packages'
[10.877s] Level 1:colcon.colcon_core.shell:create_environment_hook('usb_cam_driver', 'pythonpath')
[10.880s] INFO:colcon.colcon_core.shell:Creating environment hook '/home/projects/ros2_ws/spring-2025-final-project-team-4/src/install/usb_cam_driver/share/usb_cam_driver/hook/pythonpath.ps1'
[10.882s] INFO:colcon.colcon_core.shell:Creating environment descriptor '/home/projects/ros2_ws/spring-2025-final-project-team-4/src/install/usb_cam_driver/share/usb_cam_driver/hook/pythonpath.dsv'
[10.884s] INFO:colcon.colcon_core.shell:Creating environment hook '/home/projects/ros2_ws/spring-2025-final-project-team-4/src/install/usb_cam_driver/share/usb_cam_driver/hook/pythonpath.sh'
[10.886s] Level 1:colcon.colcon_core.environment:create_environment_scripts_only(usb_cam_driver)
[10.890s] INFO:colcon.colcon_core.shell:Creating package script '/home/projects/ros2_ws/spring-2025-final-project-team-4/src/install/usb_cam_driver/share/usb_cam_driver/package.ps1'
[10.895s] INFO:colcon.colcon_core.shell:Creating package descriptor '/home/projects/ros2_ws/spring-2025-final-project-team-4/src/install/usb_cam_driver/share/usb_cam_driver/package.dsv'
[10.899s] INFO:colcon.colcon_core.shell:Creating package script '/home/projects/ros2_ws/spring-2025-final-project-team-4/src/install/usb_cam_driver/share/usb_cam_driver/package.sh'
[10.904s] INFO:colcon.colcon_core.shell:Creating package script '/home/projects/ros2_ws/spring-2025-final-project-team-4/src/install/usb_cam_driver/share/usb_cam_driver/package.bash'
[10.909s] INFO:colcon.colcon_core.shell:Creating package script '/home/projects/ros2_ws/spring-2025-final-project-team-4/src/install/usb_cam_driver/share/usb_cam_driver/package.zsh'
[10.914s] Level 1:colcon.colcon_core.environment:create_file_with_runtime_dependencies(/home/projects/ros2_ws/spring-2025-final-project-team-4/src/install/usb_cam_driver/share/colcon-core/packages/usb_cam_driver)
[10.924s] Level 1:colcon.colcon_core.environment:checking '/home/projects/ros2_ws/spring-2025-final-project-team-4/src/install/ros2_aruco_perception' for CMake module files
[10.928s] DEBUG:colcon.colcon_core.event_handler.log_command:Invoked command in '/home/projects/ros2_ws/spring-2025-final-project-team-4/src/ros2_aruco_perception' returned '0': PYTHONPATH=/home/projects/ros2_ws/spring-2025-final-project-team-4/src/install/ros2_aruco_perception/lib/python3.8/site-packages:${PYTHONPATH} /usr/bin/python3 setup.py egg_info --egg-base ../build/ros2_aruco_perception build --build-base /home/projects/ros2_ws/spring-2025-final-project-team-4/src/build/ros2_aruco_perception/build install --prefix /home/projects/ros2_ws/spring-2025-final-project-team-4/src/install/ros2_aruco_perception --record /home/projects/ros2_ws/spring-2025-final-project-team-4/src/build/ros2_aruco_perception/install.log --single-version-externally-managed
[10.929s] Level 1:colcon.colcon_core.environment:checking '/home/projects/ros2_ws/spring-2025-final-project-team-4/src/install/ros2_aruco_perception' for CMake config files
[10.935s] Level 1:colcon.colcon_core.environment:checking '/home/projects/ros2_ws/spring-2025-final-project-team-4/src/install/ros2_aruco_perception/lib'
[10.936s] Level 1:colcon.colcon_core.environment:checking '/home/projects/ros2_ws/spring-2025-final-project-team-4/src/install/ros2_aruco_perception/bin'
[10.936s] Level 1:colcon.colcon_core.environment:checking '/home/projects/ros2_ws/spring-2025-final-project-team-4/src/install/ros2_aruco_perception/lib/pkgconfig/ros2_aruco_perception.pc'
[10.937s] Level 1:colcon.colcon_core.environment:checking '/home/projects/ros2_ws/spring-2025-final-project-team-4/src/install/ros2_aruco_perception/lib/python3.8/site-packages'
[10.937s] Level 1:colcon.colcon_core.shell:create_environment_hook('ros2_aruco_perception', 'pythonpath')
[10.940s] INFO:colcon.colcon_core.shell:Creating environment hook '/home/projects/ros2_ws/spring-2025-final-project-team-4/src/install/ros2_aruco_perception/share/ros2_aruco_perception/hook/pythonpath.ps1'
[10.942s] INFO:colcon.colcon_core.shell:Creating environment descriptor '/home/projects/ros2_ws/spring-2025-final-project-team-4/src/install/ros2_aruco_perception/share/ros2_aruco_perception/hook/pythonpath.dsv'
[10.944s] INFO:colcon.colcon_core.shell:Creating environment hook '/home/projects/ros2_ws/spring-2025-final-project-team-4/src/install/ros2_aruco_perception/share/ros2_aruco_perception/hook/pythonpath.sh'
[10.946s] Level 1:colcon.colcon_core.environment:create_environment_scripts_only(ros2_aruco_perception)
[10.949s] INFO:colcon.colcon_core.shell:Creating package script '/home/projects/ros2_ws/spring-2025-final-project-team-4/src/install/ros2_aruco_perception/share/ros2_aruco_perception/package.ps1'
[10.952s] INFO:colcon.colcon_core.shell:Creating package descriptor '/home/projects/ros2_ws/spring-2025-final-project-team-4/src/install/ros2_aruco_perception/share/ros2_aruco_perception/package.dsv'
[10.954s] INFO:colcon.colcon_core.shell:Creating package script '/home/projects/ros2_ws/spring-2025-final-project-team-4/src/install/ros2_aruco_perception/share/ros2_aruco_perception/package.sh'
[10.956s] INFO:colcon.colcon_core.shell:Creating package script '/home/projects/ros2_ws/spring-2025-final-project-team-4/src/install/ros2_aruco_perception/share/ros2_aruco_perception/package.bash'
[10.959s] INFO:colcon.colcon_core.shell:Creating package script '/home/projects/ros2_ws/spring-2025-final-project-team-4/src/install/ros2_aruco_perception/share/ros2_aruco_perception/package.zsh'
[10.960s] Level 1:colcon.colcon_core.environment:create_file_with_runtime_dependencies(/home/projects/ros2_ws/spring-2025-final-project-team-4/src/install/ros2_aruco_perception/share/colcon-core/packages/ros2_aruco_perception)
[10.969s] Level 1:colcon.colcon_core.environment:checking '/home/projects/ros2_ws/spring-2025-final-project-team-4/src/install/armangles1' for CMake module files
[10.972s] DEBUG:colcon.colcon_core.event_handler.log_command:Invoked command in '/home/projects/ros2_ws/spring-2025-final-project-team-4/src/armangles1' returned '0': PYTHONPATH=/home/projects/ros2_ws/spring-2025-final-project-team-4/src/install/armangles1/lib/python3.8/site-packages:${PYTHONPATH} /usr/bin/python3 setup.py egg_info --egg-base ../build/armangles1 build --build-base /home/projects/ros2_ws/spring-2025-final-project-team-4/src/build/armangles1/build install --prefix /home/projects/ros2_ws/spring-2025-final-project-team-4/src/install/armangles1 --record /home/projects/ros2_ws/spring-2025-final-project-team-4/src/build/armangles1/install.log --single-version-externally-managed
[10.974s] Level 1:colcon.colcon_core.environment:checking '/home/projects/ros2_ws/spring-2025-final-project-team-4/src/install/armangles1' for CMake config files
[10.977s] Level 1:colcon.colcon_core.environment:checking '/home/projects/ros2_ws/spring-2025-final-project-team-4/src/install/armangles1/lib'
[10.977s] Level 1:colcon.colcon_core.environment:checking '/home/projects/ros2_ws/spring-2025-final-project-team-4/src/install/armangles1/bin'
[10.977s] Level 1:colcon.colcon_core.environment:checking '/home/projects/ros2_ws/spring-2025-final-project-team-4/src/install/armangles1/lib/pkgconfig/armangles1.pc'
[10.978s] Level 1:colcon.colcon_core.environment:checking '/home/projects/ros2_ws/spring-2025-final-project-team-4/src/install/armangles1/lib/python3.8/site-packages'
[10.978s] Level 1:colcon.colcon_core.shell:create_environment_hook('armangles1', 'pythonpath')
[10.980s] INFO:colcon.colcon_core.shell:Creating environment hook '/home/projects/ros2_ws/spring-2025-final-project-team-4/src/install/armangles1/share/armangles1/hook/pythonpath.ps1'
[10.982s] INFO:colcon.colcon_core.shell:Creating environment descriptor '/home/projects/ros2_ws/spring-2025-final-project-team-4/src/install/armangles1/share/armangles1/hook/pythonpath.dsv'
[10.983s] INFO:colcon.colcon_core.shell:Creating environment hook '/home/projects/ros2_ws/spring-2025-final-project-team-4/src/install/armangles1/share/armangles1/hook/pythonpath.sh'
[10.984s] Level 1:colcon.colcon_core.environment:create_environment_scripts_only(armangles1)
[10.987s] INFO:colcon.colcon_core.shell:Creating package script '/home/projects/ros2_ws/spring-2025-final-project-team-4/src/install/armangles1/share/armangles1/package.ps1'
[10.989s] INFO:colcon.colcon_core.shell:Creating package descriptor '/home/projects/ros2_ws/spring-2025-final-project-team-4/src/install/armangles1/share/armangles1/package.dsv'
[10.991s] INFO:colcon.colcon_core.shell:Creating package script '/home/projects/ros2_ws/spring-2025-final-project-team-4/src/install/armangles1/share/armangles1/package.sh'
[10.993s] INFO:colcon.colcon_core.shell:Creating package script '/home/projects/ros2_ws/spring-2025-final-project-team-4/src/install/armangles1/share/armangles1/package.bash'
[10.994s] INFO:colcon.colcon_core.shell:Creating package script '/home/projects/ros2_ws/spring-2025-final-project-team-4/src/install/armangles1/share/armangles1/package.zsh'
[10.995s] Level 1:colcon.colcon_core.environment:create_file_with_runtime_dependencies(/home/projects/ros2_ws/spring-2025-final-project-team-4/src/install/armangles1/share/colcon-core/packages/armangles1)
[11.002s] Level 1:colcon.colcon_core.environment:checking '/home/projects/ros2_ws/spring-2025-final-project-team-4/src/install/ros2_task_planner' for CMake module files
[11.005s] DEBUG:colcon.colcon_core.event_handler.log_command:Invoked command in '/home/projects/ros2_ws/spring-2025-final-project-team-4/src/ros2_task_planner' returned '0': PYTHONPATH=/home/projects/ros2_ws/spring-2025-final-project-team-4/src/install/ros2_task_planner/lib/python3.8/site-packages:${PYTHONPATH} /usr/bin/python3 setup.py egg_info --egg-base ../build/ros2_task_planner build --build-base /home/projects/ros2_ws/spring-2025-final-project-team-4/src/build/ros2_task_planner/build install --prefix /home/projects/ros2_ws/spring-2025-final-project-team-4/src/install/ros2_task_planner --record /home/projects/ros2_ws/spring-2025-final-project-team-4/src/build/ros2_task_planner/install.log --single-version-externally-managed
[11.006s] Level 1:colcon.colcon_core.environment:checking '/home/projects/ros2_ws/spring-2025-final-project-team-4/src/install/ros2_task_planner' for CMake config files
[11.010s] Level 1:colcon.colcon_core.environment:checking '/home/projects/ros2_ws/spring-2025-final-project-team-4/src/install/ros2_task_planner/lib'
[11.010s] Level 1:colcon.colcon_core.environment:checking '/home/projects/ros2_ws/spring-2025-final-project-team-4/src/install/ros2_task_planner/bin'
[11.010s] Level 1:colcon.colcon_core.environment:checking '/home/projects/ros2_ws/spring-2025-final-project-team-4/src/install/ros2_task_planner/lib/pkgconfig/ros2_task_planner.pc'
[11.011s] Level 1:colcon.colcon_core.environment:checking '/home/projects/ros2_ws/spring-2025-final-project-team-4/src/install/ros2_task_planner/lib/python3.8/site-packages'
[11.011s] Level 1:colcon.colcon_core.shell:create_environment_hook('ros2_task_planner', 'pythonpath')
[11.013s] INFO:colcon.colcon_core.shell:Creating environment hook '/home/projects/ros2_ws/spring-2025-final-project-team-4/src/install/ros2_task_planner/share/ros2_task_planner/hook/pythonpath.ps1'
[11.015s] INFO:colcon.colcon_core.shell:Creating environment descriptor '/home/projects/ros2_ws/spring-2025-final-project-team-4/src/install/ros2_task_planner/share/ros2_task_planner/hook/pythonpath.dsv'
[11.016s] INFO:colcon.colcon_core.shell:Creating environment hook '/home/projects/ros2_ws/spring-2025-final-project-team-4/src/install/ros2_task_planner/share/ros2_task_planner/hook/pythonpath.sh'
[11.017s] Level 1:colcon.colcon_core.environment:create_environment_scripts_only(ros2_task_planner)
[11.020s] INFO:colcon.colcon_core.shell:Creating package script '/home/projects/ros2_ws/spring-2025-final-project-team-4/src/install/ros2_task_planner/share/ros2_task_planner/package.ps1'
[11.022s] INFO:colcon.colcon_core.shell:Creating package descriptor '/home/projects/ros2_ws/spring-2025-final-project-team-4/src/install/ros2_task_planner/share/ros2_task_planner/package.dsv'
[11.024s] INFO:colcon.colcon_core.shell:Creating package script '/home/projects/ros2_ws/spring-2025-final-project-team-4/src/install/ros2_task_planner/share/ros2_task_planner/package.sh'
[11.025s] INFO:colcon.colcon_core.shell:Creating package script '/home/projects/ros2_ws/spring-2025-final-project-team-4/src/install/ros2_task_planner/share/ros2_task_planner/package.bash'
[11.027s] INFO:colcon.colcon_core.shell:Creating package script '/home/projects/ros2_ws/spring-2025-final-project-team-4/src/install/ros2_task_planner/share/ros2_task_planner/package.zsh'
[11.029s] Level 1:colcon.colcon_core.environment:create_file_with_runtime_dependencies(/home/projects/ros2_ws/spring-2025-final-project-team-4/src/install/ros2_task_planner/share/colcon-core/packages/ros2_task_planner)
[11.030s] DEBUG:colcon.colcon_parallel_executor.executor.parallel:closing loop
[11.031s] DEBUG:colcon.colcon_parallel_executor.executor.parallel:loop closed
[11.031s] DEBUG:colcon.colcon_parallel_executor.executor.parallel:run_until_complete finished with '0'
[11.032s] DEBUG:colcon.colcon_core.event_reactor:joining thread
[11.104s] INFO:colcon.colcon_core.plugin_system:Skipping extension 'colcon_notification.desktop_notification.notify_send': Could not find 'notify-send'
[11.105s] INFO:colcon.colcon_core.plugin_system:Skipping extension 'colcon_notification.desktop_notification.terminal_notifier': Not used on non-Darwin systems
[11.105s] INFO:colcon.colcon_core.plugin_system:Skipping extension 'colcon_notification.desktop_notification.win32': Not used on non-Windows systems
[11.105s] INFO:colcon.colcon_notification.desktop_notification:Sending desktop notification using 'notify2'
[11.105s] DEBUG:colcon.colcon_notification.desktop_notification.notify2:Failed to initialize notify2: org.freedesktop.DBus.Error.NotSupported: Unable to autolaunch a dbus-daemon without a $DISPLAY for X11
[11.106s] DEBUG:colcon.colcon_core.event_reactor:joined thread
[11.108s] INFO:colcon.colcon_core.shell:Creating prefix script '/home/projects/ros2_ws/spring-2025-final-project-team-4/src/install/local_setup.ps1'
[11.113s] INFO:colcon.colcon_core.shell:Creating prefix util module '/home/projects/ros2_ws/spring-2025-final-project-team-4/src/install/_local_setup_util_ps1.py'
[11.119s] INFO:colcon.colcon_core.shell:Creating prefix chain script '/home/projects/ros2_ws/spring-2025-final-project-team-4/src/install/setup.ps1'
[11.130s] INFO:colcon.colcon_core.shell:Creating prefix script '/home/projects/ros2_ws/spring-2025-final-project-team-4/src/install/local_setup.sh'
[11.134s] INFO:colcon.colcon_core.shell:Creating prefix util module '/home/projects/ros2_ws/spring-2025-final-project-team-4/src/install/_local_setup_util_sh.py'
[11.136s] INFO:colcon.colcon_core.shell:Creating prefix chain script '/home/projects/ros2_ws/spring-2025-final-project-team-4/src/install/setup.sh'
[11.146s] INFO:colcon.colcon_core.shell:Creating prefix script '/home/projects/ros2_ws/spring-2025-final-project-team-4/src/install/local_setup.bash'
[11.149s] INFO:colcon.colcon_core.shell:Creating prefix chain script '/home/projects/ros2_ws/spring-2025-final-project-team-4/src/install/setup.bash'
[11.158s] INFO:colcon.colcon_core.shell:Creating prefix script '/home/projects/ros2_ws/spring-2025-final-project-team-4/src/install/local_setup.zsh'
[11.161s] INFO:colcon.colcon_core.shell:Creating prefix chain script '/home/projects/ros2_ws/spring-2025-final-project-team-4/src/install/setup.zsh'
