[0.000000] (-) TimerEvent: {}
[0.000613] (armangles1) JobQueued: {'identifier': 'armangles1', 'dependencies': OrderedDict()}
[0.001177] (oakd_camera) JobQueued: {'identifier': 'oakd_camera', 'dependencies': OrderedDict()}
[0.001469] (ros2_aruco_perception) JobQueued: {'identifier': 'ros2_aruco_perception', 'dependencies': OrderedDict()}
[0.002317] (ros2_task_planner) JobQueued: {'identifier': 'ros2_task_planner', 'dependencies': OrderedDict()}
[0.002893] (usb_cam_driver) JobQueued: {'identifier': 'usb_cam_driver', 'dependencies': OrderedDict()}
[0.004426] (armangles1) JobStarted: {'identifier': 'armangles1'}
[0.071916] (oakd_camera) JobStarted: {'identifier': 'oakd_camera'}
[0.099763] (-) TimerEvent: {}
[0.127624] (ros2_aruco_perception) JobStarted: {'identifier': 'ros2_aruco_perception'}
[0.182698] (ros2_task_planner) JobStarted: {'identifier': 'ros2_task_planner'}
[0.199943] (-) TimerEvent: {}
[0.300719] (-) TimerEvent: {}
[0.401617] (-) TimerEvent: {}
[0.502288] (-) TimerEvent: {}
[0.602997] (-) TimerEvent: {}
[0.703863] (-) TimerEvent: {}
[0.804540] (-) TimerEvent: {}
[0.905189] (-) TimerEvent: {}
[1.005835] (-) TimerEvent: {}
[1.106472] (-) TimerEvent: {}
[1.207159] (-) TimerEvent: {}
[1.307880] (-) TimerEvent: {}
[1.408584] (-) TimerEvent: {}
[1.516826] (-) TimerEvent: {}
[1.617716] (-) TimerEvent: {}
[1.718382] (-) TimerEvent: {}
[1.819054] (-) TimerEvent: {}
[1.919810] (-) TimerEvent: {}
[2.020455] (-) TimerEvent: {}
[2.121103] (-) TimerEvent: {}
[2.221737] (-) TimerEvent: {}
[2.322373] (-) TimerEvent: {}
[2.423001] (-) TimerEvent: {}
[2.523728] (-) TimerEvent: {}
[2.624400] (-) TimerEvent: {}
[2.725060] (-) TimerEvent: {}
[2.825755] (-) TimerEvent: {}
[2.910988] (oakd_camera) StderrLine: {'line': b'Traceback (most recent call last):\n  File "/usr/lib/python3/dist-packages/colcon_core/executor/__init__.py", line 91, in __call__\n    rc = await self.task(*args, **kwargs)\n  File "/usr/lib/python3/dist-packages/colcon_core/task/__init__.py", line 93, in __call__\n    return await task_method(*args, **kwargs)\n  File "/usr/lib/python3/dist-packages/colcon_ros/task/ament_python/build.py", line 51, in build\n    setup_py_data = get_setup_data(self.context.pkg, env)\n  File "/usr/lib/python3/dist-packages/colcon_core/task/python/__init__.py", line 20, in get_setup_data\n    return dict(pkg.metadata[key](env))\n  File "/usr/lib/python3/dist-packages/colcon_ros/package_augmentation/ros_ament_python.py", line 57, in getter\n    return get_setup_information(\n  File "/usr/lib/python3/dist-packages/colcon_python_setup_py/package_identification/python_setup_py.py", line 241, in get_setup_information\n    _setup_information_cache[hashable_env] = _get_setup_information(\n  File "/usr/lib/python3/dist-packages/colcon_python_setup_py/package_identification/python_setup_py.py", line 281, in _get_setup_information\n    result = subprocess.run(\n  File "/usr/lib/python3.8/subprocess.py", line 516, in run\n    raise CalledProcessError(retcode, process.args,\nsubprocess.CalledProcessError: Command \'[\'/usr/bin/python3\', \'-c\', "import sys;from setuptools.extern.packaging.specifiers import SpecifierSet;from distutils.core import run_setup;dist = run_setup(    \'setup.py\', script_args=(\'--dry-run\',), stop_after=\'config\');skip_keys = (\'cmdclass\', \'distclass\', \'ext_modules\', \'metadata\');data = {    key: value for key, value in dist.__dict__.items()     if (        not key.startswith(\'_\') and         not callable(value) and         key not in skip_keys and         key not in dist.display_option_names    )};data[\'metadata\'] = {    k: v for k, v in dist.metadata.__dict__.items()     if k not in (\'license_files\', \'provides_extras\')};sys.stdout.buffer.write(repr(data).encode(\'utf-8\'))"]\' returned non-zero exit status 1.\n'}
[2.917143] (oakd_camera) JobEnded: {'identifier': 'oakd_camera', 'rc': 1}
[2.925928] (-) TimerEvent: {}
[3.026620] (-) TimerEvent: {}
[3.127256] (-) TimerEvent: {}
[3.227926] (-) TimerEvent: {}
[3.328562] (-) TimerEvent: {}
[3.429194] (-) TimerEvent: {}
[3.529840] (-) TimerEvent: {}
[3.630451] (-) TimerEvent: {}
[3.731077] (-) TimerEvent: {}
[3.831729] (-) TimerEvent: {}
[3.932367] (-) TimerEvent: {}
[4.033045] (-) TimerEvent: {}
[4.123579] (armangles1) JobEnded: {'identifier': 'armangles1', 'rc': 'SIGINT'}
[4.126719] (ros2_task_planner) JobEnded: {'identifier': 'ros2_task_planner', 'rc': 'SIGINT'}
[4.128624] (ros2_aruco_perception) JobEnded: {'identifier': 'ros2_aruco_perception', 'rc': 'SIGINT'}
[4.133160] (-) TimerEvent: {}
[4.139630] (usb_cam_driver) JobSkipped: {'identifier': 'usb_cam_driver'}
[4.139839] (-) EventReactorShutdown: {}
