running egg_info
writing ../../build/armangles/armangles.egg-info/PKG-INFO
writing dependency_links to ../../build/armangles/armangles.egg-info/dependency_links.txt
writing entry points to ../../build/armangles/armangles.egg-info/entry_points.txt
writing requirements to ../../build/armangles/armangles.egg-info/requires.txt
writing top-level names to ../../build/armangles/armangles.egg-info/top_level.txt
reading manifest file '../../build/armangles/armangles.egg-info/SOURCES.txt'
writing manifest file '../../build/armangles/armangles.egg-info/SOURCES.txt'
running build
running build_py
running install
running install_lib
running install_data
running install_egg_info
removing '/home/projects/ros2_ws/spring-2025-final-project-team-4/install/armangles/lib/python3.8/site-packages/armangles-0.0.0-py3.8.egg-info' (and everything under it)
Copying ../../build/armangles/armangles.egg-info to /home/projects/ros2_ws/spring-2025-final-project-team-4/install/armangles/lib/python3.8/site-packages/armangles-0.0.0-py3.8.egg-info
running install_scripts
Installing PUB_executable script to /home/projects/ros2_ws/spring-2025-final-project-team-4/install/armangles/lib/armangles
Installing sendangles_executable script to /home/projects/ros2_ws/spring-2025-final-project-team-4/install/armangles/lib/armangles
writing list of installed files to '/home/projects/ros2_ws/spring-2025-final-project-team-4/build/armangles/install.log'
