[7.179s] Invoking command in '/home/projects/ros2_ws/spring-2025-final-project-team-4/src/armangles': PYTHONPATH=/home/projects/ros2_ws/spring-2025-final-project-team-4/install/armangles/lib/python3.8/site-packages:${PYTHONPATH} /usr/bin/python3 setup.py egg_info --egg-base ../../build/armangles build --build-base /home/projects/ros2_ws/spring-2025-final-project-team-4/build/armangles/build install --prefix /home/projects/ros2_ws/spring-2025-final-project-team-4/install/armangles --record /home/projects/ros2_ws/spring-2025-final-project-team-4/build/armangles/install.log --single-version-externally-managed
[8.317s] running egg_info
[8.319s] writing ../../build/armangles/armangles.egg-info/PKG-INFO
[8.320s] writing dependency_links to ../../build/armangles/armangles.egg-info/dependency_links.txt
[8.321s] writing entry points to ../../build/armangles/armangles.egg-info/entry_points.txt
[8.321s] writing requirements to ../../build/armangles/armangles.egg-info/requires.txt
[8.322s] writing top-level names to ../../build/armangles/armangles.egg-info/top_level.txt
[8.480s] reading manifest file '../../build/armangles/armangles.egg-info/SOURCES.txt'
[8.485s] writing manifest file '../../build/armangles/armangles.egg-info/SOURCES.txt'
[8.486s] running build
[8.487s] running build_py
[8.487s] running install
[8.490s] running install_lib
[8.496s] running install_data
[8.498s] running install_egg_info
[8.505s] removing '/home/projects/ros2_ws/spring-2025-final-project-team-4/install/armangles/lib/python3.8/site-packages/armangles-0.0.0-py3.8.egg-info' (and everything under it)
[8.506s] Copying ../../build/armangles/armangles.egg-info to /home/projects/ros2_ws/spring-2025-final-project-team-4/install/armangles/lib/python3.8/site-packages/armangles-0.0.0-py3.8.egg-info
[8.510s] running install_scripts
[8.579s] Installing PUB_executable script to /home/projects/ros2_ws/spring-2025-final-project-team-4/install/armangles/lib/armangles
[8.580s] Installing sendangles_executable script to /home/projects/ros2_ws/spring-2025-final-project-team-4/install/armangles/lib/armangles
[8.581s] writing list of installed files to '/home/projects/ros2_ws/spring-2025-final-project-team-4/build/armangles/install.log'
