[0.000000] (-) TimerEvent: {}
[0.000643] (-) JobUnselected: {'identifier': 'ros2_aruco_perception'}
[0.001240] (-) JobUnselected: {'identifier': 'ros2_task_planner'}
[0.001517] (-) JobUnselected: {'identifier': 'usb_cam_driver'}
[0.002174] (armangles1) JobQueued: {'identifier': 'armangles1', 'dependencies': OrderedDict()}
[0.002761] (armangles1) JobStarted: {'identifier': 'armangles1'}
[0.099211] (-) TimerEvent: {}
[0.200037] (-) TimerEvent: {}
[0.300620] (-) TimerEvent: {}
[0.401180] (-) TimerEvent: {}
[0.501738] (-) TimerEvent: {}
[0.602300] (-) TimerEvent: {}
[0.702887] (-) TimerEvent: {}
[0.803442] (-) TimerEvent: {}
[0.904007] (-) TimerEvent: {}
[1.004574] (-) TimerEvent: {}
[1.105170] (-) TimerEvent: {}
[1.205750] (-) TimerEvent: {}
[1.306319] (-) TimerEvent: {}
[1.406920] (-) TimerEvent: {}
[1.500316] (armangles1) StderrLine: {'line': b'Traceback (most recent call last):\n  File "/usr/lib/python3/dist-packages/colcon_core/executor/__init__.py", line 91, in __call__\n    rc = await self.task(*args, **kwargs)\n  File "/usr/lib/python3/dist-packages/colcon_core/task/__init__.py", line 93, in __call__\n    return await task_method(*args, **kwargs)\n  File "/usr/lib/python3/dist-packages/colcon_ros/task/ament_python/build.py", line 51, in build\n    setup_py_data = get_setup_data(self.context.pkg, env)\n  File "/usr/lib/python3/dist-packages/colcon_core/task/python/__init__.py", line 20, in get_setup_data\n    return dict(pkg.metadata[key](env))\n  File "/usr/lib/python3/dist-packages/colcon_ros/package_augmentation/ros_ament_python.py", line 57, in getter\n    return get_setup_information(\n  File "/usr/lib/python3/dist-packages/colcon_python_setup_py/package_identification/python_setup_py.py", line 241, in get_setup_information\n    _setup_information_cache[hashable_env] = _get_setup_information(\n  File "/usr/lib/python3/dist-packages/colcon_python_setup_py/package_identification/python_setup_py.py", line 281, in _get_setup_information\n    result = subprocess.run(\n  File "/usr/lib/python3.8/subprocess.py", line 516, in run\n    raise CalledProcessError(retcode, process.args,\nsubprocess.CalledProcessError: Command \'[\'/usr/bin/python3\', \'-c\', "import sys;from setuptools.extern.packaging.specifiers import SpecifierSet;from distutils.core import run_setup;dist = run_setup(    \'setup.py\', script_args=(\'--dry-run\',), stop_after=\'config\');skip_keys = (\'cmdclass\', \'distclass\', \'ext_modules\', \'metadata\');data = {    key: value for key, value in dist.__dict__.items()     if (        not key.startswith(\'_\') and         not callable(value) and         key not in skip_keys and         key not in dist.display_option_names    )};data[\'metadata\'] = {    k: v for k, v in dist.metadata.__dict__.items()     if k not in (\'license_files\', \'provides_extras\')};sys.stdout.buffer.write(repr(data).encode(\'utf-8\'))"]\' returned non-zero exit status 1.\n'}
[1.502129] (armangles1) JobEnded: {'identifier': 'armangles1', 'rc': 1}
[1.507027] (-) TimerEvent: {}
[1.511774] (-) EventReactorShutdown: {}
