[0.000000] (-) TimerEvent: {}
[0.000666] (armangles1) JobQueued: {'identifier': 'armangles1', 'dependencies': OrderedDict()}
[0.001275] (ros2_aruco_perception) JobQueued: {'identifier': 'ros2_aruco_perception', 'dependencies': OrderedDict()}
[0.001573] (ros2_task_planner) JobQueued: {'identifier': 'ros2_task_planner', 'dependencies': OrderedDict()}
[0.002408] (usb_cam_driver) JobQueued: {'identifier': 'usb_cam_driver', 'dependencies': OrderedDict()}
[0.003082] (armangles1) JobStarted: {'identifier': 'armangles1'}
[0.071292] (ros2_aruco_perception) JobStarted: {'identifier': 'ros2_aruco_perception'}
[0.099118] (-) TimerEvent: {}
[0.125961] (ros2_task_planner) JobStarted: {'identifier': 'ros2_task_planner'}
[0.178863] (usb_cam_driver) JobStarted: {'identifier': 'usb_cam_driver'}
[0.199300] (-) TimerEvent: {}
[0.300136] (-) TimerEvent: {}
[0.401067] (-) TimerEvent: {}
[0.501852] (-) TimerEvent: {}
[0.602513] (-) TimerEvent: {}
[0.703207] (-) TimerEvent: {}
[0.803861] (-) TimerEvent: {}
[0.904495] (-) TimerEvent: {}
[1.005119] (-) TimerEvent: {}
[1.105758] (-) TimerEvent: {}
[1.206401] (-) TimerEvent: {}
[1.307096] (-) TimerEvent: {}
[1.407735] (-) TimerEvent: {}
[1.508387] (-) TimerEvent: {}
[1.609076] (-) TimerEvent: {}
[1.671036] (armangles1) StderrLine: {'line': b'Traceback (most recent call last):\n  File "/usr/lib/python3/dist-packages/colcon_core/executor/__init__.py", line 91, in __call__\n    rc = await self.task(*args, **kwargs)\n  File "/usr/lib/python3/dist-packages/colcon_core/task/__init__.py", line 93, in __call__\n    return await task_method(*args, **kwargs)\n  File "/usr/lib/python3/dist-packages/colcon_ros/task/ament_python/build.py", line 51, in build\n    setup_py_data = get_setup_data(self.context.pkg, env)\n  File "/usr/lib/python3/dist-packages/colcon_core/task/python/__init__.py", line 20, in get_setup_data\n    return dict(pkg.metadata[key](env))\n  File "/usr/lib/python3/dist-packages/colcon_ros/package_augmentation/ros_ament_python.py", line 57, in getter\n    return get_setup_information(\n  File "/usr/lib/python3/dist-packages/colcon_python_setup_py/package_identification/python_setup_py.py", line 241, in get_setup_information\n    _setup_information_cache[hashable_env] = _get_setup_information(\n  File "/usr/lib/python3/dist-packages/colcon_python_setup_py/package_identification/python_setup_py.py", line 281, in _get_setup_information\n    result = subprocess.run(\n  File "/usr/lib/python3.8/subprocess.py", line 516, in run\n    raise CalledProcessError(retcode, process.args,\nsubprocess.CalledProcessError: Command \'[\'/usr/bin/python3\', \'-c\', "import sys;from setuptools.extern.packaging.specifiers import SpecifierSet;from distutils.core import run_setup;dist = run_setup(    \'setup.py\', script_args=(\'--dry-run\',), stop_after=\'config\');skip_keys = (\'cmdclass\', \'distclass\', \'ext_modules\', \'metadata\');data = {    key: value for key, value in dist.__dict__.items()     if (        not key.startswith(\'_\') and         not callable(value) and         key not in skip_keys and         key not in dist.display_option_names    )};data[\'metadata\'] = {    k: v for k, v in dist.metadata.__dict__.items()     if k not in (\'license_files\', \'provides_extras\')};sys.stdout.buffer.write(repr(data).encode(\'utf-8\'))"]\' returned non-zero exit status 1.\n'}
[1.672967] (armangles1) JobEnded: {'identifier': 'armangles1', 'rc': 1}
[1.709254] (-) TimerEvent: {}
[1.809969] (-) TimerEvent: {}
[1.910636] (-) TimerEvent: {}
[2.011340] (-) TimerEvent: {}
[2.112009] (-) TimerEvent: {}
[2.212640] (-) TimerEvent: {}
[2.313251] (-) TimerEvent: {}
[2.413877] (-) TimerEvent: {}
[2.514492] (-) TimerEvent: {}
[2.615167] (-) TimerEvent: {}
[2.715807] (-) TimerEvent: {}
[2.821448] (-) TimerEvent: {}
[2.927181] (-) TimerEvent: {}
[3.028081] (-) TimerEvent: {}
[3.128750] (-) TimerEvent: {}
[3.229394] (-) TimerEvent: {}
[3.330030] (-) TimerEvent: {}
[3.430667] (-) TimerEvent: {}
[3.531364] (-) TimerEvent: {}
[3.631978] (-) TimerEvent: {}
[3.732593] (-) TimerEvent: {}
[3.833216] (-) TimerEvent: {}
[3.933842] (-) TimerEvent: {}
[4.035530] (-) TimerEvent: {}
[4.058456] (ros2_aruco_perception) JobEnded: {'identifier': 'ros2_aruco_perception', 'rc': 'SIGINT'}
[4.061986] (usb_cam_driver) JobEnded: {'identifier': 'usb_cam_driver', 'rc': 'SIGINT'}
[4.063513] (ros2_task_planner) JobEnded: {'identifier': 'ros2_task_planner', 'rc': 'SIGINT'}
[4.074163] (-) EventReactorShutdown: {}
