[0.000000] (-) TimerEvent: {}
[0.001760] (armangles1) JobQueued: {'identifier': 'armangles1', 'dependencies': OrderedDict()}
[0.002617] (oakd_camera) JobQueued: {'identifier': 'oakd_camera', 'dependencies': OrderedDict()}
[0.004145] (ros2_aruco_perception) JobQueued: {'identifier': 'ros2_aruco_perception', 'dependencies': OrderedDict()}
[0.004340] (ros2_task_planner) JobQueued: {'identifier': 'ros2_task_planner', 'dependencies': OrderedDict()}
[0.004450] (usb_cam_driver) JobQueued: {'identifier': 'usb_cam_driver', 'dependencies': OrderedDict()}
[0.004603] (armangles1) JobStarted: {'identifier': 'armangles1'}
[0.072763] (oakd_camera) JobStarted: {'identifier': 'oakd_camera'}
[0.098864] (-) TimerEvent: {}
[0.128382] (ros2_aruco_perception) JobStarted: {'identifier': 'ros2_aruco_perception'}
[0.182048] (ros2_task_planner) JobStarted: {'identifier': 'ros2_task_planner'}
[0.199009] (-) TimerEvent: {}
[0.299865] (-) TimerEvent: {}
[0.400773] (-) TimerEvent: {}
[0.501433] (-) TimerEvent: {}
[0.602098] (-) TimerEvent: {}
[0.702758] (-) TimerEvent: {}
[0.803416] (-) TimerEvent: {}
[0.904096] (-) TimerEvent: {}
[1.004741] (-) TimerEvent: {}
[1.105374] (-) TimerEvent: {}
[1.206185] (-) TimerEvent: {}
[1.306832] (-) TimerEvent: {}
[1.409406] (-) TimerEvent: {}
[1.512130] (-) TimerEvent: {}
[1.612989] (-) TimerEvent: {}
[1.713646] (-) TimerEvent: {}
[1.814314] (-) TimerEvent: {}
[1.914988] (-) TimerEvent: {}
[2.015630] (-) TimerEvent: {}
[2.116325] (-) TimerEvent: {}
[2.216952] (-) TimerEvent: {}
[2.317598] (-) TimerEvent: {}
[2.418236] (-) TimerEvent: {}
[2.518882] (-) TimerEvent: {}
[2.619540] (-) TimerEvent: {}
[2.720269] (-) TimerEvent: {}
[2.820940] (-) TimerEvent: {}
[2.921610] (-) TimerEvent: {}
[3.022314] (-) TimerEvent: {}
[3.051486] (oakd_camera) StderrLine: {'line': b'Traceback (most recent call last):\n  File "/usr/lib/python3/dist-packages/colcon_core/executor/__init__.py", line 91, in __call__\n    rc = await self.task(*args, **kwargs)\n  File "/usr/lib/python3/dist-packages/colcon_core/task/__init__.py", line 93, in __call__\n    return await task_method(*args, **kwargs)\n  File "/usr/lib/python3/dist-packages/colcon_ros/task/ament_python/build.py", line 51, in build\n    setup_py_data = get_setup_data(self.context.pkg, env)\n  File "/usr/lib/python3/dist-packages/colcon_core/task/python/__init__.py", line 20, in get_setup_data\n    return dict(pkg.metadata[key](env))\n  File "/usr/lib/python3/dist-packages/colcon_ros/package_augmentation/ros_ament_python.py", line 57, in getter\n    return get_setup_information(\n  File "/usr/lib/python3/dist-packages/colcon_python_setup_py/package_identification/python_setup_py.py", line 241, in get_setup_information\n    _setup_information_cache[hashable_env] = _get_setup_information(\n  File "/usr/lib/python3/dist-packages/colcon_python_setup_py/package_identification/python_setup_py.py", line 281, in _get_setup_information\n    result = subprocess.run(\n  File "/usr/lib/python3.8/subprocess.py", line 516, in run\n    raise CalledProcessError(retcode, process.args,\nsubprocess.CalledProcessError: Command \'[\'/usr/bin/python3\', \'-c\', "import sys;from setuptools.extern.packaging.specifiers import SpecifierSet;from distutils.core import run_setup;dist = run_setup(    \'setup.py\', script_args=(\'--dry-run\',), stop_after=\'config\');skip_keys = (\'cmdclass\', \'distclass\', \'ext_modules\', \'metadata\');data = {    key: value for key, value in dist.__dict__.items()     if (        not key.startswith(\'_\') and         not callable(value) and         key not in skip_keys and         key not in dist.display_option_names    )};data[\'metadata\'] = {    k: v for k, v in dist.metadata.__dict__.items()     if k not in (\'license_files\', \'provides_extras\')};sys.stdout.buffer.write(repr(data).encode(\'utf-8\'))"]\' returned non-zero exit status 1.\n'}
[3.057798] (oakd_camera) JobEnded: {'identifier': 'oakd_camera', 'rc': 1}
[3.122471] (-) TimerEvent: {}
[3.223160] (-) TimerEvent: {}
[3.323813] (-) TimerEvent: {}
[3.424436] (-) TimerEvent: {}
[3.525066] (-) TimerEvent: {}
[3.625700] (-) TimerEvent: {}
[3.726390] (-) TimerEvent: {}
[3.826995] (-) TimerEvent: {}
[3.927611] (-) TimerEvent: {}
[4.028304] (-) TimerEvent: {}
[4.128958] (-) TimerEvent: {}
[4.230040] (-) TimerEvent: {}
[4.261119] (armangles1) JobEnded: {'identifier': 'armangles1', 'rc': 'SIGINT'}
[4.264616] (ros2_task_planner) JobEnded: {'identifier': 'ros2_task_planner', 'rc': 'SIGINT'}
[4.266064] (ros2_aruco_perception) JobEnded: {'identifier': 'ros2_aruco_perception', 'rc': 'SIGINT'}
[4.276833] (usb_cam_driver) JobSkipped: {'identifier': 'usb_cam_driver'}
[4.277026] (-) EventReactorShutdown: {}
