[7.409s] Invoking command in '/home/projects/ros2_ws/spring-2025-final-project-team-4/src/ros2_aruco_perception': PYTHONPATH=/home/projects/ros2_ws/spring-2025-final-project-team-4/src/install/ros2_aruco_perception/lib/python3.8/site-packages:${PYTHONPATH} /usr/bin/python3 setup.py egg_info --egg-base ../build/ros2_aruco_perception build --build-base /home/projects/ros2_ws/spring-2025-final-project-team-4/src/build/ros2_aruco_perception/build install --prefix /home/projects/ros2_ws/spring-2025-final-project-team-4/src/install/ros2_aruco_perception --record /home/projects/ros2_ws/spring-2025-final-project-team-4/src/build/ros2_aruco_perception/install.log --single-version-externally-managed
[8.723s] running egg_info
[8.727s] writing ../build/ros2_aruco_perception/ros2_aruco_perception.egg-info/PKG-INFO
[8.730s] writing dependency_links to ../build/ros2_aruco_perception/ros2_aruco_perception.egg-info/dependency_links.txt
[8.732s] writing entry points to ../build/ros2_aruco_perception/ros2_aruco_perception.egg-info/entry_points.txt
[8.733s] writing requirements to ../build/ros2_aruco_perception/ros2_aruco_perception.egg-info/requires.txt
[8.735s] writing top-level names to ../build/ros2_aruco_perception/ros2_aruco_perception.egg-info/top_level.txt
[8.936s] reading manifest file '../build/ros2_aruco_perception/ros2_aruco_perception.egg-info/SOURCES.txt'
[8.942s] writing manifest file '../build/ros2_aruco_perception/ros2_aruco_perception.egg-info/SOURCES.txt'
[8.944s] running build
[8.945s] running build_py
[8.948s] running install
[8.954s] running install_lib
[8.964s] running install_data
[8.968s] running install_egg_info
[8.979s] removing '/home/projects/ros2_ws/spring-2025-final-project-team-4/src/install/ros2_aruco_perception/lib/python3.8/site-packages/ros2_aruco_perception-0.0.0-py3.8.egg-info' (and everything under it)
[8.981s] Copying ../build/ros2_aruco_perception/ros2_aruco_perception.egg-info to /home/projects/ros2_ws/spring-2025-final-project-team-4/src/install/ros2_aruco_perception/lib/python3.8/site-packages/ros2_aruco_perception-0.0.0-py3.8.egg-info
[8.988s] running install_scripts
[9.089s] Installing perception_node script to /home/projects/ros2_ws/spring-2025-final-project-team-4/src/install/ros2_aruco_perception/lib/ros2_aruco_perception
[9.090s] writing list of installed files to '/home/projects/ros2_ws/spring-2025-final-project-team-4/src/build/ros2_aruco_perception/install.log'
[9.210s] Invoked command in '/home/projects/ros2_ws/spring-2025-final-project-team-4/src/ros2_aruco_perception' returned '0': PYTHONPATH=/home/projects/ros2_ws/spring-2025-final-project-team-4/src/install/ros2_aruco_perception/lib/python3.8/site-packages:${PYTHONPATH} /usr/bin/python3 setup.py egg_info --egg-base ../build/ros2_aruco_perception build --build-base /home/projects/ros2_ws/spring-2025-final-project-team-4/src/build/ros2_aruco_perception/build install --prefix /home/projects/ros2_ws/spring-2025-final-project-team-4/src/install/ros2_aruco_perception --record /home/projects/ros2_ws/spring-2025-final-project-team-4/src/build/ros2_aruco_perception/install.log --single-version-externally-managed
