[7.230s] Invoking command in '/home/projects/ros2_ws/spring-2025-final-project-team-4/src/usb_cam_driver': PYTHONPATH=/home/projects/ros2_ws/spring-2025-final-project-team-4/src/install/usb_cam_driver/lib/python3.8/site-packages:${PYTHONPATH} /usr/bin/python3 setup.py egg_info --egg-base ../build/usb_cam_driver build --build-base /home/projects/ros2_ws/spring-2025-final-project-team-4/src/build/usb_cam_driver/build install --prefix /home/projects/ros2_ws/spring-2025-final-project-team-4/src/install/usb_cam_driver --record /home/projects/ros2_ws/spring-2025-final-project-team-4/src/build/usb_cam_driver/install.log --single-version-externally-managed
[8.510s] running egg_info
[8.514s] writing ../build/usb_cam_driver/usb_cam_driver.egg-info/PKG-INFO
[8.516s] writing dependency_links to ../build/usb_cam_driver/usb_cam_driver.egg-info/dependency_links.txt
[8.517s] writing entry points to ../build/usb_cam_driver/usb_cam_driver.egg-info/entry_points.txt
[8.517s] writing requirements to ../build/usb_cam_driver/usb_cam_driver.egg-info/requires.txt
[8.519s] writing top-level names to ../build/usb_cam_driver/usb_cam_driver.egg-info/top_level.txt
[8.707s] reading manifest file '../build/usb_cam_driver/usb_cam_driver.egg-info/SOURCES.txt'
[8.711s] writing manifest file '../build/usb_cam_driver/usb_cam_driver.egg-info/SOURCES.txt'
[8.712s] running build
[8.712s] running build_py
[8.713s] running install
[8.718s] running install_lib
[8.725s] running install_data
[8.729s] running install_egg_info
[8.741s] removing '/home/projects/ros2_ws/spring-2025-final-project-team-4/src/install/usb_cam_driver/lib/python3.8/site-packages/usb_cam_driver-0.0.0-py3.8.egg-info' (and everything under it)
[8.742s] Copying ../build/usb_cam_driver/usb_cam_driver.egg-info to /home/projects/ros2_ws/spring-2025-final-project-team-4/src/install/usb_cam_driver/lib/python3.8/site-packages/usb_cam_driver-0.0.0-py3.8.egg-info
[8.746s] running install_scripts
[8.832s] Installing usb_cam_node script to /home/projects/ros2_ws/spring-2025-final-project-team-4/src/install/usb_cam_driver/lib/usb_cam_driver
[8.835s] writing list of installed files to '/home/projects/ros2_ws/spring-2025-final-project-team-4/src/build/usb_cam_driver/install.log'
[9.022s] Invoked command in '/home/projects/ros2_ws/spring-2025-final-project-team-4/src/usb_cam_driver' returned '0': PYTHONPATH=/home/projects/ros2_ws/spring-2025-final-project-team-4/src/install/usb_cam_driver/lib/python3.8/site-packages:${PYTHONPATH} /usr/bin/python3 setup.py egg_info --egg-base ../build/usb_cam_driver build --build-base /home/projects/ros2_ws/spring-2025-final-project-team-4/src/build/usb_cam_driver/build install --prefix /home/projects/ros2_ws/spring-2025-final-project-team-4/src/install/usb_cam_driver --record /home/projects/ros2_ws/spring-2025-final-project-team-4/src/build/usb_cam_driver/install.log --single-version-externally-managed
