running develop
running egg_info
creating ros2_task_planner.egg-info
writing ros2_task_planner.egg-info/PKG-INFO
writing dependency_links to ros2_task_planner.egg-info/dependency_links.txt
writing entry points to ros2_task_planner.egg-info/entry_points.txt
writing requirements to ros2_task_planner.egg-info/requires.txt
writing top-level names to ros2_task_planner.egg-info/top_level.txt
writing manifest file 'ros2_task_planner.egg-info/SOURCES.txt'
reading manifest file 'ros2_task_planner.egg-info/SOURCES.txt'
writing manifest file 'ros2_task_planner.egg-info/SOURCES.txt'
running build_ext
Creating /home/popem/spring-2025-final-project-team-4/install/ros2_task_planner/lib/python3.8/site-packages/site.py
Creating /home/popem/spring-2025-final-project-team-4/install/ros2_task_planner/lib/python3.8/site-packages/ros2-task-planner.egg-link (link to .)
Installing task_planner_node script to /home/popem/spring-2025-final-project-team-4/install/ros2_task_planner/bin

Installed /home/popem/spring-2025-final-project-team-4/build/ros2_task_planner
running symlink_data
creating /home/popem/spring-2025-final-project-team-4/install/ros2_task_planner/share/ament_index
creating /home/popem/spring-2025-final-project-team-4/install/ros2_task_planner/share/ament_index/resource_index
creating /home/popem/spring-2025-final-project-team-4/install/ros2_task_planner/share/ament_index/resource_index/packages
symbolically linking /home/popem/spring-2025-final-project-team-4/build/ros2_task_planner/resource/ros2_task_planner -> /home/popem/spring-2025-final-project-team-4/install/ros2_task_planner/share/ament_index/resource_index/packages
symbolically linking /home/popem/spring-2025-final-project-team-4/build/ros2_task_planner/package.xml -> /home/popem/spring-2025-final-project-team-4/install/ros2_task_planner/share/ros2_task_planner
creating /home/popem/spring-2025-final-project-team-4/install/ros2_task_planner/lib/ros2_task_planner
symbolically linking /home/popem/spring-2025-final-project-team-4/build/ros2_task_planner/scripts/task_planner_node -> /home/popem/spring-2025-final-project-team-4/install/ros2_task_planner/lib/ros2_task_planner
