[0.966s] Invoking command in '/home/popem/spring-2025-final-project-team-4/build/ros2_task_planner': PYTHONPATH=/home/popem/spring-2025-final-project-team-4/build/ros2_task_planner/prefix_override:/usr/lib/python3/dist-packages/colcon_core/task/python/colcon_distutils_commands:/home/popem/spring-2025-final-project-team-4/install/ros2_task_planner/lib/python3.8/site-packages:${PYTHONPATH} /usr/bin/python3 -W ignore:setup.py install is deprecated -W ignore:easy_install command is deprecated setup.py develop --editable --build-directory /home/popem/spring-2025-final-project-team-4/build/ros2_task_planner/build --no-deps symlink_data
[1.196s] running develop
[1.299s] running egg_info
[1.299s] creating ros2_task_planner.egg-info
[1.300s] writing ros2_task_planner.egg-info/PKG-INFO
[1.300s] writing dependency_links to ros2_task_planner.egg-info/dependency_links.txt
[1.300s] writing entry points to ros2_task_planner.egg-info/entry_points.txt
[1.300s] writing requirements to ros2_task_planner.egg-info/requires.txt
[1.300s] writing top-level names to ros2_task_planner.egg-info/top_level.txt
[1.306s] writing manifest file 'ros2_task_planner.egg-info/SOURCES.txt'
[1.338s] reading manifest file 'ros2_task_planner.egg-info/SOURCES.txt'
[1.338s] writing manifest file 'ros2_task_planner.egg-info/SOURCES.txt'
[1.369s] running build_ext
[1.370s] Creating /home/popem/spring-2025-final-project-team-4/install/ros2_task_planner/lib/python3.8/site-packages/site.py
[1.373s] Creating /home/popem/spring-2025-final-project-team-4/install/ros2_task_planner/lib/python3.8/site-packages/ros2-task-planner.egg-link (link to .)
[1.373s] Installing task_planner_node script to /home/popem/spring-2025-final-project-team-4/install/ros2_task_planner/bin
[1.374s] 
[1.374s] Installed /home/popem/spring-2025-final-project-team-4/build/ros2_task_planner
[1.375s] running symlink_data
[1.375s] creating /home/popem/spring-2025-final-project-team-4/install/ros2_task_planner/share/ament_index
[1.375s] creating /home/popem/spring-2025-final-project-team-4/install/ros2_task_planner/share/ament_index/resource_index
[1.375s] creating /home/popem/spring-2025-final-project-team-4/install/ros2_task_planner/share/ament_index/resource_index/packages
[1.376s] symbolically linking /home/popem/spring-2025-final-project-team-4/build/ros2_task_planner/resource/ros2_task_planner -> /home/popem/spring-2025-final-project-team-4/install/ros2_task_planner/share/ament_index/resource_index/packages
[1.376s] symbolically linking /home/popem/spring-2025-final-project-team-4/build/ros2_task_planner/package.xml -> /home/popem/spring-2025-final-project-team-4/install/ros2_task_planner/share/ros2_task_planner
[1.377s] creating /home/popem/spring-2025-final-project-team-4/install/ros2_task_planner/lib/ros2_task_planner
[1.377s] symbolically linking /home/popem/spring-2025-final-project-team-4/build/ros2_task_planner/scripts/task_planner_node -> /home/popem/spring-2025-final-project-team-4/install/ros2_task_planner/lib/ros2_task_planner
[1.428s] Invoked command in '/home/popem/spring-2025-final-project-team-4/build/ros2_task_planner' returned '0': PYTHONPATH=/home/popem/spring-2025-final-project-team-4/build/ros2_task_planner/prefix_override:/usr/lib/python3/dist-packages/colcon_core/task/python/colcon_distutils_commands:/home/popem/spring-2025-final-project-team-4/install/ros2_task_planner/lib/python3.8/site-packages:${PYTHONPATH} /usr/bin/python3 -W ignore:setup.py install is deprecated -W ignore:easy_install command is deprecated setup.py develop --editable --build-directory /home/popem/spring-2025-final-project-team-4/build/ros2_task_planner/build --no-deps symlink_data
