[3.240s] Invoking command in '/home/projects/ros2_ws/spring-2025-final-project-team-4/src/armangles1': PYTHONPATH=/home/projects/ros2_ws/spring-2025-final-project-team-4/src/install/armangles1/lib/python3.8/site-packages:${PYTHONPATH} /usr/bin/python3 setup.py egg_info --egg-base ../build/armangles1 build --build-base /home/projects/ros2_ws/spring-2025-final-project-team-4/src/build/armangles1/build install --prefix /home/projects/ros2_ws/spring-2025-final-project-team-4/src/install/armangles1 --record /home/projects/ros2_ws/spring-2025-final-project-team-4/src/build/armangles1/install.log --single-version-externally-managed
[4.345s] running egg_info
[4.347s] creating ../build/armangles1/armangles1.egg-info
[4.348s] writing ../build/armangles1/armangles1.egg-info/PKG-INFO
[4.349s] writing dependency_links to ../build/armangles1/armangles1.egg-info/dependency_links.txt
[4.349s] writing entry points to ../build/armangles1/armangles1.egg-info/entry_points.txt
[4.350s] writing requirements to ../build/armangles1/armangles1.egg-info/requires.txt
[4.350s] writing top-level names to ../build/armangles1/armangles1.egg-info/top_level.txt
[4.355s] writing manifest file '../build/armangles1/armangles1.egg-info/SOURCES.txt'
[4.508s] reading manifest file '../build/armangles1/armangles1.egg-info/SOURCES.txt'
[4.513s] writing manifest file '../build/armangles1/armangles1.egg-info/SOURCES.txt'
[4.514s] running build
[4.514s] running build_py
[4.514s] creating /home/projects/ros2_ws/spring-2025-final-project-team-4/src/build/armangles1/build
[4.515s] creating /home/projects/ros2_ws/spring-2025-final-project-team-4/src/build/armangles1/build/lib
[4.515s] creating /home/projects/ros2_ws/spring-2025-final-project-team-4/src/build/armangles1/build/lib/armangles1
[4.516s] copying armangles1/__init__.py -> /home/projects/ros2_ws/spring-2025-final-project-team-4/src/build/armangles1/build/lib/armangles1
[4.516s] copying armangles1/sendangles.py -> /home/projects/ros2_ws/spring-2025-final-project-team-4/src/build/armangles1/build/lib/armangles1
[4.516s] running install
[4.518s] running install_lib
[4.522s] creating /home/projects/ros2_ws/spring-2025-final-project-team-4/src/install/armangles1/lib/python3.8/site-packages/armangles1
[4.523s] copying /home/projects/ros2_ws/spring-2025-final-project-team-4/src/build/armangles1/build/lib/armangles1/__init__.py -> /home/projects/ros2_ws/spring-2025-final-project-team-4/src/install/armangles1/lib/python3.8/site-packages/armangles1
[4.523s] copying /home/projects/ros2_ws/spring-2025-final-project-team-4/src/build/armangles1/build/lib/armangles1/sendangles.py -> /home/projects/ros2_ws/spring-2025-final-project-team-4/src/install/armangles1/lib/python3.8/site-packages/armangles1
[4.526s] byte-compiling /home/projects/ros2_ws/spring-2025-final-project-team-4/src/install/armangles1/lib/python3.8/site-packages/armangles1/__init__.py to __init__.cpython-38.pyc
[4.531s] byte-compiling /home/projects/ros2_ws/spring-2025-final-project-team-4/src/install/armangles1/lib/python3.8/site-packages/armangles1/sendangles.py to sendangles.cpython-38.pyc
[4.533s] running install_data
[4.535s] creating /home/projects/ros2_ws/spring-2025-final-project-team-4/src/install/armangles1/share/ament_index
[4.536s] creating /home/projects/ros2_ws/spring-2025-final-project-team-4/src/install/armangles1/share/ament_index/resource_index
[4.536s] creating /home/projects/ros2_ws/spring-2025-final-project-team-4/src/install/armangles1/share/ament_index/resource_index/packages
[4.537s] copying resource/armangles1 -> /home/projects/ros2_ws/spring-2025-final-project-team-4/src/install/armangles1/share/ament_index/resource_index/packages
[4.537s] copying package.xml -> /home/projects/ros2_ws/spring-2025-final-project-team-4/src/install/armangles1/share/armangles1
[4.537s] copying launch/armlaunch.launch.py -> /home/projects/ros2_ws/spring-2025-final-project-team-4/src/install/armangles1/share/armangles1
[4.538s] running install_egg_info
[4.544s] Copying ../build/armangles1/armangles1.egg-info to /home/projects/ros2_ws/spring-2025-final-project-team-4/src/install/armangles1/lib/python3.8/site-packages/armangles1-0.0.0-py3.8.egg-info
[4.548s] running install_scripts
[4.618s] Installing sendangles_executable script to /home/projects/ros2_ws/spring-2025-final-project-team-4/src/install/armangles1/lib/armangles1
[4.619s] writing list of installed files to '/home/projects/ros2_ws/spring-2025-final-project-team-4/src/build/armangles1/install.log'
[4.716s] Invoked command in '/home/projects/ros2_ws/spring-2025-final-project-team-4/src/armangles1' returned '0': PYTHONPATH=/home/projects/ros2_ws/spring-2025-final-project-team-4/src/install/armangles1/lib/python3.8/site-packages:${PYTHONPATH} /usr/bin/python3 setup.py egg_info --egg-base ../build/armangles1 build --build-base /home/projects/ros2_ws/spring-2025-final-project-team-4/src/build/armangles1/build install --prefix /home/projects/ros2_ws/spring-2025-final-project-team-4/src/install/armangles1 --record /home/projects/ros2_ws/spring-2025-final-project-team-4/src/build/armangles1/install.log --single-version-externally-managed
