[1.004s] Invoking command in '/home/popem/spring-2025-final-project-team-4/build/ros2_aruco_perception': PYTHONPATH=/home/popem/spring-2025-final-project-team-4/build/ros2_aruco_perception/prefix_override:/usr/lib/python3/dist-packages/colcon_core/task/python/colcon_distutils_commands:/home/popem/spring-2025-final-project-team-4/install/ros2_aruco_perception/lib/python3.8/site-packages:${PYTHONPATH} /usr/bin/python3 -W ignore:setup.py install is deprecated -W ignore:easy_install command is deprecated setup.py develop --editable --build-directory /home/popem/spring-2025-final-project-team-4/build/ros2_aruco_perception/build --no-deps symlink_data
[1.233s] running develop
[1.338s] running egg_info
[1.338s] creating ros2_aruco_perception.egg-info
[1.339s] writing ros2_aruco_perception.egg-info/PKG-INFO
[1.339s] writing dependency_links to ros2_aruco_perception.egg-info/dependency_links.txt
[1.340s] writing entry points to ros2_aruco_perception.egg-info/entry_points.txt
[1.340s] writing requirements to ros2_aruco_perception.egg-info/requires.txt
[1.340s] writing top-level names to ros2_aruco_perception.egg-info/top_level.txt
[1.341s] writing manifest file 'ros2_aruco_perception.egg-info/SOURCES.txt'
[1.368s] reading manifest file 'ros2_aruco_perception.egg-info/SOURCES.txt'
[1.369s] writing manifest file 'ros2_aruco_perception.egg-info/SOURCES.txt'
[1.402s] running build_ext
[1.402s] Creating /home/popem/spring-2025-final-project-team-4/install/ros2_aruco_perception/lib/python3.8/site-packages/site.py
[1.405s] Creating /home/popem/spring-2025-final-project-team-4/install/ros2_aruco_perception/lib/python3.8/site-packages/ros2-aruco-perception.egg-link (link to .)
[1.406s] Installing perception_node script to /home/popem/spring-2025-final-project-team-4/install/ros2_aruco_perception/bin
[1.407s] 
[1.407s] Installed /home/popem/spring-2025-final-project-team-4/build/ros2_aruco_perception
[1.408s] running symlink_data
[1.408s] creating /home/popem/spring-2025-final-project-team-4/install/ros2_aruco_perception/share/ament_index
[1.408s] creating /home/popem/spring-2025-final-project-team-4/install/ros2_aruco_perception/share/ament_index/resource_index
[1.408s] creating /home/popem/spring-2025-final-project-team-4/install/ros2_aruco_perception/share/ament_index/resource_index/packages
[1.409s] symbolically linking /home/popem/spring-2025-final-project-team-4/build/ros2_aruco_perception/resource/ros2_aruco_perception -> /home/popem/spring-2025-final-project-team-4/install/ros2_aruco_perception/share/ament_index/resource_index/packages
[1.409s] symbolically linking /home/popem/spring-2025-final-project-team-4/build/ros2_aruco_perception/package.xml -> /home/popem/spring-2025-final-project-team-4/install/ros2_aruco_perception/share/ros2_aruco_perception
[1.410s] creating /home/popem/spring-2025-final-project-team-4/install/ros2_aruco_perception/share/ros2_aruco_perception/launch
[1.410s] symbolically linking /home/popem/spring-2025-final-project-team-4/build/launch/perception_and_planner.launch.py -> /home/popem/spring-2025-final-project-team-4/install/ros2_aruco_perception/share/ros2_aruco_perception/launch
[1.411s] creating /home/popem/spring-2025-final-project-team-4/install/ros2_aruco_perception/lib/ros2_aruco_perception
[1.411s] symbolically linking /home/popem/spring-2025-final-project-team-4/build/ros2_aruco_perception/scripts/perception_node -> /home/popem/spring-2025-final-project-team-4/install/ros2_aruco_perception/lib/ros2_aruco_perception
[1.412s] creating /home/popem/spring-2025-final-project-team-4/install/ros2_aruco_perception/share/ros2_aruco_perception/calib_data
[1.412s] symbolically linking /home/popem/spring-2025-final-project-team-4/build/ros2_aruco_perception/ros2_aruco_perception/calib_data/MultiMatrix.npz -> /home/popem/spring-2025-final-project-team-4/install/ros2_aruco_perception/share/ros2_aruco_perception/calib_data
[1.488s] Invoked command in '/home/popem/spring-2025-final-project-team-4/build/ros2_aruco_perception' returned '0': PYTHONPATH=/home/popem/spring-2025-final-project-team-4/build/ros2_aruco_perception/prefix_override:/usr/lib/python3/dist-packages/colcon_core/task/python/colcon_distutils_commands:/home/popem/spring-2025-final-project-team-4/install/ros2_aruco_perception/lib/python3.8/site-packages:${PYTHONPATH} /usr/bin/python3 -W ignore:setup.py install is deprecated -W ignore:easy_install command is deprecated setup.py develop --editable --build-directory /home/popem/spring-2025-final-project-team-4/build/ros2_aruco_perception/build --no-deps symlink_data
