running egg_info
writing ../build/armangles1/armangles1.egg-info/PKG-INFO
writing dependency_links to ../build/armangles1/armangles1.egg-info/dependency_links.txt
writing entry points to ../build/armangles1/armangles1.egg-info/entry_points.txt
writing requirements to ../build/armangles1/armangles1.egg-info/requires.txt
writing top-level names to ../build/armangles1/armangles1.egg-info/top_level.txt
reading manifest file '../build/armangles1/armangles1.egg-info/SOURCES.txt'
writing manifest file '../build/armangles1/armangles1.egg-info/SOURCES.txt'
running build
running build_py
copying armangles1/sendangles.py -> /home/projects/ros2_ws/spring-2025-final-project-team-4/src/build/armangles1/build/lib/armangles1
running install
running install_lib
copying /home/projects/ros2_ws/spring-2025-final-project-team-4/src/build/armangles1/build/lib/armangles1/sendangles.py -> /home/projects/ros2_ws/spring-2025-final-project-team-4/src/install/armangles1/lib/python3.8/site-packages/armangles1
byte-compiling /home/projects/ros2_ws/spring-2025-final-project-team-4/src/install/armangles1/lib/python3.8/site-packages/armangles1/sendangles.py to sendangles.cpython-38.pyc
running install_data
running install_egg_info
removing '/home/projects/ros2_ws/spring-2025-final-project-team-4/src/install/armangles1/lib/python3.8/site-packages/armangles1-0.0.0-py3.8.egg-info' (and everything under it)
Copying ../build/armangles1/armangles1.egg-info to /home/projects/ros2_ws/spring-2025-final-project-team-4/src/install/armangles1/lib/python3.8/site-packages/armangles1-0.0.0-py3.8.egg-info
running install_scripts
Installing sendangles_executable script to /home/projects/ros2_ws/spring-2025-final-project-team-4/src/install/armangles1/lib/armangles1
writing list of installed files to '/home/projects/ros2_ws/spring-2025-final-project-team-4/src/build/armangles1/install.log'
