[0.739s] DEBUG:colcon:Command line arguments: ['/usr/bin/colcon', 'build', '--symlink-install']
[0.739s] DEBUG:colcon:Parsed command line arguments: Namespace(allow_overriding=[], ament_cmake_args=None, base_paths=['.'], build_base='build', catkin_cmake_args=None, catkin_skip_building_tests=False, cmake_args=None, cmake_clean_cache=False, cmake_clean_first=False, cmake_force_configure=False, cmake_target=None, cmake_target_skip_unavailable=False, continue_on_error=False, event_handlers=None, executor='parallel', ignore_user_meta=False, install_base='install', log_base=None, log_level=None, main=<bound method BuildVerb.main of <colcon_core.verb.build.BuildVerb object at 0x729eaf49a280>>, merge_install=False, metas=['./colcon.meta'], packages_above=None, packages_above_and_dependencies=None, packages_above_depth=None, packages_end=None, packages_ignore=None, packages_ignore_regex=None, packages_select=None, packages_select_build_failed=False, packages_select_by_dep=None, packages_select_regex=None, packages_select_test_failures=False, packages_skip=None, packages_skip_build_finished=False, packages_skip_by_dep=None, packages_skip_regex=None, packages_skip_test_passed=False, packages_skip_up_to=None, packages_start=None, packages_up_to=None, packages_up_to_regex=None, parallel_workers=16, paths=None, symlink_install=True, test_result_base=None, verb_extension=<colcon_core.verb.build.BuildVerb object at 0x729eaf49a280>, verb_name='build', verb_parser=<colcon_defaults.argument_parser.defaults.DefaultArgumentsDecorator object at 0x729eaf49a6d0>)
[1.046s] Level 1:colcon.colcon_core.package_discovery:discover_packages(colcon_meta) check parameters
[1.047s] Level 1:colcon.colcon_core.package_discovery:discover_packages(recursive) check parameters
[1.047s] Level 1:colcon.colcon_core.package_discovery:discover_packages(ignore) check parameters
[1.047s] Level 1:colcon.colcon_core.package_discovery:discover_packages(path) check parameters
[1.047s] Level 1:colcon.colcon_core.package_discovery:discover_packages(colcon_meta) discover
[1.047s] Level 1:colcon.colcon_core.package_discovery:discover_packages(recursive) discover
[1.047s] INFO:colcon.colcon_core.package_discovery:Crawling recursively for packages in '/home/popem/spring-2025-final-project-team-4'
[1.047s] Level 1:colcon.colcon_core.package_identification:_identify(.) by extensions ['ignore', 'ignore_ament_install']
[1.048s] Level 1:colcon.colcon_core.package_identification:_identify(.) by extension 'ignore'
[1.048s] Level 1:colcon.colcon_core.package_identification:_identify(.) by extension 'ignore_ament_install'
[1.048s] Level 1:colcon.colcon_core.package_identification:_identify(.) by extensions ['colcon_pkg']
[1.048s] Level 1:colcon.colcon_core.package_identification:_identify(.) by extension 'colcon_pkg'
[1.048s] Level 1:colcon.colcon_core.package_identification:_identify(.) by extensions ['colcon_meta']
[1.048s] Level 1:colcon.colcon_core.package_identification:_identify(.) by extension 'colcon_meta'
[1.048s] Level 1:colcon.colcon_core.package_identification:_identify(.) by extensions ['ros']
[1.048s] Level 1:colcon.colcon_core.package_identification:_identify(.) by extension 'ros'
[1.075s] Level 1:colcon.colcon_core.package_identification:_identify(.) by extensions ['cmake', 'python']
[1.075s] Level 1:colcon.colcon_core.package_identification:_identify(.) by extension 'cmake'
[1.075s] Level 1:colcon.colcon_core.package_identification:_identify(.) by extension 'python'
[1.075s] Level 1:colcon.colcon_core.package_identification:_identify(.) by extensions ['python_setup_py']
[1.076s] Level 1:colcon.colcon_core.package_identification:_identify(.) by extension 'python_setup_py'
[1.076s] Level 1:colcon.colcon_core.package_identification:_identify(build) by extensions ['ignore', 'ignore_ament_install']
[1.076s] Level 1:colcon.colcon_core.package_identification:_identify(build) by extension 'ignore'
[1.076s] Level 1:colcon.colcon_core.package_identification:_identify(build) ignored
[1.077s] Level 1:colcon.colcon_core.package_identification:_identify(include) by extensions ['ignore', 'ignore_ament_install']
[1.077s] Level 1:colcon.colcon_core.package_identification:_identify(include) by extension 'ignore'
[1.077s] Level 1:colcon.colcon_core.package_identification:_identify(include) by extension 'ignore_ament_install'
[1.077s] Level 1:colcon.colcon_core.package_identification:_identify(include) by extensions ['colcon_pkg']
[1.077s] Level 1:colcon.colcon_core.package_identification:_identify(include) by extension 'colcon_pkg'
[1.077s] Level 1:colcon.colcon_core.package_identification:_identify(include) by extensions ['colcon_meta']
[1.077s] Level 1:colcon.colcon_core.package_identification:_identify(include) by extension 'colcon_meta'
[1.077s] Level 1:colcon.colcon_core.package_identification:_identify(include) by extensions ['ros']
[1.077s] Level 1:colcon.colcon_core.package_identification:_identify(include) by extension 'ros'
[1.077s] Level 1:colcon.colcon_core.package_identification:_identify(include) by extensions ['cmake', 'python']
[1.078s] Level 1:colcon.colcon_core.package_identification:_identify(include) by extension 'cmake'
[1.078s] Level 1:colcon.colcon_core.package_identification:_identify(include) by extension 'python'
[1.078s] Level 1:colcon.colcon_core.package_identification:_identify(include) by extensions ['python_setup_py']
[1.078s] Level 1:colcon.colcon_core.package_identification:_identify(include) by extension 'python_setup_py'
[1.078s] Level 1:colcon.colcon_core.package_identification:_identify(include/calib_data) by extensions ['ignore', 'ignore_ament_install']
[1.078s] Level 1:colcon.colcon_core.package_identification:_identify(include/calib_data) by extension 'ignore'
[1.079s] Level 1:colcon.colcon_core.package_identification:_identify(include/calib_data) by extension 'ignore_ament_install'
[1.079s] Level 1:colcon.colcon_core.package_identification:_identify(include/calib_data) by extensions ['colcon_pkg']
[1.079s] Level 1:colcon.colcon_core.package_identification:_identify(include/calib_data) by extension 'colcon_pkg'
[1.079s] Level 1:colcon.colcon_core.package_identification:_identify(include/calib_data) by extensions ['colcon_meta']
[1.079s] Level 1:colcon.colcon_core.package_identification:_identify(include/calib_data) by extension 'colcon_meta'
[1.079s] Level 1:colcon.colcon_core.package_identification:_identify(include/calib_data) by extensions ['ros']
[1.079s] Level 1:colcon.colcon_core.package_identification:_identify(include/calib_data) by extension 'ros'
[1.079s] Level 1:colcon.colcon_core.package_identification:_identify(include/calib_data) by extensions ['cmake', 'python']
[1.079s] Level 1:colcon.colcon_core.package_identification:_identify(include/calib_data) by extension 'cmake'
[1.080s] Level 1:colcon.colcon_core.package_identification:_identify(include/calib_data) by extension 'python'
[1.080s] Level 1:colcon.colcon_core.package_identification:_identify(include/calib_data) by extensions ['python_setup_py']
[1.080s] Level 1:colcon.colcon_core.package_identification:_identify(include/calib_data) by extension 'python_setup_py'
[1.080s] Level 1:colcon.colcon_core.package_identification:_identify(install) by extensions ['ignore', 'ignore_ament_install']
[1.080s] Level 1:colcon.colcon_core.package_identification:_identify(install) by extension 'ignore'
[1.080s] Level 1:colcon.colcon_core.package_identification:_identify(install) ignored
[1.081s] Level 1:colcon.colcon_core.package_identification:_identify(log) by extensions ['ignore', 'ignore_ament_install']
[1.081s] Level 1:colcon.colcon_core.package_identification:_identify(log) by extension 'ignore'
[1.081s] Level 1:colcon.colcon_core.package_identification:_identify(log) ignored
[1.081s] Level 1:colcon.colcon_core.package_identification:_identify(robotic_arm_arduino_driver) by extensions ['ignore', 'ignore_ament_install']
[1.081s] Level 1:colcon.colcon_core.package_identification:_identify(robotic_arm_arduino_driver) by extension 'ignore'
[1.082s] Level 1:colcon.colcon_core.package_identification:_identify(robotic_arm_arduino_driver) by extension 'ignore_ament_install'
[1.082s] Level 1:colcon.colcon_core.package_identification:_identify(robotic_arm_arduino_driver) by extensions ['colcon_pkg']
[1.082s] Level 1:colcon.colcon_core.package_identification:_identify(robotic_arm_arduino_driver) by extension 'colcon_pkg'
[1.082s] Level 1:colcon.colcon_core.package_identification:_identify(robotic_arm_arduino_driver) by extensions ['colcon_meta']
[1.082s] Level 1:colcon.colcon_core.package_identification:_identify(robotic_arm_arduino_driver) by extension 'colcon_meta'
[1.082s] Level 1:colcon.colcon_core.package_identification:_identify(robotic_arm_arduino_driver) by extensions ['ros']
[1.082s] Level 1:colcon.colcon_core.package_identification:_identify(robotic_arm_arduino_driver) by extension 'ros'
[1.082s] Level 1:colcon.colcon_core.package_identification:_identify(robotic_arm_arduino_driver) by extensions ['cmake', 'python']
[1.082s] Level 1:colcon.colcon_core.package_identification:_identify(robotic_arm_arduino_driver) by extension 'cmake'
[1.082s] Level 1:colcon.colcon_core.package_identification:_identify(robotic_arm_arduino_driver) by extension 'python'
[1.082s] Level 1:colcon.colcon_core.package_identification:_identify(robotic_arm_arduino_driver) by extensions ['python_setup_py']
[1.083s] Level 1:colcon.colcon_core.package_identification:_identify(robotic_arm_arduino_driver) by extension 'python_setup_py'
[1.083s] Level 1:colcon.colcon_core.package_identification:_identify(robotic_arm_arduino_driver/include) by extensions ['ignore', 'ignore_ament_install']
[1.083s] Level 1:colcon.colcon_core.package_identification:_identify(robotic_arm_arduino_driver/include) by extension 'ignore'
[1.083s] Level 1:colcon.colcon_core.package_identification:_identify(robotic_arm_arduino_driver/include) by extension 'ignore_ament_install'
[1.083s] Level 1:colcon.colcon_core.package_identification:_identify(robotic_arm_arduino_driver/include) by extensions ['colcon_pkg']
[1.083s] Level 1:colcon.colcon_core.package_identification:_identify(robotic_arm_arduino_driver/include) by extension 'colcon_pkg'
[1.083s] Level 1:colcon.colcon_core.package_identification:_identify(robotic_arm_arduino_driver/include) by extensions ['colcon_meta']
[1.083s] Level 1:colcon.colcon_core.package_identification:_identify(robotic_arm_arduino_driver/include) by extension 'colcon_meta'
[1.084s] Level 1:colcon.colcon_core.package_identification:_identify(robotic_arm_arduino_driver/include) by extensions ['ros']
[1.084s] Level 1:colcon.colcon_core.package_identification:_identify(robotic_arm_arduino_driver/include) by extension 'ros'
[1.084s] Level 1:colcon.colcon_core.package_identification:_identify(robotic_arm_arduino_driver/include) by extensions ['cmake', 'python']
[1.084s] Level 1:colcon.colcon_core.package_identification:_identify(robotic_arm_arduino_driver/include) by extension 'cmake'
[1.084s] Level 1:colcon.colcon_core.package_identification:_identify(robotic_arm_arduino_driver/include) by extension 'python'
[1.084s] Level 1:colcon.colcon_core.package_identification:_identify(robotic_arm_arduino_driver/include) by extensions ['python_setup_py']
[1.084s] Level 1:colcon.colcon_core.package_identification:_identify(robotic_arm_arduino_driver/include) by extension 'python_setup_py'
[1.085s] Level 1:colcon.colcon_core.package_identification:_identify(robotic_arm_arduino_driver/lib) by extensions ['ignore', 'ignore_ament_install']
[1.085s] Level 1:colcon.colcon_core.package_identification:_identify(robotic_arm_arduino_driver/lib) by extension 'ignore'
[1.085s] Level 1:colcon.colcon_core.package_identification:_identify(robotic_arm_arduino_driver/lib) by extension 'ignore_ament_install'
[1.086s] Level 1:colcon.colcon_core.package_identification:_identify(robotic_arm_arduino_driver/lib) by extensions ['colcon_pkg']
[1.086s] Level 1:colcon.colcon_core.package_identification:_identify(robotic_arm_arduino_driver/lib) by extension 'colcon_pkg'
[1.086s] Level 1:colcon.colcon_core.package_identification:_identify(robotic_arm_arduino_driver/lib) by extensions ['colcon_meta']
[1.086s] Level 1:colcon.colcon_core.package_identification:_identify(robotic_arm_arduino_driver/lib) by extension 'colcon_meta'
[1.086s] Level 1:colcon.colcon_core.package_identification:_identify(robotic_arm_arduino_driver/lib) by extensions ['ros']
[1.086s] Level 1:colcon.colcon_core.package_identification:_identify(robotic_arm_arduino_driver/lib) by extension 'ros'
[1.086s] Level 1:colcon.colcon_core.package_identification:_identify(robotic_arm_arduino_driver/lib) by extensions ['cmake', 'python']
[1.086s] Level 1:colcon.colcon_core.package_identification:_identify(robotic_arm_arduino_driver/lib) by extension 'cmake'
[1.086s] Level 1:colcon.colcon_core.package_identification:_identify(robotic_arm_arduino_driver/lib) by extension 'python'
[1.087s] Level 1:colcon.colcon_core.package_identification:_identify(robotic_arm_arduino_driver/lib) by extensions ['python_setup_py']
[1.087s] Level 1:colcon.colcon_core.package_identification:_identify(robotic_arm_arduino_driver/lib) by extension 'python_setup_py'
[1.087s] Level 1:colcon.colcon_core.package_identification:_identify(robotic_arm_arduino_driver/src) by extensions ['ignore', 'ignore_ament_install']
[1.087s] Level 1:colcon.colcon_core.package_identification:_identify(robotic_arm_arduino_driver/src) by extension 'ignore'
[1.087s] Level 1:colcon.colcon_core.package_identification:_identify(robotic_arm_arduino_driver/src) by extension 'ignore_ament_install'
[1.087s] Level 1:colcon.colcon_core.package_identification:_identify(robotic_arm_arduino_driver/src) by extensions ['colcon_pkg']
[1.087s] Level 1:colcon.colcon_core.package_identification:_identify(robotic_arm_arduino_driver/src) by extension 'colcon_pkg'
[1.087s] Level 1:colcon.colcon_core.package_identification:_identify(robotic_arm_arduino_driver/src) by extensions ['colcon_meta']
[1.087s] Level 1:colcon.colcon_core.package_identification:_identify(robotic_arm_arduino_driver/src) by extension 'colcon_meta'
[1.088s] Level 1:colcon.colcon_core.package_identification:_identify(robotic_arm_arduino_driver/src) by extensions ['ros']
[1.088s] Level 1:colcon.colcon_core.package_identification:_identify(robotic_arm_arduino_driver/src) by extension 'ros'
[1.088s] Level 1:colcon.colcon_core.package_identification:_identify(robotic_arm_arduino_driver/src) by extensions ['cmake', 'python']
[1.088s] Level 1:colcon.colcon_core.package_identification:_identify(robotic_arm_arduino_driver/src) by extension 'cmake'
[1.088s] Level 1:colcon.colcon_core.package_identification:_identify(robotic_arm_arduino_driver/src) by extension 'python'
[1.088s] Level 1:colcon.colcon_core.package_identification:_identify(robotic_arm_arduino_driver/src) by extensions ['python_setup_py']
[1.088s] Level 1:colcon.colcon_core.package_identification:_identify(robotic_arm_arduino_driver/src) by extension 'python_setup_py'
[1.088s] Level 1:colcon.colcon_core.package_identification:_identify(robotic_arm_arduino_driver/test) by extensions ['ignore', 'ignore_ament_install']
[1.088s] Level 1:colcon.colcon_core.package_identification:_identify(robotic_arm_arduino_driver/test) by extension 'ignore'
[1.088s] Level 1:colcon.colcon_core.package_identification:_identify(robotic_arm_arduino_driver/test) by extension 'ignore_ament_install'
[1.089s] Level 1:colcon.colcon_core.package_identification:_identify(robotic_arm_arduino_driver/test) by extensions ['colcon_pkg']
[1.089s] Level 1:colcon.colcon_core.package_identification:_identify(robotic_arm_arduino_driver/test) by extension 'colcon_pkg'
[1.089s] Level 1:colcon.colcon_core.package_identification:_identify(robotic_arm_arduino_driver/test) by extensions ['colcon_meta']
[1.089s] Level 1:colcon.colcon_core.package_identification:_identify(robotic_arm_arduino_driver/test) by extension 'colcon_meta'
[1.089s] Level 1:colcon.colcon_core.package_identification:_identify(robotic_arm_arduino_driver/test) by extensions ['ros']
[1.089s] Level 1:colcon.colcon_core.package_identification:_identify(robotic_arm_arduino_driver/test) by extension 'ros'
[1.089s] Level 1:colcon.colcon_core.package_identification:_identify(robotic_arm_arduino_driver/test) by extensions ['cmake', 'python']
[1.089s] Level 1:colcon.colcon_core.package_identification:_identify(robotic_arm_arduino_driver/test) by extension 'cmake'
[1.089s] Level 1:colcon.colcon_core.package_identification:_identify(robotic_arm_arduino_driver/test) by extension 'python'
[1.089s] Level 1:colcon.colcon_core.package_identification:_identify(robotic_arm_arduino_driver/test) by extensions ['python_setup_py']
[1.089s] Level 1:colcon.colcon_core.package_identification:_identify(robotic_arm_arduino_driver/test) by extension 'python_setup_py'
[1.090s] Level 1:colcon.colcon_core.package_identification:_identify(src) by extensions ['ignore', 'ignore_ament_install']
[1.090s] Level 1:colcon.colcon_core.package_identification:_identify(src) by extension 'ignore'
[1.090s] Level 1:colcon.colcon_core.package_identification:_identify(src) by extension 'ignore_ament_install'
[1.090s] Level 1:colcon.colcon_core.package_identification:_identify(src) by extensions ['colcon_pkg']
[1.090s] Level 1:colcon.colcon_core.package_identification:_identify(src) by extension 'colcon_pkg'
[1.090s] Level 1:colcon.colcon_core.package_identification:_identify(src) by extensions ['colcon_meta']
[1.090s] Level 1:colcon.colcon_core.package_identification:_identify(src) by extension 'colcon_meta'
[1.090s] Level 1:colcon.colcon_core.package_identification:_identify(src) by extensions ['ros']
[1.090s] Level 1:colcon.colcon_core.package_identification:_identify(src) by extension 'ros'
[1.090s] Level 1:colcon.colcon_core.package_identification:_identify(src) by extensions ['cmake', 'python']
[1.090s] Level 1:colcon.colcon_core.package_identification:_identify(src) by extension 'cmake'
[1.090s] Level 1:colcon.colcon_core.package_identification:_identify(src) by extension 'python'
[1.091s] Level 1:colcon.colcon_core.package_identification:_identify(src) by extensions ['python_setup_py']
[1.091s] Level 1:colcon.colcon_core.package_identification:_identify(src) by extension 'python_setup_py'
[1.091s] Level 1:colcon.colcon_core.package_identification:_identify(src/launch) by extensions ['ignore', 'ignore_ament_install']
[1.091s] Level 1:colcon.colcon_core.package_identification:_identify(src/launch) by extension 'ignore'
[1.091s] Level 1:colcon.colcon_core.package_identification:_identify(src/launch) by extension 'ignore_ament_install'
[1.091s] Level 1:colcon.colcon_core.package_identification:_identify(src/launch) by extensions ['colcon_pkg']
[1.091s] Level 1:colcon.colcon_core.package_identification:_identify(src/launch) by extension 'colcon_pkg'
[1.091s] Level 1:colcon.colcon_core.package_identification:_identify(src/launch) by extensions ['colcon_meta']
[1.091s] Level 1:colcon.colcon_core.package_identification:_identify(src/launch) by extension 'colcon_meta'
[1.091s] Level 1:colcon.colcon_core.package_identification:_identify(src/launch) by extensions ['ros']
[1.092s] Level 1:colcon.colcon_core.package_identification:_identify(src/launch) by extension 'ros'
[1.092s] Level 1:colcon.colcon_core.package_identification:_identify(src/launch) by extensions ['cmake', 'python']
[1.092s] Level 1:colcon.colcon_core.package_identification:_identify(src/launch) by extension 'cmake'
[1.092s] Level 1:colcon.colcon_core.package_identification:_identify(src/launch) by extension 'python'
[1.092s] Level 1:colcon.colcon_core.package_identification:_identify(src/launch) by extensions ['python_setup_py']
[1.092s] Level 1:colcon.colcon_core.package_identification:_identify(src/launch) by extension 'python_setup_py'
[1.092s] Level 1:colcon.colcon_core.package_identification:_identify(src/launch/__pycache__) by extensions ['ignore', 'ignore_ament_install']
[1.092s] Level 1:colcon.colcon_core.package_identification:_identify(src/launch/__pycache__) by extension 'ignore'
[1.092s] Level 1:colcon.colcon_core.package_identification:_identify(src/launch/__pycache__) by extension 'ignore_ament_install'
[1.093s] Level 1:colcon.colcon_core.package_identification:_identify(src/launch/__pycache__) by extensions ['colcon_pkg']
[1.093s] Level 1:colcon.colcon_core.package_identification:_identify(src/launch/__pycache__) by extension 'colcon_pkg'
[1.093s] Level 1:colcon.colcon_core.package_identification:_identify(src/launch/__pycache__) by extensions ['colcon_meta']
[1.093s] Level 1:colcon.colcon_core.package_identification:_identify(src/launch/__pycache__) by extension 'colcon_meta'
[1.093s] Level 1:colcon.colcon_core.package_identification:_identify(src/launch/__pycache__) by extensions ['ros']
[1.093s] Level 1:colcon.colcon_core.package_identification:_identify(src/launch/__pycache__) by extension 'ros'
[1.093s] Level 1:colcon.colcon_core.package_identification:_identify(src/launch/__pycache__) by extensions ['cmake', 'python']
[1.093s] Level 1:colcon.colcon_core.package_identification:_identify(src/launch/__pycache__) by extension 'cmake'
[1.093s] Level 1:colcon.colcon_core.package_identification:_identify(src/launch/__pycache__) by extension 'python'
[1.093s] Level 1:colcon.colcon_core.package_identification:_identify(src/launch/__pycache__) by extensions ['python_setup_py']
[1.093s] Level 1:colcon.colcon_core.package_identification:_identify(src/launch/__pycache__) by extension 'python_setup_py'
[1.094s] Level 1:colcon.colcon_core.package_identification:_identify(src/ros2_aruco_perception) by extensions ['ignore', 'ignore_ament_install']
[1.094s] Level 1:colcon.colcon_core.package_identification:_identify(src/ros2_aruco_perception) by extension 'ignore'
[1.094s] Level 1:colcon.colcon_core.package_identification:_identify(src/ros2_aruco_perception) by extension 'ignore_ament_install'
[1.094s] Level 1:colcon.colcon_core.package_identification:_identify(src/ros2_aruco_perception) by extensions ['colcon_pkg']
[1.094s] Level 1:colcon.colcon_core.package_identification:_identify(src/ros2_aruco_perception) by extension 'colcon_pkg'
[1.094s] Level 1:colcon.colcon_core.package_identification:_identify(src/ros2_aruco_perception) by extensions ['colcon_meta']
[1.094s] Level 1:colcon.colcon_core.package_identification:_identify(src/ros2_aruco_perception) by extension 'colcon_meta'
[1.094s] Level 1:colcon.colcon_core.package_identification:_identify(src/ros2_aruco_perception) by extensions ['ros']
[1.094s] Level 1:colcon.colcon_core.package_identification:_identify(src/ros2_aruco_perception) by extension 'ros'
[1.099s] DEBUG:colcon.colcon_core.package_identification:Package 'src/ros2_aruco_perception' with type 'ros.ament_python' and name 'ros2_aruco_perception'
[1.100s] Level 1:colcon.colcon_core.package_identification:_identify(src/ros2_task_planner) by extensions ['ignore', 'ignore_ament_install']
[1.100s] Level 1:colcon.colcon_core.package_identification:_identify(src/ros2_task_planner) by extension 'ignore'
[1.100s] Level 1:colcon.colcon_core.package_identification:_identify(src/ros2_task_planner) by extension 'ignore_ament_install'
[1.100s] Level 1:colcon.colcon_core.package_identification:_identify(src/ros2_task_planner) by extensions ['colcon_pkg']
[1.100s] Level 1:colcon.colcon_core.package_identification:_identify(src/ros2_task_planner) by extension 'colcon_pkg'
[1.100s] Level 1:colcon.colcon_core.package_identification:_identify(src/ros2_task_planner) by extensions ['colcon_meta']
[1.100s] Level 1:colcon.colcon_core.package_identification:_identify(src/ros2_task_planner) by extension 'colcon_meta'
[1.100s] Level 1:colcon.colcon_core.package_identification:_identify(src/ros2_task_planner) by extensions ['ros']
[1.100s] Level 1:colcon.colcon_core.package_identification:_identify(src/ros2_task_planner) by extension 'ros'
[1.102s] DEBUG:colcon.colcon_core.package_identification:Package 'src/ros2_task_planner' with type 'ros.ament_python' and name 'ros2_task_planner'
[1.103s] Level 1:colcon.colcon_core.package_identification:_identify(src/usb_cam_driver) by extensions ['ignore', 'ignore_ament_install']
[1.103s] Level 1:colcon.colcon_core.package_identification:_identify(src/usb_cam_driver) by extension 'ignore'
[1.103s] Level 1:colcon.colcon_core.package_identification:_identify(src/usb_cam_driver) by extension 'ignore_ament_install'
[1.103s] Level 1:colcon.colcon_core.package_identification:_identify(src/usb_cam_driver) by extensions ['colcon_pkg']
[1.103s] Level 1:colcon.colcon_core.package_identification:_identify(src/usb_cam_driver) by extension 'colcon_pkg'
[1.103s] Level 1:colcon.colcon_core.package_identification:_identify(src/usb_cam_driver) by extensions ['colcon_meta']
[1.103s] Level 1:colcon.colcon_core.package_identification:_identify(src/usb_cam_driver) by extension 'colcon_meta'
[1.103s] Level 1:colcon.colcon_core.package_identification:_identify(src/usb_cam_driver) by extensions ['ros']
[1.104s] Level 1:colcon.colcon_core.package_identification:_identify(src/usb_cam_driver) by extension 'ros'
[1.105s] DEBUG:colcon.colcon_core.package_identification:Package 'src/usb_cam_driver' with type 'ros.ament_python' and name 'usb_cam_driver'
[1.105s] Level 1:colcon.colcon_core.package_identification:_identify(turn_servo2) by extensions ['ignore', 'ignore_ament_install']
[1.105s] Level 1:colcon.colcon_core.package_identification:_identify(turn_servo2) by extension 'ignore'
[1.106s] Level 1:colcon.colcon_core.package_identification:_identify(turn_servo2) by extension 'ignore_ament_install'
[1.106s] Level 1:colcon.colcon_core.package_identification:_identify(turn_servo2) by extensions ['colcon_pkg']
[1.106s] Level 1:colcon.colcon_core.package_identification:_identify(turn_servo2) by extension 'colcon_pkg'
[1.106s] Level 1:colcon.colcon_core.package_identification:_identify(turn_servo2) by extensions ['colcon_meta']
[1.106s] Level 1:colcon.colcon_core.package_identification:_identify(turn_servo2) by extension 'colcon_meta'
[1.106s] Level 1:colcon.colcon_core.package_identification:_identify(turn_servo2) by extensions ['ros']
[1.106s] Level 1:colcon.colcon_core.package_identification:_identify(turn_servo2) by extension 'ros'
[1.106s] Level 1:colcon.colcon_core.package_identification:_identify(turn_servo2) by extensions ['cmake', 'python']
[1.106s] Level 1:colcon.colcon_core.package_identification:_identify(turn_servo2) by extension 'cmake'
[1.107s] Level 1:colcon.colcon_core.package_identification:_identify(turn_servo2) by extension 'python'
[1.107s] Level 1:colcon.colcon_core.package_identification:_identify(turn_servo2) by extensions ['python_setup_py']
[1.107s] Level 1:colcon.colcon_core.package_identification:_identify(turn_servo2) by extension 'python_setup_py'
[1.107s] Level 1:colcon.colcon_core.package_discovery:discover_packages(recursive) using defaults
[1.107s] Level 1:colcon.colcon_core.package_discovery:discover_packages(ignore) discover
[1.107s] Level 1:colcon.colcon_core.package_discovery:discover_packages(ignore) using defaults
[1.107s] Level 1:colcon.colcon_core.package_discovery:discover_packages(path) discover
[1.107s] Level 1:colcon.colcon_core.package_discovery:discover_packages(path) using defaults
[1.141s] Level 1:colcon.colcon_core.package_discovery:discover_packages(prefix_path) check parameters
[1.141s] Level 1:colcon.colcon_core.package_discovery:discover_packages(prefix_path) discover
[1.145s] DEBUG:colcon.colcon_installed_package_information.package_discovery:Found 3 installed packages in /home/popem/spring-2025-final-project-team-4/install
[1.149s] DEBUG:colcon.colcon_installed_package_information.package_discovery:Found 256 installed packages in /opt/ros/foxy
[1.152s] Level 1:colcon.colcon_core.package_discovery:discover_packages(prefix_path) using defaults
[1.306s] Level 5:colcon.colcon_core.verb:set package 'ros2_aruco_perception' build argument 'cmake_args' from command line to 'None'
[1.307s] Level 5:colcon.colcon_core.verb:set package 'ros2_aruco_perception' build argument 'cmake_target' from command line to 'None'
[1.307s] Level 5:colcon.colcon_core.verb:set package 'ros2_aruco_perception' build argument 'cmake_target_skip_unavailable' from command line to 'False'
[1.307s] Level 5:colcon.colcon_core.verb:set package 'ros2_aruco_perception' build argument 'cmake_clean_cache' from command line to 'False'
[1.307s] Level 5:colcon.colcon_core.verb:set package 'ros2_aruco_perception' build argument 'cmake_clean_first' from command line to 'False'
[1.307s] Level 5:colcon.colcon_core.verb:set package 'ros2_aruco_perception' build argument 'cmake_force_configure' from command line to 'False'
[1.307s] Level 5:colcon.colcon_core.verb:set package 'ros2_aruco_perception' build argument 'ament_cmake_args' from command line to 'None'
[1.307s] Level 5:colcon.colcon_core.verb:set package 'ros2_aruco_perception' build argument 'catkin_cmake_args' from command line to 'None'
[1.307s] Level 5:colcon.colcon_core.verb:set package 'ros2_aruco_perception' build argument 'catkin_skip_building_tests' from command line to 'False'
[1.307s] DEBUG:colcon.colcon_core.verb:Building package 'ros2_aruco_perception' with the following arguments: {'ament_cmake_args': None, 'build_base': '/home/popem/spring-2025-final-project-team-4/build/ros2_aruco_perception', 'catkin_cmake_args': None, 'catkin_skip_building_tests': False, 'cmake_args': None, 'cmake_clean_cache': False, 'cmake_clean_first': False, 'cmake_force_configure': False, 'cmake_target': None, 'cmake_target_skip_unavailable': False, 'install_base': '/home/popem/spring-2025-final-project-team-4/install/ros2_aruco_perception', 'merge_install': False, 'path': '/home/popem/spring-2025-final-project-team-4/src/ros2_aruco_perception', 'symlink_install': True, 'test_result_base': None}
[1.308s] Level 5:colcon.colcon_core.verb:set package 'ros2_task_planner' build argument 'cmake_args' from command line to 'None'
[1.308s] Level 5:colcon.colcon_core.verb:set package 'ros2_task_planner' build argument 'cmake_target' from command line to 'None'
[1.308s] Level 5:colcon.colcon_core.verb:set package 'ros2_task_planner' build argument 'cmake_target_skip_unavailable' from command line to 'False'
[1.308s] Level 5:colcon.colcon_core.verb:set package 'ros2_task_planner' build argument 'cmake_clean_cache' from command line to 'False'
[1.308s] Level 5:colcon.colcon_core.verb:set package 'ros2_task_planner' build argument 'cmake_clean_first' from command line to 'False'
[1.308s] Level 5:colcon.colcon_core.verb:set package 'ros2_task_planner' build argument 'cmake_force_configure' from command line to 'False'
[1.308s] Level 5:colcon.colcon_core.verb:set package 'ros2_task_planner' build argument 'ament_cmake_args' from command line to 'None'
[1.308s] Level 5:colcon.colcon_core.verb:set package 'ros2_task_planner' build argument 'catkin_cmake_args' from command line to 'None'
[1.308s] Level 5:colcon.colcon_core.verb:set package 'ros2_task_planner' build argument 'catkin_skip_building_tests' from command line to 'False'
[1.308s] DEBUG:colcon.colcon_core.verb:Building package 'ros2_task_planner' with the following arguments: {'ament_cmake_args': None, 'build_base': '/home/popem/spring-2025-final-project-team-4/build/ros2_task_planner', 'catkin_cmake_args': None, 'catkin_skip_building_tests': False, 'cmake_args': None, 'cmake_clean_cache': False, 'cmake_clean_first': False, 'cmake_force_configure': False, 'cmake_target': None, 'cmake_target_skip_unavailable': False, 'install_base': '/home/popem/spring-2025-final-project-team-4/install/ros2_task_planner', 'merge_install': False, 'path': '/home/popem/spring-2025-final-project-team-4/src/ros2_task_planner', 'symlink_install': True, 'test_result_base': None}
[1.309s] Level 5:colcon.colcon_core.verb:set package 'usb_cam_driver' build argument 'cmake_args' from command line to 'None'
[1.309s] Level 5:colcon.colcon_core.verb:set package 'usb_cam_driver' build argument 'cmake_target' from command line to 'None'
[1.309s] Level 5:colcon.colcon_core.verb:set package 'usb_cam_driver' build argument 'cmake_target_skip_unavailable' from command line to 'False'
[1.309s] Level 5:colcon.colcon_core.verb:set package 'usb_cam_driver' build argument 'cmake_clean_cache' from command line to 'False'
[1.309s] Level 5:colcon.colcon_core.verb:set package 'usb_cam_driver' build argument 'cmake_clean_first' from command line to 'False'
[1.309s] Level 5:colcon.colcon_core.verb:set package 'usb_cam_driver' build argument 'cmake_force_configure' from command line to 'False'
[1.310s] Level 5:colcon.colcon_core.verb:set package 'usb_cam_driver' build argument 'ament_cmake_args' from command line to 'None'
[1.310s] Level 5:colcon.colcon_core.verb:set package 'usb_cam_driver' build argument 'catkin_cmake_args' from command line to 'None'
[1.310s] Level 5:colcon.colcon_core.verb:set package 'usb_cam_driver' build argument 'catkin_skip_building_tests' from command line to 'False'
[1.310s] DEBUG:colcon.colcon_core.verb:Building package 'usb_cam_driver' with the following arguments: {'ament_cmake_args': None, 'build_base': '/home/popem/spring-2025-final-project-team-4/build/usb_cam_driver', 'catkin_cmake_args': None, 'catkin_skip_building_tests': False, 'cmake_args': None, 'cmake_clean_cache': False, 'cmake_clean_first': False, 'cmake_force_configure': False, 'cmake_target': None, 'cmake_target_skip_unavailable': False, 'install_base': '/home/popem/spring-2025-final-project-team-4/install/usb_cam_driver', 'merge_install': False, 'path': '/home/popem/spring-2025-final-project-team-4/src/usb_cam_driver', 'symlink_install': True, 'test_result_base': None}
[1.310s] INFO:colcon.colcon_core.executor:Executing jobs using 'parallel' executor
[1.313s] DEBUG:colcon.colcon_parallel_executor.executor.parallel:run_until_complete
[1.314s] INFO:colcon.colcon_ros.task.ament_python.build:Building ROS package in '/home/popem/spring-2025-final-project-team-4/src/ros2_aruco_perception' with build type 'ament_python'
[1.315s] Level 1:colcon.colcon_core.shell:create_environment_hook('ros2_aruco_perception', 'ament_prefix_path')
[1.320s] INFO:colcon.colcon_core.plugin_system:Skipping extension 'colcon_core.shell.bat': Not used on non-Windows systems
[1.320s] INFO:colcon.colcon_core.shell:Creating environment hook '/home/popem/spring-2025-final-project-team-4/install/ros2_aruco_perception/share/ros2_aruco_perception/hook/ament_prefix_path.ps1'
[1.322s] INFO:colcon.colcon_core.shell:Creating environment descriptor '/home/popem/spring-2025-final-project-team-4/install/ros2_aruco_perception/share/ros2_aruco_perception/hook/ament_prefix_path.dsv'
[1.324s] INFO:colcon.colcon_core.shell:Creating environment hook '/home/popem/spring-2025-final-project-team-4/install/ros2_aruco_perception/share/ros2_aruco_perception/hook/ament_prefix_path.sh'
[1.326s] INFO:colcon.colcon_core.shell:Skip shell extension 'powershell' for command environment: Not usable outside of PowerShell
[1.326s] DEBUG:colcon.colcon_core.shell:Skip shell extension 'dsv' for command environment
[1.341s] INFO:colcon.colcon_ros.task.ament_python.build:Building ROS package in '/home/popem/spring-2025-final-project-team-4/src/ros2_task_planner' with build type 'ament_python'
[1.343s] Level 1:colcon.colcon_core.shell:create_environment_hook('ros2_task_planner', 'ament_prefix_path')
[1.344s] INFO:colcon.colcon_core.shell:Creating environment hook '/home/popem/spring-2025-final-project-team-4/install/ros2_task_planner/share/ros2_task_planner/hook/ament_prefix_path.ps1'
[1.347s] INFO:colcon.colcon_core.shell:Creating environment descriptor '/home/popem/spring-2025-final-project-team-4/install/ros2_task_planner/share/ros2_task_planner/hook/ament_prefix_path.dsv'
[1.348s] INFO:colcon.colcon_core.shell:Creating environment hook '/home/popem/spring-2025-final-project-team-4/install/ros2_task_planner/share/ros2_task_planner/hook/ament_prefix_path.sh'
[1.351s] INFO:colcon.colcon_core.shell:Skip shell extension 'powershell' for command environment: Not usable outside of PowerShell
[1.351s] DEBUG:colcon.colcon_core.shell:Skip shell extension 'dsv' for command environment
[1.366s] INFO:colcon.colcon_ros.task.ament_python.build:Building ROS package in '/home/popem/spring-2025-final-project-team-4/src/usb_cam_driver' with build type 'ament_python'
[1.367s] Level 1:colcon.colcon_core.shell:create_environment_hook('usb_cam_driver', 'ament_prefix_path')
[1.369s] INFO:colcon.colcon_core.shell:Creating environment hook '/home/popem/spring-2025-final-project-team-4/install/usb_cam_driver/share/usb_cam_driver/hook/ament_prefix_path.ps1'
[1.372s] INFO:colcon.colcon_core.shell:Creating environment descriptor '/home/popem/spring-2025-final-project-team-4/install/usb_cam_driver/share/usb_cam_driver/hook/ament_prefix_path.dsv'
[1.373s] INFO:colcon.colcon_core.shell:Creating environment hook '/home/popem/spring-2025-final-project-team-4/install/usb_cam_driver/share/usb_cam_driver/hook/ament_prefix_path.sh'
[1.375s] INFO:colcon.colcon_core.shell:Skip shell extension 'powershell' for command environment: Not usable outside of PowerShell
[1.375s] DEBUG:colcon.colcon_core.shell:Skip shell extension 'dsv' for command environment
[1.901s] INFO:colcon.colcon_core.task.python.build:Building Python package in '/home/popem/spring-2025-final-project-team-4/src/ros2_aruco_perception'
[1.902s] INFO:colcon.colcon_core.shell:Skip shell extension 'powershell' for command environment: Not usable outside of PowerShell
[1.902s] DEBUG:colcon.colcon_core.shell:Skip shell extension 'dsv' for command environment
[2.436s] INFO:colcon.colcon_core.task.python.build:Building Python package in '/home/popem/spring-2025-final-project-team-4/src/ros2_task_planner'
[2.437s] INFO:colcon.colcon_core.shell:Skip shell extension 'powershell' for command environment: Not usable outside of PowerShell
[2.437s] DEBUG:colcon.colcon_core.shell:Skip shell extension 'dsv' for command environment
[2.952s] INFO:colcon.colcon_core.task.python.build:Building Python package in '/home/popem/spring-2025-final-project-team-4/src/usb_cam_driver'
[2.953s] INFO:colcon.colcon_core.shell:Skip shell extension 'powershell' for command environment: Not usable outside of PowerShell
[2.954s] DEBUG:colcon.colcon_core.shell:Skip shell extension 'dsv' for command environment
[3.935s] DEBUG:colcon.colcon_core.event_handler.log_command:Invoking command in '/home/popem/spring-2025-final-project-team-4/build/usb_cam_driver': PYTHONPATH=/home/popem/spring-2025-final-project-team-4/build/usb_cam_driver/prefix_override:/usr/lib/python3/dist-packages/colcon_core/task/python/colcon_distutils_commands:/home/popem/spring-2025-final-project-team-4/install/usb_cam_driver/lib/python3.8/site-packages:${PYTHONPATH} /usr/bin/python3 -W ignore:setup.py install is deprecated -W ignore:easy_install command is deprecated setup.py develop --editable --build-directory /home/popem/spring-2025-final-project-team-4/build/usb_cam_driver/build --no-deps symlink_data
[3.971s] DEBUG:colcon.colcon_core.event_handler.log_command:Invoking command in '/home/popem/spring-2025-final-project-team-4/build/ros2_aruco_perception': PYTHONPATH=/home/popem/spring-2025-final-project-team-4/build/ros2_aruco_perception/prefix_override:/usr/lib/python3/dist-packages/colcon_core/task/python/colcon_distutils_commands:/home/popem/spring-2025-final-project-team-4/install/ros2_aruco_perception/lib/python3.8/site-packages:${PYTHONPATH} /usr/bin/python3 -W ignore:setup.py install is deprecated -W ignore:easy_install command is deprecated setup.py develop --editable --build-directory /home/popem/spring-2025-final-project-team-4/build/ros2_aruco_perception/build --no-deps symlink_data
[3.977s] DEBUG:colcon.colcon_core.event_handler.log_command:Invoking command in '/home/popem/spring-2025-final-project-team-4/build/ros2_task_planner': PYTHONPATH=/home/popem/spring-2025-final-project-team-4/build/ros2_task_planner/prefix_override:/usr/lib/python3/dist-packages/colcon_core/task/python/colcon_distutils_commands:/home/popem/spring-2025-final-project-team-4/install/ros2_task_planner/lib/python3.8/site-packages:${PYTHONPATH} /usr/bin/python3 -W ignore:setup.py install is deprecated -W ignore:easy_install command is deprecated setup.py develop --editable --build-directory /home/popem/spring-2025-final-project-team-4/build/ros2_task_planner/build --no-deps symlink_data
[4.939s] Level 1:colcon.colcon_core.shell:create_environment_hook('usb_cam_driver', 'pythonpath_develop')
[4.940s] INFO:colcon.colcon_core.shell:Creating environment hook '/home/popem/spring-2025-final-project-team-4/build/usb_cam_driver/share/usb_cam_driver/hook/pythonpath_develop.ps1'
[4.943s] DEBUG:colcon.colcon_core.event_handler.log_command:Invoked command in '/home/popem/spring-2025-final-project-team-4/build/usb_cam_driver' returned '0': PYTHONPATH=/home/popem/spring-2025-final-project-team-4/build/usb_cam_driver/prefix_override:/usr/lib/python3/dist-packages/colcon_core/task/python/colcon_distutils_commands:/home/popem/spring-2025-final-project-team-4/install/usb_cam_driver/lib/python3.8/site-packages:${PYTHONPATH} /usr/bin/python3 -W ignore:setup.py install is deprecated -W ignore:easy_install command is deprecated setup.py develop --editable --build-directory /home/popem/spring-2025-final-project-team-4/build/usb_cam_driver/build --no-deps symlink_data
[4.944s] INFO:colcon.colcon_core.shell:Creating environment descriptor '/home/popem/spring-2025-final-project-team-4/build/usb_cam_driver/share/usb_cam_driver/hook/pythonpath_develop.dsv'
[4.946s] INFO:colcon.colcon_core.shell:Creating environment hook '/home/popem/spring-2025-final-project-team-4/build/usb_cam_driver/share/usb_cam_driver/hook/pythonpath_develop.sh'
[4.954s] Level 1:colcon.colcon_core.environment:checking '/home/popem/spring-2025-final-project-team-4/install/usb_cam_driver' for CMake module files
[4.956s] Level 1:colcon.colcon_core.environment:checking '/home/popem/spring-2025-final-project-team-4/install/usb_cam_driver' for CMake config files
[4.958s] Level 1:colcon.colcon_core.environment:checking '/home/popem/spring-2025-final-project-team-4/install/usb_cam_driver/lib'
[4.959s] Level 1:colcon.colcon_core.environment:checking '/home/popem/spring-2025-final-project-team-4/install/usb_cam_driver/bin'
[4.959s] Level 1:colcon.colcon_core.environment:checking '/home/popem/spring-2025-final-project-team-4/install/usb_cam_driver/lib/pkgconfig/usb_cam_driver.pc'
[4.960s] Level 1:colcon.colcon_core.environment:checking '/home/popem/spring-2025-final-project-team-4/install/usb_cam_driver/lib/python3.8/site-packages'
[4.960s] Level 1:colcon.colcon_core.shell:create_environment_hook('usb_cam_driver', 'pythonpath')
[4.960s] INFO:colcon.colcon_core.shell:Creating environment hook '/home/popem/spring-2025-final-project-team-4/install/usb_cam_driver/share/usb_cam_driver/hook/pythonpath.ps1'
[4.962s] INFO:colcon.colcon_core.shell:Creating environment descriptor '/home/popem/spring-2025-final-project-team-4/install/usb_cam_driver/share/usb_cam_driver/hook/pythonpath.dsv'
[4.964s] INFO:colcon.colcon_core.shell:Creating environment hook '/home/popem/spring-2025-final-project-team-4/install/usb_cam_driver/share/usb_cam_driver/hook/pythonpath.sh'
[4.966s] Level 1:colcon.colcon_core.environment:checking '/home/popem/spring-2025-final-project-team-4/install/usb_cam_driver/bin'
[4.967s] Level 1:colcon.colcon_core.environment:create_environment_scripts_only(usb_cam_driver)
[4.967s] INFO:colcon.colcon_core.shell:Creating package script '/home/popem/spring-2025-final-project-team-4/install/usb_cam_driver/share/usb_cam_driver/package.ps1'
[4.971s] INFO:colcon.colcon_core.shell:Creating package descriptor '/home/popem/spring-2025-final-project-team-4/install/usb_cam_driver/share/usb_cam_driver/package.dsv'
[4.972s] INFO:colcon.colcon_core.shell:Creating package script '/home/popem/spring-2025-final-project-team-4/install/usb_cam_driver/share/usb_cam_driver/package.sh'
[4.974s] INFO:colcon.colcon_core.shell:Creating package script '/home/popem/spring-2025-final-project-team-4/install/usb_cam_driver/share/usb_cam_driver/package.bash'
[4.976s] INFO:colcon.colcon_core.shell:Creating package script '/home/popem/spring-2025-final-project-team-4/install/usb_cam_driver/share/usb_cam_driver/package.zsh'
[4.978s] Level 1:colcon.colcon_core.environment:create_file_with_runtime_dependencies(/home/popem/spring-2025-final-project-team-4/install/usb_cam_driver/share/colcon-core/packages/usb_cam_driver)
[4.985s] Level 1:colcon.colcon_core.shell:create_environment_hook('ros2_aruco_perception', 'pythonpath_develop')
[4.987s] INFO:colcon.colcon_core.shell:Creating environment hook '/home/popem/spring-2025-final-project-team-4/build/ros2_aruco_perception/share/ros2_aruco_perception/hook/pythonpath_develop.ps1'
[4.988s] DEBUG:colcon.colcon_core.event_handler.log_command:Invoked command in '/home/popem/spring-2025-final-project-team-4/build/ros2_aruco_perception' returned '0': PYTHONPATH=/home/popem/spring-2025-final-project-team-4/build/ros2_aruco_perception/prefix_override:/usr/lib/python3/dist-packages/colcon_core/task/python/colcon_distutils_commands:/home/popem/spring-2025-final-project-team-4/install/ros2_aruco_perception/lib/python3.8/site-packages:${PYTHONPATH} /usr/bin/python3 -W ignore:setup.py install is deprecated -W ignore:easy_install command is deprecated setup.py develop --editable --build-directory /home/popem/spring-2025-final-project-team-4/build/ros2_aruco_perception/build --no-deps symlink_data
[4.989s] INFO:colcon.colcon_core.shell:Creating environment descriptor '/home/popem/spring-2025-final-project-team-4/build/ros2_aruco_perception/share/ros2_aruco_perception/hook/pythonpath_develop.dsv'
[4.990s] INFO:colcon.colcon_core.shell:Creating environment hook '/home/popem/spring-2025-final-project-team-4/build/ros2_aruco_perception/share/ros2_aruco_perception/hook/pythonpath_develop.sh'
[4.992s] Level 1:colcon.colcon_core.environment:checking '/home/popem/spring-2025-final-project-team-4/install/ros2_aruco_perception' for CMake module files
[4.993s] Level 1:colcon.colcon_core.environment:checking '/home/popem/spring-2025-final-project-team-4/install/ros2_aruco_perception' for CMake config files
[4.995s] Level 1:colcon.colcon_core.environment:checking '/home/popem/spring-2025-final-project-team-4/install/ros2_aruco_perception/lib'
[4.995s] Level 1:colcon.colcon_core.environment:checking '/home/popem/spring-2025-final-project-team-4/install/ros2_aruco_perception/bin'
[4.995s] Level 1:colcon.colcon_core.environment:checking '/home/popem/spring-2025-final-project-team-4/install/ros2_aruco_perception/lib/pkgconfig/ros2_aruco_perception.pc'
[4.996s] Level 1:colcon.colcon_core.environment:checking '/home/popem/spring-2025-final-project-team-4/install/ros2_aruco_perception/lib/python3.8/site-packages'
[4.997s] Level 1:colcon.colcon_core.shell:create_environment_hook('ros2_aruco_perception', 'pythonpath')
[4.997s] INFO:colcon.colcon_core.shell:Creating environment hook '/home/popem/spring-2025-final-project-team-4/install/ros2_aruco_perception/share/ros2_aruco_perception/hook/pythonpath.ps1'
[4.998s] INFO:colcon.colcon_core.shell:Creating environment descriptor '/home/popem/spring-2025-final-project-team-4/install/ros2_aruco_perception/share/ros2_aruco_perception/hook/pythonpath.dsv'
[5.000s] INFO:colcon.colcon_core.shell:Creating environment hook '/home/popem/spring-2025-final-project-team-4/install/ros2_aruco_perception/share/ros2_aruco_perception/hook/pythonpath.sh'
[5.001s] Level 1:colcon.colcon_core.environment:checking '/home/popem/spring-2025-final-project-team-4/install/ros2_aruco_perception/bin'
[5.002s] Level 1:colcon.colcon_core.environment:create_environment_scripts_only(ros2_aruco_perception)
[5.003s] INFO:colcon.colcon_core.shell:Creating package script '/home/popem/spring-2025-final-project-team-4/install/ros2_aruco_perception/share/ros2_aruco_perception/package.ps1'
[5.005s] INFO:colcon.colcon_core.shell:Creating package descriptor '/home/popem/spring-2025-final-project-team-4/install/ros2_aruco_perception/share/ros2_aruco_perception/package.dsv'
[5.006s] INFO:colcon.colcon_core.shell:Creating package script '/home/popem/spring-2025-final-project-team-4/install/ros2_aruco_perception/share/ros2_aruco_perception/package.sh'
[5.008s] INFO:colcon.colcon_core.shell:Creating package script '/home/popem/spring-2025-final-project-team-4/install/ros2_aruco_perception/share/ros2_aruco_perception/package.bash'
[5.010s] INFO:colcon.colcon_core.shell:Creating package script '/home/popem/spring-2025-final-project-team-4/install/ros2_aruco_perception/share/ros2_aruco_perception/package.zsh'
[5.012s] Level 1:colcon.colcon_core.environment:create_file_with_runtime_dependencies(/home/popem/spring-2025-final-project-team-4/install/ros2_aruco_perception/share/colcon-core/packages/ros2_aruco_perception)
[5.019s] Level 1:colcon.colcon_core.shell:create_environment_hook('ros2_task_planner', 'pythonpath_develop')
[5.020s] INFO:colcon.colcon_core.shell:Creating environment hook '/home/popem/spring-2025-final-project-team-4/build/ros2_task_planner/share/ros2_task_planner/hook/pythonpath_develop.ps1'
[5.022s] DEBUG:colcon.colcon_core.event_handler.log_command:Invoked command in '/home/popem/spring-2025-final-project-team-4/build/ros2_task_planner' returned '0': PYTHONPATH=/home/popem/spring-2025-final-project-team-4/build/ros2_task_planner/prefix_override:/usr/lib/python3/dist-packages/colcon_core/task/python/colcon_distutils_commands:/home/popem/spring-2025-final-project-team-4/install/ros2_task_planner/lib/python3.8/site-packages:${PYTHONPATH} /usr/bin/python3 -W ignore:setup.py install is deprecated -W ignore:easy_install command is deprecated setup.py develop --editable --build-directory /home/popem/spring-2025-final-project-team-4/build/ros2_task_planner/build --no-deps symlink_data
[5.023s] INFO:colcon.colcon_core.shell:Creating environment descriptor '/home/popem/spring-2025-final-project-team-4/build/ros2_task_planner/share/ros2_task_planner/hook/pythonpath_develop.dsv'
[5.024s] INFO:colcon.colcon_core.shell:Creating environment hook '/home/popem/spring-2025-final-project-team-4/build/ros2_task_planner/share/ros2_task_planner/hook/pythonpath_develop.sh'
[5.026s] Level 1:colcon.colcon_core.environment:checking '/home/popem/spring-2025-final-project-team-4/install/ros2_task_planner' for CMake module files
[5.027s] Level 1:colcon.colcon_core.environment:checking '/home/popem/spring-2025-final-project-team-4/install/ros2_task_planner' for CMake config files
[5.029s] Level 1:colcon.colcon_core.environment:checking '/home/popem/spring-2025-final-project-team-4/install/ros2_task_planner/lib'
[5.029s] Level 1:colcon.colcon_core.environment:checking '/home/popem/spring-2025-final-project-team-4/install/ros2_task_planner/bin'
[5.030s] Level 1:colcon.colcon_core.environment:checking '/home/popem/spring-2025-final-project-team-4/install/ros2_task_planner/lib/pkgconfig/ros2_task_planner.pc'
[5.030s] Level 1:colcon.colcon_core.environment:checking '/home/popem/spring-2025-final-project-team-4/install/ros2_task_planner/lib/python3.8/site-packages'
[5.030s] Level 1:colcon.colcon_core.shell:create_environment_hook('ros2_task_planner', 'pythonpath')
[5.031s] INFO:colcon.colcon_core.shell:Creating environment hook '/home/popem/spring-2025-final-project-team-4/install/ros2_task_planner/share/ros2_task_planner/hook/pythonpath.ps1'
[5.032s] INFO:colcon.colcon_core.shell:Creating environment descriptor '/home/popem/spring-2025-final-project-team-4/install/ros2_task_planner/share/ros2_task_planner/hook/pythonpath.dsv'
[5.033s] INFO:colcon.colcon_core.shell:Creating environment hook '/home/popem/spring-2025-final-project-team-4/install/ros2_task_planner/share/ros2_task_planner/hook/pythonpath.sh'
[5.035s] Level 1:colcon.colcon_core.environment:checking '/home/popem/spring-2025-final-project-team-4/install/ros2_task_planner/bin'
[5.035s] Level 1:colcon.colcon_core.environment:create_environment_scripts_only(ros2_task_planner)
[5.037s] INFO:colcon.colcon_core.shell:Creating package script '/home/popem/spring-2025-final-project-team-4/install/ros2_task_planner/share/ros2_task_planner/package.ps1'
[5.039s] INFO:colcon.colcon_core.shell:Creating package descriptor '/home/popem/spring-2025-final-project-team-4/install/ros2_task_planner/share/ros2_task_planner/package.dsv'
[5.040s] INFO:colcon.colcon_core.shell:Creating package script '/home/popem/spring-2025-final-project-team-4/install/ros2_task_planner/share/ros2_task_planner/package.sh'
[5.043s] INFO:colcon.colcon_core.shell:Creating package script '/home/popem/spring-2025-final-project-team-4/install/ros2_task_planner/share/ros2_task_planner/package.bash'
[5.045s] INFO:colcon.colcon_core.shell:Creating package script '/home/popem/spring-2025-final-project-team-4/install/ros2_task_planner/share/ros2_task_planner/package.zsh'
[5.047s] Level 1:colcon.colcon_core.environment:create_file_with_runtime_dependencies(/home/popem/spring-2025-final-project-team-4/install/ros2_task_planner/share/colcon-core/packages/ros2_task_planner)
[5.048s] DEBUG:colcon.colcon_parallel_executor.executor.parallel:closing loop
[5.050s] DEBUG:colcon.colcon_parallel_executor.executor.parallel:loop closed
[5.051s] DEBUG:colcon.colcon_parallel_executor.executor.parallel:run_until_complete finished with '0'
[5.052s] DEBUG:colcon.colcon_core.event_reactor:joining thread
[5.284s] INFO:colcon.colcon_core.plugin_system:Skipping extension 'colcon_notification.desktop_notification.notify_send': Could not find 'notify-send'
[5.284s] INFO:colcon.colcon_core.plugin_system:Skipping extension 'colcon_notification.desktop_notification.terminal_notifier': Not used on non-Darwin systems
[5.284s] INFO:colcon.colcon_core.plugin_system:Skipping extension 'colcon_notification.desktop_notification.win32': Not used on non-Windows systems
[5.284s] INFO:colcon.colcon_notification.desktop_notification:Sending desktop notification using 'notify2'
[5.287s] DEBUG:colcon.colcon_notification.desktop_notification.notify2:Failed to initialize notify2: org.freedesktop.DBus.Error.ServiceUnknown: The name org.freedesktop.Notifications was not provided by any .service files
[5.288s] DEBUG:colcon.colcon_core.event_reactor:joined thread
[5.288s] INFO:colcon.colcon_core.shell:Creating prefix script '/home/popem/spring-2025-final-project-team-4/install/local_setup.ps1'
[5.291s] INFO:colcon.colcon_core.shell:Creating prefix util module '/home/popem/spring-2025-final-project-team-4/install/_local_setup_util_ps1.py'
[5.294s] INFO:colcon.colcon_core.shell:Creating prefix chain script '/home/popem/spring-2025-final-project-team-4/install/setup.ps1'
[5.297s] INFO:colcon.colcon_core.shell:Creating prefix script '/home/popem/spring-2025-final-project-team-4/install/local_setup.sh'
[5.298s] INFO:colcon.colcon_core.shell:Creating prefix util module '/home/popem/spring-2025-final-project-team-4/install/_local_setup_util_sh.py'
[5.300s] INFO:colcon.colcon_core.shell:Creating prefix chain script '/home/popem/spring-2025-final-project-team-4/install/setup.sh'
[5.302s] INFO:colcon.colcon_core.shell:Creating prefix script '/home/popem/spring-2025-final-project-team-4/install/local_setup.bash'
[5.303s] INFO:colcon.colcon_core.shell:Creating prefix chain script '/home/popem/spring-2025-final-project-team-4/install/setup.bash'
[5.307s] INFO:colcon.colcon_core.shell:Creating prefix script '/home/popem/spring-2025-final-project-team-4/install/local_setup.zsh'
[5.308s] INFO:colcon.colcon_core.shell:Creating prefix chain script '/home/popem/spring-2025-final-project-team-4/install/setup.zsh'
