[3.278s] Invoking command in '/home/projects/ros2_ws/spring-2025-final-project-team-4/src/oakd_camera': PYTHONPATH=/home/projects/ros2_ws/spring-2025-final-project-team-4/src/install/oakd_camera/lib/python3.8/site-packages:${PYTHONPATH} /usr/bin/python3 setup.py egg_info --egg-base ../build/oakd_camera build --build-base /home/projects/ros2_ws/spring-2025-final-project-team-4/src/build/oakd_camera/build install --prefix /home/projects/ros2_ws/spring-2025-final-project-team-4/src/install/oakd_camera --record /home/projects/ros2_ws/spring-2025-final-project-team-4/src/build/oakd_camera/install.log --single-version-externally-managed
[4.402s] running egg_info
[4.404s] writing ../build/oakd_camera/oakd_camera.egg-info/PKG-INFO
[4.405s] writing dependency_links to ../build/oakd_camera/oakd_camera.egg-info/dependency_links.txt
[4.405s] writing entry points to ../build/oakd_camera/oakd_camera.egg-info/entry_points.txt
[4.406s] writing requirements to ../build/oakd_camera/oakd_camera.egg-info/requires.txt
[4.406s] writing top-level names to ../build/oakd_camera/oakd_camera.egg-info/top_level.txt
[4.566s] reading manifest file '../build/oakd_camera/oakd_camera.egg-info/SOURCES.txt'
[4.571s] writing manifest file '../build/oakd_camera/oakd_camera.egg-info/SOURCES.txt'
[4.571s] running build
[4.572s] running build_py
[4.572s] running install
[4.575s] running install_lib
[4.582s] running install_data
[4.585s] copying launch/oakd_arucco.launch.py -> /home/projects/ros2_ws/spring-2025-final-project-team-4/src/install/oakd_camera/share/oakd_camera
[4.585s] running install_egg_info
[4.593s] removing '/home/projects/ros2_ws/spring-2025-final-project-team-4/src/install/oakd_camera/lib/python3.8/site-packages/oakd_camera-0.0.0-py3.8.egg-info' (and everything under it)
[4.594s] Copying ../build/oakd_camera/oakd_camera.egg-info to /home/projects/ros2_ws/spring-2025-final-project-team-4/src/install/oakd_camera/lib/python3.8/site-packages/oakd_camera-0.0.0-py3.8.egg-info
[4.597s] running install_scripts
[4.669s] Installing listen_executable script to /home/projects/ros2_ws/spring-2025-final-project-team-4/src/install/oakd_camera/lib/oakd_camera
[4.670s] Installing oakd_executable script to /home/projects/ros2_ws/spring-2025-final-project-team-4/src/install/oakd_camera/lib/oakd_camera
[4.671s] writing list of installed files to '/home/projects/ros2_ws/spring-2025-final-project-team-4/src/build/oakd_camera/install.log'
[4.772s] Invoked command in '/home/projects/ros2_ws/spring-2025-final-project-team-4/src/oakd_camera' returned '0': PYTHONPATH=/home/projects/ros2_ws/spring-2025-final-project-team-4/src/install/oakd_camera/lib/python3.8/site-packages:${PYTHONPATH} /usr/bin/python3 setup.py egg_info --egg-base ../build/oakd_camera build --build-base /home/projects/ros2_ws/spring-2025-final-project-team-4/src/build/oakd_camera/build install --prefix /home/projects/ros2_ws/spring-2025-final-project-team-4/src/install/oakd_camera --record /home/projects/ros2_ws/spring-2025-final-project-team-4/src/build/oakd_camera/install.log --single-version-externally-managed
