[0.000000] (-) TimerEvent: {}
[0.000913] (armangles1) JobQueued: {'identifier': 'armangles1', 'dependencies': OrderedDict()}
[0.001282] (oakd_camera) JobQueued: {'identifier': 'oakd_camera', 'dependencies': OrderedDict()}
[0.002260] (ros2_aruco_perception) JobQueued: {'identifier': 'ros2_aruco_perception', 'dependencies': OrderedDict()}
[0.002864] (ros2_task_planner) JobQueued: {'identifier': 'ros2_task_planner', 'dependencies': OrderedDict()}
[0.004297] (usb_cam_driver) JobQueued: {'identifier': 'usb_cam_driver', 'dependencies': OrderedDict()}
[0.004490] (armangles1) JobStarted: {'identifier': 'armangles1'}
[0.071249] (oakd_camera) JobStarted: {'identifier': 'oakd_camera'}
[0.098995] (-) TimerEvent: {}
[0.126243] (ros2_aruco_perception) JobStarted: {'identifier': 'ros2_aruco_perception'}
[0.181141] (ros2_task_planner) JobStarted: {'identifier': 'ros2_task_planner'}
[0.199166] (-) TimerEvent: {}
[0.299976] (-) TimerEvent: {}
[0.400879] (-) TimerEvent: {}
[0.501571] (-) TimerEvent: {}
[0.602351] (-) TimerEvent: {}
[0.703021] (-) TimerEvent: {}
[0.803682] (-) TimerEvent: {}
[0.904320] (-) TimerEvent: {}
[1.004958] (-) TimerEvent: {}
[1.105573] (-) TimerEvent: {}
[1.206256] (-) TimerEvent: {}
[1.306908] (-) TimerEvent: {}
[1.407590] (-) TimerEvent: {}
[1.508400] (-) TimerEvent: {}
[1.609301] (-) TimerEvent: {}
[1.709954] (-) TimerEvent: {}
[1.810622] (-) TimerEvent: {}
[1.911271] (-) TimerEvent: {}
[2.011927] (-) TimerEvent: {}
[2.112578] (-) TimerEvent: {}
[2.213202] (-) TimerEvent: {}
[2.313817] (-) TimerEvent: {}
[2.414482] (-) TimerEvent: {}
[2.515142] (-) TimerEvent: {}
[2.615795] (-) TimerEvent: {}
[2.716451] (-) TimerEvent: {}
[2.817123] (-) TimerEvent: {}
[2.903024] (oakd_camera) StderrLine: {'line': b'Traceback (most recent call last):\n  File "/usr/lib/python3/dist-packages/colcon_core/executor/__init__.py", line 91, in __call__\n    rc = await self.task(*args, **kwargs)\n  File "/usr/lib/python3/dist-packages/colcon_core/task/__init__.py", line 93, in __call__\n    return await task_method(*args, **kwargs)\n  File "/usr/lib/python3/dist-packages/colcon_ros/task/ament_python/build.py", line 51, in build\n    setup_py_data = get_setup_data(self.context.pkg, env)\n  File "/usr/lib/python3/dist-packages/colcon_core/task/python/__init__.py", line 20, in get_setup_data\n    return dict(pkg.metadata[key](env))\n  File "/usr/lib/python3/dist-packages/colcon_ros/package_augmentation/ros_ament_python.py", line 57, in getter\n    return get_setup_information(\n  File "/usr/lib/python3/dist-packages/colcon_python_setup_py/package_identification/python_setup_py.py", line 241, in get_setup_information\n    _setup_information_cache[hashable_env] = _get_setup_information(\n  File "/usr/lib/python3/dist-packages/colcon_python_setup_py/package_identification/python_setup_py.py", line 281, in _get_setup_information\n    result = subprocess.run(\n  File "/usr/lib/python3.8/subprocess.py", line 516, in run\n    raise CalledProcessError(retcode, process.args,\nsubprocess.CalledProcessError: Command \'[\'/usr/bin/python3\', \'-c\', "import sys;from setuptools.extern.packaging.specifiers import SpecifierSet;from distutils.core import run_setup;dist = run_setup(    \'setup.py\', script_args=(\'--dry-run\',), stop_after=\'config\');skip_keys = (\'cmdclass\', \'distclass\', \'ext_modules\', \'metadata\');data = {    key: value for key, value in dist.__dict__.items()     if (        not key.startswith(\'_\') and         not callable(value) and         key not in skip_keys and         key not in dist.display_option_names    )};data[\'metadata\'] = {    k: v for k, v in dist.metadata.__dict__.items()     if k not in (\'license_files\', \'provides_extras\')};sys.stdout.buffer.write(repr(data).encode(\'utf-8\'))"]\' returned non-zero exit status 1.\n'}
[2.909154] (oakd_camera) JobEnded: {'identifier': 'oakd_camera', 'rc': 1}
[2.917280] (-) TimerEvent: {}
[3.018001] (-) TimerEvent: {}
[3.118642] (-) TimerEvent: {}
[3.219282] (-) TimerEvent: {}
[3.319933] (-) TimerEvent: {}
[3.420584] (-) TimerEvent: {}
[3.521234] (-) TimerEvent: {}
[3.621855] (-) TimerEvent: {}
[3.722570] (-) TimerEvent: {}
[3.823191] (-) TimerEvent: {}
[3.923827] (-) TimerEvent: {}
[4.024483] (-) TimerEvent: {}
[4.104952] (armangles1) JobEnded: {'identifier': 'armangles1', 'rc': 'SIGINT'}
[4.108398] (ros2_task_planner) JobEnded: {'identifier': 'ros2_task_planner', 'rc': 'SIGINT'}
[4.109833] (ros2_aruco_perception) JobEnded: {'identifier': 'ros2_aruco_perception', 'rc': 'SIGINT'}
[4.120569] (usb_cam_driver) JobSkipped: {'identifier': 'usb_cam_driver'}
[4.120759] (-) EventReactorShutdown: {}
