[0.000000] (-) TimerEvent: {}
[0.000651] (armangles1) JobQueued: {'identifier': 'armangles1', 'dependencies': OrderedDict()}
[0.001298] (oakd_camera) JobQueued: {'identifier': 'oakd_camera', 'dependencies': OrderedDict()}
[0.001585] (ros2_aruco_perception) JobQueued: {'identifier': 'ros2_aruco_perception', 'dependencies': OrderedDict()}
[0.002463] (ros2_task_planner) JobQueued: {'identifier': 'ros2_task_planner', 'dependencies': OrderedDict()}
[0.003117] (usb_cam_driver) JobQueued: {'identifier': 'usb_cam_driver', 'dependencies': OrderedDict()}
[0.004626] (armangles1) JobStarted: {'identifier': 'armangles1'}
[0.073803] (oakd_camera) JobStarted: {'identifier': 'oakd_camera'}
[0.099847] (-) TimerEvent: {}
[0.131293] (ros2_aruco_perception) JobStarted: {'identifier': 'ros2_aruco_perception'}
[0.185686] (ros2_task_planner) JobStarted: {'identifier': 'ros2_task_planner'}
[0.199993] (-) TimerEvent: {}
[0.300948] (-) TimerEvent: {}
[0.401886] (-) TimerEvent: {}
[0.502550] (-) TimerEvent: {}
[0.603270] (-) TimerEvent: {}
[0.703934] (-) TimerEvent: {}
[0.804580] (-) TimerEvent: {}
[0.905237] (-) TimerEvent: {}
[1.005889] (-) TimerEvent: {}
[1.106525] (-) TimerEvent: {}
[1.207274] (-) TimerEvent: {}
[1.307927] (-) TimerEvent: {}
[1.408626] (-) TimerEvent: {}
[1.509482] (-) TimerEvent: {}
[1.610386] (-) TimerEvent: {}
[1.711100] (-) TimerEvent: {}
[1.811780] (-) TimerEvent: {}
[1.912482] (-) TimerEvent: {}
[2.013130] (-) TimerEvent: {}
[2.113793] (-) TimerEvent: {}
[2.214434] (-) TimerEvent: {}
[2.315087] (-) TimerEvent: {}
[2.415755] (-) TimerEvent: {}
[2.516457] (-) TimerEvent: {}
[2.617135] (-) TimerEvent: {}
[2.717789] (-) TimerEvent: {}
[2.818471] (-) TimerEvent: {}
[2.911769] (oakd_camera) StderrLine: {'line': b'Traceback (most recent call last):\n  File "/usr/lib/python3/dist-packages/colcon_core/executor/__init__.py", line 91, in __call__\n    rc = await self.task(*args, **kwargs)\n  File "/usr/lib/python3/dist-packages/colcon_core/task/__init__.py", line 93, in __call__\n    return await task_method(*args, **kwargs)\n  File "/usr/lib/python3/dist-packages/colcon_ros/task/ament_python/build.py", line 51, in build\n    setup_py_data = get_setup_data(self.context.pkg, env)\n  File "/usr/lib/python3/dist-packages/colcon_core/task/python/__init__.py", line 20, in get_setup_data\n    return dict(pkg.metadata[key](env))\n  File "/usr/lib/python3/dist-packages/colcon_ros/package_augmentation/ros_ament_python.py", line 57, in getter\n    return get_setup_information(\n  File "/usr/lib/python3/dist-packages/colcon_python_setup_py/package_identification/python_setup_py.py", line 241, in get_setup_information\n    _setup_information_cache[hashable_env] = _get_setup_information(\n  File "/usr/lib/python3/dist-packages/colcon_python_setup_py/package_identification/python_setup_py.py", line 281, in _get_setup_information\n    result = subprocess.run(\n  File "/usr/lib/python3.8/subprocess.py", line 516, in run\n    raise CalledProcessError(retcode, process.args,\nsubprocess.CalledProcessError: Command \'[\'/usr/bin/python3\', \'-c\', "import sys;from setuptools.extern.packaging.specifiers import SpecifierSet;from distutils.core import run_setup;dist = run_setup(    \'setup.py\', script_args=(\'--dry-run\',), stop_after=\'config\');skip_keys = (\'cmdclass\', \'distclass\', \'ext_modules\', \'metadata\');data = {    key: value for key, value in dist.__dict__.items()     if (        not key.startswith(\'_\') and         not callable(value) and         key not in skip_keys and         key not in dist.display_option_names    )};data[\'metadata\'] = {    k: v for k, v in dist.metadata.__dict__.items()     if k not in (\'license_files\', \'provides_extras\')};sys.stdout.buffer.write(repr(data).encode(\'utf-8\'))"]\' returned non-zero exit status 1.\n'}
[2.918003] (oakd_camera) JobEnded: {'identifier': 'oakd_camera', 'rc': 1}
[2.920196] (-) TimerEvent: {}
[3.020847] (-) TimerEvent: {}
[3.121508] (-) TimerEvent: {}
[3.222154] (-) TimerEvent: {}
[3.322821] (-) TimerEvent: {}
[3.423559] (-) TimerEvent: {}
[3.524219] (-) TimerEvent: {}
[3.624841] (-) TimerEvent: {}
[3.725497] (-) TimerEvent: {}
[3.826136] (-) TimerEvent: {}
[3.926777] (-) TimerEvent: {}
[4.027491] (-) TimerEvent: {}
[4.118469] (armangles1) JobEnded: {'identifier': 'armangles1', 'rc': 'SIGINT'}
[4.122255] (ros2_task_planner) JobEnded: {'identifier': 'ros2_task_planner', 'rc': 'SIGINT'}
[4.123531] (ros2_aruco_perception) JobEnded: {'identifier': 'ros2_aruco_perception', 'rc': 'SIGINT'}
[4.127607] (-) TimerEvent: {}
[4.133535] (usb_cam_driver) JobSkipped: {'identifier': 'usb_cam_driver'}
[4.133712] (-) EventReactorShutdown: {}
