[7.429s] Invoking command in '/home/projects/ros2_ws/spring-2025-final-project-team-4/src/armangles1': PYTHONPATH=/home/projects/ros2_ws/spring-2025-final-project-team-4/src/install/armangles1/lib/python3.8/site-packages:${PYTHONPATH} /usr/bin/python3 setup.py egg_info --egg-base ../build/armangles1 build --build-base /home/projects/ros2_ws/spring-2025-final-project-team-4/src/build/armangles1/build install --prefix /home/projects/ros2_ws/spring-2025-final-project-team-4/src/install/armangles1 --record /home/projects/ros2_ws/spring-2025-final-project-team-4/src/build/armangles1/install.log --single-version-externally-managed
[8.806s] running egg_info
[8.809s] writing ../build/armangles1/armangles1.egg-info/PKG-INFO
[8.810s] writing dependency_links to ../build/armangles1/armangles1.egg-info/dependency_links.txt
[8.812s] writing entry points to ../build/armangles1/armangles1.egg-info/entry_points.txt
[8.813s] writing requirements to ../build/armangles1/armangles1.egg-info/requires.txt
[8.814s] writing top-level names to ../build/armangles1/armangles1.egg-info/top_level.txt
[9.006s] reading manifest file '../build/armangles1/armangles1.egg-info/SOURCES.txt'
[9.012s] writing manifest file '../build/armangles1/armangles1.egg-info/SOURCES.txt'
[9.014s] running build
[9.015s] running build_py
[9.018s] running install
[9.024s] running install_lib
[9.034s] running install_data
[9.038s] running install_egg_info
[9.049s] removing '/home/projects/ros2_ws/spring-2025-final-project-team-4/src/install/armangles1/lib/python3.8/site-packages/armangles1-0.0.0-py3.8.egg-info' (and everything under it)
[9.053s] Copying ../build/armangles1/armangles1.egg-info to /home/projects/ros2_ws/spring-2025-final-project-team-4/src/install/armangles1/lib/python3.8/site-packages/armangles1-0.0.0-py3.8.egg-info
[9.060s] running install_scripts
[9.155s] Installing sendangles_executable script to /home/projects/ros2_ws/spring-2025-final-project-team-4/src/install/armangles1/lib/armangles1
[9.156s] writing list of installed files to '/home/projects/ros2_ws/spring-2025-final-project-team-4/src/build/armangles1/install.log'
[9.261s] Invoked command in '/home/projects/ros2_ws/spring-2025-final-project-team-4/src/armangles1' returned '0': PYTHONPATH=/home/projects/ros2_ws/spring-2025-final-project-team-4/src/install/armangles1/lib/python3.8/site-packages:${PYTHONPATH} /usr/bin/python3 setup.py egg_info --egg-base ../build/armangles1 build --build-base /home/projects/ros2_ws/spring-2025-final-project-team-4/src/build/armangles1/build install --prefix /home/projects/ros2_ws/spring-2025-final-project-team-4/src/install/armangles1 --record /home/projects/ros2_ws/spring-2025-final-project-team-4/src/build/armangles1/install.log --single-version-externally-managed
