[1.123s] DEBUG:colcon:Command line arguments: ['/usr/bin/colcon', 'build']
[1.124s] DEBUG:colcon:Parsed command line arguments: Namespace(allow_overriding=[], ament_cmake_args=None, base_paths=['.'], build_base='build', catkin_cmake_args=None, catkin_skip_building_tests=False, cmake_args=None, cmake_clean_cache=False, cmake_clean_first=False, cmake_force_configure=False, cmake_target=None, cmake_target_skip_unavailable=False, continue_on_error=False, event_handlers=None, executor='parallel', ignore_user_meta=False, install_base='install', log_base=None, log_level=None, main=<bound method BuildVerb.main of <colcon_core.verb.build.BuildVerb object at 0x7f9326e040>>, merge_install=False, metas=['./colcon.meta'], mixin=None, mixin_files=None, mixin_verb=('build',), packages_above=None, packages_above_and_dependencies=None, packages_above_depth=None, packages_end=None, packages_ignore=None, packages_ignore_regex=None, packages_select=None, packages_select_build_failed=False, packages_select_by_dep=None, packages_select_regex=None, packages_select_test_failures=False, packages_skip=None, packages_skip_build_finished=False, packages_skip_by_dep=None, packages_skip_regex=None, packages_skip_test_passed=False, packages_skip_up_to=None, packages_start=None, packages_up_to=None, packages_up_to_regex=None, parallel_workers=4, paths=None, symlink_install=False, test_result_base=None, verb_extension=<colcon_core.verb.build.BuildVerb object at 0x7f9326e040>, verb_name='build', verb_parser=<colcon_mixin.mixin.mixin_argument.MixinArgumentDecorator object at 0x7f9326e6a0>)
[1.159s] Level 1:colcon.colcon_core.package_discovery:discover_packages(colcon_meta) check parameters
[1.164s] INFO:colcon.colcon_metadata.package_discovery.colcon_meta:Using configuration from '/root/.colcon/metadata/default/Gazebo.meta'
[1.167s] INFO:colcon.colcon_metadata.package_discovery.colcon_meta:Using configuration from '/root/.colcon/metadata/default/fastrtps.meta'
[1.167s] Level 1:colcon.colcon_core.package_discovery:discover_packages(recursive) check parameters
[1.167s] Level 1:colcon.colcon_core.package_discovery:discover_packages(ignore) check parameters
[1.167s] Level 1:colcon.colcon_core.package_discovery:discover_packages(path) check parameters
[1.167s] Level 1:colcon.colcon_core.package_discovery:discover_packages(colcon_meta) discover
[1.168s] Level 1:colcon.colcon_core.package_discovery:discover_packages(recursive) discover
[1.168s] INFO:colcon.colcon_core.package_discovery:Crawling recursively for packages in '/home/projects/ros2_ws/spring-2025-final-project-team-4/src'
[1.168s] Level 1:colcon.colcon_core.package_identification:_identify(.) by extensions ['ignore', 'ignore_ament_install']
[1.169s] Level 1:colcon.colcon_core.package_identification:_identify(.) by extension 'ignore'
[1.169s] Level 1:colcon.colcon_core.package_identification:_identify(.) by extension 'ignore_ament_install'
[1.169s] Level 1:colcon.colcon_core.package_identification:_identify(.) by extensions ['colcon_pkg']
[1.169s] Level 1:colcon.colcon_core.package_identification:_identify(.) by extension 'colcon_pkg'
[1.169s] Level 1:colcon.colcon_core.package_identification:_identify(.) by extensions ['colcon_meta']
[1.170s] Level 1:colcon.colcon_core.package_identification:_identify(.) by extension 'colcon_meta'
[1.170s] Level 1:colcon.colcon_core.package_identification:_identify(.) by extensions ['ros']
[1.170s] Level 1:colcon.colcon_core.package_identification:_identify(.) by extension 'ros'
[1.218s] Level 1:colcon.colcon_core.package_identification:_identify(.) by extensions ['cmake', 'python']
[1.219s] Level 1:colcon.colcon_core.package_identification:_identify(.) by extension 'cmake'
[1.219s] Level 1:colcon.colcon_core.package_identification:_identify(.) by extension 'python'
[1.219s] Level 1:colcon.colcon_core.package_identification:_identify(.) by extensions ['python_setup_py']
[1.219s] Level 1:colcon.colcon_core.package_identification:_identify(.) by extension 'python_setup_py'
[1.220s] Level 1:colcon.colcon_core.package_identification:_identify(armangles1) by extensions ['ignore', 'ignore_ament_install']
[1.220s] Level 1:colcon.colcon_core.package_identification:_identify(armangles1) by extension 'ignore'
[1.220s] Level 1:colcon.colcon_core.package_identification:_identify(armangles1) by extension 'ignore_ament_install'
[1.221s] Level 1:colcon.colcon_core.package_identification:_identify(armangles1) by extensions ['colcon_pkg']
[1.221s] Level 1:colcon.colcon_core.package_identification:_identify(armangles1) by extension 'colcon_pkg'
[1.221s] Level 1:colcon.colcon_core.package_identification:_identify(armangles1) by extensions ['colcon_meta']
[1.221s] Level 1:colcon.colcon_core.package_identification:_identify(armangles1) by extension 'colcon_meta'
[1.221s] Level 1:colcon.colcon_core.package_identification:_identify(armangles1) by extensions ['ros']
[1.222s] Level 1:colcon.colcon_core.package_identification:_identify(armangles1) by extension 'ros'
[1.233s] DEBUG:colcon.colcon_core.package_identification:Package 'armangles1' with type 'ros.ament_python' and name 'armangles1'
[1.234s] Level 1:colcon.colcon_core.package_identification:_identify(build) by extensions ['ignore', 'ignore_ament_install']
[1.235s] Level 1:colcon.colcon_core.package_identification:_identify(build) by extension 'ignore'
[1.235s] Level 1:colcon.colcon_core.package_identification:_identify(build) ignored
[1.236s] Level 1:colcon.colcon_core.package_identification:_identify(install) by extensions ['ignore', 'ignore_ament_install']
[1.236s] Level 1:colcon.colcon_core.package_identification:_identify(install) by extension 'ignore'
[1.236s] Level 1:colcon.colcon_core.package_identification:_identify(install) ignored
[1.236s] Level 1:colcon.colcon_core.package_identification:_identify(launch) by extensions ['ignore', 'ignore_ament_install']
[1.237s] Level 1:colcon.colcon_core.package_identification:_identify(launch) by extension 'ignore'
[1.237s] Level 1:colcon.colcon_core.package_identification:_identify(launch) by extension 'ignore_ament_install'
[1.237s] Level 1:colcon.colcon_core.package_identification:_identify(launch) by extensions ['colcon_pkg']
[1.237s] Level 1:colcon.colcon_core.package_identification:_identify(launch) by extension 'colcon_pkg'
[1.238s] Level 1:colcon.colcon_core.package_identification:_identify(launch) by extensions ['colcon_meta']
[1.238s] Level 1:colcon.colcon_core.package_identification:_identify(launch) by extension 'colcon_meta'
[1.238s] Level 1:colcon.colcon_core.package_identification:_identify(launch) by extensions ['ros']
[1.238s] Level 1:colcon.colcon_core.package_identification:_identify(launch) by extension 'ros'
[1.238s] Level 1:colcon.colcon_core.package_identification:_identify(launch) by extensions ['cmake', 'python']
[1.239s] Level 1:colcon.colcon_core.package_identification:_identify(launch) by extension 'cmake'
[1.239s] Level 1:colcon.colcon_core.package_identification:_identify(launch) by extension 'python'
[1.239s] Level 1:colcon.colcon_core.package_identification:_identify(launch) by extensions ['python_setup_py']
[1.239s] Level 1:colcon.colcon_core.package_identification:_identify(launch) by extension 'python_setup_py'
[1.239s] Level 1:colcon.colcon_core.package_identification:_identify(launch/__pycache__) by extensions ['ignore', 'ignore_ament_install']
[1.240s] Level 1:colcon.colcon_core.package_identification:_identify(launch/__pycache__) by extension 'ignore'
[1.240s] Level 1:colcon.colcon_core.package_identification:_identify(launch/__pycache__) by extension 'ignore_ament_install'
[1.240s] Level 1:colcon.colcon_core.package_identification:_identify(launch/__pycache__) by extensions ['colcon_pkg']
[1.240s] Level 1:colcon.colcon_core.package_identification:_identify(launch/__pycache__) by extension 'colcon_pkg'
[1.241s] Level 1:colcon.colcon_core.package_identification:_identify(launch/__pycache__) by extensions ['colcon_meta']
[1.241s] Level 1:colcon.colcon_core.package_identification:_identify(launch/__pycache__) by extension 'colcon_meta'
[1.241s] Level 1:colcon.colcon_core.package_identification:_identify(launch/__pycache__) by extensions ['ros']
[1.241s] Level 1:colcon.colcon_core.package_identification:_identify(launch/__pycache__) by extension 'ros'
[1.242s] Level 1:colcon.colcon_core.package_identification:_identify(launch/__pycache__) by extensions ['cmake', 'python']
[1.242s] Level 1:colcon.colcon_core.package_identification:_identify(launch/__pycache__) by extension 'cmake'
[1.242s] Level 1:colcon.colcon_core.package_identification:_identify(launch/__pycache__) by extension 'python'
[1.242s] Level 1:colcon.colcon_core.package_identification:_identify(launch/__pycache__) by extensions ['python_setup_py']
[1.242s] Level 1:colcon.colcon_core.package_identification:_identify(launch/__pycache__) by extension 'python_setup_py'
[1.243s] Level 1:colcon.colcon_core.package_identification:_identify(launch/build) by extensions ['ignore', 'ignore_ament_install']
[1.243s] Level 1:colcon.colcon_core.package_identification:_identify(launch/build) by extension 'ignore'
[1.243s] Level 1:colcon.colcon_core.package_identification:_identify(launch/build) ignored
[1.243s] Level 1:colcon.colcon_core.package_identification:_identify(launch/install) by extensions ['ignore', 'ignore_ament_install']
[1.244s] Level 1:colcon.colcon_core.package_identification:_identify(launch/install) by extension 'ignore'
[1.244s] Level 1:colcon.colcon_core.package_identification:_identify(launch/install) ignored
[1.244s] Level 1:colcon.colcon_core.package_identification:_identify(launch/log) by extensions ['ignore', 'ignore_ament_install']
[1.245s] Level 1:colcon.colcon_core.package_identification:_identify(launch/log) by extension 'ignore'
[1.245s] Level 1:colcon.colcon_core.package_identification:_identify(launch/log) ignored
[1.245s] Level 1:colcon.colcon_core.package_identification:_identify(log) by extensions ['ignore', 'ignore_ament_install']
[1.246s] Level 1:colcon.colcon_core.package_identification:_identify(log) by extension 'ignore'
[1.246s] Level 1:colcon.colcon_core.package_identification:_identify(log) ignored
[1.246s] Level 1:colcon.colcon_core.package_identification:_identify(ros2_aruco_perception) by extensions ['ignore', 'ignore_ament_install']
[1.246s] Level 1:colcon.colcon_core.package_identification:_identify(ros2_aruco_perception) by extension 'ignore'
[1.247s] Level 1:colcon.colcon_core.package_identification:_identify(ros2_aruco_perception) by extension 'ignore_ament_install'
[1.247s] Level 1:colcon.colcon_core.package_identification:_identify(ros2_aruco_perception) by extensions ['colcon_pkg']
[1.247s] Level 1:colcon.colcon_core.package_identification:_identify(ros2_aruco_perception) by extension 'colcon_pkg'
[1.247s] Level 1:colcon.colcon_core.package_identification:_identify(ros2_aruco_perception) by extensions ['colcon_meta']
[1.247s] Level 1:colcon.colcon_core.package_identification:_identify(ros2_aruco_perception) by extension 'colcon_meta'
[1.248s] Level 1:colcon.colcon_core.package_identification:_identify(ros2_aruco_perception) by extensions ['ros']
[1.248s] Level 1:colcon.colcon_core.package_identification:_identify(ros2_aruco_perception) by extension 'ros'
[1.250s] DEBUG:colcon.colcon_core.package_identification:Package 'ros2_aruco_perception' with type 'ros.ament_python' and name 'ros2_aruco_perception'
[1.251s] Level 1:colcon.colcon_core.package_identification:_identify(ros2_task_planner) by extensions ['ignore', 'ignore_ament_install']
[1.251s] Level 1:colcon.colcon_core.package_identification:_identify(ros2_task_planner) by extension 'ignore'
[1.251s] Level 1:colcon.colcon_core.package_identification:_identify(ros2_task_planner) by extension 'ignore_ament_install'
[1.252s] Level 1:colcon.colcon_core.package_identification:_identify(ros2_task_planner) by extensions ['colcon_pkg']
[1.252s] Level 1:colcon.colcon_core.package_identification:_identify(ros2_task_planner) by extension 'colcon_pkg'
[1.252s] Level 1:colcon.colcon_core.package_identification:_identify(ros2_task_planner) by extensions ['colcon_meta']
[1.252s] Level 1:colcon.colcon_core.package_identification:_identify(ros2_task_planner) by extension 'colcon_meta'
[1.252s] Level 1:colcon.colcon_core.package_identification:_identify(ros2_task_planner) by extensions ['ros']
[1.252s] Level 1:colcon.colcon_core.package_identification:_identify(ros2_task_planner) by extension 'ros'
[1.255s] DEBUG:colcon.colcon_core.package_identification:Package 'ros2_task_planner' with type 'ros.ament_python' and name 'ros2_task_planner'
[1.255s] Level 1:colcon.colcon_core.package_identification:_identify(usb_cam_driver) by extensions ['ignore', 'ignore_ament_install']
[1.256s] Level 1:colcon.colcon_core.package_identification:_identify(usb_cam_driver) by extension 'ignore'
[1.256s] Level 1:colcon.colcon_core.package_identification:_identify(usb_cam_driver) by extension 'ignore_ament_install'
[1.256s] Level 1:colcon.colcon_core.package_identification:_identify(usb_cam_driver) by extensions ['colcon_pkg']
[1.256s] Level 1:colcon.colcon_core.package_identification:_identify(usb_cam_driver) by extension 'colcon_pkg'
[1.256s] Level 1:colcon.colcon_core.package_identification:_identify(usb_cam_driver) by extensions ['colcon_meta']
[1.257s] Level 1:colcon.colcon_core.package_identification:_identify(usb_cam_driver) by extension 'colcon_meta'
[1.257s] Level 1:colcon.colcon_core.package_identification:_identify(usb_cam_driver) by extensions ['ros']
[1.257s] Level 1:colcon.colcon_core.package_identification:_identify(usb_cam_driver) by extension 'ros'
[1.259s] DEBUG:colcon.colcon_core.package_identification:Package 'usb_cam_driver' with type 'ros.ament_python' and name 'usb_cam_driver'
[1.259s] Level 1:colcon.colcon_core.package_discovery:discover_packages(recursive) using defaults
[1.260s] Level 1:colcon.colcon_core.package_discovery:discover_packages(ignore) discover
[1.260s] Level 1:colcon.colcon_core.package_discovery:discover_packages(ignore) using defaults
[1.260s] Level 1:colcon.colcon_core.package_discovery:discover_packages(path) discover
[1.260s] Level 1:colcon.colcon_core.package_discovery:discover_packages(path) using defaults
[1.371s] Level 5:colcon.colcon_core.verb:set package 'armangles1' build argument 'cmake_args' from command line to 'None'
[1.371s] Level 5:colcon.colcon_core.verb:set package 'armangles1' build argument 'cmake_target' from command line to 'None'
[1.371s] Level 5:colcon.colcon_core.verb:set package 'armangles1' build argument 'cmake_target_skip_unavailable' from command line to 'False'
[1.372s] Level 5:colcon.colcon_core.verb:set package 'armangles1' build argument 'cmake_clean_cache' from command line to 'False'
[1.372s] Level 5:colcon.colcon_core.verb:set package 'armangles1' build argument 'cmake_clean_first' from command line to 'False'
[1.372s] Level 5:colcon.colcon_core.verb:set package 'armangles1' build argument 'cmake_force_configure' from command line to 'False'
[1.372s] Level 5:colcon.colcon_core.verb:set package 'armangles1' build argument 'ament_cmake_args' from command line to 'None'
[1.372s] Level 5:colcon.colcon_core.verb:set package 'armangles1' build argument 'catkin_cmake_args' from command line to 'None'
[1.372s] Level 5:colcon.colcon_core.verb:set package 'armangles1' build argument 'catkin_skip_building_tests' from command line to 'False'
[1.372s] DEBUG:colcon.colcon_core.verb:Building package 'armangles1' with the following arguments: {'ament_cmake_args': None, 'build_base': '/home/projects/ros2_ws/spring-2025-final-project-team-4/src/build/armangles1', 'catkin_cmake_args': None, 'catkin_skip_building_tests': False, 'cmake_args': None, 'cmake_clean_cache': False, 'cmake_clean_first': False, 'cmake_force_configure': False, 'cmake_target': None, 'cmake_target_skip_unavailable': False, 'install_base': '/home/projects/ros2_ws/spring-2025-final-project-team-4/src/install/armangles1', 'merge_install': False, 'path': '/home/projects/ros2_ws/spring-2025-final-project-team-4/src/armangles1', 'symlink_install': False, 'test_result_base': None}
[1.376s] Level 5:colcon.colcon_core.verb:set package 'ros2_aruco_perception' build argument 'cmake_args' from command line to 'None'
[1.376s] Level 5:colcon.colcon_core.verb:set package 'ros2_aruco_perception' build argument 'cmake_target' from command line to 'None'
[1.376s] Level 5:colcon.colcon_core.verb:set package 'ros2_aruco_perception' build argument 'cmake_target_skip_unavailable' from command line to 'False'
[1.376s] Level 5:colcon.colcon_core.verb:set package 'ros2_aruco_perception' build argument 'cmake_clean_cache' from command line to 'False'
[1.376s] Level 5:colcon.colcon_core.verb:set package 'ros2_aruco_perception' build argument 'cmake_clean_first' from command line to 'False'
[1.376s] Level 5:colcon.colcon_core.verb:set package 'ros2_aruco_perception' build argument 'cmake_force_configure' from command line to 'False'
[1.377s] Level 5:colcon.colcon_core.verb:set package 'ros2_aruco_perception' build argument 'ament_cmake_args' from command line to 'None'
[1.377s] Level 5:colcon.colcon_core.verb:set package 'ros2_aruco_perception' build argument 'catkin_cmake_args' from command line to 'None'
[1.377s] Level 5:colcon.colcon_core.verb:set package 'ros2_aruco_perception' build argument 'catkin_skip_building_tests' from command line to 'False'
[1.377s] DEBUG:colcon.colcon_core.verb:Building package 'ros2_aruco_perception' with the following arguments: {'ament_cmake_args': None, 'build_base': '/home/projects/ros2_ws/spring-2025-final-project-team-4/src/build/ros2_aruco_perception', 'catkin_cmake_args': None, 'catkin_skip_building_tests': False, 'cmake_args': None, 'cmake_clean_cache': False, 'cmake_clean_first': False, 'cmake_force_configure': False, 'cmake_target': None, 'cmake_target_skip_unavailable': False, 'install_base': '/home/projects/ros2_ws/spring-2025-final-project-team-4/src/install/ros2_aruco_perception', 'merge_install': False, 'path': '/home/projects/ros2_ws/spring-2025-final-project-team-4/src/ros2_aruco_perception', 'symlink_install': False, 'test_result_base': None}
[1.380s] Level 5:colcon.colcon_core.verb:set package 'ros2_task_planner' build argument 'cmake_args' from command line to 'None'
[1.380s] Level 5:colcon.colcon_core.verb:set package 'ros2_task_planner' build argument 'cmake_target' from command line to 'None'
[1.381s] Level 5:colcon.colcon_core.verb:set package 'ros2_task_planner' build argument 'cmake_target_skip_unavailable' from command line to 'False'
[1.381s] Level 5:colcon.colcon_core.verb:set package 'ros2_task_planner' build argument 'cmake_clean_cache' from command line to 'False'
[1.381s] Level 5:colcon.colcon_core.verb:set package 'ros2_task_planner' build argument 'cmake_clean_first' from command line to 'False'
[1.381s] Level 5:colcon.colcon_core.verb:set package 'ros2_task_planner' build argument 'cmake_force_configure' from command line to 'False'
[1.381s] Level 5:colcon.colcon_core.verb:set package 'ros2_task_planner' build argument 'ament_cmake_args' from command line to 'None'
[1.381s] Level 5:colcon.colcon_core.verb:set package 'ros2_task_planner' build argument 'catkin_cmake_args' from command line to 'None'
[1.381s] Level 5:colcon.colcon_core.verb:set package 'ros2_task_planner' build argument 'catkin_skip_building_tests' from command line to 'False'
[1.381s] DEBUG:colcon.colcon_core.verb:Building package 'ros2_task_planner' with the following arguments: {'ament_cmake_args': None, 'build_base': '/home/projects/ros2_ws/spring-2025-final-project-team-4/src/build/ros2_task_planner', 'catkin_cmake_args': None, 'catkin_skip_building_tests': False, 'cmake_args': None, 'cmake_clean_cache': False, 'cmake_clean_first': False, 'cmake_force_configure': False, 'cmake_target': None, 'cmake_target_skip_unavailable': False, 'install_base': '/home/projects/ros2_ws/spring-2025-final-project-team-4/src/install/ros2_task_planner', 'merge_install': False, 'path': '/home/projects/ros2_ws/spring-2025-final-project-team-4/src/ros2_task_planner', 'symlink_install': False, 'test_result_base': None}
[1.385s] Level 5:colcon.colcon_core.verb:set package 'usb_cam_driver' build argument 'cmake_args' from command line to 'None'
[1.385s] Level 5:colcon.colcon_core.verb:set package 'usb_cam_driver' build argument 'cmake_target' from command line to 'None'
[1.385s] Level 5:colcon.colcon_core.verb:set package 'usb_cam_driver' build argument 'cmake_target_skip_unavailable' from command line to 'False'
[1.385s] Level 5:colcon.colcon_core.verb:set package 'usb_cam_driver' build argument 'cmake_clean_cache' from command line to 'False'
[1.385s] Level 5:colcon.colcon_core.verb:set package 'usb_cam_driver' build argument 'cmake_clean_first' from command line to 'False'
[1.385s] Level 5:colcon.colcon_core.verb:set package 'usb_cam_driver' build argument 'cmake_force_configure' from command line to 'False'
[1.385s] Level 5:colcon.colcon_core.verb:set package 'usb_cam_driver' build argument 'ament_cmake_args' from command line to 'None'
[1.386s] Level 5:colcon.colcon_core.verb:set package 'usb_cam_driver' build argument 'catkin_cmake_args' from command line to 'None'
[1.386s] Level 5:colcon.colcon_core.verb:set package 'usb_cam_driver' build argument 'catkin_skip_building_tests' from command line to 'False'
[1.386s] DEBUG:colcon.colcon_core.verb:Building package 'usb_cam_driver' with the following arguments: {'ament_cmake_args': None, 'build_base': '/home/projects/ros2_ws/spring-2025-final-project-team-4/src/build/usb_cam_driver', 'catkin_cmake_args': None, 'catkin_skip_building_tests': False, 'cmake_args': None, 'cmake_clean_cache': False, 'cmake_clean_first': False, 'cmake_force_configure': False, 'cmake_target': None, 'cmake_target_skip_unavailable': False, 'install_base': '/home/projects/ros2_ws/spring-2025-final-project-team-4/src/install/usb_cam_driver', 'merge_install': False, 'path': '/home/projects/ros2_ws/spring-2025-final-project-team-4/src/usb_cam_driver', 'symlink_install': False, 'test_result_base': None}
[1.431s] INFO:colcon.colcon_core.executor:Executing jobs using 'parallel' executor
[1.440s] DEBUG:colcon.colcon_parallel_executor.executor.parallel:run_until_complete
[1.441s] INFO:colcon.colcon_ros.task.ament_python.build:Building ROS package in '/home/projects/ros2_ws/spring-2025-final-project-team-4/src/armangles1' with build type 'ament_python'
[1.442s] Level 1:colcon.colcon_core.shell:create_environment_hook('armangles1', 'ament_prefix_path')
[1.470s] INFO:colcon.colcon_core.plugin_system:Skipping extension 'colcon_core.shell.bat': Not used on non-Windows systems
[1.471s] INFO:colcon.colcon_core.shell:Creating environment hook '/home/projects/ros2_ws/spring-2025-final-project-team-4/src/install/armangles1/share/armangles1/hook/ament_prefix_path.ps1'
[1.475s] INFO:colcon.colcon_core.shell:Creating environment descriptor '/home/projects/ros2_ws/spring-2025-final-project-team-4/src/install/armangles1/share/armangles1/hook/ament_prefix_path.dsv'
[1.477s] INFO:colcon.colcon_core.shell:Creating environment hook '/home/projects/ros2_ws/spring-2025-final-project-team-4/src/install/armangles1/share/armangles1/hook/ament_prefix_path.sh'
[1.481s] INFO:colcon.colcon_core.shell:Skip shell extension 'powershell' for command environment: Not usable outside of PowerShell
[1.482s] DEBUG:colcon.colcon_core.shell:Skip shell extension 'dsv' for command environment
[1.523s] INFO:colcon.colcon_ros.task.ament_python.build:Building ROS package in '/home/projects/ros2_ws/spring-2025-final-project-team-4/src/ros2_aruco_perception' with build type 'ament_python'
[1.524s] Level 1:colcon.colcon_core.shell:create_environment_hook('ros2_aruco_perception', 'ament_prefix_path')
[1.528s] INFO:colcon.colcon_core.shell:Creating environment hook '/home/projects/ros2_ws/spring-2025-final-project-team-4/src/install/ros2_aruco_perception/share/ros2_aruco_perception/hook/ament_prefix_path.ps1'
[1.530s] INFO:colcon.colcon_core.shell:Creating environment descriptor '/home/projects/ros2_ws/spring-2025-final-project-team-4/src/install/ros2_aruco_perception/share/ros2_aruco_perception/hook/ament_prefix_path.dsv'
[1.532s] INFO:colcon.colcon_core.shell:Creating environment hook '/home/projects/ros2_ws/spring-2025-final-project-team-4/src/install/ros2_aruco_perception/share/ros2_aruco_perception/hook/ament_prefix_path.sh'
[1.535s] INFO:colcon.colcon_core.shell:Skip shell extension 'powershell' for command environment: Not usable outside of PowerShell
[1.536s] DEBUG:colcon.colcon_core.shell:Skip shell extension 'dsv' for command environment
[1.575s] INFO:colcon.colcon_ros.task.ament_python.build:Building ROS package in '/home/projects/ros2_ws/spring-2025-final-project-team-4/src/ros2_task_planner' with build type 'ament_python'
[1.576s] Level 1:colcon.colcon_core.shell:create_environment_hook('ros2_task_planner', 'ament_prefix_path')
[1.580s] INFO:colcon.colcon_core.shell:Creating environment hook '/home/projects/ros2_ws/spring-2025-final-project-team-4/src/install/ros2_task_planner/share/ros2_task_planner/hook/ament_prefix_path.ps1'
[1.582s] INFO:colcon.colcon_core.shell:Creating environment descriptor '/home/projects/ros2_ws/spring-2025-final-project-team-4/src/install/ros2_task_planner/share/ros2_task_planner/hook/ament_prefix_path.dsv'
[1.584s] INFO:colcon.colcon_core.shell:Creating environment hook '/home/projects/ros2_ws/spring-2025-final-project-team-4/src/install/ros2_task_planner/share/ros2_task_planner/hook/ament_prefix_path.sh'
[1.587s] INFO:colcon.colcon_core.shell:Skip shell extension 'powershell' for command environment: Not usable outside of PowerShell
[1.588s] DEBUG:colcon.colcon_core.shell:Skip shell extension 'dsv' for command environment
[1.625s] INFO:colcon.colcon_ros.task.ament_python.build:Building ROS package in '/home/projects/ros2_ws/spring-2025-final-project-team-4/src/usb_cam_driver' with build type 'ament_python'
[1.626s] Level 1:colcon.colcon_core.shell:create_environment_hook('usb_cam_driver', 'ament_prefix_path')
[1.629s] INFO:colcon.colcon_core.shell:Creating environment hook '/home/projects/ros2_ws/spring-2025-final-project-team-4/src/install/usb_cam_driver/share/usb_cam_driver/hook/ament_prefix_path.ps1'
[1.632s] INFO:colcon.colcon_core.shell:Creating environment descriptor '/home/projects/ros2_ws/spring-2025-final-project-team-4/src/install/usb_cam_driver/share/usb_cam_driver/hook/ament_prefix_path.dsv'
[1.633s] INFO:colcon.colcon_core.shell:Creating environment hook '/home/projects/ros2_ws/spring-2025-final-project-team-4/src/install/usb_cam_driver/share/usb_cam_driver/hook/ament_prefix_path.sh'
[1.637s] INFO:colcon.colcon_core.shell:Skip shell extension 'powershell' for command environment: Not usable outside of PowerShell
[1.637s] DEBUG:colcon.colcon_core.shell:Skip shell extension 'dsv' for command environment
[4.509s] INFO:colcon.colcon_core.task.python.build:Building Python package in '/home/projects/ros2_ws/spring-2025-final-project-team-4/src/ros2_aruco_perception'
[4.512s] INFO:colcon.colcon_core.shell:Skip shell extension 'powershell' for command environment: Not usable outside of PowerShell
[4.512s] DEBUG:colcon.colcon_core.shell:Skip shell extension 'dsv' for command environment
[5.671s] INFO:colcon.colcon_core.task.python.build:Building Python package in '/home/projects/ros2_ws/spring-2025-final-project-team-4/src/ros2_task_planner'
[5.675s] INFO:colcon.colcon_core.shell:Skip shell extension 'powershell' for command environment: Not usable outside of PowerShell
[5.675s] DEBUG:colcon.colcon_core.shell:Skip shell extension 'dsv' for command environment
[5.729s] DEBUG:colcon.colcon_parallel_executor.executor.parallel:closing loop
[5.729s] DEBUG:colcon.colcon_parallel_executor.executor.parallel:loop closed
[5.730s] DEBUG:colcon.colcon_parallel_executor.executor.parallel:run_until_complete finished with 'Command '['/usr/bin/python3', '-c', "import sys;from setuptools.extern.packaging.specifiers import SpecifierSet;from distutils.core import run_setup;dist = run_setup(    'setup.py', script_args=('--dry-run',), stop_after='config');skip_keys = ('cmdclass', 'distclass', 'ext_modules', 'metadata');data = {    key: value for key, value in dist.__dict__.items()     if (        not key.startswith('_') and         not callable(value) and         key not in skip_keys and         key not in dist.display_option_names    )};data['metadata'] = {    k: v for k, v in dist.metadata.__dict__.items()     if k not in ('license_files', 'provides_extras')};sys.stdout.buffer.write(repr(data).encode('utf-8'))"]' returned non-zero exit status 1.'
[5.730s] DEBUG:colcon.colcon_core.event_reactor:joining thread
[5.825s] INFO:colcon.colcon_core.plugin_system:Skipping extension 'colcon_notification.desktop_notification.notify_send': Could not find 'notify-send'
[5.826s] INFO:colcon.colcon_core.plugin_system:Skipping extension 'colcon_notification.desktop_notification.terminal_notifier': Not used on non-Darwin systems
[5.826s] INFO:colcon.colcon_core.plugin_system:Skipping extension 'colcon_notification.desktop_notification.win32': Not used on non-Windows systems
[5.826s] INFO:colcon.colcon_notification.desktop_notification:Sending desktop notification using 'notify2'
[5.826s] DEBUG:colcon.colcon_notification.desktop_notification.notify2:Failed to initialize notify2: org.freedesktop.DBus.Error.NotSupported: Unable to autolaunch a dbus-daemon without a $DISPLAY for X11
[5.827s] DEBUG:colcon.colcon_core.event_reactor:joined thread
[5.829s] INFO:colcon.colcon_core.shell:Creating prefix script '/home/projects/ros2_ws/spring-2025-final-project-team-4/src/install/local_setup.ps1'
[5.834s] INFO:colcon.colcon_core.shell:Creating prefix util module '/home/projects/ros2_ws/spring-2025-final-project-team-4/src/install/_local_setup_util_ps1.py'
[5.841s] INFO:colcon.colcon_core.shell:Creating prefix chain script '/home/projects/ros2_ws/spring-2025-final-project-team-4/src/install/setup.ps1'
[5.851s] INFO:colcon.colcon_core.shell:Creating prefix script '/home/projects/ros2_ws/spring-2025-final-project-team-4/src/install/local_setup.sh'
[5.855s] INFO:colcon.colcon_core.shell:Creating prefix util module '/home/projects/ros2_ws/spring-2025-final-project-team-4/src/install/_local_setup_util_sh.py'
[5.857s] INFO:colcon.colcon_core.shell:Creating prefix chain script '/home/projects/ros2_ws/spring-2025-final-project-team-4/src/install/setup.sh'
[5.867s] INFO:colcon.colcon_core.shell:Creating prefix script '/home/projects/ros2_ws/spring-2025-final-project-team-4/src/install/local_setup.bash'
[5.871s] INFO:colcon.colcon_core.shell:Creating prefix chain script '/home/projects/ros2_ws/spring-2025-final-project-team-4/src/install/setup.bash'
[5.881s] INFO:colcon.colcon_core.shell:Creating prefix script '/home/projects/ros2_ws/spring-2025-final-project-team-4/src/install/local_setup.zsh'
[5.885s] INFO:colcon.colcon_core.shell:Creating prefix chain script '/home/projects/ros2_ws/spring-2025-final-project-team-4/src/install/setup.zsh'
