[7.293s] Invoking command in '/home/projects/ros2_ws/spring-2025-final-project-team-4/src/usb_cam_driver': PYTHONPATH=/home/projects/ros2_ws/spring-2025-final-project-team-4/src/install/usb_cam_driver/lib/python3.8/site-packages:${PYTHONPATH} /usr/bin/python3 setup.py egg_info --egg-base ../build/usb_cam_driver build --build-base /home/projects/ros2_ws/spring-2025-final-project-team-4/src/build/usb_cam_driver/build install --prefix /home/projects/ros2_ws/spring-2025-final-project-team-4/src/install/usb_cam_driver --record /home/projects/ros2_ws/spring-2025-final-project-team-4/src/build/usb_cam_driver/install.log --single-version-externally-managed
[8.606s] running egg_info
[8.609s] writing ../build/usb_cam_driver/usb_cam_driver.egg-info/PKG-INFO
[8.611s] writing dependency_links to ../build/usb_cam_driver/usb_cam_driver.egg-info/dependency_links.txt
[8.612s] writing entry points to ../build/usb_cam_driver/usb_cam_driver.egg-info/entry_points.txt
[8.612s] writing requirements to ../build/usb_cam_driver/usb_cam_driver.egg-info/requires.txt
[8.613s] writing top-level names to ../build/usb_cam_driver/usb_cam_driver.egg-info/top_level.txt
[8.803s] reading manifest file '../build/usb_cam_driver/usb_cam_driver.egg-info/SOURCES.txt'
[8.809s] writing manifest file '../build/usb_cam_driver/usb_cam_driver.egg-info/SOURCES.txt'
[8.810s] running build
[8.811s] running build_py
[8.815s] running install
[8.820s] running install_lib
[8.831s] running install_data
[8.835s] running install_egg_info
[8.846s] removing '/home/projects/ros2_ws/spring-2025-final-project-team-4/src/install/usb_cam_driver/lib/python3.8/site-packages/usb_cam_driver-0.0.0-py3.8.egg-info' (and everything under it)
[8.848s] Copying ../build/usb_cam_driver/usb_cam_driver.egg-info to /home/projects/ros2_ws/spring-2025-final-project-team-4/src/install/usb_cam_driver/lib/python3.8/site-packages/usb_cam_driver-0.0.0-py3.8.egg-info
[8.854s] running install_scripts
[8.950s] Installing usb_cam_node script to /home/projects/ros2_ws/spring-2025-final-project-team-4/src/install/usb_cam_driver/lib/usb_cam_driver
[8.951s] writing list of installed files to '/home/projects/ros2_ws/spring-2025-final-project-team-4/src/build/usb_cam_driver/install.log'
[9.065s] Invoked command in '/home/projects/ros2_ws/spring-2025-final-project-team-4/src/usb_cam_driver' returned '0': PYTHONPATH=/home/projects/ros2_ws/spring-2025-final-project-team-4/src/install/usb_cam_driver/lib/python3.8/site-packages:${PYTHONPATH} /usr/bin/python3 setup.py egg_info --egg-base ../build/usb_cam_driver build --build-base /home/projects/ros2_ws/spring-2025-final-project-team-4/src/build/usb_cam_driver/build install --prefix /home/projects/ros2_ws/spring-2025-final-project-team-4/src/install/usb_cam_driver --record /home/projects/ros2_ws/spring-2025-final-project-team-4/src/build/usb_cam_driver/install.log --single-version-externally-managed
