[3.282s] Invoking command in '/home/projects/ros2_ws/spring-2025-final-project-team-4/src/oakd_camera': PYTHONPATH=/home/projects/ros2_ws/spring-2025-final-project-team-4/src/install/oakd_camera/lib/python3.8/site-packages:${PYTHONPATH} /usr/bin/python3 setup.py egg_info --egg-base ../build/oakd_camera build --build-base /home/projects/ros2_ws/spring-2025-final-project-team-4/src/build/oakd_camera/build install --prefix /home/projects/ros2_ws/spring-2025-final-project-team-4/src/install/oakd_camera --record /home/projects/ros2_ws/spring-2025-final-project-team-4/src/build/oakd_camera/install.log --single-version-externally-managed
[4.406s] running egg_info
[4.408s] writing ../build/oakd_camera/oakd_camera.egg-info/PKG-INFO
[4.409s] writing dependency_links to ../build/oakd_camera/oakd_camera.egg-info/dependency_links.txt
[4.410s] writing entry points to ../build/oakd_camera/oakd_camera.egg-info/entry_points.txt
[4.410s] writing requirements to ../build/oakd_camera/oakd_camera.egg-info/requires.txt
[4.410s] writing top-level names to ../build/oakd_camera/oakd_camera.egg-info/top_level.txt
[4.571s] reading manifest file '../build/oakd_camera/oakd_camera.egg-info/SOURCES.txt'
[4.575s] writing manifest file '../build/oakd_camera/oakd_camera.egg-info/SOURCES.txt'
[4.576s] running build
[4.576s] running build_py
[4.577s] copying oakd_camera/OAKD_listen.py -> /home/projects/ros2_ws/spring-2025-final-project-team-4/src/build/oakd_camera/build/lib/oakd_camera
[4.577s] running install
[4.581s] running install_lib
[4.585s] copying /home/projects/ros2_ws/spring-2025-final-project-team-4/src/build/oakd_camera/build/lib/oakd_camera/OAKD_listen.py -> /home/projects/ros2_ws/spring-2025-final-project-team-4/src/install/oakd_camera/lib/python3.8/site-packages/oakd_camera
[4.588s] byte-compiling /home/projects/ros2_ws/spring-2025-final-project-team-4/src/install/oakd_camera/lib/python3.8/site-packages/oakd_camera/OAKD_listen.py to OAKD_listen.cpython-38.pyc
[4.596s] running install_data
[4.598s] running install_egg_info
[4.607s] removing '/home/projects/ros2_ws/spring-2025-final-project-team-4/src/install/oakd_camera/lib/python3.8/site-packages/oakd_camera-0.0.0-py3.8.egg-info' (and everything under it)
[4.608s] Copying ../build/oakd_camera/oakd_camera.egg-info to /home/projects/ros2_ws/spring-2025-final-project-team-4/src/install/oakd_camera/lib/python3.8/site-packages/oakd_camera-0.0.0-py3.8.egg-info
[4.612s] running install_scripts
[4.682s] Installing listen_executable script to /home/projects/ros2_ws/spring-2025-final-project-team-4/src/install/oakd_camera/lib/oakd_camera
[4.682s] Installing oakd_executable script to /home/projects/ros2_ws/spring-2025-final-project-team-4/src/install/oakd_camera/lib/oakd_camera
[4.684s] writing list of installed files to '/home/projects/ros2_ws/spring-2025-final-project-team-4/src/build/oakd_camera/install.log'
[4.792s] Invoked command in '/home/projects/ros2_ws/spring-2025-final-project-team-4/src/oakd_camera' returned '0': PYTHONPATH=/home/projects/ros2_ws/spring-2025-final-project-team-4/src/install/oakd_camera/lib/python3.8/site-packages:${PYTHONPATH} /usr/bin/python3 setup.py egg_info --egg-base ../build/oakd_camera build --build-base /home/projects/ros2_ws/spring-2025-final-project-team-4/src/build/oakd_camera/build install --prefix /home/projects/ros2_ws/spring-2025-final-project-team-4/src/install/oakd_camera --record /home/projects/ros2_ws/spring-2025-final-project-team-4/src/build/oakd_camera/install.log --single-version-externally-managed
