[3.204s] Invoking command in '/home/projects/ros2_ws/spring-2025-final-project-team-4/src/ros2_aruco_perception': PYTHONPATH=/home/projects/ros2_ws/spring-2025-final-project-team-4/src/install/ros2_aruco_perception/lib/python3.8/site-packages:${PYTHONPATH} /usr/bin/python3 setup.py egg_info --egg-base ../build/ros2_aruco_perception build --build-base /home/projects/ros2_ws/spring-2025-final-project-team-4/src/build/ros2_aruco_perception/build install --prefix /home/projects/ros2_ws/spring-2025-final-project-team-4/src/install/ros2_aruco_perception --record /home/projects/ros2_ws/spring-2025-final-project-team-4/src/build/ros2_aruco_perception/install.log --single-version-externally-managed
[4.294s] running egg_info
[4.296s] creating ../build/ros2_aruco_perception/ros2_aruco_perception.egg-info
[4.297s] writing ../build/ros2_aruco_perception/ros2_aruco_perception.egg-info/PKG-INFO
[4.298s] writing dependency_links to ../build/ros2_aruco_perception/ros2_aruco_perception.egg-info/dependency_links.txt
[4.298s] writing entry points to ../build/ros2_aruco_perception/ros2_aruco_perception.egg-info/entry_points.txt
[4.299s] writing requirements to ../build/ros2_aruco_perception/ros2_aruco_perception.egg-info/requires.txt
[4.299s] writing top-level names to ../build/ros2_aruco_perception/ros2_aruco_perception.egg-info/top_level.txt
[4.305s] writing manifest file '../build/ros2_aruco_perception/ros2_aruco_perception.egg-info/SOURCES.txt'
[4.458s] reading manifest file '../build/ros2_aruco_perception/ros2_aruco_perception.egg-info/SOURCES.txt'
[4.463s] writing manifest file '../build/ros2_aruco_perception/ros2_aruco_perception.egg-info/SOURCES.txt'
[4.463s] running build
[4.464s] running build_py
[4.464s] creating /home/projects/ros2_ws/spring-2025-final-project-team-4/src/build/ros2_aruco_perception/build
[4.465s] creating /home/projects/ros2_ws/spring-2025-final-project-team-4/src/build/ros2_aruco_perception/build/lib
[4.465s] creating /home/projects/ros2_ws/spring-2025-final-project-team-4/src/build/ros2_aruco_perception/build/lib/ros2_aruco_perception
[4.465s] copying ros2_aruco_perception/__init__.py -> /home/projects/ros2_ws/spring-2025-final-project-team-4/src/build/ros2_aruco_perception/build/lib/ros2_aruco_perception
[4.466s] copying ros2_aruco_perception/perception_node.py -> /home/projects/ros2_ws/spring-2025-final-project-team-4/src/build/ros2_aruco_perception/build/lib/ros2_aruco_perception
[4.466s] running install
[4.468s] running install_lib
[4.472s] creating /home/projects/ros2_ws/spring-2025-final-project-team-4/src/install/ros2_aruco_perception/lib/python3.8/site-packages/ros2_aruco_perception
[4.472s] copying /home/projects/ros2_ws/spring-2025-final-project-team-4/src/build/ros2_aruco_perception/build/lib/ros2_aruco_perception/__init__.py -> /home/projects/ros2_ws/spring-2025-final-project-team-4/src/install/ros2_aruco_perception/lib/python3.8/site-packages/ros2_aruco_perception
[4.473s] copying /home/projects/ros2_ws/spring-2025-final-project-team-4/src/build/ros2_aruco_perception/build/lib/ros2_aruco_perception/perception_node.py -> /home/projects/ros2_ws/spring-2025-final-project-team-4/src/install/ros2_aruco_perception/lib/python3.8/site-packages/ros2_aruco_perception
[4.475s] byte-compiling /home/projects/ros2_ws/spring-2025-final-project-team-4/src/install/ros2_aruco_perception/lib/python3.8/site-packages/ros2_aruco_perception/__init__.py to __init__.cpython-38.pyc
[4.480s] byte-compiling /home/projects/ros2_ws/spring-2025-final-project-team-4/src/install/ros2_aruco_perception/lib/python3.8/site-packages/ros2_aruco_perception/perception_node.py to perception_node.cpython-38.pyc
[4.483s] running install_data
[4.486s] creating /home/projects/ros2_ws/spring-2025-final-project-team-4/src/install/ros2_aruco_perception/share/ament_index
[4.487s] creating /home/projects/ros2_ws/spring-2025-final-project-team-4/src/install/ros2_aruco_perception/share/ament_index/resource_index
[4.487s] creating /home/projects/ros2_ws/spring-2025-final-project-team-4/src/install/ros2_aruco_perception/share/ament_index/resource_index/packages
[4.487s] copying resource/ros2_aruco_perception -> /home/projects/ros2_ws/spring-2025-final-project-team-4/src/install/ros2_aruco_perception/share/ament_index/resource_index/packages
[4.488s] copying package.xml -> /home/projects/ros2_ws/spring-2025-final-project-team-4/src/install/ros2_aruco_perception/share/ros2_aruco_perception
[4.488s] creating /home/projects/ros2_ws/spring-2025-final-project-team-4/src/install/ros2_aruco_perception/share/ros2_aruco_perception/launch
[4.489s] copying ../launch/perception_and_planner.launch.py -> /home/projects/ros2_ws/spring-2025-final-project-team-4/src/install/ros2_aruco_perception/share/ros2_aruco_perception/launch
[4.489s] creating /home/projects/ros2_ws/spring-2025-final-project-team-4/src/install/ros2_aruco_perception/share/ros2_aruco_perception/calib_data
[4.489s] copying ros2_aruco_perception/calib_data/MultiMatrix.npz -> /home/projects/ros2_ws/spring-2025-final-project-team-4/src/install/ros2_aruco_perception/share/ros2_aruco_perception/calib_data
[4.490s] running install_egg_info
[4.496s] Copying ../build/ros2_aruco_perception/ros2_aruco_perception.egg-info to /home/projects/ros2_ws/spring-2025-final-project-team-4/src/install/ros2_aruco_perception/lib/python3.8/site-packages/ros2_aruco_perception-0.0.0-py3.8.egg-info
[4.499s] running install_scripts
[4.570s] Installing perception_node script to /home/projects/ros2_ws/spring-2025-final-project-team-4/src/install/ros2_aruco_perception/lib/ros2_aruco_perception
[4.571s] writing list of installed files to '/home/projects/ros2_ws/spring-2025-final-project-team-4/src/build/ros2_aruco_perception/install.log'
[4.668s] Invoked command in '/home/projects/ros2_ws/spring-2025-final-project-team-4/src/ros2_aruco_perception' returned '0': PYTHONPATH=/home/projects/ros2_ws/spring-2025-final-project-team-4/src/install/ros2_aruco_perception/lib/python3.8/site-packages:${PYTHONPATH} /usr/bin/python3 setup.py egg_info --egg-base ../build/ros2_aruco_perception build --build-base /home/projects/ros2_ws/spring-2025-final-project-team-4/src/build/ros2_aruco_perception/build install --prefix /home/projects/ros2_ws/spring-2025-final-project-team-4/src/install/ros2_aruco_perception --record /home/projects/ros2_ws/spring-2025-final-project-team-4/src/build/ros2_aruco_perception/install.log --single-version-externally-managed
