[7.524s] Invoking command in '/home/projects/ros2_ws/spring-2025-final-project-team-4/src/ros2_task_planner': PYTHONPATH=/home/projects/ros2_ws/spring-2025-final-project-team-4/src/install/ros2_task_planner/lib/python3.8/site-packages:${PYTHONPATH} /usr/bin/python3 setup.py egg_info --egg-base ../build/ros2_task_planner build --build-base /home/projects/ros2_ws/spring-2025-final-project-team-4/src/build/ros2_task_planner/build install --prefix /home/projects/ros2_ws/spring-2025-final-project-team-4/src/install/ros2_task_planner --record /home/projects/ros2_ws/spring-2025-final-project-team-4/src/build/ros2_task_planner/install.log --single-version-externally-managed
[8.808s] running egg_info
[8.812s] writing ../build/ros2_task_planner/ros2_task_planner.egg-info/PKG-INFO
[8.815s] writing dependency_links to ../build/ros2_task_planner/ros2_task_planner.egg-info/dependency_links.txt
[8.816s] writing entry points to ../build/ros2_task_planner/ros2_task_planner.egg-info/entry_points.txt
[8.818s] writing requirements to ../build/ros2_task_planner/ros2_task_planner.egg-info/requires.txt
[8.819s] writing top-level names to ../build/ros2_task_planner/ros2_task_planner.egg-info/top_level.txt
[9.008s] reading manifest file '../build/ros2_task_planner/ros2_task_planner.egg-info/SOURCES.txt'
[9.014s] writing manifest file '../build/ros2_task_planner/ros2_task_planner.egg-info/SOURCES.txt'
[9.016s] running build
[9.017s] running build_py
[9.024s] running install
[9.027s] running install_lib
[9.038s] running install_data
[9.043s] running install_egg_info
[9.053s] removing '/home/projects/ros2_ws/spring-2025-final-project-team-4/src/install/ros2_task_planner/lib/python3.8/site-packages/ros2_task_planner-0.0.0-py3.8.egg-info' (and everything under it)
[9.054s] Copying ../build/ros2_task_planner/ros2_task_planner.egg-info to /home/projects/ros2_ws/spring-2025-final-project-team-4/src/install/ros2_task_planner/lib/python3.8/site-packages/ros2_task_planner-0.0.0-py3.8.egg-info
[9.062s] running install_scripts
[9.162s] Installing task_planner_node script to /home/projects/ros2_ws/spring-2025-final-project-team-4/src/install/ros2_task_planner/lib/ros2_task_planner
[9.164s] writing list of installed files to '/home/projects/ros2_ws/spring-2025-final-project-team-4/src/build/ros2_task_planner/install.log'
[9.312s] Invoked command in '/home/projects/ros2_ws/spring-2025-final-project-team-4/src/ros2_task_planner' returned '0': PYTHONPATH=/home/projects/ros2_ws/spring-2025-final-project-team-4/src/install/ros2_task_planner/lib/python3.8/site-packages:${PYTHONPATH} /usr/bin/python3 setup.py egg_info --egg-base ../build/ros2_task_planner build --build-base /home/projects/ros2_ws/spring-2025-final-project-team-4/src/build/ros2_task_planner/build install --prefix /home/projects/ros2_ws/spring-2025-final-project-team-4/src/install/ros2_task_planner --record /home/projects/ros2_ws/spring-2025-final-project-team-4/src/build/ros2_task_planner/install.log --single-version-externally-managed
