running egg_info
creating ../build/armangles/armangles.egg-info
writing ../build/armangles/armangles.egg-info/PKG-INFO
writing dependency_links to ../build/armangles/armangles.egg-info/dependency_links.txt
writing entry points to ../build/armangles/armangles.egg-info/entry_points.txt
writing requirements to ../build/armangles/armangles.egg-info/requires.txt
writing top-level names to ../build/armangles/armangles.egg-info/top_level.txt
writing manifest file '../build/armangles/armangles.egg-info/SOURCES.txt'
reading manifest file '../build/armangles/armangles.egg-info/SOURCES.txt'
writing manifest file '../build/armangles/armangles.egg-info/SOURCES.txt'
running build
running build_py
creating /home/projects/ros2_ws/spring-2025-final-project-team-4/src/build/armangles/build
creating /home/projects/ros2_ws/spring-2025-final-project-team-4/src/build/armangles/build/lib
creating /home/projects/ros2_ws/spring-2025-final-project-team-4/src/build/armangles/build/lib/armangles
copying armangles/__init__.py -> /home/projects/ros2_ws/spring-2025-final-project-team-4/src/build/armangles/build/lib/armangles
copying armangles/sendangles.py -> /home/projects/ros2_ws/spring-2025-final-project-team-4/src/build/armangles/build/lib/armangles
running install
running install_lib
creating /home/projects/ros2_ws/spring-2025-final-project-team-4/src/install/armangles/lib/python3.8/site-packages/armangles
copying /home/projects/ros2_ws/spring-2025-final-project-team-4/src/build/armangles/build/lib/armangles/__init__.py -> /home/projects/ros2_ws/spring-2025-final-project-team-4/src/install/armangles/lib/python3.8/site-packages/armangles
copying /home/projects/ros2_ws/spring-2025-final-project-team-4/src/build/armangles/build/lib/armangles/sendangles.py -> /home/projects/ros2_ws/spring-2025-final-project-team-4/src/install/armangles/lib/python3.8/site-packages/armangles
byte-compiling /home/projects/ros2_ws/spring-2025-final-project-team-4/src/install/armangles/lib/python3.8/site-packages/armangles/__init__.py to __init__.cpython-38.pyc
byte-compiling /home/projects/ros2_ws/spring-2025-final-project-team-4/src/install/armangles/lib/python3.8/site-packages/armangles/sendangles.py to sendangles.cpython-38.pyc
running install_data
creating /home/projects/ros2_ws/spring-2025-final-project-team-4/src/install/armangles/share/ament_index
creating /home/projects/ros2_ws/spring-2025-final-project-team-4/src/install/armangles/share/ament_index/resource_index
creating /home/projects/ros2_ws/spring-2025-final-project-team-4/src/install/armangles/share/ament_index/resource_index/packages
copying resource/armangles -> /home/projects/ros2_ws/spring-2025-final-project-team-4/src/install/armangles/share/ament_index/resource_index/packages
copying package.xml -> /home/projects/ros2_ws/spring-2025-final-project-team-4/src/install/armangles/share/armangles
copying launch/armlaunch.launch.py -> /home/projects/ros2_ws/spring-2025-final-project-team-4/src/install/armangles/share/armangles
running install_egg_info
Copying ../build/armangles/armangles.egg-info to /home/projects/ros2_ws/spring-2025-final-project-team-4/src/install/armangles/lib/python3.8/site-packages/armangles-0.0.0-py3.8.egg-info
running install_scripts
Installing PUB_executable script to /home/projects/ros2_ws/spring-2025-final-project-team-4/src/install/armangles/lib/armangles
Installing sendangles_executable script to /home/projects/ros2_ws/spring-2025-final-project-team-4/src/install/armangles/lib/armangles
writing list of installed files to '/home/projects/ros2_ws/spring-2025-final-project-team-4/src/build/armangles/install.log'
