[7.155s] Invoking command in '/home/projects/ros2_ws/spring-2025-final-project-team-4/src/armangles': PYTHONPATH=/home/projects/ros2_ws/spring-2025-final-project-team-4/src/install/armangles/lib/python3.8/site-packages:${PYTHONPATH} /usr/bin/python3 setup.py egg_info --egg-base ../build/armangles build --build-base /home/projects/ros2_ws/spring-2025-final-project-team-4/src/build/armangles/build install --prefix /home/projects/ros2_ws/spring-2025-final-project-team-4/src/install/armangles --record /home/projects/ros2_ws/spring-2025-final-project-team-4/src/build/armangles/install.log --single-version-externally-managed
[8.430s] running egg_info
[8.433s] creating ../build/armangles/armangles.egg-info
[8.435s] writing ../build/armangles/armangles.egg-info/PKG-INFO
[8.437s] writing dependency_links to ../build/armangles/armangles.egg-info/dependency_links.txt
[8.439s] writing entry points to ../build/armangles/armangles.egg-info/entry_points.txt
[8.440s] writing requirements to ../build/armangles/armangles.egg-info/requires.txt
[8.441s] writing top-level names to ../build/armangles/armangles.egg-info/top_level.txt
[8.447s] writing manifest file '../build/armangles/armangles.egg-info/SOURCES.txt'
[8.626s] reading manifest file '../build/armangles/armangles.egg-info/SOURCES.txt'
[8.629s] writing manifest file '../build/armangles/armangles.egg-info/SOURCES.txt'
[8.631s] running build
[8.631s] running build_py
[8.632s] creating /home/projects/ros2_ws/spring-2025-final-project-team-4/src/build/armangles/build
[8.632s] creating /home/projects/ros2_ws/spring-2025-final-project-team-4/src/build/armangles/build/lib
[8.633s] creating /home/projects/ros2_ws/spring-2025-final-project-team-4/src/build/armangles/build/lib/armangles
[8.634s] copying armangles/__init__.py -> /home/projects/ros2_ws/spring-2025-final-project-team-4/src/build/armangles/build/lib/armangles
[8.635s] copying armangles/sendangles.py -> /home/projects/ros2_ws/spring-2025-final-project-team-4/src/build/armangles/build/lib/armangles
[8.636s] running install
[8.640s] running install_lib
[8.645s] creating /home/projects/ros2_ws/spring-2025-final-project-team-4/src/install/armangles/lib/python3.8/site-packages/armangles
[8.646s] copying /home/projects/ros2_ws/spring-2025-final-project-team-4/src/build/armangles/build/lib/armangles/__init__.py -> /home/projects/ros2_ws/spring-2025-final-project-team-4/src/install/armangles/lib/python3.8/site-packages/armangles
[8.647s] copying /home/projects/ros2_ws/spring-2025-final-project-team-4/src/build/armangles/build/lib/armangles/sendangles.py -> /home/projects/ros2_ws/spring-2025-final-project-team-4/src/install/armangles/lib/python3.8/site-packages/armangles
[8.650s] byte-compiling /home/projects/ros2_ws/spring-2025-final-project-team-4/src/install/armangles/lib/python3.8/site-packages/armangles/__init__.py to __init__.cpython-38.pyc
[8.656s] byte-compiling /home/projects/ros2_ws/spring-2025-final-project-team-4/src/install/armangles/lib/python3.8/site-packages/armangles/sendangles.py to sendangles.cpython-38.pyc
[8.659s] running install_data
[8.663s] creating /home/projects/ros2_ws/spring-2025-final-project-team-4/src/install/armangles/share/ament_index
[8.663s] creating /home/projects/ros2_ws/spring-2025-final-project-team-4/src/install/armangles/share/ament_index/resource_index
[8.664s] creating /home/projects/ros2_ws/spring-2025-final-project-team-4/src/install/armangles/share/ament_index/resource_index/packages
[8.664s] copying resource/armangles -> /home/projects/ros2_ws/spring-2025-final-project-team-4/src/install/armangles/share/ament_index/resource_index/packages
[8.665s] copying package.xml -> /home/projects/ros2_ws/spring-2025-final-project-team-4/src/install/armangles/share/armangles
[8.665s] copying launch/armlaunch.launch.py -> /home/projects/ros2_ws/spring-2025-final-project-team-4/src/install/armangles/share/armangles
[8.666s] running install_egg_info
[8.673s] Copying ../build/armangles/armangles.egg-info to /home/projects/ros2_ws/spring-2025-final-project-team-4/src/install/armangles/lib/python3.8/site-packages/armangles-0.0.0-py3.8.egg-info
[8.677s] running install_scripts
[8.772s] Installing PUB_executable script to /home/projects/ros2_ws/spring-2025-final-project-team-4/src/install/armangles/lib/armangles
[8.773s] Installing sendangles_executable script to /home/projects/ros2_ws/spring-2025-final-project-team-4/src/install/armangles/lib/armangles
[8.774s] writing list of installed files to '/home/projects/ros2_ws/spring-2025-final-project-team-4/src/build/armangles/install.log'
[8.896s] Invoked command in '/home/projects/ros2_ws/spring-2025-final-project-team-4/src/armangles' returned '0': PYTHONPATH=/home/projects/ros2_ws/spring-2025-final-project-team-4/src/install/armangles/lib/python3.8/site-packages:${PYTHONPATH} /usr/bin/python3 setup.py egg_info --egg-base ../build/armangles build --build-base /home/projects/ros2_ws/spring-2025-final-project-team-4/src/build/armangles/build install --prefix /home/projects/ros2_ws/spring-2025-final-project-team-4/src/install/armangles --record /home/projects/ros2_ws/spring-2025-final-project-team-4/src/build/armangles/install.log --single-version-externally-managed
