[7.375s] Invoking command in '/home/projects/ros2_ws/spring-2025-final-project-team-4/src/armangles1': PYTHONPATH=/home/projects/ros2_ws/spring-2025-final-project-team-4/src/install/armangles1/lib/python3.8/site-packages:${PYTHONPATH} /usr/bin/python3 setup.py egg_info --egg-base ../build/armangles1 build --build-base /home/projects/ros2_ws/spring-2025-final-project-team-4/src/build/armangles1/build install --prefix /home/projects/ros2_ws/spring-2025-final-project-team-4/src/install/armangles1 --record /home/projects/ros2_ws/spring-2025-final-project-team-4/src/build/armangles1/install.log --single-version-externally-managed
[8.680s] running egg_info
[8.683s] writing ../build/armangles1/armangles1.egg-info/PKG-INFO
[8.684s] writing dependency_links to ../build/armangles1/armangles1.egg-info/dependency_links.txt
[8.686s] writing entry points to ../build/armangles1/armangles1.egg-info/entry_points.txt
[8.687s] writing requirements to ../build/armangles1/armangles1.egg-info/requires.txt
[8.688s] writing top-level names to ../build/armangles1/armangles1.egg-info/top_level.txt
[8.870s] reading manifest file '../build/armangles1/armangles1.egg-info/SOURCES.txt'
[8.878s] writing manifest file '../build/armangles1/armangles1.egg-info/SOURCES.txt'
[8.878s] running build
[8.878s] running build_py
[8.879s] running install
[8.882s] running install_lib
[8.891s] running install_data
[8.894s] running install_egg_info
[8.904s] removing '/home/projects/ros2_ws/spring-2025-final-project-team-4/src/install/armangles1/lib/python3.8/site-packages/armangles1-0.0.0-py3.8.egg-info' (and everything under it)
[8.905s] Copying ../build/armangles1/armangles1.egg-info to /home/projects/ros2_ws/spring-2025-final-project-team-4/src/install/armangles1/lib/python3.8/site-packages/armangles1-0.0.0-py3.8.egg-info
[8.911s] running install_scripts
[8.997s] Installing sendangles_executable script to /home/projects/ros2_ws/spring-2025-final-project-team-4/src/install/armangles1/lib/armangles1
[8.999s] writing list of installed files to '/home/projects/ros2_ws/spring-2025-final-project-team-4/src/build/armangles1/install.log'
[9.170s] Invoked command in '/home/projects/ros2_ws/spring-2025-final-project-team-4/src/armangles1' returned '0': PYTHONPATH=/home/projects/ros2_ws/spring-2025-final-project-team-4/src/install/armangles1/lib/python3.8/site-packages:${PYTHONPATH} /usr/bin/python3 setup.py egg_info --egg-base ../build/armangles1 build --build-base /home/projects/ros2_ws/spring-2025-final-project-team-4/src/build/armangles1/build install --prefix /home/projects/ros2_ws/spring-2025-final-project-team-4/src/install/armangles1 --record /home/projects/ros2_ws/spring-2025-final-project-team-4/src/build/armangles1/install.log --single-version-externally-managed
