running egg_info
creating ../build/usb_cam_driver/usb_cam_driver.egg-info
writing ../build/usb_cam_driver/usb_cam_driver.egg-info/PKG-INFO
writing dependency_links to ../build/usb_cam_driver/usb_cam_driver.egg-info/dependency_links.txt
writing entry points to ../build/usb_cam_driver/usb_cam_driver.egg-info/entry_points.txt
writing requirements to ../build/usb_cam_driver/usb_cam_driver.egg-info/requires.txt
writing top-level names to ../build/usb_cam_driver/usb_cam_driver.egg-info/top_level.txt
writing manifest file '../build/usb_cam_driver/usb_cam_driver.egg-info/SOURCES.txt'
reading manifest file '../build/usb_cam_driver/usb_cam_driver.egg-info/SOURCES.txt'
writing manifest file '../build/usb_cam_driver/usb_cam_driver.egg-info/SOURCES.txt'
running build
running build_py
creating /home/projects/ros2_ws/spring-2025-final-project-team-4/src/build/usb_cam_driver/build
creating /home/projects/ros2_ws/spring-2025-final-project-team-4/src/build/usb_cam_driver/build/lib
creating /home/projects/ros2_ws/spring-2025-final-project-team-4/src/build/usb_cam_driver/build/lib/usb_cam_driver
copying usb_cam_driver/__init__.py -> /home/projects/ros2_ws/spring-2025-final-project-team-4/src/build/usb_cam_driver/build/lib/usb_cam_driver
copying usb_cam_driver/usb_cam_node.py -> /home/projects/ros2_ws/spring-2025-final-project-team-4/src/build/usb_cam_driver/build/lib/usb_cam_driver
running install
running install_lib
creating /home/projects/ros2_ws/spring-2025-final-project-team-4/src/install/usb_cam_driver/lib/python3.8/site-packages/usb_cam_driver
copying /home/projects/ros2_ws/spring-2025-final-project-team-4/src/build/usb_cam_driver/build/lib/usb_cam_driver/__init__.py -> /home/projects/ros2_ws/spring-2025-final-project-team-4/src/install/usb_cam_driver/lib/python3.8/site-packages/usb_cam_driver
copying /home/projects/ros2_ws/spring-2025-final-project-team-4/src/build/usb_cam_driver/build/lib/usb_cam_driver/usb_cam_node.py -> /home/projects/ros2_ws/spring-2025-final-project-team-4/src/install/usb_cam_driver/lib/python3.8/site-packages/usb_cam_driver
byte-compiling /home/projects/ros2_ws/spring-2025-final-project-team-4/src/install/usb_cam_driver/lib/python3.8/site-packages/usb_cam_driver/__init__.py to __init__.cpython-38.pyc
byte-compiling /home/projects/ros2_ws/spring-2025-final-project-team-4/src/install/usb_cam_driver/lib/python3.8/site-packages/usb_cam_driver/usb_cam_node.py to usb_cam_node.cpython-38.pyc
running install_data
creating /home/projects/ros2_ws/spring-2025-final-project-team-4/src/install/usb_cam_driver/share/ament_index
creating /home/projects/ros2_ws/spring-2025-final-project-team-4/src/install/usb_cam_driver/share/ament_index/resource_index
creating /home/projects/ros2_ws/spring-2025-final-project-team-4/src/install/usb_cam_driver/share/ament_index/resource_index/packages
copying resource/usb_cam_driver -> /home/projects/ros2_ws/spring-2025-final-project-team-4/src/install/usb_cam_driver/share/ament_index/resource_index/packages
copying package.xml -> /home/projects/ros2_ws/spring-2025-final-project-team-4/src/install/usb_cam_driver/share/usb_cam_driver
running install_egg_info
Copying ../build/usb_cam_driver/usb_cam_driver.egg-info to /home/projects/ros2_ws/spring-2025-final-project-team-4/src/install/usb_cam_driver/lib/python3.8/site-packages/usb_cam_driver-0.0.0-py3.8.egg-info
running install_scripts
Installing usb_cam_node script to /home/projects/ros2_ws/spring-2025-final-project-team-4/src/install/usb_cam_driver/lib/usb_cam_driver
writing list of installed files to '/home/projects/ros2_ws/spring-2025-final-project-team-4/src/build/usb_cam_driver/install.log'
