[0.787s] DEBUG:colcon:Command line arguments: ['/usr/bin/colcon', 'build', '--symlink-install']
[0.787s] DEBUG:colcon:Parsed command line arguments: Namespace(allow_overriding=[], ament_cmake_args=None, base_paths=['.'], build_base='build', catkin_cmake_args=None, catkin_skip_building_tests=False, cmake_args=None, cmake_clean_cache=False, cmake_clean_first=False, cmake_force_configure=False, cmake_target=None, cmake_target_skip_unavailable=False, continue_on_error=False, event_handlers=None, executor='parallel', ignore_user_meta=False, install_base='install', log_base=None, log_level=None, main=<bound method BuildVerb.main of <colcon_core.verb.build.BuildVerb object at 0x7f543816cf10>>, merge_install=False, metas=['./colcon.meta'], packages_above=None, packages_above_and_dependencies=None, packages_above_depth=None, packages_end=None, packages_ignore=None, packages_ignore_regex=None, packages_select=None, packages_select_build_failed=False, packages_select_by_dep=None, packages_select_regex=None, packages_select_test_failures=False, packages_skip=None, packages_skip_build_finished=False, packages_skip_by_dep=None, packages_skip_regex=None, packages_skip_test_passed=False, packages_skip_up_to=None, packages_start=None, packages_up_to=None, packages_up_to_regex=None, parallel_workers=16, paths=None, symlink_install=True, test_result_base=None, verb_extension=<colcon_core.verb.build.BuildVerb object at 0x7f543816cf10>, verb_name='build', verb_parser=<colcon_defaults.argument_parser.defaults.DefaultArgumentsDecorator object at 0x7f5438179490>)
[1.080s] Level 1:colcon.colcon_core.package_discovery:discover_packages(colcon_meta) check parameters
[1.081s] Level 1:colcon.colcon_core.package_discovery:discover_packages(recursive) check parameters
[1.081s] Level 1:colcon.colcon_core.package_discovery:discover_packages(ignore) check parameters
[1.081s] Level 1:colcon.colcon_core.package_discovery:discover_packages(path) check parameters
[1.081s] Level 1:colcon.colcon_core.package_discovery:discover_packages(colcon_meta) discover
[1.081s] Level 1:colcon.colcon_core.package_discovery:discover_packages(recursive) discover
[1.081s] INFO:colcon.colcon_core.package_discovery:Crawling recursively for packages in '/home/popem/spring-2025-final-project-team-4'
[1.081s] Level 1:colcon.colcon_core.package_identification:_identify(.) by extensions ['ignore', 'ignore_ament_install']
[1.081s] Level 1:colcon.colcon_core.package_identification:_identify(.) by extension 'ignore'
[1.081s] Level 1:colcon.colcon_core.package_identification:_identify(.) by extension 'ignore_ament_install'
[1.081s] Level 1:colcon.colcon_core.package_identification:_identify(.) by extensions ['colcon_pkg']
[1.081s] Level 1:colcon.colcon_core.package_identification:_identify(.) by extension 'colcon_pkg'
[1.081s] Level 1:colcon.colcon_core.package_identification:_identify(.) by extensions ['colcon_meta']
[1.081s] Level 1:colcon.colcon_core.package_identification:_identify(.) by extension 'colcon_meta'
[1.081s] Level 1:colcon.colcon_core.package_identification:_identify(.) by extensions ['ros']
[1.081s] Level 1:colcon.colcon_core.package_identification:_identify(.) by extension 'ros'
[1.100s] Level 1:colcon.colcon_core.package_identification:_identify(.) by extensions ['cmake', 'python']
[1.100s] Level 1:colcon.colcon_core.package_identification:_identify(.) by extension 'cmake'
[1.100s] Level 1:colcon.colcon_core.package_identification:_identify(.) by extension 'python'
[1.100s] Level 1:colcon.colcon_core.package_identification:_identify(.) by extensions ['python_setup_py']
[1.100s] Level 1:colcon.colcon_core.package_identification:_identify(.) by extension 'python_setup_py'
[1.101s] Level 1:colcon.colcon_core.package_identification:_identify(build) by extensions ['ignore', 'ignore_ament_install']
[1.101s] Level 1:colcon.colcon_core.package_identification:_identify(build) by extension 'ignore'
[1.101s] Level 1:colcon.colcon_core.package_identification:_identify(build) ignored
[1.101s] Level 1:colcon.colcon_core.package_identification:_identify(include) by extensions ['ignore', 'ignore_ament_install']
[1.101s] Level 1:colcon.colcon_core.package_identification:_identify(include) by extension 'ignore'
[1.101s] Level 1:colcon.colcon_core.package_identification:_identify(include) by extension 'ignore_ament_install'
[1.101s] Level 1:colcon.colcon_core.package_identification:_identify(include) by extensions ['colcon_pkg']
[1.101s] Level 1:colcon.colcon_core.package_identification:_identify(include) by extension 'colcon_pkg'
[1.101s] Level 1:colcon.colcon_core.package_identification:_identify(include) by extensions ['colcon_meta']
[1.101s] Level 1:colcon.colcon_core.package_identification:_identify(include) by extension 'colcon_meta'
[1.101s] Level 1:colcon.colcon_core.package_identification:_identify(include) by extensions ['ros']
[1.101s] Level 1:colcon.colcon_core.package_identification:_identify(include) by extension 'ros'
[1.101s] Level 1:colcon.colcon_core.package_identification:_identify(include) by extensions ['cmake', 'python']
[1.101s] Level 1:colcon.colcon_core.package_identification:_identify(include) by extension 'cmake'
[1.101s] Level 1:colcon.colcon_core.package_identification:_identify(include) by extension 'python'
[1.101s] Level 1:colcon.colcon_core.package_identification:_identify(include) by extensions ['python_setup_py']
[1.101s] Level 1:colcon.colcon_core.package_identification:_identify(include) by extension 'python_setup_py'
[1.102s] Level 1:colcon.colcon_core.package_identification:_identify(include/calib_data) by extensions ['ignore', 'ignore_ament_install']
[1.102s] Level 1:colcon.colcon_core.package_identification:_identify(include/calib_data) by extension 'ignore'
[1.102s] Level 1:colcon.colcon_core.package_identification:_identify(include/calib_data) by extension 'ignore_ament_install'
[1.102s] Level 1:colcon.colcon_core.package_identification:_identify(include/calib_data) by extensions ['colcon_pkg']
[1.102s] Level 1:colcon.colcon_core.package_identification:_identify(include/calib_data) by extension 'colcon_pkg'
[1.102s] Level 1:colcon.colcon_core.package_identification:_identify(include/calib_data) by extensions ['colcon_meta']
[1.102s] Level 1:colcon.colcon_core.package_identification:_identify(include/calib_data) by extension 'colcon_meta'
[1.102s] Level 1:colcon.colcon_core.package_identification:_identify(include/calib_data) by extensions ['ros']
[1.102s] Level 1:colcon.colcon_core.package_identification:_identify(include/calib_data) by extension 'ros'
[1.102s] Level 1:colcon.colcon_core.package_identification:_identify(include/calib_data) by extensions ['cmake', 'python']
[1.102s] Level 1:colcon.colcon_core.package_identification:_identify(include/calib_data) by extension 'cmake'
[1.102s] Level 1:colcon.colcon_core.package_identification:_identify(include/calib_data) by extension 'python'
[1.102s] Level 1:colcon.colcon_core.package_identification:_identify(include/calib_data) by extensions ['python_setup_py']
[1.102s] Level 1:colcon.colcon_core.package_identification:_identify(include/calib_data) by extension 'python_setup_py'
[1.102s] Level 1:colcon.colcon_core.package_identification:_identify(install) by extensions ['ignore', 'ignore_ament_install']
[1.103s] Level 1:colcon.colcon_core.package_identification:_identify(install) by extension 'ignore'
[1.103s] Level 1:colcon.colcon_core.package_identification:_identify(install) ignored
[1.103s] Level 1:colcon.colcon_core.package_identification:_identify(log) by extensions ['ignore', 'ignore_ament_install']
[1.103s] Level 1:colcon.colcon_core.package_identification:_identify(log) by extension 'ignore'
[1.103s] Level 1:colcon.colcon_core.package_identification:_identify(log) ignored
[1.103s] Level 1:colcon.colcon_core.package_identification:_identify(robotic_arm_arduino_driver) by extensions ['ignore', 'ignore_ament_install']
[1.103s] Level 1:colcon.colcon_core.package_identification:_identify(robotic_arm_arduino_driver) by extension 'ignore'
[1.103s] Level 1:colcon.colcon_core.package_identification:_identify(robotic_arm_arduino_driver) by extension 'ignore_ament_install'
[1.103s] Level 1:colcon.colcon_core.package_identification:_identify(robotic_arm_arduino_driver) by extensions ['colcon_pkg']
[1.103s] Level 1:colcon.colcon_core.package_identification:_identify(robotic_arm_arduino_driver) by extension 'colcon_pkg'
[1.103s] Level 1:colcon.colcon_core.package_identification:_identify(robotic_arm_arduino_driver) by extensions ['colcon_meta']
[1.103s] Level 1:colcon.colcon_core.package_identification:_identify(robotic_arm_arduino_driver) by extension 'colcon_meta'
[1.103s] Level 1:colcon.colcon_core.package_identification:_identify(robotic_arm_arduino_driver) by extensions ['ros']
[1.103s] Level 1:colcon.colcon_core.package_identification:_identify(robotic_arm_arduino_driver) by extension 'ros'
[1.103s] Level 1:colcon.colcon_core.package_identification:_identify(robotic_arm_arduino_driver) by extensions ['cmake', 'python']
[1.103s] Level 1:colcon.colcon_core.package_identification:_identify(robotic_arm_arduino_driver) by extension 'cmake'
[1.104s] Level 1:colcon.colcon_core.package_identification:_identify(robotic_arm_arduino_driver) by extension 'python'
[1.104s] Level 1:colcon.colcon_core.package_identification:_identify(robotic_arm_arduino_driver) by extensions ['python_setup_py']
[1.104s] Level 1:colcon.colcon_core.package_identification:_identify(robotic_arm_arduino_driver) by extension 'python_setup_py'
[1.104s] Level 1:colcon.colcon_core.package_identification:_identify(robotic_arm_arduino_driver/include) by extensions ['ignore', 'ignore_ament_install']
[1.104s] Level 1:colcon.colcon_core.package_identification:_identify(robotic_arm_arduino_driver/include) by extension 'ignore'
[1.104s] Level 1:colcon.colcon_core.package_identification:_identify(robotic_arm_arduino_driver/include) by extension 'ignore_ament_install'
[1.104s] Level 1:colcon.colcon_core.package_identification:_identify(robotic_arm_arduino_driver/include) by extensions ['colcon_pkg']
[1.104s] Level 1:colcon.colcon_core.package_identification:_identify(robotic_arm_arduino_driver/include) by extension 'colcon_pkg'
[1.104s] Level 1:colcon.colcon_core.package_identification:_identify(robotic_arm_arduino_driver/include) by extensions ['colcon_meta']
[1.104s] Level 1:colcon.colcon_core.package_identification:_identify(robotic_arm_arduino_driver/include) by extension 'colcon_meta'
[1.104s] Level 1:colcon.colcon_core.package_identification:_identify(robotic_arm_arduino_driver/include) by extensions ['ros']
[1.104s] Level 1:colcon.colcon_core.package_identification:_identify(robotic_arm_arduino_driver/include) by extension 'ros'
[1.104s] Level 1:colcon.colcon_core.package_identification:_identify(robotic_arm_arduino_driver/include) by extensions ['cmake', 'python']
[1.104s] Level 1:colcon.colcon_core.package_identification:_identify(robotic_arm_arduino_driver/include) by extension 'cmake'
[1.104s] Level 1:colcon.colcon_core.package_identification:_identify(robotic_arm_arduino_driver/include) by extension 'python'
[1.104s] Level 1:colcon.colcon_core.package_identification:_identify(robotic_arm_arduino_driver/include) by extensions ['python_setup_py']
[1.104s] Level 1:colcon.colcon_core.package_identification:_identify(robotic_arm_arduino_driver/include) by extension 'python_setup_py'
[1.104s] Level 1:colcon.colcon_core.package_identification:_identify(robotic_arm_arduino_driver/lib) by extensions ['ignore', 'ignore_ament_install']
[1.104s] Level 1:colcon.colcon_core.package_identification:_identify(robotic_arm_arduino_driver/lib) by extension 'ignore'
[1.104s] Level 1:colcon.colcon_core.package_identification:_identify(robotic_arm_arduino_driver/lib) by extension 'ignore_ament_install'
[1.104s] Level 1:colcon.colcon_core.package_identification:_identify(robotic_arm_arduino_driver/lib) by extensions ['colcon_pkg']
[1.104s] Level 1:colcon.colcon_core.package_identification:_identify(robotic_arm_arduino_driver/lib) by extension 'colcon_pkg'
[1.105s] Level 1:colcon.colcon_core.package_identification:_identify(robotic_arm_arduino_driver/lib) by extensions ['colcon_meta']
[1.105s] Level 1:colcon.colcon_core.package_identification:_identify(robotic_arm_arduino_driver/lib) by extension 'colcon_meta'
[1.105s] Level 1:colcon.colcon_core.package_identification:_identify(robotic_arm_arduino_driver/lib) by extensions ['ros']
[1.105s] Level 1:colcon.colcon_core.package_identification:_identify(robotic_arm_arduino_driver/lib) by extension 'ros'
[1.105s] Level 1:colcon.colcon_core.package_identification:_identify(robotic_arm_arduino_driver/lib) by extensions ['cmake', 'python']
[1.105s] Level 1:colcon.colcon_core.package_identification:_identify(robotic_arm_arduino_driver/lib) by extension 'cmake'
[1.105s] Level 1:colcon.colcon_core.package_identification:_identify(robotic_arm_arduino_driver/lib) by extension 'python'
[1.105s] Level 1:colcon.colcon_core.package_identification:_identify(robotic_arm_arduino_driver/lib) by extensions ['python_setup_py']
[1.105s] Level 1:colcon.colcon_core.package_identification:_identify(robotic_arm_arduino_driver/lib) by extension 'python_setup_py'
[1.105s] Level 1:colcon.colcon_core.package_identification:_identify(robotic_arm_arduino_driver/src) by extensions ['ignore', 'ignore_ament_install']
[1.105s] Level 1:colcon.colcon_core.package_identification:_identify(robotic_arm_arduino_driver/src) by extension 'ignore'
[1.105s] Level 1:colcon.colcon_core.package_identification:_identify(robotic_arm_arduino_driver/src) by extension 'ignore_ament_install'
[1.105s] Level 1:colcon.colcon_core.package_identification:_identify(robotic_arm_arduino_driver/src) by extensions ['colcon_pkg']
[1.105s] Level 1:colcon.colcon_core.package_identification:_identify(robotic_arm_arduino_driver/src) by extension 'colcon_pkg'
[1.105s] Level 1:colcon.colcon_core.package_identification:_identify(robotic_arm_arduino_driver/src) by extensions ['colcon_meta']
[1.105s] Level 1:colcon.colcon_core.package_identification:_identify(robotic_arm_arduino_driver/src) by extension 'colcon_meta'
[1.105s] Level 1:colcon.colcon_core.package_identification:_identify(robotic_arm_arduino_driver/src) by extensions ['ros']
[1.105s] Level 1:colcon.colcon_core.package_identification:_identify(robotic_arm_arduino_driver/src) by extension 'ros'
[1.105s] Level 1:colcon.colcon_core.package_identification:_identify(robotic_arm_arduino_driver/src) by extensions ['cmake', 'python']
[1.105s] Level 1:colcon.colcon_core.package_identification:_identify(robotic_arm_arduino_driver/src) by extension 'cmake'
[1.105s] Level 1:colcon.colcon_core.package_identification:_identify(robotic_arm_arduino_driver/src) by extension 'python'
[1.105s] Level 1:colcon.colcon_core.package_identification:_identify(robotic_arm_arduino_driver/src) by extensions ['python_setup_py']
[1.105s] Level 1:colcon.colcon_core.package_identification:_identify(robotic_arm_arduino_driver/src) by extension 'python_setup_py'
[1.106s] Level 1:colcon.colcon_core.package_identification:_identify(robotic_arm_arduino_driver/test) by extensions ['ignore', 'ignore_ament_install']
[1.106s] Level 1:colcon.colcon_core.package_identification:_identify(robotic_arm_arduino_driver/test) by extension 'ignore'
[1.106s] Level 1:colcon.colcon_core.package_identification:_identify(robotic_arm_arduino_driver/test) by extension 'ignore_ament_install'
[1.106s] Level 1:colcon.colcon_core.package_identification:_identify(robotic_arm_arduino_driver/test) by extensions ['colcon_pkg']
[1.106s] Level 1:colcon.colcon_core.package_identification:_identify(robotic_arm_arduino_driver/test) by extension 'colcon_pkg'
[1.106s] Level 1:colcon.colcon_core.package_identification:_identify(robotic_arm_arduino_driver/test) by extensions ['colcon_meta']
[1.106s] Level 1:colcon.colcon_core.package_identification:_identify(robotic_arm_arduino_driver/test) by extension 'colcon_meta'
[1.106s] Level 1:colcon.colcon_core.package_identification:_identify(robotic_arm_arduino_driver/test) by extensions ['ros']
[1.106s] Level 1:colcon.colcon_core.package_identification:_identify(robotic_arm_arduino_driver/test) by extension 'ros'
[1.106s] Level 1:colcon.colcon_core.package_identification:_identify(robotic_arm_arduino_driver/test) by extensions ['cmake', 'python']
[1.106s] Level 1:colcon.colcon_core.package_identification:_identify(robotic_arm_arduino_driver/test) by extension 'cmake'
[1.106s] Level 1:colcon.colcon_core.package_identification:_identify(robotic_arm_arduino_driver/test) by extension 'python'
[1.106s] Level 1:colcon.colcon_core.package_identification:_identify(robotic_arm_arduino_driver/test) by extensions ['python_setup_py']
[1.106s] Level 1:colcon.colcon_core.package_identification:_identify(robotic_arm_arduino_driver/test) by extension 'python_setup_py'
[1.106s] Level 1:colcon.colcon_core.package_identification:_identify(src) by extensions ['ignore', 'ignore_ament_install']
[1.106s] Level 1:colcon.colcon_core.package_identification:_identify(src) by extension 'ignore'
[1.106s] Level 1:colcon.colcon_core.package_identification:_identify(src) by extension 'ignore_ament_install'
[1.106s] Level 1:colcon.colcon_core.package_identification:_identify(src) by extensions ['colcon_pkg']
[1.106s] Level 1:colcon.colcon_core.package_identification:_identify(src) by extension 'colcon_pkg'
[1.107s] Level 1:colcon.colcon_core.package_identification:_identify(src) by extensions ['colcon_meta']
[1.107s] Level 1:colcon.colcon_core.package_identification:_identify(src) by extension 'colcon_meta'
[1.107s] Level 1:colcon.colcon_core.package_identification:_identify(src) by extensions ['ros']
[1.107s] Level 1:colcon.colcon_core.package_identification:_identify(src) by extension 'ros'
[1.107s] Level 1:colcon.colcon_core.package_identification:_identify(src) by extensions ['cmake', 'python']
[1.107s] Level 1:colcon.colcon_core.package_identification:_identify(src) by extension 'cmake'
[1.107s] Level 1:colcon.colcon_core.package_identification:_identify(src) by extension 'python'
[1.107s] Level 1:colcon.colcon_core.package_identification:_identify(src) by extensions ['python_setup_py']
[1.107s] Level 1:colcon.colcon_core.package_identification:_identify(src) by extension 'python_setup_py'
[1.107s] Level 1:colcon.colcon_core.package_identification:_identify(src/launch) by extensions ['ignore', 'ignore_ament_install']
[1.107s] Level 1:colcon.colcon_core.package_identification:_identify(src/launch) by extension 'ignore'
[1.107s] Level 1:colcon.colcon_core.package_identification:_identify(src/launch) by extension 'ignore_ament_install'
[1.107s] Level 1:colcon.colcon_core.package_identification:_identify(src/launch) by extensions ['colcon_pkg']
[1.107s] Level 1:colcon.colcon_core.package_identification:_identify(src/launch) by extension 'colcon_pkg'
[1.107s] Level 1:colcon.colcon_core.package_identification:_identify(src/launch) by extensions ['colcon_meta']
[1.107s] Level 1:colcon.colcon_core.package_identification:_identify(src/launch) by extension 'colcon_meta'
[1.107s] Level 1:colcon.colcon_core.package_identification:_identify(src/launch) by extensions ['ros']
[1.107s] Level 1:colcon.colcon_core.package_identification:_identify(src/launch) by extension 'ros'
[1.108s] Level 1:colcon.colcon_core.package_identification:_identify(src/launch) by extensions ['cmake', 'python']
[1.108s] Level 1:colcon.colcon_core.package_identification:_identify(src/launch) by extension 'cmake'
[1.108s] Level 1:colcon.colcon_core.package_identification:_identify(src/launch) by extension 'python'
[1.108s] Level 1:colcon.colcon_core.package_identification:_identify(src/launch) by extensions ['python_setup_py']
[1.108s] Level 1:colcon.colcon_core.package_identification:_identify(src/launch) by extension 'python_setup_py'
[1.108s] Level 1:colcon.colcon_core.package_identification:_identify(src/ros2_aruco_perception) by extensions ['ignore', 'ignore_ament_install']
[1.108s] Level 1:colcon.colcon_core.package_identification:_identify(src/ros2_aruco_perception) by extension 'ignore'
[1.108s] Level 1:colcon.colcon_core.package_identification:_identify(src/ros2_aruco_perception) by extension 'ignore_ament_install'
[1.108s] Level 1:colcon.colcon_core.package_identification:_identify(src/ros2_aruco_perception) by extensions ['colcon_pkg']
[1.108s] Level 1:colcon.colcon_core.package_identification:_identify(src/ros2_aruco_perception) by extension 'colcon_pkg'
[1.108s] Level 1:colcon.colcon_core.package_identification:_identify(src/ros2_aruco_perception) by extensions ['colcon_meta']
[1.108s] Level 1:colcon.colcon_core.package_identification:_identify(src/ros2_aruco_perception) by extension 'colcon_meta'
[1.108s] Level 1:colcon.colcon_core.package_identification:_identify(src/ros2_aruco_perception) by extensions ['ros']
[1.108s] Level 1:colcon.colcon_core.package_identification:_identify(src/ros2_aruco_perception) by extension 'ros'
[1.113s] DEBUG:colcon.colcon_core.package_identification:Package 'src/ros2_aruco_perception' with type 'ros.ament_python' and name 'ros2_aruco_perception'
[1.113s] Level 1:colcon.colcon_core.package_identification:_identify(src/ros2_task_planner) by extensions ['ignore', 'ignore_ament_install']
[1.113s] Level 1:colcon.colcon_core.package_identification:_identify(src/ros2_task_planner) by extension 'ignore'
[1.113s] Level 1:colcon.colcon_core.package_identification:_identify(src/ros2_task_planner) by extension 'ignore_ament_install'
[1.113s] Level 1:colcon.colcon_core.package_identification:_identify(src/ros2_task_planner) by extensions ['colcon_pkg']
[1.114s] Level 1:colcon.colcon_core.package_identification:_identify(src/ros2_task_planner) by extension 'colcon_pkg'
[1.114s] Level 1:colcon.colcon_core.package_identification:_identify(src/ros2_task_planner) by extensions ['colcon_meta']
[1.114s] Level 1:colcon.colcon_core.package_identification:_identify(src/ros2_task_planner) by extension 'colcon_meta'
[1.114s] Level 1:colcon.colcon_core.package_identification:_identify(src/ros2_task_planner) by extensions ['ros']
[1.114s] Level 1:colcon.colcon_core.package_identification:_identify(src/ros2_task_planner) by extension 'ros'
[1.115s] DEBUG:colcon.colcon_core.package_identification:Package 'src/ros2_task_planner' with type 'ros.ament_python' and name 'ros2_task_planner'
[1.115s] Level 1:colcon.colcon_core.package_identification:_identify(turn_servo2) by extensions ['ignore', 'ignore_ament_install']
[1.115s] Level 1:colcon.colcon_core.package_identification:_identify(turn_servo2) by extension 'ignore'
[1.115s] Level 1:colcon.colcon_core.package_identification:_identify(turn_servo2) by extension 'ignore_ament_install'
[1.115s] Level 1:colcon.colcon_core.package_identification:_identify(turn_servo2) by extensions ['colcon_pkg']
[1.116s] Level 1:colcon.colcon_core.package_identification:_identify(turn_servo2) by extension 'colcon_pkg'
[1.116s] Level 1:colcon.colcon_core.package_identification:_identify(turn_servo2) by extensions ['colcon_meta']
[1.116s] Level 1:colcon.colcon_core.package_identification:_identify(turn_servo2) by extension 'colcon_meta'
[1.116s] Level 1:colcon.colcon_core.package_identification:_identify(turn_servo2) by extensions ['ros']
[1.116s] Level 1:colcon.colcon_core.package_identification:_identify(turn_servo2) by extension 'ros'
[1.116s] Level 1:colcon.colcon_core.package_identification:_identify(turn_servo2) by extensions ['cmake', 'python']
[1.116s] Level 1:colcon.colcon_core.package_identification:_identify(turn_servo2) by extension 'cmake'
[1.116s] Level 1:colcon.colcon_core.package_identification:_identify(turn_servo2) by extension 'python'
[1.116s] Level 1:colcon.colcon_core.package_identification:_identify(turn_servo2) by extensions ['python_setup_py']
[1.116s] Level 1:colcon.colcon_core.package_identification:_identify(turn_servo2) by extension 'python_setup_py'
[1.116s] Level 1:colcon.colcon_core.package_discovery:discover_packages(recursive) using defaults
[1.116s] Level 1:colcon.colcon_core.package_discovery:discover_packages(ignore) discover
[1.116s] Level 1:colcon.colcon_core.package_discovery:discover_packages(ignore) using defaults
[1.116s] Level 1:colcon.colcon_core.package_discovery:discover_packages(path) discover
[1.116s] Level 1:colcon.colcon_core.package_discovery:discover_packages(path) using defaults
[1.158s] Level 1:colcon.colcon_core.package_discovery:discover_packages(prefix_path) check parameters
[1.158s] Level 1:colcon.colcon_core.package_discovery:discover_packages(prefix_path) discover
[1.167s] DEBUG:colcon.colcon_installed_package_information.package_discovery:Found 2 installed packages in /home/popem/spring-2025-final-project-team-4/install
[1.169s] DEBUG:colcon.colcon_installed_package_information.package_discovery:Found 256 installed packages in /opt/ros/foxy
[1.171s] Level 1:colcon.colcon_core.package_discovery:discover_packages(prefix_path) using defaults
[1.385s] Level 5:colcon.colcon_core.verb:set package 'ros2_aruco_perception' build argument 'cmake_args' from command line to 'None'
[1.385s] Level 5:colcon.colcon_core.verb:set package 'ros2_aruco_perception' build argument 'cmake_target' from command line to 'None'
[1.385s] Level 5:colcon.colcon_core.verb:set package 'ros2_aruco_perception' build argument 'cmake_target_skip_unavailable' from command line to 'False'
[1.385s] Level 5:colcon.colcon_core.verb:set package 'ros2_aruco_perception' build argument 'cmake_clean_cache' from command line to 'False'
[1.385s] Level 5:colcon.colcon_core.verb:set package 'ros2_aruco_perception' build argument 'cmake_clean_first' from command line to 'False'
[1.385s] Level 5:colcon.colcon_core.verb:set package 'ros2_aruco_perception' build argument 'cmake_force_configure' from command line to 'False'
[1.385s] Level 5:colcon.colcon_core.verb:set package 'ros2_aruco_perception' build argument 'ament_cmake_args' from command line to 'None'
[1.385s] Level 5:colcon.colcon_core.verb:set package 'ros2_aruco_perception' build argument 'catkin_cmake_args' from command line to 'None'
[1.385s] Level 5:colcon.colcon_core.verb:set package 'ros2_aruco_perception' build argument 'catkin_skip_building_tests' from command line to 'False'
[1.385s] DEBUG:colcon.colcon_core.verb:Building package 'ros2_aruco_perception' with the following arguments: {'ament_cmake_args': None, 'build_base': '/home/popem/spring-2025-final-project-team-4/build/ros2_aruco_perception', 'catkin_cmake_args': None, 'catkin_skip_building_tests': False, 'cmake_args': None, 'cmake_clean_cache': False, 'cmake_clean_first': False, 'cmake_force_configure': False, 'cmake_target': None, 'cmake_target_skip_unavailable': False, 'install_base': '/home/popem/spring-2025-final-project-team-4/install/ros2_aruco_perception', 'merge_install': False, 'path': '/home/popem/spring-2025-final-project-team-4/src/ros2_aruco_perception', 'symlink_install': True, 'test_result_base': None}
[1.385s] Level 5:colcon.colcon_core.verb:set package 'ros2_task_planner' build argument 'cmake_args' from command line to 'None'
[1.386s] Level 5:colcon.colcon_core.verb:set package 'ros2_task_planner' build argument 'cmake_target' from command line to 'None'
[1.386s] Level 5:colcon.colcon_core.verb:set package 'ros2_task_planner' build argument 'cmake_target_skip_unavailable' from command line to 'False'
[1.386s] Level 5:colcon.colcon_core.verb:set package 'ros2_task_planner' build argument 'cmake_clean_cache' from command line to 'False'
[1.386s] Level 5:colcon.colcon_core.verb:set package 'ros2_task_planner' build argument 'cmake_clean_first' from command line to 'False'
[1.386s] Level 5:colcon.colcon_core.verb:set package 'ros2_task_planner' build argument 'cmake_force_configure' from command line to 'False'
[1.386s] Level 5:colcon.colcon_core.verb:set package 'ros2_task_planner' build argument 'ament_cmake_args' from command line to 'None'
[1.386s] Level 5:colcon.colcon_core.verb:set package 'ros2_task_planner' build argument 'catkin_cmake_args' from command line to 'None'
[1.386s] Level 5:colcon.colcon_core.verb:set package 'ros2_task_planner' build argument 'catkin_skip_building_tests' from command line to 'False'
[1.386s] DEBUG:colcon.colcon_core.verb:Building package 'ros2_task_planner' with the following arguments: {'ament_cmake_args': None, 'build_base': '/home/popem/spring-2025-final-project-team-4/build/ros2_task_planner', 'catkin_cmake_args': None, 'catkin_skip_building_tests': False, 'cmake_args': None, 'cmake_clean_cache': False, 'cmake_clean_first': False, 'cmake_force_configure': False, 'cmake_target': None, 'cmake_target_skip_unavailable': False, 'install_base': '/home/popem/spring-2025-final-project-team-4/install/ros2_task_planner', 'merge_install': False, 'path': '/home/popem/spring-2025-final-project-team-4/src/ros2_task_planner', 'symlink_install': True, 'test_result_base': None}
[1.386s] INFO:colcon.colcon_core.executor:Executing jobs using 'parallel' executor
[1.387s] DEBUG:colcon.colcon_parallel_executor.executor.parallel:run_until_complete
[1.388s] INFO:colcon.colcon_ros.task.ament_python.build:Building ROS package in '/home/popem/spring-2025-final-project-team-4/src/ros2_aruco_perception' with build type 'ament_python'
[1.388s] Level 1:colcon.colcon_core.shell:create_environment_hook('ros2_aruco_perception', 'ament_prefix_path')
[1.400s] INFO:colcon.colcon_core.plugin_system:Skipping extension 'colcon_core.shell.bat': Not used on non-Windows systems
[1.400s] INFO:colcon.colcon_core.shell:Creating environment hook '/home/popem/spring-2025-final-project-team-4/install/ros2_aruco_perception/share/ros2_aruco_perception/hook/ament_prefix_path.ps1'
[1.403s] INFO:colcon.colcon_core.shell:Creating environment descriptor '/home/popem/spring-2025-final-project-team-4/install/ros2_aruco_perception/share/ros2_aruco_perception/hook/ament_prefix_path.dsv'
[1.404s] INFO:colcon.colcon_core.shell:Creating environment hook '/home/popem/spring-2025-final-project-team-4/install/ros2_aruco_perception/share/ros2_aruco_perception/hook/ament_prefix_path.sh'
[1.406s] INFO:colcon.colcon_core.shell:Skip shell extension 'powershell' for command environment: Not usable outside of PowerShell
[1.407s] DEBUG:colcon.colcon_core.shell:Skip shell extension 'dsv' for command environment
[1.414s] INFO:colcon.colcon_ros.task.ament_python.build:Building ROS package in '/home/popem/spring-2025-final-project-team-4/src/ros2_task_planner' with build type 'ament_python'
[1.414s] Level 1:colcon.colcon_core.shell:create_environment_hook('ros2_task_planner', 'ament_prefix_path')
[1.415s] INFO:colcon.colcon_core.shell:Creating environment hook '/home/popem/spring-2025-final-project-team-4/install/ros2_task_planner/share/ros2_task_planner/hook/ament_prefix_path.ps1'
[1.416s] INFO:colcon.colcon_core.shell:Creating environment descriptor '/home/popem/spring-2025-final-project-team-4/install/ros2_task_planner/share/ros2_task_planner/hook/ament_prefix_path.dsv'
[1.418s] INFO:colcon.colcon_core.shell:Creating environment hook '/home/popem/spring-2025-final-project-team-4/install/ros2_task_planner/share/ros2_task_planner/hook/ament_prefix_path.sh'
[1.419s] INFO:colcon.colcon_core.shell:Skip shell extension 'powershell' for command environment: Not usable outside of PowerShell
[1.419s] DEBUG:colcon.colcon_core.shell:Skip shell extension 'dsv' for command environment
[1.647s] INFO:colcon.colcon_core.task.python.build:Building Python package in '/home/popem/spring-2025-final-project-team-4/src/ros2_aruco_perception'
[1.648s] INFO:colcon.colcon_core.shell:Skip shell extension 'powershell' for command environment: Not usable outside of PowerShell
[1.648s] DEBUG:colcon.colcon_core.shell:Skip shell extension 'dsv' for command environment
[1.869s] INFO:colcon.colcon_core.task.python.build:Building Python package in '/home/popem/spring-2025-final-project-team-4/src/ros2_task_planner'
[1.869s] INFO:colcon.colcon_core.shell:Skip shell extension 'powershell' for command environment: Not usable outside of PowerShell
[1.869s] DEBUG:colcon.colcon_core.shell:Skip shell extension 'dsv' for command environment
[2.409s] DEBUG:colcon.colcon_core.event_handler.log_command:Invoking command in '/home/popem/spring-2025-final-project-team-4/build/ros2_task_planner': PYTHONPATH=/home/popem/spring-2025-final-project-team-4/build/ros2_task_planner/prefix_override:/usr/lib/python3/dist-packages/colcon_core/task/python/colcon_distutils_commands:/home/popem/spring-2025-final-project-team-4/install/ros2_task_planner/lib/python3.8/site-packages:${PYTHONPATH} /usr/bin/python3 -W ignore:setup.py install is deprecated -W ignore:easy_install command is deprecated setup.py develop --editable --build-directory /home/popem/spring-2025-final-project-team-4/build/ros2_task_planner/build --no-deps symlink_data
[2.426s] DEBUG:colcon.colcon_core.event_handler.log_command:Invoking command in '/home/popem/spring-2025-final-project-team-4/build/ros2_aruco_perception': PYTHONPATH=/home/popem/spring-2025-final-project-team-4/build/ros2_aruco_perception/prefix_override:/usr/lib/python3/dist-packages/colcon_core/task/python/colcon_distutils_commands:/home/popem/spring-2025-final-project-team-4/install/ros2_aruco_perception/lib/python3.8/site-packages:${PYTHONPATH} /usr/bin/python3 -W ignore:setup.py install is deprecated -W ignore:easy_install command is deprecated setup.py develop --editable --build-directory /home/popem/spring-2025-final-project-team-4/build/ros2_aruco_perception/build --no-deps symlink_data
[2.903s] Level 1:colcon.colcon_core.shell:create_environment_hook('ros2_task_planner', 'pythonpath_develop')
[2.903s] INFO:colcon.colcon_core.shell:Creating environment hook '/home/popem/spring-2025-final-project-team-4/build/ros2_task_planner/share/ros2_task_planner/hook/pythonpath_develop.ps1'
[2.905s] DEBUG:colcon.colcon_core.event_handler.log_command:Invoked command in '/home/popem/spring-2025-final-project-team-4/build/ros2_task_planner' returned '0': PYTHONPATH=/home/popem/spring-2025-final-project-team-4/build/ros2_task_planner/prefix_override:/usr/lib/python3/dist-packages/colcon_core/task/python/colcon_distutils_commands:/home/popem/spring-2025-final-project-team-4/install/ros2_task_planner/lib/python3.8/site-packages:${PYTHONPATH} /usr/bin/python3 -W ignore:setup.py install is deprecated -W ignore:easy_install command is deprecated setup.py develop --editable --build-directory /home/popem/spring-2025-final-project-team-4/build/ros2_task_planner/build --no-deps symlink_data
[2.905s] INFO:colcon.colcon_core.shell:Creating environment descriptor '/home/popem/spring-2025-final-project-team-4/build/ros2_task_planner/share/ros2_task_planner/hook/pythonpath_develop.dsv'
[2.906s] INFO:colcon.colcon_core.shell:Creating environment hook '/home/popem/spring-2025-final-project-team-4/build/ros2_task_planner/share/ros2_task_planner/hook/pythonpath_develop.sh'
[2.919s] Level 1:colcon.colcon_core.environment:checking '/home/popem/spring-2025-final-project-team-4/install/ros2_task_planner' for CMake module files
[2.920s] Level 1:colcon.colcon_core.environment:checking '/home/popem/spring-2025-final-project-team-4/install/ros2_task_planner' for CMake config files
[2.921s] Level 1:colcon.colcon_core.environment:checking '/home/popem/spring-2025-final-project-team-4/install/ros2_task_planner/lib'
[2.921s] Level 1:colcon.colcon_core.environment:checking '/home/popem/spring-2025-final-project-team-4/install/ros2_task_planner/bin'
[2.921s] Level 1:colcon.colcon_core.shell:create_environment_hook('ros2_task_planner', 'path')
[2.921s] INFO:colcon.colcon_core.shell:Creating environment hook '/home/popem/spring-2025-final-project-team-4/install/ros2_task_planner/share/ros2_task_planner/hook/path.ps1'
[2.922s] INFO:colcon.colcon_core.shell:Creating environment descriptor '/home/popem/spring-2025-final-project-team-4/install/ros2_task_planner/share/ros2_task_planner/hook/path.dsv'
[2.922s] INFO:colcon.colcon_core.shell:Creating environment hook '/home/popem/spring-2025-final-project-team-4/install/ros2_task_planner/share/ros2_task_planner/hook/path.sh'
[2.923s] Level 1:colcon.colcon_core.environment:checking '/home/popem/spring-2025-final-project-team-4/install/ros2_task_planner/lib/pkgconfig/ros2_task_planner.pc'
[2.923s] Level 1:colcon.colcon_core.environment:checking '/home/popem/spring-2025-final-project-team-4/install/ros2_task_planner/lib/python3.8/site-packages'
[2.923s] Level 1:colcon.colcon_core.shell:create_environment_hook('ros2_task_planner', 'pythonpath')
[2.923s] INFO:colcon.colcon_core.shell:Creating environment hook '/home/popem/spring-2025-final-project-team-4/install/ros2_task_planner/share/ros2_task_planner/hook/pythonpath.ps1'
[2.924s] INFO:colcon.colcon_core.shell:Creating environment descriptor '/home/popem/spring-2025-final-project-team-4/install/ros2_task_planner/share/ros2_task_planner/hook/pythonpath.dsv'
[2.924s] INFO:colcon.colcon_core.shell:Creating environment hook '/home/popem/spring-2025-final-project-team-4/install/ros2_task_planner/share/ros2_task_planner/hook/pythonpath.sh'
[2.925s] Level 1:colcon.colcon_core.environment:checking '/home/popem/spring-2025-final-project-team-4/install/ros2_task_planner/bin'
[2.925s] Level 1:colcon.colcon_core.shell:create_environment_hook('ros2_task_planner', 'pythonscriptspath')
[2.925s] INFO:colcon.colcon_core.shell:Creating environment hook '/home/popem/spring-2025-final-project-team-4/install/ros2_task_planner/share/ros2_task_planner/hook/pythonscriptspath.ps1'
[2.926s] INFO:colcon.colcon_core.shell:Creating environment descriptor '/home/popem/spring-2025-final-project-team-4/install/ros2_task_planner/share/ros2_task_planner/hook/pythonscriptspath.dsv'
[2.927s] INFO:colcon.colcon_core.shell:Creating environment hook '/home/popem/spring-2025-final-project-team-4/install/ros2_task_planner/share/ros2_task_planner/hook/pythonscriptspath.sh'
[2.927s] Level 1:colcon.colcon_core.environment:create_environment_scripts_only(ros2_task_planner)
[2.928s] INFO:colcon.colcon_core.shell:Creating package script '/home/popem/spring-2025-final-project-team-4/install/ros2_task_planner/share/ros2_task_planner/package.ps1'
[2.930s] INFO:colcon.colcon_core.shell:Creating package descriptor '/home/popem/spring-2025-final-project-team-4/install/ros2_task_planner/share/ros2_task_planner/package.dsv'
[2.931s] INFO:colcon.colcon_core.shell:Creating package script '/home/popem/spring-2025-final-project-team-4/install/ros2_task_planner/share/ros2_task_planner/package.sh'
[2.933s] INFO:colcon.colcon_core.shell:Creating package script '/home/popem/spring-2025-final-project-team-4/install/ros2_task_planner/share/ros2_task_planner/package.bash'
[2.934s] INFO:colcon.colcon_core.shell:Creating package script '/home/popem/spring-2025-final-project-team-4/install/ros2_task_planner/share/ros2_task_planner/package.zsh'
[2.936s] Level 1:colcon.colcon_core.environment:create_file_with_runtime_dependencies(/home/popem/spring-2025-final-project-team-4/install/ros2_task_planner/share/colcon-core/packages/ros2_task_planner)
[2.937s] Level 1:colcon.colcon_core.shell:create_environment_hook('ros2_aruco_perception', 'pythonpath_develop')
[2.938s] INFO:colcon.colcon_core.shell:Creating environment hook '/home/popem/spring-2025-final-project-team-4/build/ros2_aruco_perception/share/ros2_aruco_perception/hook/pythonpath_develop.ps1'
[2.939s] INFO:colcon.colcon_core.shell:Creating environment descriptor '/home/popem/spring-2025-final-project-team-4/build/ros2_aruco_perception/share/ros2_aruco_perception/hook/pythonpath_develop.dsv'
[2.941s] DEBUG:colcon.colcon_core.event_handler.log_command:Invoked command in '/home/popem/spring-2025-final-project-team-4/build/ros2_aruco_perception' returned '0': PYTHONPATH=/home/popem/spring-2025-final-project-team-4/build/ros2_aruco_perception/prefix_override:/usr/lib/python3/dist-packages/colcon_core/task/python/colcon_distutils_commands:/home/popem/spring-2025-final-project-team-4/install/ros2_aruco_perception/lib/python3.8/site-packages:${PYTHONPATH} /usr/bin/python3 -W ignore:setup.py install is deprecated -W ignore:easy_install command is deprecated setup.py develop --editable --build-directory /home/popem/spring-2025-final-project-team-4/build/ros2_aruco_perception/build --no-deps symlink_data
[2.941s] INFO:colcon.colcon_core.shell:Creating environment hook '/home/popem/spring-2025-final-project-team-4/build/ros2_aruco_perception/share/ros2_aruco_perception/hook/pythonpath_develop.sh'
[2.942s] Level 1:colcon.colcon_core.environment:checking '/home/popem/spring-2025-final-project-team-4/install/ros2_aruco_perception' for CMake module files
[2.942s] Level 1:colcon.colcon_core.environment:checking '/home/popem/spring-2025-final-project-team-4/install/ros2_aruco_perception' for CMake config files
[2.943s] Level 1:colcon.colcon_core.environment:checking '/home/popem/spring-2025-final-project-team-4/install/ros2_aruco_perception/lib'
[2.943s] Level 1:colcon.colcon_core.environment:checking '/home/popem/spring-2025-final-project-team-4/install/ros2_aruco_perception/bin'
[2.943s] Level 1:colcon.colcon_core.shell:create_environment_hook('ros2_aruco_perception', 'path')
[2.944s] INFO:colcon.colcon_core.shell:Creating environment hook '/home/popem/spring-2025-final-project-team-4/install/ros2_aruco_perception/share/ros2_aruco_perception/hook/path.ps1'
[2.944s] INFO:colcon.colcon_core.shell:Creating environment descriptor '/home/popem/spring-2025-final-project-team-4/install/ros2_aruco_perception/share/ros2_aruco_perception/hook/path.dsv'
[2.945s] INFO:colcon.colcon_core.shell:Creating environment hook '/home/popem/spring-2025-final-project-team-4/install/ros2_aruco_perception/share/ros2_aruco_perception/hook/path.sh'
[2.945s] Level 1:colcon.colcon_core.environment:checking '/home/popem/spring-2025-final-project-team-4/install/ros2_aruco_perception/lib/pkgconfig/ros2_aruco_perception.pc'
[2.946s] Level 1:colcon.colcon_core.environment:checking '/home/popem/spring-2025-final-project-team-4/install/ros2_aruco_perception/lib/python3.8/site-packages'
[2.946s] Level 1:colcon.colcon_core.shell:create_environment_hook('ros2_aruco_perception', 'pythonpath')
[2.946s] INFO:colcon.colcon_core.shell:Creating environment hook '/home/popem/spring-2025-final-project-team-4/install/ros2_aruco_perception/share/ros2_aruco_perception/hook/pythonpath.ps1'
[2.947s] INFO:colcon.colcon_core.shell:Creating environment descriptor '/home/popem/spring-2025-final-project-team-4/install/ros2_aruco_perception/share/ros2_aruco_perception/hook/pythonpath.dsv'
[2.947s] INFO:colcon.colcon_core.shell:Creating environment hook '/home/popem/spring-2025-final-project-team-4/install/ros2_aruco_perception/share/ros2_aruco_perception/hook/pythonpath.sh'
[2.948s] Level 1:colcon.colcon_core.environment:checking '/home/popem/spring-2025-final-project-team-4/install/ros2_aruco_perception/bin'
[2.948s] Level 1:colcon.colcon_core.shell:create_environment_hook('ros2_aruco_perception', 'pythonscriptspath')
[2.949s] INFO:colcon.colcon_core.shell:Creating environment hook '/home/popem/spring-2025-final-project-team-4/install/ros2_aruco_perception/share/ros2_aruco_perception/hook/pythonscriptspath.ps1'
[2.949s] INFO:colcon.colcon_core.shell:Creating environment descriptor '/home/popem/spring-2025-final-project-team-4/install/ros2_aruco_perception/share/ros2_aruco_perception/hook/pythonscriptspath.dsv'
[2.950s] INFO:colcon.colcon_core.shell:Creating environment hook '/home/popem/spring-2025-final-project-team-4/install/ros2_aruco_perception/share/ros2_aruco_perception/hook/pythonscriptspath.sh'
[2.950s] Level 1:colcon.colcon_core.environment:create_environment_scripts_only(ros2_aruco_perception)
[2.950s] INFO:colcon.colcon_core.shell:Creating package script '/home/popem/spring-2025-final-project-team-4/install/ros2_aruco_perception/share/ros2_aruco_perception/package.ps1'
[2.951s] INFO:colcon.colcon_core.shell:Creating package descriptor '/home/popem/spring-2025-final-project-team-4/install/ros2_aruco_perception/share/ros2_aruco_perception/package.dsv'
[2.952s] INFO:colcon.colcon_core.shell:Creating package script '/home/popem/spring-2025-final-project-team-4/install/ros2_aruco_perception/share/ros2_aruco_perception/package.sh'
[2.952s] INFO:colcon.colcon_core.shell:Creating package script '/home/popem/spring-2025-final-project-team-4/install/ros2_aruco_perception/share/ros2_aruco_perception/package.bash'
[2.953s] INFO:colcon.colcon_core.shell:Creating package script '/home/popem/spring-2025-final-project-team-4/install/ros2_aruco_perception/share/ros2_aruco_perception/package.zsh'
[2.953s] Level 1:colcon.colcon_core.environment:create_file_with_runtime_dependencies(/home/popem/spring-2025-final-project-team-4/install/ros2_aruco_perception/share/colcon-core/packages/ros2_aruco_perception)
[2.954s] DEBUG:colcon.colcon_parallel_executor.executor.parallel:closing loop
[2.955s] DEBUG:colcon.colcon_parallel_executor.executor.parallel:loop closed
[2.955s] DEBUG:colcon.colcon_parallel_executor.executor.parallel:run_until_complete finished with '0'
[2.956s] DEBUG:colcon.colcon_core.event_reactor:joining thread
[3.083s] INFO:colcon.colcon_core.plugin_system:Skipping extension 'colcon_notification.desktop_notification.notify_send': Could not find 'notify-send'
[3.084s] INFO:colcon.colcon_core.plugin_system:Skipping extension 'colcon_notification.desktop_notification.terminal_notifier': Not used on non-Darwin systems
[3.084s] INFO:colcon.colcon_core.plugin_system:Skipping extension 'colcon_notification.desktop_notification.win32': Not used on non-Windows systems
[3.084s] INFO:colcon.colcon_notification.desktop_notification:Sending desktop notification using 'notify2'
[3.087s] DEBUG:colcon.colcon_notification.desktop_notification.notify2:Failed to initialize notify2: org.freedesktop.DBus.Error.ServiceUnknown: The name org.freedesktop.Notifications was not provided by any .service files
[3.088s] DEBUG:colcon.colcon_core.event_reactor:joined thread
[3.088s] INFO:colcon.colcon_core.shell:Creating prefix script '/home/popem/spring-2025-final-project-team-4/install/local_setup.ps1'
[3.090s] INFO:colcon.colcon_core.shell:Creating prefix util module '/home/popem/spring-2025-final-project-team-4/install/_local_setup_util_ps1.py'
[3.092s] INFO:colcon.colcon_core.shell:Creating prefix chain script '/home/popem/spring-2025-final-project-team-4/install/setup.ps1'
[3.094s] INFO:colcon.colcon_core.shell:Creating prefix script '/home/popem/spring-2025-final-project-team-4/install/local_setup.sh'
[3.096s] INFO:colcon.colcon_core.shell:Creating prefix util module '/home/popem/spring-2025-final-project-team-4/install/_local_setup_util_sh.py'
[3.096s] INFO:colcon.colcon_core.shell:Creating prefix chain script '/home/popem/spring-2025-final-project-team-4/install/setup.sh'
[3.098s] INFO:colcon.colcon_core.shell:Creating prefix script '/home/popem/spring-2025-final-project-team-4/install/local_setup.bash'
[3.100s] INFO:colcon.colcon_core.shell:Creating prefix chain script '/home/popem/spring-2025-final-project-team-4/install/setup.bash'
[3.102s] INFO:colcon.colcon_core.shell:Creating prefix script '/home/popem/spring-2025-final-project-team-4/install/local_setup.zsh'
[3.103s] INFO:colcon.colcon_core.shell:Creating prefix chain script '/home/popem/spring-2025-final-project-team-4/install/setup.zsh'
