[0.000000] (-) TimerEvent: {}
[0.000922] (armangles1) JobQueued: {'identifier': 'armangles1', 'dependencies': OrderedDict()}
[0.001279] (oakd_camera) JobQueued: {'identifier': 'oakd_camera', 'dependencies': OrderedDict()}
[0.002291] (ros2_aruco_perception) JobQueued: {'identifier': 'ros2_aruco_perception', 'dependencies': OrderedDict()}
[0.002985] (ros2_task_planner) JobQueued: {'identifier': 'ros2_task_planner', 'dependencies': OrderedDict()}
[0.004425] (usb_cam_driver) JobQueued: {'identifier': 'usb_cam_driver', 'dependencies': OrderedDict()}
[0.004622] (armangles1) JobStarted: {'identifier': 'armangles1'}
[0.074100] (oakd_camera) JobStarted: {'identifier': 'oakd_camera'}
[0.099527] (-) TimerEvent: {}
[0.129578] (ros2_aruco_perception) JobStarted: {'identifier': 'ros2_aruco_perception'}
[0.183846] (ros2_task_planner) JobStarted: {'identifier': 'ros2_task_planner'}
[0.199678] (-) TimerEvent: {}
[0.300509] (-) TimerEvent: {}
[0.401451] (-) TimerEvent: {}
[0.502147] (-) TimerEvent: {}
[0.602875] (-) TimerEvent: {}
[0.703528] (-) TimerEvent: {}
[0.804185] (-) TimerEvent: {}
[0.904852] (-) TimerEvent: {}
[1.005489] (-) TimerEvent: {}
[1.106129] (-) TimerEvent: {}
[1.206821] (-) TimerEvent: {}
[1.307497] (-) TimerEvent: {}
[1.408196] (-) TimerEvent: {}
[1.509066] (-) TimerEvent: {}
[1.609994] (-) TimerEvent: {}
[1.710725] (-) TimerEvent: {}
[1.811397] (-) TimerEvent: {}
[1.912045] (-) TimerEvent: {}
[2.012683] (-) TimerEvent: {}
[2.113354] (-) TimerEvent: {}
[2.214001] (-) TimerEvent: {}
[2.314686] (-) TimerEvent: {}
[2.415317] (-) TimerEvent: {}
[2.515989] (-) TimerEvent: {}
[2.616689] (-) TimerEvent: {}
[2.717354] (-) TimerEvent: {}
[2.818046] (-) TimerEvent: {}
[2.918832] (-) TimerEvent: {}
[2.926122] (oakd_camera) StderrLine: {'line': b'Traceback (most recent call last):\n  File "/usr/lib/python3/dist-packages/colcon_core/executor/__init__.py", line 91, in __call__\n    rc = await self.task(*args, **kwargs)\n  File "/usr/lib/python3/dist-packages/colcon_core/task/__init__.py", line 93, in __call__\n    return await task_method(*args, **kwargs)\n  File "/usr/lib/python3/dist-packages/colcon_ros/task/ament_python/build.py", line 51, in build\n    setup_py_data = get_setup_data(self.context.pkg, env)\n  File "/usr/lib/python3/dist-packages/colcon_core/task/python/__init__.py", line 20, in get_setup_data\n    return dict(pkg.metadata[key](env))\n  File "/usr/lib/python3/dist-packages/colcon_ros/package_augmentation/ros_ament_python.py", line 57, in getter\n    return get_setup_information(\n  File "/usr/lib/python3/dist-packages/colcon_python_setup_py/package_identification/python_setup_py.py", line 241, in get_setup_information\n    _setup_information_cache[hashable_env] = _get_setup_information(\n  File "/usr/lib/python3/dist-packages/colcon_python_setup_py/package_identification/python_setup_py.py", line 281, in _get_setup_information\n    result = subprocess.run(\n  File "/usr/lib/python3.8/subprocess.py", line 516, in run\n    raise CalledProcessError(retcode, process.args,\nsubprocess.CalledProcessError: Command \'[\'/usr/bin/python3\', \'-c\', "import sys;from setuptools.extern.packaging.specifiers import SpecifierSet;from distutils.core import run_setup;dist = run_setup(    \'setup.py\', script_args=(\'--dry-run\',), stop_after=\'config\');skip_keys = (\'cmdclass\', \'distclass\', \'ext_modules\', \'metadata\');data = {    key: value for key, value in dist.__dict__.items()     if (        not key.startswith(\'_\') and         not callable(value) and         key not in skip_keys and         key not in dist.display_option_names    )};data[\'metadata\'] = {    k: v for k, v in dist.metadata.__dict__.items()     if k not in (\'license_files\', \'provides_extras\')};sys.stdout.buffer.write(repr(data).encode(\'utf-8\'))"]\' returned non-zero exit status 1.\n'}
[2.933517] (oakd_camera) JobEnded: {'identifier': 'oakd_camera', 'rc': 1}
[3.019001] (-) TimerEvent: {}
[3.119700] (-) TimerEvent: {}
[3.220359] (-) TimerEvent: {}
[3.320980] (-) TimerEvent: {}
[3.421622] (-) TimerEvent: {}
[3.522261] (-) TimerEvent: {}
[3.622896] (-) TimerEvent: {}
[3.723561] (-) TimerEvent: {}
[3.824173] (-) TimerEvent: {}
[3.924820] (-) TimerEvent: {}
[4.025494] (-) TimerEvent: {}
[4.126999] (-) TimerEvent: {}
[4.141757] (armangles1) JobEnded: {'identifier': 'armangles1', 'rc': 'SIGINT'}
[4.145443] (ros2_task_planner) JobEnded: {'identifier': 'ros2_task_planner', 'rc': 'SIGINT'}
[4.146647] (ros2_aruco_perception) JobEnded: {'identifier': 'ros2_aruco_perception', 'rc': 'SIGINT'}
[4.156667] (usb_cam_driver) JobSkipped: {'identifier': 'usb_cam_driver'}
[4.156858] (-) EventReactorShutdown: {}
