running develop
Removing /home/popem/spring-2025-final-project-team-4/install/ros2_task_planner/lib/python3.8/site-packages/ros2-task-planner.egg-link (link to .)
running egg_info
writing ../../build/ros2_task_planner/ros2_task_planner.egg-info/PKG-INFO
writing dependency_links to ../../build/ros2_task_planner/ros2_task_planner.egg-info/dependency_links.txt
writing entry points to ../../build/ros2_task_planner/ros2_task_planner.egg-info/entry_points.txt
writing requirements to ../../build/ros2_task_planner/ros2_task_planner.egg-info/requires.txt
writing top-level names to ../../build/ros2_task_planner/ros2_task_planner.egg-info/top_level.txt
reading manifest file '../../build/ros2_task_planner/ros2_task_planner.egg-info/SOURCES.txt'
writing manifest file '../../build/ros2_task_planner/ros2_task_planner.egg-info/SOURCES.txt'
running build
running build_py
creating /home/popem/spring-2025-final-project-team-4/build/ros2_task_planner/build
creating /home/popem/spring-2025-final-project-team-4/build/ros2_task_planner/build/lib
creating /home/popem/spring-2025-final-project-team-4/build/ros2_task_planner/build/lib/ros2_task_planner
copying ros2_task_planner/task_planner_node.py -> /home/popem/spring-2025-final-project-team-4/build/ros2_task_planner/build/lib/ros2_task_planner
copying ros2_task_planner/__init__.py -> /home/popem/spring-2025-final-project-team-4/build/ros2_task_planner/build/lib/ros2_task_planner
running install
running install_lib
creating /home/popem/spring-2025-final-project-team-4/install/ros2_task_planner/lib/python3.8/site-packages/ros2_task_planner
copying /home/popem/spring-2025-final-project-team-4/build/ros2_task_planner/build/lib/ros2_task_planner/task_planner_node.py -> /home/popem/spring-2025-final-project-team-4/install/ros2_task_planner/lib/python3.8/site-packages/ros2_task_planner
copying /home/popem/spring-2025-final-project-team-4/build/ros2_task_planner/build/lib/ros2_task_planner/__init__.py -> /home/popem/spring-2025-final-project-team-4/install/ros2_task_planner/lib/python3.8/site-packages/ros2_task_planner
byte-compiling /home/popem/spring-2025-final-project-team-4/install/ros2_task_planner/lib/python3.8/site-packages/ros2_task_planner/task_planner_node.py to task_planner_node.cpython-38.pyc
byte-compiling /home/popem/spring-2025-final-project-team-4/install/ros2_task_planner/lib/python3.8/site-packages/ros2_task_planner/__init__.py to __init__.cpython-38.pyc
running install_data
copying resource/ros2_task_planner -> /home/popem/spring-2025-final-project-team-4/install/ros2_task_planner/share/ament_index/resource_index/packages
copying package.xml -> /home/popem/spring-2025-final-project-team-4/install/ros2_task_planner/share/ros2_task_planner
copying scripts/task_planner_node -> /home/popem/spring-2025-final-project-team-4/install/ros2_task_planner/lib/ros2_task_planner
running install_egg_info
Copying ../../build/ros2_task_planner/ros2_task_planner.egg-info to /home/popem/spring-2025-final-project-team-4/install/ros2_task_planner/lib/python3.8/site-packages/ros2_task_planner-0.0.1-py3.8.egg-info
running install_scripts
Installing task_planner_node script to /home/popem/spring-2025-final-project-team-4/install/ros2_task_planner/bin
writing list of installed files to '/home/popem/spring-2025-final-project-team-4/build/ros2_task_planner/install.log'
