[1.758s] Invoking command in '/home/popem/spring-2025-final-project-team-4/build/ros2_task_planner': PYTHONPATH=/home/popem/spring-2025-final-project-team-4/build/ros2_task_planner/prefix_override:/usr/lib/python3/dist-packages/colcon_core/task/python/colcon_distutils_commands:/home/popem/spring-2025-final-project-team-4/install/ros2_task_planner/lib/python3.8/site-packages:${PYTHONPATH} /usr/bin/python3 -W ignore:setup.py install is deprecated -W ignore:easy_install command is deprecated setup.py develop --uninstall --editable --build-directory /home/popem/spring-2025-final-project-team-4/build/ros2_task_planner/build
[2.175s] running develop
[2.421s] Removing /home/popem/spring-2025-final-project-team-4/install/ros2_task_planner/lib/python3.8/site-packages/ros2-task-planner.egg-link (link to .)
[2.470s] Invoked command in '/home/popem/spring-2025-final-project-team-4/build/ros2_task_planner' returned '0': PYTHONPATH=/home/popem/spring-2025-final-project-team-4/build/ros2_task_planner/prefix_override:/usr/lib/python3/dist-packages/colcon_core/task/python/colcon_distutils_commands:/home/popem/spring-2025-final-project-team-4/install/ros2_task_planner/lib/python3.8/site-packages:${PYTHONPATH} /usr/bin/python3 -W ignore:setup.py install is deprecated -W ignore:easy_install command is deprecated setup.py develop --uninstall --editable --build-directory /home/popem/spring-2025-final-project-team-4/build/ros2_task_planner/build
[2.477s] Invoking command in '/home/popem/spring-2025-final-project-team-4/src/ros2_task_planner': PYTHONPATH=/home/popem/spring-2025-final-project-team-4/build/ros2_task_planner/prefix_override:/usr/lib/python3/dist-packages/colcon_core/task/python/colcon_distutils_commands:/home/popem/spring-2025-final-project-team-4/install/ros2_task_planner/lib/python3.8/site-packages:${PYTHONPATH} /usr/bin/python3 -W ignore:setup.py install is deprecated -W ignore:easy_install command is deprecated setup.py egg_info --egg-base ../../build/ros2_task_planner build --build-base /home/popem/spring-2025-final-project-team-4/build/ros2_task_planner/build install --record /home/popem/spring-2025-final-project-team-4/build/ros2_task_planner/install.log --single-version-externally-managed install_data --force
[2.866s] running egg_info
[2.867s] writing ../../build/ros2_task_planner/ros2_task_planner.egg-info/PKG-INFO
[2.868s] writing dependency_links to ../../build/ros2_task_planner/ros2_task_planner.egg-info/dependency_links.txt
[2.869s] writing entry points to ../../build/ros2_task_planner/ros2_task_planner.egg-info/entry_points.txt
[2.869s] writing requirements to ../../build/ros2_task_planner/ros2_task_planner.egg-info/requires.txt
[2.870s] writing top-level names to ../../build/ros2_task_planner/ros2_task_planner.egg-info/top_level.txt
[2.938s] reading manifest file '../../build/ros2_task_planner/ros2_task_planner.egg-info/SOURCES.txt'
[2.941s] writing manifest file '../../build/ros2_task_planner/ros2_task_planner.egg-info/SOURCES.txt'
[2.942s] running build
[2.942s] running build_py
[2.943s] creating /home/popem/spring-2025-final-project-team-4/build/ros2_task_planner/build
[2.944s] creating /home/popem/spring-2025-final-project-team-4/build/ros2_task_planner/build/lib
[2.945s] creating /home/popem/spring-2025-final-project-team-4/build/ros2_task_planner/build/lib/ros2_task_planner
[2.946s] copying ros2_task_planner/task_planner_node.py -> /home/popem/spring-2025-final-project-team-4/build/ros2_task_planner/build/lib/ros2_task_planner
[2.946s] copying ros2_task_planner/__init__.py -> /home/popem/spring-2025-final-project-team-4/build/ros2_task_planner/build/lib/ros2_task_planner
[2.947s] running install
[2.949s] running install_lib
[2.950s] creating /home/popem/spring-2025-final-project-team-4/install/ros2_task_planner/lib/python3.8/site-packages/ros2_task_planner
[2.952s] copying /home/popem/spring-2025-final-project-team-4/build/ros2_task_planner/build/lib/ros2_task_planner/task_planner_node.py -> /home/popem/spring-2025-final-project-team-4/install/ros2_task_planner/lib/python3.8/site-packages/ros2_task_planner
[2.953s] copying /home/popem/spring-2025-final-project-team-4/build/ros2_task_planner/build/lib/ros2_task_planner/__init__.py -> /home/popem/spring-2025-final-project-team-4/install/ros2_task_planner/lib/python3.8/site-packages/ros2_task_planner
[2.953s] byte-compiling /home/popem/spring-2025-final-project-team-4/install/ros2_task_planner/lib/python3.8/site-packages/ros2_task_planner/task_planner_node.py to task_planner_node.cpython-38.pyc
[2.956s] byte-compiling /home/popem/spring-2025-final-project-team-4/install/ros2_task_planner/lib/python3.8/site-packages/ros2_task_planner/__init__.py to __init__.cpython-38.pyc
[2.957s] running install_data
[2.958s] copying resource/ros2_task_planner -> /home/popem/spring-2025-final-project-team-4/install/ros2_task_planner/share/ament_index/resource_index/packages
[2.959s] copying package.xml -> /home/popem/spring-2025-final-project-team-4/install/ros2_task_planner/share/ros2_task_planner
[2.959s] copying scripts/task_planner_node -> /home/popem/spring-2025-final-project-team-4/install/ros2_task_planner/lib/ros2_task_planner
[2.961s] running install_egg_info
[2.963s] Copying ../../build/ros2_task_planner/ros2_task_planner.egg-info to /home/popem/spring-2025-final-project-team-4/install/ros2_task_planner/lib/python3.8/site-packages/ros2_task_planner-0.0.1-py3.8.egg-info
[2.967s] running install_scripts
[3.003s] Installing task_planner_node script to /home/popem/spring-2025-final-project-team-4/install/ros2_task_planner/bin
[3.004s] writing list of installed files to '/home/popem/spring-2025-final-project-team-4/build/ros2_task_planner/install.log'
[3.059s] Invoked command in '/home/popem/spring-2025-final-project-team-4/src/ros2_task_planner' returned '0': PYTHONPATH=/home/popem/spring-2025-final-project-team-4/build/ros2_task_planner/prefix_override:/usr/lib/python3/dist-packages/colcon_core/task/python/colcon_distutils_commands:/home/popem/spring-2025-final-project-team-4/install/ros2_task_planner/lib/python3.8/site-packages:${PYTHONPATH} /usr/bin/python3 -W ignore:setup.py install is deprecated -W ignore:easy_install command is deprecated setup.py egg_info --egg-base ../../build/ros2_task_planner build --build-base /home/popem/spring-2025-final-project-team-4/build/ros2_task_planner/build install --record /home/popem/spring-2025-final-project-team-4/build/ros2_task_planner/install.log --single-version-externally-managed install_data --force
