[7.554s] Invoking command in '/home/projects/ros2_ws/spring-2025-final-project-team-4/src/armangles': PYTHONPATH=/home/projects/ros2_ws/spring-2025-final-project-team-4/install/armangles/lib/python3.8/site-packages:${PYTHONPATH} /usr/bin/python3 setup.py egg_info --egg-base ../../build/armangles build --build-base /home/projects/ros2_ws/spring-2025-final-project-team-4/build/armangles/build install --prefix /home/projects/ros2_ws/spring-2025-final-project-team-4/install/armangles --record /home/projects/ros2_ws/spring-2025-final-project-team-4/build/armangles/install.log --single-version-externally-managed
[8.642s] running egg_info
[8.643s] creating ../../build/armangles/armangles.egg-info
[8.644s] writing ../../build/armangles/armangles.egg-info/PKG-INFO
[8.645s] writing dependency_links to ../../build/armangles/armangles.egg-info/dependency_links.txt
[8.646s] writing entry points to ../../build/armangles/armangles.egg-info/entry_points.txt
[8.646s] writing requirements to ../../build/armangles/armangles.egg-info/requires.txt
[8.646s] writing top-level names to ../../build/armangles/armangles.egg-info/top_level.txt
[8.656s] writing manifest file '../../build/armangles/armangles.egg-info/SOURCES.txt'
[8.810s] reading manifest file '../../build/armangles/armangles.egg-info/SOURCES.txt'
[8.813s] writing manifest file '../../build/armangles/armangles.egg-info/SOURCES.txt'
[8.814s] running build
[8.815s] running build_py
[8.815s] creating /home/projects/ros2_ws/spring-2025-final-project-team-4/build/armangles/build
[8.816s] creating /home/projects/ros2_ws/spring-2025-final-project-team-4/build/armangles/build/lib
[8.816s] creating /home/projects/ros2_ws/spring-2025-final-project-team-4/build/armangles/build/lib/armangles
[8.817s] copying armangles/__init__.py -> /home/projects/ros2_ws/spring-2025-final-project-team-4/build/armangles/build/lib/armangles
[8.817s] copying armangles/sendangles.py -> /home/projects/ros2_ws/spring-2025-final-project-team-4/build/armangles/build/lib/armangles
[8.817s] running install
[8.821s] running install_lib
[8.824s] creating /home/projects/ros2_ws/spring-2025-final-project-team-4/install/armangles/lib/python3.8/site-packages/armangles
[8.825s] copying /home/projects/ros2_ws/spring-2025-final-project-team-4/build/armangles/build/lib/armangles/__init__.py -> /home/projects/ros2_ws/spring-2025-final-project-team-4/install/armangles/lib/python3.8/site-packages/armangles
[8.825s] copying /home/projects/ros2_ws/spring-2025-final-project-team-4/build/armangles/build/lib/armangles/sendangles.py -> /home/projects/ros2_ws/spring-2025-final-project-team-4/install/armangles/lib/python3.8/site-packages/armangles
[8.828s] byte-compiling /home/projects/ros2_ws/spring-2025-final-project-team-4/install/armangles/lib/python3.8/site-packages/armangles/__init__.py to __init__.cpython-38.pyc
[8.833s] byte-compiling /home/projects/ros2_ws/spring-2025-final-project-team-4/install/armangles/lib/python3.8/site-packages/armangles/sendangles.py to sendangles.cpython-38.pyc
[8.836s] running install_data
[8.838s] creating /home/projects/ros2_ws/spring-2025-final-project-team-4/install/armangles/share/ament_index
[8.839s] creating /home/projects/ros2_ws/spring-2025-final-project-team-4/install/armangles/share/ament_index/resource_index
[8.839s] creating /home/projects/ros2_ws/spring-2025-final-project-team-4/install/armangles/share/ament_index/resource_index/packages
[8.839s] copying resource/armangles -> /home/projects/ros2_ws/spring-2025-final-project-team-4/install/armangles/share/ament_index/resource_index/packages
[8.840s] copying package.xml -> /home/projects/ros2_ws/spring-2025-final-project-team-4/install/armangles/share/armangles
[8.840s] copying launch/armlaunch.launch.py -> /home/projects/ros2_ws/spring-2025-final-project-team-4/install/armangles/share/armangles
[8.840s] running install_egg_info
[8.846s] Copying ../../build/armangles/armangles.egg-info to /home/projects/ros2_ws/spring-2025-final-project-team-4/install/armangles/lib/python3.8/site-packages/armangles-0.0.0-py3.8.egg-info
[8.850s] running install_scripts
[8.920s] Installing PUB_executable script to /home/projects/ros2_ws/spring-2025-final-project-team-4/install/armangles/lib/armangles
[8.920s] Installing sendangles_executable script to /home/projects/ros2_ws/spring-2025-final-project-team-4/install/armangles/lib/armangles
[8.921s] writing list of installed files to '/home/projects/ros2_ws/spring-2025-final-project-team-4/build/armangles/install.log'
