[7.337s] Invoking command in '/home/projects/ros2_ws/spring-2025-final-project-team-4/src/ros2_aruco_perception': PYTHONPATH=/home/projects/ros2_ws/spring-2025-final-project-team-4/src/install/ros2_aruco_perception/lib/python3.8/site-packages:${PYTHONPATH} /usr/bin/python3 setup.py egg_info --egg-base ../build/ros2_aruco_perception build --build-base /home/projects/ros2_ws/spring-2025-final-project-team-4/src/build/ros2_aruco_perception/build install --prefix /home/projects/ros2_ws/spring-2025-final-project-team-4/src/install/ros2_aruco_perception --record /home/projects/ros2_ws/spring-2025-final-project-team-4/src/build/ros2_aruco_perception/install.log --single-version-externally-managed
[8.681s] running egg_info
[8.684s] writing ../build/ros2_aruco_perception/ros2_aruco_perception.egg-info/PKG-INFO
[8.686s] writing dependency_links to ../build/ros2_aruco_perception/ros2_aruco_perception.egg-info/dependency_links.txt
[8.687s] writing entry points to ../build/ros2_aruco_perception/ros2_aruco_perception.egg-info/entry_points.txt
[8.689s] writing requirements to ../build/ros2_aruco_perception/ros2_aruco_perception.egg-info/requires.txt
[8.690s] writing top-level names to ../build/ros2_aruco_perception/ros2_aruco_perception.egg-info/top_level.txt
[8.877s] reading manifest file '../build/ros2_aruco_perception/ros2_aruco_perception.egg-info/SOURCES.txt'
[8.883s] writing manifest file '../build/ros2_aruco_perception/ros2_aruco_perception.egg-info/SOURCES.txt'
[8.884s] running build
[8.885s] running build_py
[8.887s] running install
[8.893s] running install_lib
[8.902s] running install_data
[8.905s] running install_egg_info
[8.915s] removing '/home/projects/ros2_ws/spring-2025-final-project-team-4/src/install/ros2_aruco_perception/lib/python3.8/site-packages/ros2_aruco_perception-0.0.0-py3.8.egg-info' (and everything under it)
[8.917s] Copying ../build/ros2_aruco_perception/ros2_aruco_perception.egg-info to /home/projects/ros2_ws/spring-2025-final-project-team-4/src/install/ros2_aruco_perception/lib/python3.8/site-packages/ros2_aruco_perception-0.0.0-py3.8.egg-info
[8.925s] running install_scripts
[9.023s] Installing perception_node script to /home/projects/ros2_ws/spring-2025-final-project-team-4/src/install/ros2_aruco_perception/lib/ros2_aruco_perception
[9.026s] writing list of installed files to '/home/projects/ros2_ws/spring-2025-final-project-team-4/src/build/ros2_aruco_perception/install.log'
[9.188s] Invoked command in '/home/projects/ros2_ws/spring-2025-final-project-team-4/src/ros2_aruco_perception' returned '0': PYTHONPATH=/home/projects/ros2_ws/spring-2025-final-project-team-4/src/install/ros2_aruco_perception/lib/python3.8/site-packages:${PYTHONPATH} /usr/bin/python3 setup.py egg_info --egg-base ../build/ros2_aruco_perception build --build-base /home/projects/ros2_ws/spring-2025-final-project-team-4/src/build/ros2_aruco_perception/build install --prefix /home/projects/ros2_ws/spring-2025-final-project-team-4/src/install/ros2_aruco_perception --record /home/projects/ros2_ws/spring-2025-final-project-team-4/src/build/ros2_aruco_perception/install.log --single-version-externally-managed
