[7.323s] Invoking command in '/home/projects/ros2_ws/spring-2025-final-project-team-4/src/ros2_task_planner': PYTHONPATH=/home/projects/ros2_ws/spring-2025-final-project-team-4/src/install/ros2_task_planner/lib/python3.8/site-packages:${PYTHONPATH} /usr/bin/python3 setup.py egg_info --egg-base ../build/ros2_task_planner build --build-base /home/projects/ros2_ws/spring-2025-final-project-team-4/src/build/ros2_task_planner/build install --prefix /home/projects/ros2_ws/spring-2025-final-project-team-4/src/install/ros2_task_planner --record /home/projects/ros2_ws/spring-2025-final-project-team-4/src/build/ros2_task_planner/install.log --single-version-externally-managed
[8.614s] running egg_info
[8.618s] writing ../build/ros2_task_planner/ros2_task_planner.egg-info/PKG-INFO
[8.619s] writing dependency_links to ../build/ros2_task_planner/ros2_task_planner.egg-info/dependency_links.txt
[8.620s] writing entry points to ../build/ros2_task_planner/ros2_task_planner.egg-info/entry_points.txt
[8.621s] writing requirements to ../build/ros2_task_planner/ros2_task_planner.egg-info/requires.txt
[8.622s] writing top-level names to ../build/ros2_task_planner/ros2_task_planner.egg-info/top_level.txt
[8.816s] reading manifest file '../build/ros2_task_planner/ros2_task_planner.egg-info/SOURCES.txt'
[8.826s] writing manifest file '../build/ros2_task_planner/ros2_task_planner.egg-info/SOURCES.txt'
[8.829s] running build
[8.830s] running build_py
[8.832s] running install
[8.837s] running install_lib
[8.850s] running install_data
[8.851s] running install_egg_info
[8.873s] removing '/home/projects/ros2_ws/spring-2025-final-project-team-4/src/install/ros2_task_planner/lib/python3.8/site-packages/ros2_task_planner-0.0.0-py3.8.egg-info' (and everything under it)
[8.874s] Copying ../build/ros2_task_planner/ros2_task_planner.egg-info to /home/projects/ros2_ws/spring-2025-final-project-team-4/src/install/ros2_task_planner/lib/python3.8/site-packages/ros2_task_planner-0.0.0-py3.8.egg-info
[8.875s] running install_scripts
[8.966s] Installing task_planner_node script to /home/projects/ros2_ws/spring-2025-final-project-team-4/src/install/ros2_task_planner/lib/ros2_task_planner
[8.967s] writing list of installed files to '/home/projects/ros2_ws/spring-2025-final-project-team-4/src/build/ros2_task_planner/install.log'
[9.115s] Invoked command in '/home/projects/ros2_ws/spring-2025-final-project-team-4/src/ros2_task_planner' returned '0': PYTHONPATH=/home/projects/ros2_ws/spring-2025-final-project-team-4/src/install/ros2_task_planner/lib/python3.8/site-packages:${PYTHONPATH} /usr/bin/python3 setup.py egg_info --egg-base ../build/ros2_task_planner build --build-base /home/projects/ros2_ws/spring-2025-final-project-team-4/src/build/ros2_task_planner/build install --prefix /home/projects/ros2_ws/spring-2025-final-project-team-4/src/install/ros2_task_planner --record /home/projects/ros2_ws/spring-2025-final-project-team-4/src/build/ros2_task_planner/install.log --single-version-externally-managed
