[0.750s] DEBUG:colcon:Command line arguments: ['/usr/bin/colcon', 'build']
[0.750s] DEBUG:colcon:Parsed command line arguments: Namespace(allow_overriding=[], ament_cmake_args=None, base_paths=['.'], build_base='build', catkin_cmake_args=None, catkin_skip_building_tests=False, cmake_args=None, cmake_clean_cache=False, cmake_clean_first=False, cmake_force_configure=False, cmake_target=None, cmake_target_skip_unavailable=False, continue_on_error=False, event_handlers=None, executor='parallel', ignore_user_meta=False, install_base='install', log_base=None, log_level=None, main=<bound method BuildVerb.main of <colcon_core.verb.build.BuildVerb object at 0x7f8ce51040>>, merge_install=False, metas=['./colcon.meta'], mixin=None, mixin_files=None, mixin_verb=('build',), packages_above=None, packages_above_and_dependencies=None, packages_above_depth=None, packages_end=None, packages_ignore=None, packages_ignore_regex=None, packages_select=None, packages_select_build_failed=False, packages_select_by_dep=None, packages_select_regex=None, packages_select_test_failures=False, packages_skip=None, packages_skip_build_finished=False, packages_skip_by_dep=None, packages_skip_regex=None, packages_skip_test_passed=False, packages_skip_up_to=None, packages_start=None, packages_up_to=None, packages_up_to_regex=None, parallel_workers=4, paths=None, symlink_install=False, test_result_base=None, verb_extension=<colcon_core.verb.build.BuildVerb object at 0x7f8ce51040>, verb_name='build', verb_parser=<colcon_mixin.mixin.mixin_argument.MixinArgumentDecorator object at 0x7f8ce516a0>)
[0.771s] Level 1:colcon.colcon_core.package_discovery:discover_packages(colcon_meta) check parameters
[0.774s] INFO:colcon.colcon_metadata.package_discovery.colcon_meta:Using configuration from '/root/.colcon/metadata/default/Gazebo.meta'
[0.776s] INFO:colcon.colcon_metadata.package_discovery.colcon_meta:Using configuration from '/root/.colcon/metadata/default/fastrtps.meta'
[0.776s] Level 1:colcon.colcon_core.package_discovery:discover_packages(recursive) check parameters
[0.777s] Level 1:colcon.colcon_core.package_discovery:discover_packages(ignore) check parameters
[0.777s] Level 1:colcon.colcon_core.package_discovery:discover_packages(path) check parameters
[0.777s] Level 1:colcon.colcon_core.package_discovery:discover_packages(colcon_meta) discover
[0.777s] Level 1:colcon.colcon_core.package_discovery:discover_packages(recursive) discover
[0.777s] INFO:colcon.colcon_core.package_discovery:Crawling recursively for packages in '/home/projects/ros2_ws/spring-2025-final-project-team-4/src'
[0.778s] Level 1:colcon.colcon_core.package_identification:_identify(.) by extensions ['ignore', 'ignore_ament_install']
[0.778s] Level 1:colcon.colcon_core.package_identification:_identify(.) by extension 'ignore'
[0.778s] Level 1:colcon.colcon_core.package_identification:_identify(.) by extension 'ignore_ament_install'
[0.779s] Level 1:colcon.colcon_core.package_identification:_identify(.) by extensions ['colcon_pkg']
[0.779s] Level 1:colcon.colcon_core.package_identification:_identify(.) by extension 'colcon_pkg'
[0.779s] Level 1:colcon.colcon_core.package_identification:_identify(.) by extensions ['colcon_meta']
[0.779s] Level 1:colcon.colcon_core.package_identification:_identify(.) by extension 'colcon_meta'
[0.779s] Level 1:colcon.colcon_core.package_identification:_identify(.) by extensions ['ros']
[0.779s] Level 1:colcon.colcon_core.package_identification:_identify(.) by extension 'ros'
[0.828s] Level 1:colcon.colcon_core.package_identification:_identify(.) by extensions ['cmake', 'python']
[0.828s] Level 1:colcon.colcon_core.package_identification:_identify(.) by extension 'cmake'
[0.828s] Level 1:colcon.colcon_core.package_identification:_identify(.) by extension 'python'
[0.828s] Level 1:colcon.colcon_core.package_identification:_identify(.) by extensions ['python_setup_py']
[0.828s] Level 1:colcon.colcon_core.package_identification:_identify(.) by extension 'python_setup_py'
[0.829s] Level 1:colcon.colcon_core.package_identification:_identify(armangles1) by extensions ['ignore', 'ignore_ament_install']
[0.829s] Level 1:colcon.colcon_core.package_identification:_identify(armangles1) by extension 'ignore'
[0.830s] Level 1:colcon.colcon_core.package_identification:_identify(armangles1) by extension 'ignore_ament_install'
[0.830s] Level 1:colcon.colcon_core.package_identification:_identify(armangles1) by extensions ['colcon_pkg']
[0.830s] Level 1:colcon.colcon_core.package_identification:_identify(armangles1) by extension 'colcon_pkg'
[0.830s] Level 1:colcon.colcon_core.package_identification:_identify(armangles1) by extensions ['colcon_meta']
[0.830s] Level 1:colcon.colcon_core.package_identification:_identify(armangles1) by extension 'colcon_meta'
[0.831s] Level 1:colcon.colcon_core.package_identification:_identify(armangles1) by extensions ['ros']
[0.831s] Level 1:colcon.colcon_core.package_identification:_identify(armangles1) by extension 'ros'
[0.839s] DEBUG:colcon.colcon_core.package_identification:Package 'armangles1' with type 'ros.ament_python' and name 'armangles1'
[0.840s] Level 1:colcon.colcon_core.package_identification:_identify(build) by extensions ['ignore', 'ignore_ament_install']
[0.841s] Level 1:colcon.colcon_core.package_identification:_identify(build) by extension 'ignore'
[0.841s] Level 1:colcon.colcon_core.package_identification:_identify(build) ignored
[0.841s] Level 1:colcon.colcon_core.package_identification:_identify(install) by extensions ['ignore', 'ignore_ament_install']
[0.842s] Level 1:colcon.colcon_core.package_identification:_identify(install) by extension 'ignore'
[0.842s] Level 1:colcon.colcon_core.package_identification:_identify(install) ignored
[0.842s] Level 1:colcon.colcon_core.package_identification:_identify(launch) by extensions ['ignore', 'ignore_ament_install']
[0.842s] Level 1:colcon.colcon_core.package_identification:_identify(launch) by extension 'ignore'
[0.843s] Level 1:colcon.colcon_core.package_identification:_identify(launch) by extension 'ignore_ament_install'
[0.843s] Level 1:colcon.colcon_core.package_identification:_identify(launch) by extensions ['colcon_pkg']
[0.843s] Level 1:colcon.colcon_core.package_identification:_identify(launch) by extension 'colcon_pkg'
[0.843s] Level 1:colcon.colcon_core.package_identification:_identify(launch) by extensions ['colcon_meta']
[0.843s] Level 1:colcon.colcon_core.package_identification:_identify(launch) by extension 'colcon_meta'
[0.844s] Level 1:colcon.colcon_core.package_identification:_identify(launch) by extensions ['ros']
[0.844s] Level 1:colcon.colcon_core.package_identification:_identify(launch) by extension 'ros'
[0.844s] Level 1:colcon.colcon_core.package_identification:_identify(launch) by extensions ['cmake', 'python']
[0.844s] Level 1:colcon.colcon_core.package_identification:_identify(launch) by extension 'cmake'
[0.844s] Level 1:colcon.colcon_core.package_identification:_identify(launch) by extension 'python'
[0.845s] Level 1:colcon.colcon_core.package_identification:_identify(launch) by extensions ['python_setup_py']
[0.845s] Level 1:colcon.colcon_core.package_identification:_identify(launch) by extension 'python_setup_py'
[0.845s] Level 1:colcon.colcon_core.package_identification:_identify(launch/__pycache__) by extensions ['ignore', 'ignore_ament_install']
[0.845s] Level 1:colcon.colcon_core.package_identification:_identify(launch/__pycache__) by extension 'ignore'
[0.846s] Level 1:colcon.colcon_core.package_identification:_identify(launch/__pycache__) by extension 'ignore_ament_install'
[0.846s] Level 1:colcon.colcon_core.package_identification:_identify(launch/__pycache__) by extensions ['colcon_pkg']
[0.846s] Level 1:colcon.colcon_core.package_identification:_identify(launch/__pycache__) by extension 'colcon_pkg'
[0.846s] Level 1:colcon.colcon_core.package_identification:_identify(launch/__pycache__) by extensions ['colcon_meta']
[0.846s] Level 1:colcon.colcon_core.package_identification:_identify(launch/__pycache__) by extension 'colcon_meta'
[0.847s] Level 1:colcon.colcon_core.package_identification:_identify(launch/__pycache__) by extensions ['ros']
[0.847s] Level 1:colcon.colcon_core.package_identification:_identify(launch/__pycache__) by extension 'ros'
[0.847s] Level 1:colcon.colcon_core.package_identification:_identify(launch/__pycache__) by extensions ['cmake', 'python']
[0.847s] Level 1:colcon.colcon_core.package_identification:_identify(launch/__pycache__) by extension 'cmake'
[0.847s] Level 1:colcon.colcon_core.package_identification:_identify(launch/__pycache__) by extension 'python'
[0.848s] Level 1:colcon.colcon_core.package_identification:_identify(launch/__pycache__) by extensions ['python_setup_py']
[0.848s] Level 1:colcon.colcon_core.package_identification:_identify(launch/__pycache__) by extension 'python_setup_py'
[0.848s] Level 1:colcon.colcon_core.package_identification:_identify(launch/build) by extensions ['ignore', 'ignore_ament_install']
[0.848s] Level 1:colcon.colcon_core.package_identification:_identify(launch/build) by extension 'ignore'
[0.849s] Level 1:colcon.colcon_core.package_identification:_identify(launch/build) ignored
[0.849s] Level 1:colcon.colcon_core.package_identification:_identify(launch/install) by extensions ['ignore', 'ignore_ament_install']
[0.849s] Level 1:colcon.colcon_core.package_identification:_identify(launch/install) by extension 'ignore'
[0.849s] Level 1:colcon.colcon_core.package_identification:_identify(launch/install) ignored
[0.850s] Level 1:colcon.colcon_core.package_identification:_identify(launch/log) by extensions ['ignore', 'ignore_ament_install']
[0.850s] Level 1:colcon.colcon_core.package_identification:_identify(launch/log) by extension 'ignore'
[0.850s] Level 1:colcon.colcon_core.package_identification:_identify(launch/log) ignored
[0.851s] Level 1:colcon.colcon_core.package_identification:_identify(log) by extensions ['ignore', 'ignore_ament_install']
[0.851s] Level 1:colcon.colcon_core.package_identification:_identify(log) by extension 'ignore'
[0.851s] Level 1:colcon.colcon_core.package_identification:_identify(log) ignored
[0.852s] Level 1:colcon.colcon_core.package_identification:_identify(ros2_aruco_perception) by extensions ['ignore', 'ignore_ament_install']
[0.852s] Level 1:colcon.colcon_core.package_identification:_identify(ros2_aruco_perception) by extension 'ignore'
[0.852s] Level 1:colcon.colcon_core.package_identification:_identify(ros2_aruco_perception) by extension 'ignore_ament_install'
[0.852s] Level 1:colcon.colcon_core.package_identification:_identify(ros2_aruco_perception) by extensions ['colcon_pkg']
[0.852s] Level 1:colcon.colcon_core.package_identification:_identify(ros2_aruco_perception) by extension 'colcon_pkg'
[0.853s] Level 1:colcon.colcon_core.package_identification:_identify(ros2_aruco_perception) by extensions ['colcon_meta']
[0.853s] Level 1:colcon.colcon_core.package_identification:_identify(ros2_aruco_perception) by extension 'colcon_meta'
[0.853s] Level 1:colcon.colcon_core.package_identification:_identify(ros2_aruco_perception) by extensions ['ros']
[0.853s] Level 1:colcon.colcon_core.package_identification:_identify(ros2_aruco_perception) by extension 'ros'
[0.855s] DEBUG:colcon.colcon_core.package_identification:Package 'ros2_aruco_perception' with type 'ros.ament_python' and name 'ros2_aruco_perception'
[0.855s] Level 1:colcon.colcon_core.package_identification:_identify(ros2_task_planner) by extensions ['ignore', 'ignore_ament_install']
[0.856s] Level 1:colcon.colcon_core.package_identification:_identify(ros2_task_planner) by extension 'ignore'
[0.856s] Level 1:colcon.colcon_core.package_identification:_identify(ros2_task_planner) by extension 'ignore_ament_install'
[0.856s] Level 1:colcon.colcon_core.package_identification:_identify(ros2_task_planner) by extensions ['colcon_pkg']
[0.856s] Level 1:colcon.colcon_core.package_identification:_identify(ros2_task_planner) by extension 'colcon_pkg'
[0.856s] Level 1:colcon.colcon_core.package_identification:_identify(ros2_task_planner) by extensions ['colcon_meta']
[0.857s] Level 1:colcon.colcon_core.package_identification:_identify(ros2_task_planner) by extension 'colcon_meta'
[0.857s] Level 1:colcon.colcon_core.package_identification:_identify(ros2_task_planner) by extensions ['ros']
[0.857s] Level 1:colcon.colcon_core.package_identification:_identify(ros2_task_planner) by extension 'ros'
[0.859s] DEBUG:colcon.colcon_core.package_identification:Package 'ros2_task_planner' with type 'ros.ament_python' and name 'ros2_task_planner'
[0.859s] Level 1:colcon.colcon_core.package_identification:_identify(usb_cam_driver) by extensions ['ignore', 'ignore_ament_install']
[0.859s] Level 1:colcon.colcon_core.package_identification:_identify(usb_cam_driver) by extension 'ignore'
[0.860s] Level 1:colcon.colcon_core.package_identification:_identify(usb_cam_driver) by extension 'ignore_ament_install'
[0.860s] Level 1:colcon.colcon_core.package_identification:_identify(usb_cam_driver) by extensions ['colcon_pkg']
[0.860s] Level 1:colcon.colcon_core.package_identification:_identify(usb_cam_driver) by extension 'colcon_pkg'
[0.860s] Level 1:colcon.colcon_core.package_identification:_identify(usb_cam_driver) by extensions ['colcon_meta']
[0.860s] Level 1:colcon.colcon_core.package_identification:_identify(usb_cam_driver) by extension 'colcon_meta'
[0.860s] Level 1:colcon.colcon_core.package_identification:_identify(usb_cam_driver) by extensions ['ros']
[0.861s] Level 1:colcon.colcon_core.package_identification:_identify(usb_cam_driver) by extension 'ros'
[0.862s] DEBUG:colcon.colcon_core.package_identification:Package 'usb_cam_driver' with type 'ros.ament_python' and name 'usb_cam_driver'
[0.862s] Level 1:colcon.colcon_core.package_discovery:discover_packages(recursive) using defaults
[0.863s] Level 1:colcon.colcon_core.package_discovery:discover_packages(ignore) discover
[0.863s] Level 1:colcon.colcon_core.package_discovery:discover_packages(ignore) using defaults
[0.863s] Level 1:colcon.colcon_core.package_discovery:discover_packages(path) discover
[0.863s] Level 1:colcon.colcon_core.package_discovery:discover_packages(path) using defaults
[0.941s] Level 5:colcon.colcon_core.verb:set package 'armangles1' build argument 'cmake_args' from command line to 'None'
[0.941s] Level 5:colcon.colcon_core.verb:set package 'armangles1' build argument 'cmake_target' from command line to 'None'
[0.941s] Level 5:colcon.colcon_core.verb:set package 'armangles1' build argument 'cmake_target_skip_unavailable' from command line to 'False'
[0.942s] Level 5:colcon.colcon_core.verb:set package 'armangles1' build argument 'cmake_clean_cache' from command line to 'False'
[0.942s] Level 5:colcon.colcon_core.verb:set package 'armangles1' build argument 'cmake_clean_first' from command line to 'False'
[0.942s] Level 5:colcon.colcon_core.verb:set package 'armangles1' build argument 'cmake_force_configure' from command line to 'False'
[0.942s] Level 5:colcon.colcon_core.verb:set package 'armangles1' build argument 'ament_cmake_args' from command line to 'None'
[0.942s] Level 5:colcon.colcon_core.verb:set package 'armangles1' build argument 'catkin_cmake_args' from command line to 'None'
[0.942s] Level 5:colcon.colcon_core.verb:set package 'armangles1' build argument 'catkin_skip_building_tests' from command line to 'False'
[0.942s] DEBUG:colcon.colcon_core.verb:Building package 'armangles1' with the following arguments: {'ament_cmake_args': None, 'build_base': '/home/projects/ros2_ws/spring-2025-final-project-team-4/src/build/armangles1', 'catkin_cmake_args': None, 'catkin_skip_building_tests': False, 'cmake_args': None, 'cmake_clean_cache': False, 'cmake_clean_first': False, 'cmake_force_configure': False, 'cmake_target': None, 'cmake_target_skip_unavailable': False, 'install_base': '/home/projects/ros2_ws/spring-2025-final-project-team-4/src/install/armangles1', 'merge_install': False, 'path': '/home/projects/ros2_ws/spring-2025-final-project-team-4/src/armangles1', 'symlink_install': False, 'test_result_base': None}
[0.946s] Level 5:colcon.colcon_core.verb:set package 'ros2_aruco_perception' build argument 'cmake_args' from command line to 'None'
[0.946s] Level 5:colcon.colcon_core.verb:set package 'ros2_aruco_perception' build argument 'cmake_target' from command line to 'None'
[0.946s] Level 5:colcon.colcon_core.verb:set package 'ros2_aruco_perception' build argument 'cmake_target_skip_unavailable' from command line to 'False'
[0.946s] Level 5:colcon.colcon_core.verb:set package 'ros2_aruco_perception' build argument 'cmake_clean_cache' from command line to 'False'
[0.946s] Level 5:colcon.colcon_core.verb:set package 'ros2_aruco_perception' build argument 'cmake_clean_first' from command line to 'False'
[0.946s] Level 5:colcon.colcon_core.verb:set package 'ros2_aruco_perception' build argument 'cmake_force_configure' from command line to 'False'
[0.946s] Level 5:colcon.colcon_core.verb:set package 'ros2_aruco_perception' build argument 'ament_cmake_args' from command line to 'None'
[0.947s] Level 5:colcon.colcon_core.verb:set package 'ros2_aruco_perception' build argument 'catkin_cmake_args' from command line to 'None'
[0.947s] Level 5:colcon.colcon_core.verb:set package 'ros2_aruco_perception' build argument 'catkin_skip_building_tests' from command line to 'False'
[0.947s] DEBUG:colcon.colcon_core.verb:Building package 'ros2_aruco_perception' with the following arguments: {'ament_cmake_args': None, 'build_base': '/home/projects/ros2_ws/spring-2025-final-project-team-4/src/build/ros2_aruco_perception', 'catkin_cmake_args': None, 'catkin_skip_building_tests': False, 'cmake_args': None, 'cmake_clean_cache': False, 'cmake_clean_first': False, 'cmake_force_configure': False, 'cmake_target': None, 'cmake_target_skip_unavailable': False, 'install_base': '/home/projects/ros2_ws/spring-2025-final-project-team-4/src/install/ros2_aruco_perception', 'merge_install': False, 'path': '/home/projects/ros2_ws/spring-2025-final-project-team-4/src/ros2_aruco_perception', 'symlink_install': False, 'test_result_base': None}
[0.950s] Level 5:colcon.colcon_core.verb:set package 'ros2_task_planner' build argument 'cmake_args' from command line to 'None'
[0.950s] Level 5:colcon.colcon_core.verb:set package 'ros2_task_planner' build argument 'cmake_target' from command line to 'None'
[0.950s] Level 5:colcon.colcon_core.verb:set package 'ros2_task_planner' build argument 'cmake_target_skip_unavailable' from command line to 'False'
[0.950s] Level 5:colcon.colcon_core.verb:set package 'ros2_task_planner' build argument 'cmake_clean_cache' from command line to 'False'
[0.951s] Level 5:colcon.colcon_core.verb:set package 'ros2_task_planner' build argument 'cmake_clean_first' from command line to 'False'
[0.951s] Level 5:colcon.colcon_core.verb:set package 'ros2_task_planner' build argument 'cmake_force_configure' from command line to 'False'
[0.951s] Level 5:colcon.colcon_core.verb:set package 'ros2_task_planner' build argument 'ament_cmake_args' from command line to 'None'
[0.951s] Level 5:colcon.colcon_core.verb:set package 'ros2_task_planner' build argument 'catkin_cmake_args' from command line to 'None'
[0.951s] Level 5:colcon.colcon_core.verb:set package 'ros2_task_planner' build argument 'catkin_skip_building_tests' from command line to 'False'
[0.951s] DEBUG:colcon.colcon_core.verb:Building package 'ros2_task_planner' with the following arguments: {'ament_cmake_args': None, 'build_base': '/home/projects/ros2_ws/spring-2025-final-project-team-4/src/build/ros2_task_planner', 'catkin_cmake_args': None, 'catkin_skip_building_tests': False, 'cmake_args': None, 'cmake_clean_cache': False, 'cmake_clean_first': False, 'cmake_force_configure': False, 'cmake_target': None, 'cmake_target_skip_unavailable': False, 'install_base': '/home/projects/ros2_ws/spring-2025-final-project-team-4/src/install/ros2_task_planner', 'merge_install': False, 'path': '/home/projects/ros2_ws/spring-2025-final-project-team-4/src/ros2_task_planner', 'symlink_install': False, 'test_result_base': None}
[0.954s] Level 5:colcon.colcon_core.verb:set package 'usb_cam_driver' build argument 'cmake_args' from command line to 'None'
[0.954s] Level 5:colcon.colcon_core.verb:set package 'usb_cam_driver' build argument 'cmake_target' from command line to 'None'
[0.955s] Level 5:colcon.colcon_core.verb:set package 'usb_cam_driver' build argument 'cmake_target_skip_unavailable' from command line to 'False'
[0.955s] Level 5:colcon.colcon_core.verb:set package 'usb_cam_driver' build argument 'cmake_clean_cache' from command line to 'False'
[0.955s] Level 5:colcon.colcon_core.verb:set package 'usb_cam_driver' build argument 'cmake_clean_first' from command line to 'False'
[0.955s] Level 5:colcon.colcon_core.verb:set package 'usb_cam_driver' build argument 'cmake_force_configure' from command line to 'False'
[0.955s] Level 5:colcon.colcon_core.verb:set package 'usb_cam_driver' build argument 'ament_cmake_args' from command line to 'None'
[0.955s] Level 5:colcon.colcon_core.verb:set package 'usb_cam_driver' build argument 'catkin_cmake_args' from command line to 'None'
[0.955s] Level 5:colcon.colcon_core.verb:set package 'usb_cam_driver' build argument 'catkin_skip_building_tests' from command line to 'False'
[0.955s] DEBUG:colcon.colcon_core.verb:Building package 'usb_cam_driver' with the following arguments: {'ament_cmake_args': None, 'build_base': '/home/projects/ros2_ws/spring-2025-final-project-team-4/src/build/usb_cam_driver', 'catkin_cmake_args': None, 'catkin_skip_building_tests': False, 'cmake_args': None, 'cmake_clean_cache': False, 'cmake_clean_first': False, 'cmake_force_configure': False, 'cmake_target': None, 'cmake_target_skip_unavailable': False, 'install_base': '/home/projects/ros2_ws/spring-2025-final-project-team-4/src/install/usb_cam_driver', 'merge_install': False, 'path': '/home/projects/ros2_ws/spring-2025-final-project-team-4/src/usb_cam_driver', 'symlink_install': False, 'test_result_base': None}
[0.991s] INFO:colcon.colcon_core.executor:Executing jobs using 'parallel' executor
[0.999s] DEBUG:colcon.colcon_parallel_executor.executor.parallel:run_until_complete
[1.001s] INFO:colcon.colcon_ros.task.ament_python.build:Building ROS package in '/home/projects/ros2_ws/spring-2025-final-project-team-4/src/armangles1' with build type 'ament_python'
[1.001s] Level 1:colcon.colcon_core.shell:create_environment_hook('armangles1', 'ament_prefix_path')
[1.017s] INFO:colcon.colcon_core.plugin_system:Skipping extension 'colcon_core.shell.bat': Not used on non-Windows systems
[1.017s] INFO:colcon.colcon_core.shell:Creating environment hook '/home/projects/ros2_ws/spring-2025-final-project-team-4/src/install/armangles1/share/armangles1/hook/ament_prefix_path.ps1'
[1.020s] INFO:colcon.colcon_core.shell:Creating environment descriptor '/home/projects/ros2_ws/spring-2025-final-project-team-4/src/install/armangles1/share/armangles1/hook/ament_prefix_path.dsv'
[1.021s] INFO:colcon.colcon_core.shell:Creating environment hook '/home/projects/ros2_ws/spring-2025-final-project-team-4/src/install/armangles1/share/armangles1/hook/ament_prefix_path.sh'
[1.026s] INFO:colcon.colcon_core.shell:Skip shell extension 'powershell' for command environment: Not usable outside of PowerShell
[1.026s] DEBUG:colcon.colcon_core.shell:Skip shell extension 'dsv' for command environment
[1.064s] INFO:colcon.colcon_ros.task.ament_python.build:Building ROS package in '/home/projects/ros2_ws/spring-2025-final-project-team-4/src/ros2_aruco_perception' with build type 'ament_python'
[1.065s] Level 1:colcon.colcon_core.shell:create_environment_hook('ros2_aruco_perception', 'ament_prefix_path')
[1.069s] INFO:colcon.colcon_core.shell:Creating environment hook '/home/projects/ros2_ws/spring-2025-final-project-team-4/src/install/ros2_aruco_perception/share/ros2_aruco_perception/hook/ament_prefix_path.ps1'
[1.071s] INFO:colcon.colcon_core.shell:Creating environment descriptor '/home/projects/ros2_ws/spring-2025-final-project-team-4/src/install/ros2_aruco_perception/share/ros2_aruco_perception/hook/ament_prefix_path.dsv'
[1.073s] INFO:colcon.colcon_core.shell:Creating environment hook '/home/projects/ros2_ws/spring-2025-final-project-team-4/src/install/ros2_aruco_perception/share/ros2_aruco_perception/hook/ament_prefix_path.sh'
[1.076s] INFO:colcon.colcon_core.shell:Skip shell extension 'powershell' for command environment: Not usable outside of PowerShell
[1.076s] DEBUG:colcon.colcon_core.shell:Skip shell extension 'dsv' for command environment
[1.117s] INFO:colcon.colcon_ros.task.ament_python.build:Building ROS package in '/home/projects/ros2_ws/spring-2025-final-project-team-4/src/ros2_task_planner' with build type 'ament_python'
[1.118s] Level 1:colcon.colcon_core.shell:create_environment_hook('ros2_task_planner', 'ament_prefix_path')
[1.121s] INFO:colcon.colcon_core.shell:Creating environment hook '/home/projects/ros2_ws/spring-2025-final-project-team-4/src/install/ros2_task_planner/share/ros2_task_planner/hook/ament_prefix_path.ps1'
[1.123s] INFO:colcon.colcon_core.shell:Creating environment descriptor '/home/projects/ros2_ws/spring-2025-final-project-team-4/src/install/ros2_task_planner/share/ros2_task_planner/hook/ament_prefix_path.dsv'
[1.125s] INFO:colcon.colcon_core.shell:Creating environment hook '/home/projects/ros2_ws/spring-2025-final-project-team-4/src/install/ros2_task_planner/share/ros2_task_planner/hook/ament_prefix_path.sh'
[1.128s] INFO:colcon.colcon_core.shell:Skip shell extension 'powershell' for command environment: Not usable outside of PowerShell
[1.129s] DEBUG:colcon.colcon_core.shell:Skip shell extension 'dsv' for command environment
[1.166s] INFO:colcon.colcon_ros.task.ament_python.build:Building ROS package in '/home/projects/ros2_ws/spring-2025-final-project-team-4/src/usb_cam_driver' with build type 'ament_python'
[1.167s] Level 1:colcon.colcon_core.shell:create_environment_hook('usb_cam_driver', 'ament_prefix_path')
[1.171s] INFO:colcon.colcon_core.shell:Creating environment hook '/home/projects/ros2_ws/spring-2025-final-project-team-4/src/install/usb_cam_driver/share/usb_cam_driver/hook/ament_prefix_path.ps1'
[1.173s] INFO:colcon.colcon_core.shell:Creating environment descriptor '/home/projects/ros2_ws/spring-2025-final-project-team-4/src/install/usb_cam_driver/share/usb_cam_driver/hook/ament_prefix_path.dsv'
[1.174s] INFO:colcon.colcon_core.shell:Creating environment hook '/home/projects/ros2_ws/spring-2025-final-project-team-4/src/install/usb_cam_driver/share/usb_cam_driver/hook/ament_prefix_path.sh'
[1.178s] INFO:colcon.colcon_core.shell:Skip shell extension 'powershell' for command environment: Not usable outside of PowerShell
[1.178s] DEBUG:colcon.colcon_core.shell:Skip shell extension 'dsv' for command environment
[2.341s] INFO:colcon.colcon_core.task.python.build:Building Python package in '/home/projects/ros2_ws/spring-2025-final-project-team-4/src/armangles1'
[2.344s] INFO:colcon.colcon_core.shell:Skip shell extension 'powershell' for command environment: Not usable outside of PowerShell
[2.345s] DEBUG:colcon.colcon_core.shell:Skip shell extension 'dsv' for command environment
[3.549s] INFO:colcon.colcon_core.task.python.build:Building Python package in '/home/projects/ros2_ws/spring-2025-final-project-team-4/src/ros2_aruco_perception'
[3.552s] INFO:colcon.colcon_core.shell:Skip shell extension 'powershell' for command environment: Not usable outside of PowerShell
[3.552s] DEBUG:colcon.colcon_core.shell:Skip shell extension 'dsv' for command environment
[4.702s] INFO:colcon.colcon_core.task.python.build:Building Python package in '/home/projects/ros2_ws/spring-2025-final-project-team-4/src/ros2_task_planner'
[4.705s] INFO:colcon.colcon_core.shell:Skip shell extension 'powershell' for command environment: Not usable outside of PowerShell
[4.705s] DEBUG:colcon.colcon_core.shell:Skip shell extension 'dsv' for command environment
[5.862s] INFO:colcon.colcon_core.task.python.build:Building Python package in '/home/projects/ros2_ws/spring-2025-final-project-team-4/src/usb_cam_driver'
[5.865s] INFO:colcon.colcon_core.shell:Skip shell extension 'powershell' for command environment: Not usable outside of PowerShell
[5.865s] DEBUG:colcon.colcon_core.shell:Skip shell extension 'dsv' for command environment
[8.183s] DEBUG:colcon.colcon_core.event_handler.log_command:Invoking command in '/home/projects/ros2_ws/spring-2025-final-project-team-4/src/ros2_aruco_perception': PYTHONPATH=/home/projects/ros2_ws/spring-2025-final-project-team-4/src/install/ros2_aruco_perception/lib/python3.8/site-packages:${PYTHONPATH} /usr/bin/python3 setup.py egg_info --egg-base ../build/ros2_aruco_perception build --build-base /home/projects/ros2_ws/spring-2025-final-project-team-4/src/build/ros2_aruco_perception/build install --prefix /home/projects/ros2_ws/spring-2025-final-project-team-4/src/install/ros2_aruco_perception --record /home/projects/ros2_ws/spring-2025-final-project-team-4/src/build/ros2_aruco_perception/install.log --single-version-externally-managed
[8.206s] DEBUG:colcon.colcon_core.event_handler.log_command:Invoking command in '/home/projects/ros2_ws/spring-2025-final-project-team-4/src/ros2_task_planner': PYTHONPATH=/home/projects/ros2_ws/spring-2025-final-project-team-4/src/install/ros2_task_planner/lib/python3.8/site-packages:${PYTHONPATH} /usr/bin/python3 setup.py egg_info --egg-base ../build/ros2_task_planner build --build-base /home/projects/ros2_ws/spring-2025-final-project-team-4/src/build/ros2_task_planner/build install --prefix /home/projects/ros2_ws/spring-2025-final-project-team-4/src/install/ros2_task_planner --record /home/projects/ros2_ws/spring-2025-final-project-team-4/src/build/ros2_task_planner/install.log --single-version-externally-managed
[8.269s] DEBUG:colcon.colcon_core.event_handler.log_command:Invoking command in '/home/projects/ros2_ws/spring-2025-final-project-team-4/src/armangles1': PYTHONPATH=/home/projects/ros2_ws/spring-2025-final-project-team-4/src/install/armangles1/lib/python3.8/site-packages:${PYTHONPATH} /usr/bin/python3 setup.py egg_info --egg-base ../build/armangles1 build --build-base /home/projects/ros2_ws/spring-2025-final-project-team-4/src/build/armangles1/build install --prefix /home/projects/ros2_ws/spring-2025-final-project-team-4/src/install/armangles1 --record /home/projects/ros2_ws/spring-2025-final-project-team-4/src/build/armangles1/install.log --single-version-externally-managed
[8.281s] DEBUG:colcon.colcon_core.event_handler.log_command:Invoking command in '/home/projects/ros2_ws/spring-2025-final-project-team-4/src/usb_cam_driver': PYTHONPATH=/home/projects/ros2_ws/spring-2025-final-project-team-4/src/install/usb_cam_driver/lib/python3.8/site-packages:${PYTHONPATH} /usr/bin/python3 setup.py egg_info --egg-base ../build/usb_cam_driver build --build-base /home/projects/ros2_ws/spring-2025-final-project-team-4/src/build/usb_cam_driver/build install --prefix /home/projects/ros2_ws/spring-2025-final-project-team-4/src/install/usb_cam_driver --record /home/projects/ros2_ws/spring-2025-final-project-team-4/src/build/usb_cam_driver/install.log --single-version-externally-managed
[9.891s] DEBUG:colcon.colcon_core.event_handler.log_command:Invoked command in '/home/projects/ros2_ws/spring-2025-final-project-team-4/src/ros2_aruco_perception' returned '0': PYTHONPATH=/home/projects/ros2_ws/spring-2025-final-project-team-4/src/install/ros2_aruco_perception/lib/python3.8/site-packages:${PYTHONPATH} /usr/bin/python3 setup.py egg_info --egg-base ../build/ros2_aruco_perception build --build-base /home/projects/ros2_ws/spring-2025-final-project-team-4/src/build/ros2_aruco_perception/build install --prefix /home/projects/ros2_ws/spring-2025-final-project-team-4/src/install/ros2_aruco_perception --record /home/projects/ros2_ws/spring-2025-final-project-team-4/src/build/ros2_aruco_perception/install.log --single-version-externally-managed
[9.911s] Level 1:colcon.colcon_core.environment:checking '/home/projects/ros2_ws/spring-2025-final-project-team-4/src/install/ros2_aruco_perception' for CMake module files
[9.916s] Level 1:colcon.colcon_core.environment:checking '/home/projects/ros2_ws/spring-2025-final-project-team-4/src/install/ros2_aruco_perception' for CMake config files
[9.920s] Level 1:colcon.colcon_core.environment:checking '/home/projects/ros2_ws/spring-2025-final-project-team-4/src/install/ros2_aruco_perception/lib'
[9.922s] Level 1:colcon.colcon_core.environment:checking '/home/projects/ros2_ws/spring-2025-final-project-team-4/src/install/ros2_aruco_perception/bin'
[9.922s] Level 1:colcon.colcon_core.environment:checking '/home/projects/ros2_ws/spring-2025-final-project-team-4/src/install/ros2_aruco_perception/lib/pkgconfig/ros2_aruco_perception.pc'
[9.923s] Level 1:colcon.colcon_core.environment:checking '/home/projects/ros2_ws/spring-2025-final-project-team-4/src/install/ros2_aruco_perception/lib/python3.8/site-packages'
[9.923s] Level 1:colcon.colcon_core.shell:create_environment_hook('ros2_aruco_perception', 'pythonpath')
[9.926s] INFO:colcon.colcon_core.shell:Creating environment hook '/home/projects/ros2_ws/spring-2025-final-project-team-4/src/install/ros2_aruco_perception/share/ros2_aruco_perception/hook/pythonpath.ps1'
[9.928s] INFO:colcon.colcon_core.shell:Creating environment descriptor '/home/projects/ros2_ws/spring-2025-final-project-team-4/src/install/ros2_aruco_perception/share/ros2_aruco_perception/hook/pythonpath.dsv'
[9.930s] INFO:colcon.colcon_core.shell:Creating environment hook '/home/projects/ros2_ws/spring-2025-final-project-team-4/src/install/ros2_aruco_perception/share/ros2_aruco_perception/hook/pythonpath.sh'
[9.933s] Level 1:colcon.colcon_core.environment:create_environment_scripts_only(ros2_aruco_perception)
[9.937s] INFO:colcon.colcon_core.shell:Creating package script '/home/projects/ros2_ws/spring-2025-final-project-team-4/src/install/ros2_aruco_perception/share/ros2_aruco_perception/package.ps1'
[9.941s] INFO:colcon.colcon_core.shell:Creating package descriptor '/home/projects/ros2_ws/spring-2025-final-project-team-4/src/install/ros2_aruco_perception/share/ros2_aruco_perception/package.dsv'
[9.944s] INFO:colcon.colcon_core.shell:Creating package script '/home/projects/ros2_ws/spring-2025-final-project-team-4/src/install/ros2_aruco_perception/share/ros2_aruco_perception/package.sh'
[9.948s] INFO:colcon.colcon_core.shell:Creating package script '/home/projects/ros2_ws/spring-2025-final-project-team-4/src/install/ros2_aruco_perception/share/ros2_aruco_perception/package.bash'
[9.952s] INFO:colcon.colcon_core.shell:Creating package script '/home/projects/ros2_ws/spring-2025-final-project-team-4/src/install/ros2_aruco_perception/share/ros2_aruco_perception/package.zsh'
[9.956s] Level 1:colcon.colcon_core.environment:create_file_with_runtime_dependencies(/home/projects/ros2_ws/spring-2025-final-project-team-4/src/install/ros2_aruco_perception/share/colcon-core/packages/ros2_aruco_perception)
[9.966s] Level 1:colcon.colcon_core.environment:checking '/home/projects/ros2_ws/spring-2025-final-project-team-4/src/install/ros2_task_planner' for CMake module files
[9.969s] DEBUG:colcon.colcon_core.event_handler.log_command:Invoked command in '/home/projects/ros2_ws/spring-2025-final-project-team-4/src/ros2_task_planner' returned '0': PYTHONPATH=/home/projects/ros2_ws/spring-2025-final-project-team-4/src/install/ros2_task_planner/lib/python3.8/site-packages:${PYTHONPATH} /usr/bin/python3 setup.py egg_info --egg-base ../build/ros2_task_planner build --build-base /home/projects/ros2_ws/spring-2025-final-project-team-4/src/build/ros2_task_planner/build install --prefix /home/projects/ros2_ws/spring-2025-final-project-team-4/src/install/ros2_task_planner --record /home/projects/ros2_ws/spring-2025-final-project-team-4/src/build/ros2_task_planner/install.log --single-version-externally-managed
[9.971s] Level 1:colcon.colcon_core.environment:checking '/home/projects/ros2_ws/spring-2025-final-project-team-4/src/install/ros2_task_planner' for CMake config files
[9.973s] Level 1:colcon.colcon_core.environment:checking '/home/projects/ros2_ws/spring-2025-final-project-team-4/src/install/ros2_task_planner/lib'
[9.974s] Level 1:colcon.colcon_core.environment:checking '/home/projects/ros2_ws/spring-2025-final-project-team-4/src/install/ros2_task_planner/bin'
[9.974s] Level 1:colcon.colcon_core.environment:checking '/home/projects/ros2_ws/spring-2025-final-project-team-4/src/install/ros2_task_planner/lib/pkgconfig/ros2_task_planner.pc'
[9.974s] Level 1:colcon.colcon_core.environment:checking '/home/projects/ros2_ws/spring-2025-final-project-team-4/src/install/ros2_task_planner/lib/python3.8/site-packages'
[9.975s] Level 1:colcon.colcon_core.shell:create_environment_hook('ros2_task_planner', 'pythonpath')
[9.978s] INFO:colcon.colcon_core.shell:Creating environment hook '/home/projects/ros2_ws/spring-2025-final-project-team-4/src/install/ros2_task_planner/share/ros2_task_planner/hook/pythonpath.ps1'
[9.979s] INFO:colcon.colcon_core.shell:Creating environment descriptor '/home/projects/ros2_ws/spring-2025-final-project-team-4/src/install/ros2_task_planner/share/ros2_task_planner/hook/pythonpath.dsv'
[9.981s] INFO:colcon.colcon_core.shell:Creating environment hook '/home/projects/ros2_ws/spring-2025-final-project-team-4/src/install/ros2_task_planner/share/ros2_task_planner/hook/pythonpath.sh'
[9.983s] Level 1:colcon.colcon_core.environment:create_environment_scripts_only(ros2_task_planner)
[9.986s] INFO:colcon.colcon_core.shell:Creating package script '/home/projects/ros2_ws/spring-2025-final-project-team-4/src/install/ros2_task_planner/share/ros2_task_planner/package.ps1'
[9.989s] INFO:colcon.colcon_core.shell:Creating package descriptor '/home/projects/ros2_ws/spring-2025-final-project-team-4/src/install/ros2_task_planner/share/ros2_task_planner/package.dsv'
[9.991s] INFO:colcon.colcon_core.shell:Creating package script '/home/projects/ros2_ws/spring-2025-final-project-team-4/src/install/ros2_task_planner/share/ros2_task_planner/package.sh'
[9.993s] INFO:colcon.colcon_core.shell:Creating package script '/home/projects/ros2_ws/spring-2025-final-project-team-4/src/install/ros2_task_planner/share/ros2_task_planner/package.bash'
[9.995s] INFO:colcon.colcon_core.shell:Creating package script '/home/projects/ros2_ws/spring-2025-final-project-team-4/src/install/ros2_task_planner/share/ros2_task_planner/package.zsh'
[9.996s] Level 1:colcon.colcon_core.environment:create_file_with_runtime_dependencies(/home/projects/ros2_ws/spring-2025-final-project-team-4/src/install/ros2_task_planner/share/colcon-core/packages/ros2_task_planner)
[10.002s] Level 1:colcon.colcon_core.environment:checking '/home/projects/ros2_ws/spring-2025-final-project-team-4/src/install/armangles1' for CMake module files
[10.006s] DEBUG:colcon.colcon_core.event_handler.log_command:Invoked command in '/home/projects/ros2_ws/spring-2025-final-project-team-4/src/armangles1' returned '0': PYTHONPATH=/home/projects/ros2_ws/spring-2025-final-project-team-4/src/install/armangles1/lib/python3.8/site-packages:${PYTHONPATH} /usr/bin/python3 setup.py egg_info --egg-base ../build/armangles1 build --build-base /home/projects/ros2_ws/spring-2025-final-project-team-4/src/build/armangles1/build install --prefix /home/projects/ros2_ws/spring-2025-final-project-team-4/src/install/armangles1 --record /home/projects/ros2_ws/spring-2025-final-project-team-4/src/build/armangles1/install.log --single-version-externally-managed
[10.007s] Level 1:colcon.colcon_core.environment:checking '/home/projects/ros2_ws/spring-2025-final-project-team-4/src/install/armangles1' for CMake config files
[10.011s] Level 1:colcon.colcon_core.environment:checking '/home/projects/ros2_ws/spring-2025-final-project-team-4/src/install/armangles1/lib'
[10.011s] Level 1:colcon.colcon_core.environment:checking '/home/projects/ros2_ws/spring-2025-final-project-team-4/src/install/armangles1/bin'
[10.012s] Level 1:colcon.colcon_core.environment:checking '/home/projects/ros2_ws/spring-2025-final-project-team-4/src/install/armangles1/lib/pkgconfig/armangles1.pc'
[10.012s] Level 1:colcon.colcon_core.environment:checking '/home/projects/ros2_ws/spring-2025-final-project-team-4/src/install/armangles1/lib/python3.8/site-packages'
[10.012s] Level 1:colcon.colcon_core.shell:create_environment_hook('armangles1', 'pythonpath')
[10.015s] INFO:colcon.colcon_core.shell:Creating environment hook '/home/projects/ros2_ws/spring-2025-final-project-team-4/src/install/armangles1/share/armangles1/hook/pythonpath.ps1'
[10.016s] INFO:colcon.colcon_core.shell:Creating environment descriptor '/home/projects/ros2_ws/spring-2025-final-project-team-4/src/install/armangles1/share/armangles1/hook/pythonpath.dsv'
[10.018s] INFO:colcon.colcon_core.shell:Creating environment hook '/home/projects/ros2_ws/spring-2025-final-project-team-4/src/install/armangles1/share/armangles1/hook/pythonpath.sh'
[10.019s] Level 1:colcon.colcon_core.environment:create_environment_scripts_only(armangles1)
[10.022s] INFO:colcon.colcon_core.shell:Creating package script '/home/projects/ros2_ws/spring-2025-final-project-team-4/src/install/armangles1/share/armangles1/package.ps1'
[10.024s] INFO:colcon.colcon_core.shell:Creating package descriptor '/home/projects/ros2_ws/spring-2025-final-project-team-4/src/install/armangles1/share/armangles1/package.dsv'
[10.025s] INFO:colcon.colcon_core.shell:Creating package script '/home/projects/ros2_ws/spring-2025-final-project-team-4/src/install/armangles1/share/armangles1/package.sh'
[10.027s] INFO:colcon.colcon_core.shell:Creating package script '/home/projects/ros2_ws/spring-2025-final-project-team-4/src/install/armangles1/share/armangles1/package.bash'
[10.028s] INFO:colcon.colcon_core.shell:Creating package script '/home/projects/ros2_ws/spring-2025-final-project-team-4/src/install/armangles1/share/armangles1/package.zsh'
[10.029s] Level 1:colcon.colcon_core.environment:create_file_with_runtime_dependencies(/home/projects/ros2_ws/spring-2025-final-project-team-4/src/install/armangles1/share/colcon-core/packages/armangles1)
[10.037s] Level 1:colcon.colcon_core.environment:checking '/home/projects/ros2_ws/spring-2025-final-project-team-4/src/install/usb_cam_driver' for CMake module files
[10.039s] DEBUG:colcon.colcon_core.event_handler.log_command:Invoked command in '/home/projects/ros2_ws/spring-2025-final-project-team-4/src/usb_cam_driver' returned '0': PYTHONPATH=/home/projects/ros2_ws/spring-2025-final-project-team-4/src/install/usb_cam_driver/lib/python3.8/site-packages:${PYTHONPATH} /usr/bin/python3 setup.py egg_info --egg-base ../build/usb_cam_driver build --build-base /home/projects/ros2_ws/spring-2025-final-project-team-4/src/build/usb_cam_driver/build install --prefix /home/projects/ros2_ws/spring-2025-final-project-team-4/src/install/usb_cam_driver --record /home/projects/ros2_ws/spring-2025-final-project-team-4/src/build/usb_cam_driver/install.log --single-version-externally-managed
[10.040s] Level 1:colcon.colcon_core.environment:checking '/home/projects/ros2_ws/spring-2025-final-project-team-4/src/install/usb_cam_driver' for CMake config files
[10.043s] Level 1:colcon.colcon_core.environment:checking '/home/projects/ros2_ws/spring-2025-final-project-team-4/src/install/usb_cam_driver/lib'
[10.043s] Level 1:colcon.colcon_core.environment:checking '/home/projects/ros2_ws/spring-2025-final-project-team-4/src/install/usb_cam_driver/bin'
[10.043s] Level 1:colcon.colcon_core.environment:checking '/home/projects/ros2_ws/spring-2025-final-project-team-4/src/install/usb_cam_driver/lib/pkgconfig/usb_cam_driver.pc'
[10.044s] Level 1:colcon.colcon_core.environment:checking '/home/projects/ros2_ws/spring-2025-final-project-team-4/src/install/usb_cam_driver/lib/python3.8/site-packages'
[10.044s] Level 1:colcon.colcon_core.shell:create_environment_hook('usb_cam_driver', 'pythonpath')
[10.046s] INFO:colcon.colcon_core.shell:Creating environment hook '/home/projects/ros2_ws/spring-2025-final-project-team-4/src/install/usb_cam_driver/share/usb_cam_driver/hook/pythonpath.ps1'
[10.048s] INFO:colcon.colcon_core.shell:Creating environment descriptor '/home/projects/ros2_ws/spring-2025-final-project-team-4/src/install/usb_cam_driver/share/usb_cam_driver/hook/pythonpath.dsv'
[10.049s] INFO:colcon.colcon_core.shell:Creating environment hook '/home/projects/ros2_ws/spring-2025-final-project-team-4/src/install/usb_cam_driver/share/usb_cam_driver/hook/pythonpath.sh'
[10.050s] Level 1:colcon.colcon_core.environment:create_environment_scripts_only(usb_cam_driver)
[10.053s] INFO:colcon.colcon_core.shell:Creating package script '/home/projects/ros2_ws/spring-2025-final-project-team-4/src/install/usb_cam_driver/share/usb_cam_driver/package.ps1'
[10.055s] INFO:colcon.colcon_core.shell:Creating package descriptor '/home/projects/ros2_ws/spring-2025-final-project-team-4/src/install/usb_cam_driver/share/usb_cam_driver/package.dsv'
[10.056s] INFO:colcon.colcon_core.shell:Creating package script '/home/projects/ros2_ws/spring-2025-final-project-team-4/src/install/usb_cam_driver/share/usb_cam_driver/package.sh'
[10.058s] INFO:colcon.colcon_core.shell:Creating package script '/home/projects/ros2_ws/spring-2025-final-project-team-4/src/install/usb_cam_driver/share/usb_cam_driver/package.bash'
[10.059s] INFO:colcon.colcon_core.shell:Creating package script '/home/projects/ros2_ws/spring-2025-final-project-team-4/src/install/usb_cam_driver/share/usb_cam_driver/package.zsh'
[10.060s] Level 1:colcon.colcon_core.environment:create_file_with_runtime_dependencies(/home/projects/ros2_ws/spring-2025-final-project-team-4/src/install/usb_cam_driver/share/colcon-core/packages/usb_cam_driver)
[10.061s] DEBUG:colcon.colcon_parallel_executor.executor.parallel:closing loop
[10.062s] DEBUG:colcon.colcon_parallel_executor.executor.parallel:loop closed
[10.063s] DEBUG:colcon.colcon_parallel_executor.executor.parallel:run_until_complete finished with '0'
[10.063s] DEBUG:colcon.colcon_core.event_reactor:joining thread
[10.087s] INFO:colcon.colcon_core.plugin_system:Skipping extension 'colcon_notification.desktop_notification.notify_send': Could not find 'notify-send'
[10.088s] INFO:colcon.colcon_core.plugin_system:Skipping extension 'colcon_notification.desktop_notification.terminal_notifier': Not used on non-Darwin systems
[10.088s] INFO:colcon.colcon_core.plugin_system:Skipping extension 'colcon_notification.desktop_notification.win32': Not used on non-Windows systems
[10.088s] INFO:colcon.colcon_notification.desktop_notification:Sending desktop notification using 'notify2'
[10.088s] DEBUG:colcon.colcon_notification.desktop_notification.notify2:Failed to initialize notify2: org.freedesktop.DBus.Error.NotSupported: Unable to autolaunch a dbus-daemon without a $DISPLAY for X11
[10.089s] DEBUG:colcon.colcon_core.event_reactor:joined thread
[10.091s] INFO:colcon.colcon_core.shell:Creating prefix script '/home/projects/ros2_ws/spring-2025-final-project-team-4/src/install/local_setup.ps1'
[10.095s] INFO:colcon.colcon_core.shell:Creating prefix util module '/home/projects/ros2_ws/spring-2025-final-project-team-4/src/install/_local_setup_util_ps1.py'
[10.100s] INFO:colcon.colcon_core.shell:Creating prefix chain script '/home/projects/ros2_ws/spring-2025-final-project-team-4/src/install/setup.ps1'
[10.110s] INFO:colcon.colcon_core.shell:Creating prefix script '/home/projects/ros2_ws/spring-2025-final-project-team-4/src/install/local_setup.sh'
[10.112s] INFO:colcon.colcon_core.shell:Creating prefix util module '/home/projects/ros2_ws/spring-2025-final-project-team-4/src/install/_local_setup_util_sh.py'
[10.114s] INFO:colcon.colcon_core.shell:Creating prefix chain script '/home/projects/ros2_ws/spring-2025-final-project-team-4/src/install/setup.sh'
[10.123s] INFO:colcon.colcon_core.shell:Creating prefix script '/home/projects/ros2_ws/spring-2025-final-project-team-4/src/install/local_setup.bash'
[10.125s] INFO:colcon.colcon_core.shell:Creating prefix chain script '/home/projects/ros2_ws/spring-2025-final-project-team-4/src/install/setup.bash'
[10.134s] INFO:colcon.colcon_core.shell:Creating prefix script '/home/projects/ros2_ws/spring-2025-final-project-team-4/src/install/local_setup.zsh'
[10.136s] INFO:colcon.colcon_core.shell:Creating prefix chain script '/home/projects/ros2_ws/spring-2025-final-project-team-4/src/install/setup.zsh'
