[7.447s] Invoking command in '/home/projects/ros2_ws/spring-2025-final-project-team-4/src/oakd_camera': PYTHONPATH=/home/projects/ros2_ws/spring-2025-final-project-team-4/src/install/oakd_camera/lib/python3.8/site-packages:${PYTHONPATH} /usr/bin/python3 setup.py egg_info --egg-base ../build/oakd_camera build --build-base /home/projects/ros2_ws/spring-2025-final-project-team-4/src/build/oakd_camera/build install --prefix /home/projects/ros2_ws/spring-2025-final-project-team-4/src/install/oakd_camera --record /home/projects/ros2_ws/spring-2025-final-project-team-4/src/build/oakd_camera/install.log --single-version-externally-managed
[8.771s] running egg_info
[8.774s] writing ../build/oakd_camera/oakd_camera.egg-info/PKG-INFO
[8.776s] writing dependency_links to ../build/oakd_camera/oakd_camera.egg-info/dependency_links.txt
[8.777s] writing entry points to ../build/oakd_camera/oakd_camera.egg-info/entry_points.txt
[8.779s] writing requirements to ../build/oakd_camera/oakd_camera.egg-info/requires.txt
[8.780s] writing top-level names to ../build/oakd_camera/oakd_camera.egg-info/top_level.txt
[8.966s] reading manifest file '../build/oakd_camera/oakd_camera.egg-info/SOURCES.txt'
[8.972s] writing manifest file '../build/oakd_camera/oakd_camera.egg-info/SOURCES.txt'
[8.974s] running build
[8.975s] running build_py
[8.978s] running install
[8.984s] running install_lib
[8.994s] running install_data
[8.999s] running install_egg_info
[9.010s] removing '/home/projects/ros2_ws/spring-2025-final-project-team-4/src/install/oakd_camera/lib/python3.8/site-packages/oakd_camera-0.0.0-py3.8.egg-info' (and everything under it)
[9.012s] Copying ../build/oakd_camera/oakd_camera.egg-info to /home/projects/ros2_ws/spring-2025-final-project-team-4/src/install/oakd_camera/lib/python3.8/site-packages/oakd_camera-0.0.0-py3.8.egg-info
[9.018s] running install_scripts
[9.116s] Installing listen_executable script to /home/projects/ros2_ws/spring-2025-final-project-team-4/src/install/oakd_camera/lib/oakd_camera
[9.116s] Installing oakd_executable script to /home/projects/ros2_ws/spring-2025-final-project-team-4/src/install/oakd_camera/lib/oakd_camera
[9.117s] writing list of installed files to '/home/projects/ros2_ws/spring-2025-final-project-team-4/src/build/oakd_camera/install.log'
[9.310s] Invoked command in '/home/projects/ros2_ws/spring-2025-final-project-team-4/src/oakd_camera' returned '0': PYTHONPATH=/home/projects/ros2_ws/spring-2025-final-project-team-4/src/install/oakd_camera/lib/python3.8/site-packages:${PYTHONPATH} /usr/bin/python3 setup.py egg_info --egg-base ../build/oakd_camera build --build-base /home/projects/ros2_ws/spring-2025-final-project-team-4/src/build/oakd_camera/build install --prefix /home/projects/ros2_ws/spring-2025-final-project-team-4/src/install/oakd_camera --record /home/projects/ros2_ws/spring-2025-final-project-team-4/src/build/oakd_camera/install.log --single-version-externally-managed
