[0.748s] DEBUG:colcon:Command line arguments: ['/usr/bin/colcon', 'build', '--packages-select', 'ros2_aruco_perception']
[0.749s] DEBUG:colcon:Parsed command line arguments: Namespace(allow_overriding=[], ament_cmake_args=None, base_paths=['.'], build_base='build', catkin_cmake_args=None, catkin_skip_building_tests=False, cmake_args=None, cmake_clean_cache=False, cmake_clean_first=False, cmake_force_configure=False, cmake_target=None, cmake_target_skip_unavailable=False, continue_on_error=False, event_handlers=None, executor='parallel', ignore_user_meta=False, install_base='install', log_base=None, log_level=None, main=<bound method BuildVerb.main of <colcon_core.verb.build.BuildVerb object at 0x7f8da2cd90>>, merge_install=False, metas=['./colcon.meta'], mixin=None, mixin_files=None, mixin_verb=('build',), packages_above=None, packages_above_and_dependencies=None, packages_above_depth=None, packages_end=None, packages_ignore=None, packages_ignore_regex=None, packages_select=['ros2_aruco_perception'], packages_select_build_failed=False, packages_select_by_dep=None, packages_select_regex=None, packages_select_test_failures=False, packages_skip=None, packages_skip_build_finished=False, packages_skip_by_dep=None, packages_skip_regex=None, packages_skip_test_passed=False, packages_skip_up_to=None, packages_start=None, packages_up_to=None, packages_up_to_regex=None, parallel_workers=4, paths=None, symlink_install=False, test_result_base=None, verb_extension=<colcon_core.verb.build.BuildVerb object at 0x7f8da2cd90>, verb_name='build', verb_parser=<colcon_mixin.mixin.mixin_argument.MixinArgumentDecorator object at 0x7f8da373a0>)
[0.770s] Level 1:colcon.colcon_core.package_discovery:discover_packages(colcon_meta) check parameters
[0.773s] INFO:colcon.colcon_metadata.package_discovery.colcon_meta:Using configuration from '/root/.colcon/metadata/default/Gazebo.meta'
[0.775s] INFO:colcon.colcon_metadata.package_discovery.colcon_meta:Using configuration from '/root/.colcon/metadata/default/fastrtps.meta'
[0.775s] Level 1:colcon.colcon_core.package_discovery:discover_packages(recursive) check parameters
[0.775s] Level 1:colcon.colcon_core.package_discovery:discover_packages(ignore) check parameters
[0.775s] Level 1:colcon.colcon_core.package_discovery:discover_packages(path) check parameters
[0.776s] Level 1:colcon.colcon_core.package_discovery:discover_packages(colcon_meta) discover
[0.776s] Level 1:colcon.colcon_core.package_discovery:discover_packages(recursive) discover
[0.776s] INFO:colcon.colcon_core.package_discovery:Crawling recursively for packages in '/home/projects/ros2_ws/spring-2025-final-project-team-4'
[0.776s] Level 1:colcon.colcon_core.package_identification:_identify(.) by extensions ['ignore', 'ignore_ament_install']
[0.777s] Level 1:colcon.colcon_core.package_identification:_identify(.) by extension 'ignore'
[0.777s] Level 1:colcon.colcon_core.package_identification:_identify(.) by extension 'ignore_ament_install'
[0.777s] Level 1:colcon.colcon_core.package_identification:_identify(.) by extensions ['colcon_pkg']
[0.777s] Level 1:colcon.colcon_core.package_identification:_identify(.) by extension 'colcon_pkg'
[0.778s] Level 1:colcon.colcon_core.package_identification:_identify(.) by extensions ['colcon_meta']
[0.778s] Level 1:colcon.colcon_core.package_identification:_identify(.) by extension 'colcon_meta'
[0.778s] Level 1:colcon.colcon_core.package_identification:_identify(.) by extensions ['ros']
[0.778s] Level 1:colcon.colcon_core.package_identification:_identify(.) by extension 'ros'
[0.826s] Level 1:colcon.colcon_core.package_identification:_identify(.) by extensions ['cmake', 'python']
[0.826s] Level 1:colcon.colcon_core.package_identification:_identify(.) by extension 'cmake'
[0.827s] Level 1:colcon.colcon_core.package_identification:_identify(.) by extension 'python'
[0.827s] Level 1:colcon.colcon_core.package_identification:_identify(.) by extensions ['python_setup_py']
[0.827s] Level 1:colcon.colcon_core.package_identification:_identify(.) by extension 'python_setup_py'
[0.827s] Level 1:colcon.colcon_core.package_identification:_identify(build) by extensions ['ignore', 'ignore_ament_install']
[0.828s] Level 1:colcon.colcon_core.package_identification:_identify(build) by extension 'ignore'
[0.828s] Level 1:colcon.colcon_core.package_identification:_identify(build) ignored
[0.829s] Level 1:colcon.colcon_core.package_identification:_identify(install) by extensions ['ignore', 'ignore_ament_install']
[0.829s] Level 1:colcon.colcon_core.package_identification:_identify(install) by extension 'ignore'
[0.829s] Level 1:colcon.colcon_core.package_identification:_identify(install) ignored
[0.830s] Level 1:colcon.colcon_core.package_identification:_identify(log) by extensions ['ignore', 'ignore_ament_install']
[0.830s] Level 1:colcon.colcon_core.package_identification:_identify(log) by extension 'ignore'
[0.830s] Level 1:colcon.colcon_core.package_identification:_identify(log) ignored
[0.830s] Level 1:colcon.colcon_core.package_identification:_identify(robotic_arm_arduino_driver) by extensions ['ignore', 'ignore_ament_install']
[0.831s] Level 1:colcon.colcon_core.package_identification:_identify(robotic_arm_arduino_driver) by extension 'ignore'
[0.831s] Level 1:colcon.colcon_core.package_identification:_identify(robotic_arm_arduino_driver) by extension 'ignore_ament_install'
[0.831s] Level 1:colcon.colcon_core.package_identification:_identify(robotic_arm_arduino_driver) by extensions ['colcon_pkg']
[0.831s] Level 1:colcon.colcon_core.package_identification:_identify(robotic_arm_arduino_driver) by extension 'colcon_pkg'
[0.831s] Level 1:colcon.colcon_core.package_identification:_identify(robotic_arm_arduino_driver) by extensions ['colcon_meta']
[0.832s] Level 1:colcon.colcon_core.package_identification:_identify(robotic_arm_arduino_driver) by extension 'colcon_meta'
[0.832s] Level 1:colcon.colcon_core.package_identification:_identify(robotic_arm_arduino_driver) by extensions ['ros']
[0.832s] Level 1:colcon.colcon_core.package_identification:_identify(robotic_arm_arduino_driver) by extension 'ros'
[0.832s] Level 1:colcon.colcon_core.package_identification:_identify(robotic_arm_arduino_driver) by extensions ['cmake', 'python']
[0.832s] Level 1:colcon.colcon_core.package_identification:_identify(robotic_arm_arduino_driver) by extension 'cmake'
[0.833s] Level 1:colcon.colcon_core.package_identification:_identify(robotic_arm_arduino_driver) by extension 'python'
[0.833s] Level 1:colcon.colcon_core.package_identification:_identify(robotic_arm_arduino_driver) by extensions ['python_setup_py']
[0.833s] Level 1:colcon.colcon_core.package_identification:_identify(robotic_arm_arduino_driver) by extension 'python_setup_py'
[0.833s] Level 1:colcon.colcon_core.package_identification:_identify(robotic_arm_arduino_driver/include) by extensions ['ignore', 'ignore_ament_install']
[0.834s] Level 1:colcon.colcon_core.package_identification:_identify(robotic_arm_arduino_driver/include) by extension 'ignore'
[0.834s] Level 1:colcon.colcon_core.package_identification:_identify(robotic_arm_arduino_driver/include) by extension 'ignore_ament_install'
[0.834s] Level 1:colcon.colcon_core.package_identification:_identify(robotic_arm_arduino_driver/include) by extensions ['colcon_pkg']
[0.834s] Level 1:colcon.colcon_core.package_identification:_identify(robotic_arm_arduino_driver/include) by extension 'colcon_pkg'
[0.834s] Level 1:colcon.colcon_core.package_identification:_identify(robotic_arm_arduino_driver/include) by extensions ['colcon_meta']
[0.835s] Level 1:colcon.colcon_core.package_identification:_identify(robotic_arm_arduino_driver/include) by extension 'colcon_meta'
[0.835s] Level 1:colcon.colcon_core.package_identification:_identify(robotic_arm_arduino_driver/include) by extensions ['ros']
[0.835s] Level 1:colcon.colcon_core.package_identification:_identify(robotic_arm_arduino_driver/include) by extension 'ros'
[0.835s] Level 1:colcon.colcon_core.package_identification:_identify(robotic_arm_arduino_driver/include) by extensions ['cmake', 'python']
[0.835s] Level 1:colcon.colcon_core.package_identification:_identify(robotic_arm_arduino_driver/include) by extension 'cmake'
[0.836s] Level 1:colcon.colcon_core.package_identification:_identify(robotic_arm_arduino_driver/include) by extension 'python'
[0.836s] Level 1:colcon.colcon_core.package_identification:_identify(robotic_arm_arduino_driver/include) by extensions ['python_setup_py']
[0.836s] Level 1:colcon.colcon_core.package_identification:_identify(robotic_arm_arduino_driver/include) by extension 'python_setup_py'
[0.836s] Level 1:colcon.colcon_core.package_identification:_identify(robotic_arm_arduino_driver/lib) by extensions ['ignore', 'ignore_ament_install']
[0.837s] Level 1:colcon.colcon_core.package_identification:_identify(robotic_arm_arduino_driver/lib) by extension 'ignore'
[0.837s] Level 1:colcon.colcon_core.package_identification:_identify(robotic_arm_arduino_driver/lib) by extension 'ignore_ament_install'
[0.837s] Level 1:colcon.colcon_core.package_identification:_identify(robotic_arm_arduino_driver/lib) by extensions ['colcon_pkg']
[0.837s] Level 1:colcon.colcon_core.package_identification:_identify(robotic_arm_arduino_driver/lib) by extension 'colcon_pkg'
[0.837s] Level 1:colcon.colcon_core.package_identification:_identify(robotic_arm_arduino_driver/lib) by extensions ['colcon_meta']
[0.837s] Level 1:colcon.colcon_core.package_identification:_identify(robotic_arm_arduino_driver/lib) by extension 'colcon_meta'
[0.838s] Level 1:colcon.colcon_core.package_identification:_identify(robotic_arm_arduino_driver/lib) by extensions ['ros']
[0.838s] Level 1:colcon.colcon_core.package_identification:_identify(robotic_arm_arduino_driver/lib) by extension 'ros'
[0.838s] Level 1:colcon.colcon_core.package_identification:_identify(robotic_arm_arduino_driver/lib) by extensions ['cmake', 'python']
[0.838s] Level 1:colcon.colcon_core.package_identification:_identify(robotic_arm_arduino_driver/lib) by extension 'cmake'
[0.839s] Level 1:colcon.colcon_core.package_identification:_identify(robotic_arm_arduino_driver/lib) by extension 'python'
[0.839s] Level 1:colcon.colcon_core.package_identification:_identify(robotic_arm_arduino_driver/lib) by extensions ['python_setup_py']
[0.839s] Level 1:colcon.colcon_core.package_identification:_identify(robotic_arm_arduino_driver/lib) by extension 'python_setup_py'
[0.839s] Level 1:colcon.colcon_core.package_identification:_identify(robotic_arm_arduino_driver/src) by extensions ['ignore', 'ignore_ament_install']
[0.840s] Level 1:colcon.colcon_core.package_identification:_identify(robotic_arm_arduino_driver/src) by extension 'ignore'
[0.840s] Level 1:colcon.colcon_core.package_identification:_identify(robotic_arm_arduino_driver/src) by extension 'ignore_ament_install'
[0.840s] Level 1:colcon.colcon_core.package_identification:_identify(robotic_arm_arduino_driver/src) by extensions ['colcon_pkg']
[0.840s] Level 1:colcon.colcon_core.package_identification:_identify(robotic_arm_arduino_driver/src) by extension 'colcon_pkg'
[0.840s] Level 1:colcon.colcon_core.package_identification:_identify(robotic_arm_arduino_driver/src) by extensions ['colcon_meta']
[0.840s] Level 1:colcon.colcon_core.package_identification:_identify(robotic_arm_arduino_driver/src) by extension 'colcon_meta'
[0.841s] Level 1:colcon.colcon_core.package_identification:_identify(robotic_arm_arduino_driver/src) by extensions ['ros']
[0.841s] Level 1:colcon.colcon_core.package_identification:_identify(robotic_arm_arduino_driver/src) by extension 'ros'
[0.841s] Level 1:colcon.colcon_core.package_identification:_identify(robotic_arm_arduino_driver/src) by extensions ['cmake', 'python']
[0.841s] Level 1:colcon.colcon_core.package_identification:_identify(robotic_arm_arduino_driver/src) by extension 'cmake'
[0.841s] Level 1:colcon.colcon_core.package_identification:_identify(robotic_arm_arduino_driver/src) by extension 'python'
[0.842s] Level 1:colcon.colcon_core.package_identification:_identify(robotic_arm_arduino_driver/src) by extensions ['python_setup_py']
[0.842s] Level 1:colcon.colcon_core.package_identification:_identify(robotic_arm_arduino_driver/src) by extension 'python_setup_py'
[0.842s] Level 1:colcon.colcon_core.package_identification:_identify(robotic_arm_arduino_driver/test) by extensions ['ignore', 'ignore_ament_install']
[0.842s] Level 1:colcon.colcon_core.package_identification:_identify(robotic_arm_arduino_driver/test) by extension 'ignore'
[0.843s] Level 1:colcon.colcon_core.package_identification:_identify(robotic_arm_arduino_driver/test) by extension 'ignore_ament_install'
[0.843s] Level 1:colcon.colcon_core.package_identification:_identify(robotic_arm_arduino_driver/test) by extensions ['colcon_pkg']
[0.843s] Level 1:colcon.colcon_core.package_identification:_identify(robotic_arm_arduino_driver/test) by extension 'colcon_pkg'
[0.843s] Level 1:colcon.colcon_core.package_identification:_identify(robotic_arm_arduino_driver/test) by extensions ['colcon_meta']
[0.843s] Level 1:colcon.colcon_core.package_identification:_identify(robotic_arm_arduino_driver/test) by extension 'colcon_meta'
[0.844s] Level 1:colcon.colcon_core.package_identification:_identify(robotic_arm_arduino_driver/test) by extensions ['ros']
[0.844s] Level 1:colcon.colcon_core.package_identification:_identify(robotic_arm_arduino_driver/test) by extension 'ros'
[0.844s] Level 1:colcon.colcon_core.package_identification:_identify(robotic_arm_arduino_driver/test) by extensions ['cmake', 'python']
[0.844s] Level 1:colcon.colcon_core.package_identification:_identify(robotic_arm_arduino_driver/test) by extension 'cmake'
[0.844s] Level 1:colcon.colcon_core.package_identification:_identify(robotic_arm_arduino_driver/test) by extension 'python'
[0.845s] Level 1:colcon.colcon_core.package_identification:_identify(robotic_arm_arduino_driver/test) by extensions ['python_setup_py']
[0.845s] Level 1:colcon.colcon_core.package_identification:_identify(robotic_arm_arduino_driver/test) by extension 'python_setup_py'
[0.845s] Level 1:colcon.colcon_core.package_identification:_identify(src) by extensions ['ignore', 'ignore_ament_install']
[0.846s] Level 1:colcon.colcon_core.package_identification:_identify(src) by extension 'ignore'
[0.846s] Level 1:colcon.colcon_core.package_identification:_identify(src) by extension 'ignore_ament_install'
[0.846s] Level 1:colcon.colcon_core.package_identification:_identify(src) by extensions ['colcon_pkg']
[0.846s] Level 1:colcon.colcon_core.package_identification:_identify(src) by extension 'colcon_pkg'
[0.846s] Level 1:colcon.colcon_core.package_identification:_identify(src) by extensions ['colcon_meta']
[0.846s] Level 1:colcon.colcon_core.package_identification:_identify(src) by extension 'colcon_meta'
[0.847s] Level 1:colcon.colcon_core.package_identification:_identify(src) by extensions ['ros']
[0.847s] Level 1:colcon.colcon_core.package_identification:_identify(src) by extension 'ros'
[0.847s] Level 1:colcon.colcon_core.package_identification:_identify(src) by extensions ['cmake', 'python']
[0.847s] Level 1:colcon.colcon_core.package_identification:_identify(src) by extension 'cmake'
[0.847s] Level 1:colcon.colcon_core.package_identification:_identify(src) by extension 'python'
[0.848s] Level 1:colcon.colcon_core.package_identification:_identify(src) by extensions ['python_setup_py']
[0.848s] Level 1:colcon.colcon_core.package_identification:_identify(src) by extension 'python_setup_py'
[0.848s] Level 1:colcon.colcon_core.package_identification:_identify(src/armangles) by extensions ['ignore', 'ignore_ament_install']
[0.848s] Level 1:colcon.colcon_core.package_identification:_identify(src/armangles) by extension 'ignore'
[0.849s] Level 1:colcon.colcon_core.package_identification:_identify(src/armangles) by extension 'ignore_ament_install'
[0.849s] Level 1:colcon.colcon_core.package_identification:_identify(src/armangles) by extensions ['colcon_pkg']
[0.849s] Level 1:colcon.colcon_core.package_identification:_identify(src/armangles) by extension 'colcon_pkg'
[0.849s] Level 1:colcon.colcon_core.package_identification:_identify(src/armangles) by extensions ['colcon_meta']
[0.849s] Level 1:colcon.colcon_core.package_identification:_identify(src/armangles) by extension 'colcon_meta'
[0.850s] Level 1:colcon.colcon_core.package_identification:_identify(src/armangles) by extensions ['ros']
[0.850s] Level 1:colcon.colcon_core.package_identification:_identify(src/armangles) by extension 'ros'
[0.858s] DEBUG:colcon.colcon_core.package_identification:Package 'src/armangles' with type 'ros.ament_python' and name 'armangles'
[0.859s] Level 1:colcon.colcon_core.package_identification:_identify(src/build) by extensions ['ignore', 'ignore_ament_install']
[0.860s] Level 1:colcon.colcon_core.package_identification:_identify(src/build) by extension 'ignore'
[0.860s] Level 1:colcon.colcon_core.package_identification:_identify(src/build) ignored
[0.860s] Level 1:colcon.colcon_core.package_identification:_identify(src/install) by extensions ['ignore', 'ignore_ament_install']
[0.861s] Level 1:colcon.colcon_core.package_identification:_identify(src/install) by extension 'ignore'
[0.861s] Level 1:colcon.colcon_core.package_identification:_identify(src/install) ignored
[0.861s] Level 1:colcon.colcon_core.package_identification:_identify(src/launch) by extensions ['ignore', 'ignore_ament_install']
[0.862s] Level 1:colcon.colcon_core.package_identification:_identify(src/launch) by extension 'ignore'
[0.862s] Level 1:colcon.colcon_core.package_identification:_identify(src/launch) by extension 'ignore_ament_install'
[0.862s] Level 1:colcon.colcon_core.package_identification:_identify(src/launch) by extensions ['colcon_pkg']
[0.862s] Level 1:colcon.colcon_core.package_identification:_identify(src/launch) by extension 'colcon_pkg'
[0.862s] Level 1:colcon.colcon_core.package_identification:_identify(src/launch) by extensions ['colcon_meta']
[0.862s] Level 1:colcon.colcon_core.package_identification:_identify(src/launch) by extension 'colcon_meta'
[0.863s] Level 1:colcon.colcon_core.package_identification:_identify(src/launch) by extensions ['ros']
[0.863s] Level 1:colcon.colcon_core.package_identification:_identify(src/launch) by extension 'ros'
[0.863s] Level 1:colcon.colcon_core.package_identification:_identify(src/launch) by extensions ['cmake', 'python']
[0.863s] Level 1:colcon.colcon_core.package_identification:_identify(src/launch) by extension 'cmake'
[0.863s] Level 1:colcon.colcon_core.package_identification:_identify(src/launch) by extension 'python'
[0.864s] Level 1:colcon.colcon_core.package_identification:_identify(src/launch) by extensions ['python_setup_py']
[0.864s] Level 1:colcon.colcon_core.package_identification:_identify(src/launch) by extension 'python_setup_py'
[0.864s] Level 1:colcon.colcon_core.package_identification:_identify(src/launch/__pycache__) by extensions ['ignore', 'ignore_ament_install']
[0.864s] Level 1:colcon.colcon_core.package_identification:_identify(src/launch/__pycache__) by extension 'ignore'
[0.865s] Level 1:colcon.colcon_core.package_identification:_identify(src/launch/__pycache__) by extension 'ignore_ament_install'
[0.865s] Level 1:colcon.colcon_core.package_identification:_identify(src/launch/__pycache__) by extensions ['colcon_pkg']
[0.865s] Level 1:colcon.colcon_core.package_identification:_identify(src/launch/__pycache__) by extension 'colcon_pkg'
[0.865s] Level 1:colcon.colcon_core.package_identification:_identify(src/launch/__pycache__) by extensions ['colcon_meta']
[0.865s] Level 1:colcon.colcon_core.package_identification:_identify(src/launch/__pycache__) by extension 'colcon_meta'
[0.866s] Level 1:colcon.colcon_core.package_identification:_identify(src/launch/__pycache__) by extensions ['ros']
[0.866s] Level 1:colcon.colcon_core.package_identification:_identify(src/launch/__pycache__) by extension 'ros'
[0.866s] Level 1:colcon.colcon_core.package_identification:_identify(src/launch/__pycache__) by extensions ['cmake', 'python']
[0.866s] Level 1:colcon.colcon_core.package_identification:_identify(src/launch/__pycache__) by extension 'cmake'
[0.866s] Level 1:colcon.colcon_core.package_identification:_identify(src/launch/__pycache__) by extension 'python'
[0.867s] Level 1:colcon.colcon_core.package_identification:_identify(src/launch/__pycache__) by extensions ['python_setup_py']
[0.867s] Level 1:colcon.colcon_core.package_identification:_identify(src/launch/__pycache__) by extension 'python_setup_py'
[0.867s] Level 1:colcon.colcon_core.package_identification:_identify(src/launch/build) by extensions ['ignore', 'ignore_ament_install']
[0.868s] Level 1:colcon.colcon_core.package_identification:_identify(src/launch/build) by extension 'ignore'
[0.868s] Level 1:colcon.colcon_core.package_identification:_identify(src/launch/build) ignored
[0.868s] Level 1:colcon.colcon_core.package_identification:_identify(src/launch/install) by extensions ['ignore', 'ignore_ament_install']
[0.868s] Level 1:colcon.colcon_core.package_identification:_identify(src/launch/install) by extension 'ignore'
[0.869s] Level 1:colcon.colcon_core.package_identification:_identify(src/launch/install) ignored
[0.869s] Level 1:colcon.colcon_core.package_identification:_identify(src/launch/log) by extensions ['ignore', 'ignore_ament_install']
[0.869s] Level 1:colcon.colcon_core.package_identification:_identify(src/launch/log) by extension 'ignore'
[0.869s] Level 1:colcon.colcon_core.package_identification:_identify(src/launch/log) ignored
[0.870s] Level 1:colcon.colcon_core.package_identification:_identify(src/log) by extensions ['ignore', 'ignore_ament_install']
[0.870s] Level 1:colcon.colcon_core.package_identification:_identify(src/log) by extension 'ignore'
[0.870s] Level 1:colcon.colcon_core.package_identification:_identify(src/log) ignored
[0.871s] Level 1:colcon.colcon_core.package_identification:_identify(src/ros2_aruco_perception) by extensions ['ignore', 'ignore_ament_install']
[0.871s] Level 1:colcon.colcon_core.package_identification:_identify(src/ros2_aruco_perception) by extension 'ignore'
[0.871s] Level 1:colcon.colcon_core.package_identification:_identify(src/ros2_aruco_perception) by extension 'ignore_ament_install'
[0.871s] Level 1:colcon.colcon_core.package_identification:_identify(src/ros2_aruco_perception) by extensions ['colcon_pkg']
[0.872s] Level 1:colcon.colcon_core.package_identification:_identify(src/ros2_aruco_perception) by extension 'colcon_pkg'
[0.872s] Level 1:colcon.colcon_core.package_identification:_identify(src/ros2_aruco_perception) by extensions ['colcon_meta']
[0.872s] Level 1:colcon.colcon_core.package_identification:_identify(src/ros2_aruco_perception) by extension 'colcon_meta'
[0.872s] Level 1:colcon.colcon_core.package_identification:_identify(src/ros2_aruco_perception) by extensions ['ros']
[0.872s] Level 1:colcon.colcon_core.package_identification:_identify(src/ros2_aruco_perception) by extension 'ros'
[0.874s] DEBUG:colcon.colcon_core.package_identification:Package 'src/ros2_aruco_perception' with type 'ros.ament_python' and name 'ros2_aruco_perception'
[0.874s] Level 1:colcon.colcon_core.package_identification:_identify(src/ros2_task_planner) by extensions ['ignore', 'ignore_ament_install']
[0.875s] Level 1:colcon.colcon_core.package_identification:_identify(src/ros2_task_planner) by extension 'ignore'
[0.875s] Level 1:colcon.colcon_core.package_identification:_identify(src/ros2_task_planner) by extension 'ignore_ament_install'
[0.875s] Level 1:colcon.colcon_core.package_identification:_identify(src/ros2_task_planner) by extensions ['colcon_pkg']
[0.875s] Level 1:colcon.colcon_core.package_identification:_identify(src/ros2_task_planner) by extension 'colcon_pkg'
[0.876s] Level 1:colcon.colcon_core.package_identification:_identify(src/ros2_task_planner) by extensions ['colcon_meta']
[0.876s] Level 1:colcon.colcon_core.package_identification:_identify(src/ros2_task_planner) by extension 'colcon_meta'
[0.876s] Level 1:colcon.colcon_core.package_identification:_identify(src/ros2_task_planner) by extensions ['ros']
[0.876s] Level 1:colcon.colcon_core.package_identification:_identify(src/ros2_task_planner) by extension 'ros'
[0.878s] DEBUG:colcon.colcon_core.package_identification:Package 'src/ros2_task_planner' with type 'ros.ament_python' and name 'ros2_task_planner'
[0.878s] Level 1:colcon.colcon_core.package_identification:_identify(src/usb_cam_driver) by extensions ['ignore', 'ignore_ament_install']
[0.879s] Level 1:colcon.colcon_core.package_identification:_identify(src/usb_cam_driver) by extension 'ignore'
[0.879s] Level 1:colcon.colcon_core.package_identification:_identify(src/usb_cam_driver) by extension 'ignore_ament_install'
[0.879s] Level 1:colcon.colcon_core.package_identification:_identify(src/usb_cam_driver) by extensions ['colcon_pkg']
[0.879s] Level 1:colcon.colcon_core.package_identification:_identify(src/usb_cam_driver) by extension 'colcon_pkg'
[0.879s] Level 1:colcon.colcon_core.package_identification:_identify(src/usb_cam_driver) by extensions ['colcon_meta']
[0.879s] Level 1:colcon.colcon_core.package_identification:_identify(src/usb_cam_driver) by extension 'colcon_meta'
[0.880s] Level 1:colcon.colcon_core.package_identification:_identify(src/usb_cam_driver) by extensions ['ros']
[0.880s] Level 1:colcon.colcon_core.package_identification:_identify(src/usb_cam_driver) by extension 'ros'
[0.882s] DEBUG:colcon.colcon_core.package_identification:Package 'src/usb_cam_driver' with type 'ros.ament_python' and name 'usb_cam_driver'
[0.882s] Level 1:colcon.colcon_core.package_identification:_identify(turn_servo2) by extensions ['ignore', 'ignore_ament_install']
[0.882s] Level 1:colcon.colcon_core.package_identification:_identify(turn_servo2) by extension 'ignore'
[0.882s] Level 1:colcon.colcon_core.package_identification:_identify(turn_servo2) by extension 'ignore_ament_install'
[0.883s] Level 1:colcon.colcon_core.package_identification:_identify(turn_servo2) by extensions ['colcon_pkg']
[0.883s] Level 1:colcon.colcon_core.package_identification:_identify(turn_servo2) by extension 'colcon_pkg'
[0.883s] Level 1:colcon.colcon_core.package_identification:_identify(turn_servo2) by extensions ['colcon_meta']
[0.883s] Level 1:colcon.colcon_core.package_identification:_identify(turn_servo2) by extension 'colcon_meta'
[0.883s] Level 1:colcon.colcon_core.package_identification:_identify(turn_servo2) by extensions ['ros']
[0.883s] Level 1:colcon.colcon_core.package_identification:_identify(turn_servo2) by extension 'ros'
[0.884s] Level 1:colcon.colcon_core.package_identification:_identify(turn_servo2) by extensions ['cmake', 'python']
[0.884s] Level 1:colcon.colcon_core.package_identification:_identify(turn_servo2) by extension 'cmake'
[0.884s] Level 1:colcon.colcon_core.package_identification:_identify(turn_servo2) by extension 'python'
[0.884s] Level 1:colcon.colcon_core.package_identification:_identify(turn_servo2) by extensions ['python_setup_py']
[0.884s] Level 1:colcon.colcon_core.package_identification:_identify(turn_servo2) by extension 'python_setup_py'
[0.885s] Level 1:colcon.colcon_core.package_discovery:discover_packages(recursive) using defaults
[0.885s] Level 1:colcon.colcon_core.package_discovery:discover_packages(ignore) discover
[0.885s] Level 1:colcon.colcon_core.package_discovery:discover_packages(ignore) using defaults
[0.885s] Level 1:colcon.colcon_core.package_discovery:discover_packages(path) discover
[0.885s] Level 1:colcon.colcon_core.package_discovery:discover_packages(path) using defaults
[0.961s] INFO:colcon.colcon_core.package_selection:Skipping not selected package 'armangles' in 'src/armangles'
[0.961s] INFO:colcon.colcon_core.package_selection:Skipping not selected package 'ros2_task_planner' in 'src/ros2_task_planner'
[0.961s] INFO:colcon.colcon_core.package_selection:Skipping not selected package 'usb_cam_driver' in 'src/usb_cam_driver'
[0.964s] Level 5:colcon.colcon_core.verb:set package 'ros2_aruco_perception' build argument 'cmake_args' from command line to 'None'
[0.965s] Level 5:colcon.colcon_core.verb:set package 'ros2_aruco_perception' build argument 'cmake_target' from command line to 'None'
[0.965s] Level 5:colcon.colcon_core.verb:set package 'ros2_aruco_perception' build argument 'cmake_target_skip_unavailable' from command line to 'False'
[0.965s] Level 5:colcon.colcon_core.verb:set package 'ros2_aruco_perception' build argument 'cmake_clean_cache' from command line to 'False'
[0.965s] Level 5:colcon.colcon_core.verb:set package 'ros2_aruco_perception' build argument 'cmake_clean_first' from command line to 'False'
[0.965s] Level 5:colcon.colcon_core.verb:set package 'ros2_aruco_perception' build argument 'cmake_force_configure' from command line to 'False'
[0.965s] Level 5:colcon.colcon_core.verb:set package 'ros2_aruco_perception' build argument 'ament_cmake_args' from command line to 'None'
[0.966s] Level 5:colcon.colcon_core.verb:set package 'ros2_aruco_perception' build argument 'catkin_cmake_args' from command line to 'None'
[0.966s] Level 5:colcon.colcon_core.verb:set package 'ros2_aruco_perception' build argument 'catkin_skip_building_tests' from command line to 'False'
[0.966s] DEBUG:colcon.colcon_core.verb:Building package 'ros2_aruco_perception' with the following arguments: {'ament_cmake_args': None, 'build_base': '/home/projects/ros2_ws/spring-2025-final-project-team-4/build/ros2_aruco_perception', 'catkin_cmake_args': None, 'catkin_skip_building_tests': False, 'cmake_args': None, 'cmake_clean_cache': False, 'cmake_clean_first': False, 'cmake_force_configure': False, 'cmake_target': None, 'cmake_target_skip_unavailable': False, 'install_base': '/home/projects/ros2_ws/spring-2025-final-project-team-4/install/ros2_aruco_perception', 'merge_install': False, 'path': '/home/projects/ros2_ws/spring-2025-final-project-team-4/src/ros2_aruco_perception', 'symlink_install': False, 'test_result_base': None}
[1.002s] INFO:colcon.colcon_core.executor:Executing jobs using 'parallel' executor
[1.010s] DEBUG:colcon.colcon_parallel_executor.executor.parallel:run_until_complete
[1.011s] INFO:colcon.colcon_ros.task.ament_python.build:Building ROS package in '/home/projects/ros2_ws/spring-2025-final-project-team-4/src/ros2_aruco_perception' with build type 'ament_python'
[1.012s] Level 1:colcon.colcon_core.shell:create_environment_hook('ros2_aruco_perception', 'ament_prefix_path')
[1.027s] INFO:colcon.colcon_core.plugin_system:Skipping extension 'colcon_core.shell.bat': Not used on non-Windows systems
[1.028s] INFO:colcon.colcon_core.shell:Creating environment hook '/home/projects/ros2_ws/spring-2025-final-project-team-4/install/ros2_aruco_perception/share/ros2_aruco_perception/hook/ament_prefix_path.ps1'
[1.031s] INFO:colcon.colcon_core.shell:Creating environment descriptor '/home/projects/ros2_ws/spring-2025-final-project-team-4/install/ros2_aruco_perception/share/ros2_aruco_perception/hook/ament_prefix_path.dsv'
[1.032s] INFO:colcon.colcon_core.shell:Creating environment hook '/home/projects/ros2_ws/spring-2025-final-project-team-4/install/ros2_aruco_perception/share/ros2_aruco_perception/hook/ament_prefix_path.sh'
[1.037s] INFO:colcon.colcon_core.shell:Skip shell extension 'powershell' for command environment: Not usable outside of PowerShell
[1.037s] DEBUG:colcon.colcon_core.shell:Skip shell extension 'dsv' for command environment
[2.246s] INFO:colcon.colcon_core.task.python.build:Building Python package in '/home/projects/ros2_ws/spring-2025-final-project-team-4/src/ros2_aruco_perception'
[2.250s] INFO:colcon.colcon_core.shell:Skip shell extension 'powershell' for command environment: Not usable outside of PowerShell
[2.250s] DEBUG:colcon.colcon_core.shell:Skip shell extension 'dsv' for command environment
[4.229s] DEBUG:colcon.colcon_core.event_handler.log_command:Invoking command in '/home/projects/ros2_ws/spring-2025-final-project-team-4/build/ros2_aruco_perception': PYTHONPATH=/home/projects/ros2_ws/spring-2025-final-project-team-4/install/ros2_aruco_perception/lib/python3.8/site-packages:${PYTHONPATH} /usr/bin/python3 setup.py develop --prefix /home/projects/ros2_ws/spring-2025-final-project-team-4/install/ros2_aruco_perception --uninstall --editable --build-directory /home/projects/ros2_ws/spring-2025-final-project-team-4/build/ros2_aruco_perception/build
[4.384s] DEBUG:colcon.colcon_core.event_handler.log_command:Invoked command in '/home/projects/ros2_ws/spring-2025-final-project-team-4/build/ros2_aruco_perception' returned '2': PYTHONPATH=/home/projects/ros2_ws/spring-2025-final-project-team-4/install/ros2_aruco_perception/lib/python3.8/site-packages:${PYTHONPATH} /usr/bin/python3 setup.py develop --prefix /home/projects/ros2_ws/spring-2025-final-project-team-4/install/ros2_aruco_perception --uninstall --editable --build-directory /home/projects/ros2_ws/spring-2025-final-project-team-4/build/ros2_aruco_perception/build
[4.393s] DEBUG:colcon.colcon_parallel_executor.executor.parallel:closing loop
[4.394s] DEBUG:colcon.colcon_parallel_executor.executor.parallel:loop closed
[4.394s] DEBUG:colcon.colcon_parallel_executor.executor.parallel:run_until_complete finished with '2'
[4.394s] DEBUG:colcon.colcon_core.event_reactor:joining thread
[4.420s] INFO:colcon.colcon_core.plugin_system:Skipping extension 'colcon_notification.desktop_notification.notify_send': Could not find 'notify-send'
[4.420s] INFO:colcon.colcon_core.plugin_system:Skipping extension 'colcon_notification.desktop_notification.terminal_notifier': Not used on non-Darwin systems
[4.421s] INFO:colcon.colcon_core.plugin_system:Skipping extension 'colcon_notification.desktop_notification.win32': Not used on non-Windows systems
[4.421s] INFO:colcon.colcon_notification.desktop_notification:Sending desktop notification using 'notify2'
[4.421s] DEBUG:colcon.colcon_notification.desktop_notification.notify2:Failed to initialize notify2: org.freedesktop.DBus.Error.NotSupported: Unable to autolaunch a dbus-daemon without a $DISPLAY for X11
[4.421s] DEBUG:colcon.colcon_core.event_reactor:joined thread
[4.424s] INFO:colcon.colcon_core.shell:Creating prefix script '/home/projects/ros2_ws/spring-2025-final-project-team-4/install/local_setup.ps1'
[4.428s] INFO:colcon.colcon_core.shell:Creating prefix util module '/home/projects/ros2_ws/spring-2025-final-project-team-4/install/_local_setup_util_ps1.py'
[4.434s] INFO:colcon.colcon_core.shell:Creating prefix chain script '/home/projects/ros2_ws/spring-2025-final-project-team-4/install/setup.ps1'
[4.489s] INFO:colcon.colcon_core.shell:Creating prefix script '/home/projects/ros2_ws/spring-2025-final-project-team-4/install/local_setup.sh'
[4.492s] INFO:colcon.colcon_core.shell:Creating prefix util module '/home/projects/ros2_ws/spring-2025-final-project-team-4/install/_local_setup_util_sh.py'
[4.494s] INFO:colcon.colcon_core.shell:Creating prefix chain script '/home/projects/ros2_ws/spring-2025-final-project-team-4/install/setup.sh'
[4.503s] INFO:colcon.colcon_core.shell:Creating prefix script '/home/projects/ros2_ws/spring-2025-final-project-team-4/install/local_setup.bash'
[4.505s] INFO:colcon.colcon_core.shell:Creating prefix chain script '/home/projects/ros2_ws/spring-2025-final-project-team-4/install/setup.bash'
[4.515s] INFO:colcon.colcon_core.shell:Creating prefix script '/home/projects/ros2_ws/spring-2025-final-project-team-4/install/local_setup.zsh'
[4.516s] INFO:colcon.colcon_core.shell:Creating prefix chain script '/home/projects/ros2_ws/spring-2025-final-project-team-4/install/setup.zsh'
